info|2019-11-12 23:00:00.819036|[g:1][CONSENSUS]addRawPrepare,height=3,reqIdx=2,hash=a98faaa6...
info|2019-11-12 23:00:00.819590|[g:1][CONSENSUS][PBFT]checkTimeout Succ,view=16800,toView=16801,nodeIdx=0,changeCycle=0,myNode=075f8c93...,timecost=0.414
info|2019-11-12 23:00:00.827240|[g:1][CONSENSUS][PBFT]checkAndChangeView: Reach consensus,org_view=16800,org_changeCycle=0,cur_changeCycle=0,to_view=16801
info|2019-11-12 23:00:01.835572|[g:1][CONSENSUS]addRawPrepare,height=3,reqIdx=3,hash=262df6f5...
info|2019-11-12 23:00:01.835812|[g:1][CONSENSUS][PBFT]checkTimeout Succ,view=16801,toView=16802,nodeIdx=0,changeCycle=0,myNode=075f8c93...,timecost=0.214
info|2019-11-12 23:00:01.837605|[g:1][CONSENSUS][PBFT]checkAndChangeView: Reach consensus,org_view=16801,org_changeCycle=0,cur_changeCycle=0,to_view=16802
info|2019-11-12 23:00:02.837905|[g:1][CONSENSUS][SEALER]++++++++++++++++ Generating seal on,blkNum=3,tx=0,nodeIdx=0,hash=453a36e7...
info|2019-11-12 23:00:02.849695|[g:1][CONSENSUS][PBFT]checkTimeout Succ,view=16802,toView=16803,nodeIdx=0,changeCycle=0,myNode=075f8c93...,timecost=0.229
info|2019-11-12 23:00:02.850781|[g:1][CONSENSUS][PBFT]checkAndChangeView: Reach consensus,org_view=16802,org_changeCycle=0,cur_changeCycle=0,to_view=16803
info|2019-11-12 23:00:03.025367|[P2P][Service] heartBeat,connected count=3
info|2019-11-12 23:00:03.851263|[g:1][CONSENSUS]addRawPrepare,height=3,reqIdx=1,hash=f277d412...
info|2019-11-12 23:00:03.851512|[g:1][CONSENSUS][PBFT]checkTimeout Succ,view=16803,toView=16804,nodeIdx=0,changeCycle=0,myNode=075f8c93...,timecost=0.22
info|2019-11-12 23:00:03.854609|[g:1][CONSENSUS][PBFT]checkAndChangeView: Reach consensus,org_view=16803,org_changeCycle=0,cur_changeCycle=0,to_view=16804
info|2019-11-12 23:00:04.856514|[g:1][CONSENSUS]addRawPrepare,height=3,reqIdx=2,hash=0c258784...
info|2019-11-12 23:00:04.857017|[g:1][CONSENSUS][PBFT]checkTimeout Succ,view=16804,toView=16805,nodeIdx=0,changeCycle=0,myNode=075f8c93...,timecost=0.372
info|2019-11-12 23:00:04.866083|[g:1][CONSENSUS][PBFT]checkAndChangeView: Reach consensus,org_view=16804,org_changeCycle=0,cur_changeCycle=0,to_view=16805
info|2019-11-12 23:00:05.870424|[g:1][CONSENSUS]addRawPrepare,height=3,reqIdx=3,hash=ce1088e8...
info|2019-11-12 23:00:05.870714|[g:1][CONSENSUS][PBFT]checkTimeout Succ,view=16805,toView=16806,nodeIdx=0,changeCycle=0,myNode=075f8c93...,timecost=0.264
info|2019-11-12 23:00:05.872478|[g:1][CONSENSUS][PBFT]checkAndChangeView: Reach consensus,org_view=16805,org_changeCycle=0,cur_changeCycle=0,to_view=16806
info|2019-11-12 23:00:06.872179|[g:1][CONSENSUS][SEALER]++++++++++++++++ Generating seal on,blkNum=3,tx=0,nodeIdx=0,hash=5760088e...
info|2019-11-12 23:00:06.878823|[g:1][CONSENSUS][PBFT]checkTimeout Succ,view=16806,toView=16807,nodeIdx=0,changeCycle=0,myNode=075f8c93...,timecost=0.34
info|2019-11-12 23:00:06.881754|[g:1][CONSENSUS][PBFT]checkAndChangeView: Reach consensus,org_view=16806,org_changeCycle=0,cur_changeCycle=0,to_view=16807
info|2019-11-12 23:00:07.882347|[g:1][CONSENSUS]addRawPrepare,height=3,reqIdx=1,hash=d0844b28...
info|2019-11-12 23:00:07.885467|[g:1][CONSENSUS][PBFT]checkTimeout Succ,view=16807,toView=16808,nodeIdx=0,changeCycle=0,myNode=075f8c93...,timecost=3.294
info|2019-11-12 23:00:07.892116|[g:1][CONSENSUS][PBFT]checkAndChangeView: Reach consensus,org_view=16807,org_changeCycle=0,cur_changeCycle=0,to_view=16808
info|2019-11-12 23:00:08.894194|[g:1][CONSENSUS]addRawPrepare,height=3,reqIdx=2,hash=62a2d4af...
info|2019-11-12 23:00:08.900044|[g:1][CONSENSUS][PBFT]checkTimeout Succ,view=16808,toView=16809,nodeIdx=0,changeCycle=0,myNode=075f8c93...,timecost=5.755
info|2019-11-12 23:00:08.908409|[g:1][CONSENSUS][PBFT]checkAndChangeView: Reach consensus,org_view=16808,org_changeCycle=0,cur_changeCycle=0,to_view=16809
info|2019-11-12 23:00:09.923113|[g:1][CONSENSUS]addRawPrepare,height=3,reqIdx=3,hash=74bd1843...
info|2019-11-12 23:00:09.923383|[g:1][CONSENSUS][PBFT]checkTimeout Succ,view=16809,toView=16810,nodeIdx=0,changeCycle=0,myNode=075f8c93...,timecost=0.238
info|2019-11-12 23:00:09.926758|[g:1][CONSENSUS][PBFT]checkAndChangeView: Reach consensus,org_view=16809,org_changeCycle=0,cur_changeCycle=0,to_view=16810
info|2019-11-12 23:00:10.928055|[g:1][CONSENSUS][SEALER]++++++++++++++++ Generating seal on,blkNum=3,tx=0,nodeIdx=0,hash=2e268a37...
info|2019-11-12 23:00:10.938892|[g:1][CONSENSUS][PBFT]checkTimeout Succ,view=16810,toView=16811,nodeIdx=0,changeCycle=0,myNode=075f8c93...,timecost=0.23
info|2019-11-12 23:00:10.939928|[g:1][CONSENSUS][PBFT]checkAndChangeView: Reach consensus,org_view=16810,org_changeCycle=0,cur_changeCycle=0,to_view=16811
info|2019-11-12 23:00:11.940346|[g:1][CONSENSUS]addRawPrepare,height=3,reqIdx=1,hash=e7cac1c4...
info|2019-11-12 23:00:11.940710|[g:1][CONSENSUS][PBFT]checkTimeout Succ,view=16811,toView=16812,nodeIdx=0,changeCycle=0,myNode=075f8c93...,timecost=0.338
info|2019-11-12 23:00:11.944354|[g:1][CONSENSUS][PBFT]checkAndChangeView: Reach consensus,org_view=16811,org_changeCycle=0,cur_changeCycle=0,to_view=16812
info|2019-11-12 23:00:12.947988|[g:1][CONSENSUS]addRawPrepare,height=3,reqIdx=2,hash=a1f66448...
info|2019-11-12 23:00:12.954091|[g:1][CONSENSUS][PBFT]checkTimeout Succ,view=16812,toView=16813,nodeIdx=0,changeCycle=0,myNode=075f8c93...,timecost=0.814
info|2019-11-12 23:00:12.955644|[g:1][CONSENSUS][PBFT]checkAndChangeView: Reach consensus,org_view=16812,org_changeCycle=0,cur_changeCycle=0,to_view=16813
info|2019-11-12 23:00:13.025572|[P2P][Service] heartBeat,connected count=3
info|2019-11-12 23:00:13.961449|[g:1][CONSENSUS]addRawPrepare,height=3,reqIdx=3,hash=f53af340...
info|2019-11-12 23:00:13.961736|[g:1][CONSENSUS][PBFT]checkTimeout Succ,view=16813,toView=16814,nodeIdx=0,changeCycle=0,myNode=075f8c93...,timecost=0.232
info|2019-11-12 23:00:13.965639|[g:1][CONSENSUS][PBFT]checkAndChangeView: Reach consensus,org_view=16813,org_changeCycle=0,cur_changeCycle=0,to_view=16814
info|2019-11-12 23:00:14.967220|[g:1][CONSENSUS][SEALER]++++++++++++++++ Generating seal on,blkNum=3,tx=0,nodeIdx=0,hash=6e30200e...
info|2019-11-12 23:00:14.977914|[g:1][CONSENSUS][PBFT]checkTimeout Succ,view=16814,toView=16815,nodeIdx=0,changeCycle=0,myNode=075f8c93...,timecost=0.224
info|2019-11-12 23:00:14.978895|[g:1][CONSENSUS][PBFT]checkAndChangeView: Reach consensus,org_view=16814,org_changeCycle=0,cur_changeCycle=0,to_view=16815
info|2019-11-12 23:00:15.980741|[g:1][CONSENSUS]addRawPrepare,height=3,reqIdx=1,hash=f045e649...
info|2019-11-12 23:00:15.981041|[g:1][CONSENSUS][PBFT]checkTimeout Succ,view=16815,toView=16816,nodeIdx=0,changeCycle=0,myNode=075f8c93...,timecost=0.26
info|2019-11-12 23:00:15.986563|[g:1][CONSENSUS][PBFT]checkAndChangeView: Reach consensus,org_view=16815,org_changeCycle=0,cur_changeCycle=0,to_view=16816
info|2019-11-12 23:00:16.988783|[g:1][CONSENSUS]addRawPrepare,height=3,reqIdx=2,hash=8bcb42f0...
info|2019-11-12 23:00:16.989217|[g:1][CONSENSUS][PBFT]checkTimeout Succ,view=16816,toView=16817,nodeIdx=0,changeCycle=0,myNode=075f8c93...,timecost=0.361
info|2019-11-12 23:00:16.994736|[g:1][CONSENSUS][PBFT]checkAndChangeView: Reach consensus,org_view=16816,org_changeCycle=0,cur_changeCycle=0,to_view=16817
info|2019-11-12 23:00:18.002975|[g:1][CONSENSUS]addRawPrepare,height=3,reqIdx=3,hash=b405f688...
info|2019-11-12 23:00:18.007686|[g:1][CONSENSUS][PBFT]checkTimeout Succ,view=16817,toView=16818,nodeIdx=0,changeCycle=0,myNode=075f8c93...,timecost=3.458
info|2019-11-12 23:00:18.008644|[g:1][CONSENSUS][PBFT]checkAndChangeView: Reach consensus,org_view=16817,org_changeCycle=0,cur_changeCycle=0,to_view=16818
info|2019-11-12 23:00:19.012585|[g:1][CONSENSUS][SEALER]++++++++++++++++ Generating seal on,blkNum=3,tx=0,nodeIdx=0,hash=98cb9464...
info|2019-11-12 23:00:19.024795|[g:1][CONSENSUS][PBFT]checkTimeout Succ,view=16818,toView=16819,nodeIdx=0,changeCycle=0,myNode=075f8c93...,timecost=0.265
info|2019-11-12 23:00:19.025794|[g:1][CONSENSUS][PBFT]checkAndChangeView: Reach consensus,org_view=16818,org_changeCycle=0,cur_changeCycle=0,to_view=16819
info|2019-11-12 23:00:20.026632|[g:1][CONSENSUS]addRawPrepare,height=3,reqIdx=1,hash=5a0758cc...
info|2019-11-12 23:00:20.026991|[g:1][CONSENSUS][PBFT]checkTimeout Succ,view=16819,toView=16820,nodeIdx=0,changeCycle=0,myNode=075f8c93...,timecost=0.249
info|2019-11-12 23:00:20.030265|[g:1][CONSENSUS][PBFT]checkAndChangeView: Reach consensus,org_view=16819,org_changeCycle=0,cur_changeCycle=0,to_view=16820
info|2019-11-12 23:00:21.033976|[g:1][CONSENSUS]addRawPrepare,height=3,reqIdx=2,hash=60a067ad...
info|2019-11-12 23:00:21.040115|[g:1][CONSENSUS][PBFT]checkTimeout Succ,view=16820,toView=16821,nodeIdx=0,changeCycle=0,myNode=075f8c93...,timecost=0.757
info|2019-11-12 23:00:21.042263|[g:1][CONSENSUS][PBFT]checkAndChangeView: Reach consensus,org_view=16820,org_changeCycle=0,cur_changeCycle=0,to_view=16821
info|2019-11-12 23:00:22.044460|[g:1][CONSENSUS]addRawPrepare,height=3,reqIdx=3,hash=0b2d5fc8...
info|2019-11-12 23:00:22.047194|[g:1][CONSENSUS][PBFT]checkTimeout Succ,view=16821,toView=16822,nodeIdx=0,changeCycle=0,myNode=075f8c93...,timecost=2.67
info|2019-11-12 23:00:22.051949|[g:1][CONSENSUS][PBFT]checkAndChangeView: Reach consensus,org_view=16821,org_changeCycle=0,cur_changeCycle=0,to_view=16822
info|2019-11-12 23:00:23.025923|[P2P][Service] heartBeat,connected count=3
info|2019-11-12 23:00:23.052247|[g:1][CONSENSUS][SEALER]++++++++++++++++ Generating seal on,blkNum=3,tx=0,nodeIdx=0,hash=26f3f7a5...
info|2019-11-12 23:00:23.066193|[g:1][CONSENSUS][PBFT]checkTimeout Succ,view=16822,toView=16823,nodeIdx=0,changeCycle=0,myNode=075f8c93...,timecost=0.952
info|2019-11-12 23:00:23.068495|[g:1][CONSENSUS][PBFT]checkAndChangeView: Reach consensus,org_view=16822,org_changeCycle=0,cur_changeCycle=0,to_view=16823
info|2019-11-12 23:00:24.070155|[g:1][CONSENSUS]addRawPrepare,height=3,reqIdx=1,hash=eef3d25b...
info|2019-11-12 23:00:24.070418|[g:1][CONSENSUS][PBFT]checkTimeout Succ,view=16823,toView=16824,nodeIdx=0,changeCycle=0,myNode=075f8c93...,timecost=0.235
info|2019-11-12 23:00:24.073153|[g:1][CONSENSUS][PBFT]checkAndChangeView: Reach consensus,org_view=16823,org_changeCycle=0,cur_changeCycle=0,to_view=16824
info|2019-11-12 23:00:25.076377|[g:1][CONSENSUS]addRawPrepare,height=3,reqIdx=2,hash=37aa023c...
info|2019-11-12 23:00:25.080531|[g:1][CONSENSUS][PBFT]checkTimeout Succ,view=16824,toView=16825,nodeIdx=0,changeCycle=0,myNode=075f8c93...,timecost=4.051
info|2019-11-12 23:00:25.087202|[g:1][CONSENSUS][PBFT]checkAndChangeView: Reach consensus,org_view=16824,org_changeCycle=0,cur_changeCycle=0,to_view=16825
info|2019-11-12 23:00:26.090075|[g:1][CONSENSUS]addRawPrepare,height=3,reqIdx=3,hash=796d0673...
info|2019-11-12 23:00:26.099170|[g:1][CONSENSUS][PBFT]checkTimeout Succ,view=16825,toView=16826,nodeIdx=0,changeCycle=0,myNode=075f8c93...,timecost=6.605
info|2019-11-12 23:00:26.113660|[g:1][CONSENSUS][PBFT]checkAndChangeView: Reach consensus,org_view=16825,org_changeCycle=0,cur_changeCycle=0,to_view=16826
info|2019-11-12 23:00:27.113313|[g:1][CONSENSUS][SEALER]++++++++++++++++ Generating seal on,blkNum=3,tx=0,nodeIdx=0,hash=dc5823ab...
info|2019-11-12 23:00:27.125998|[g:1][CONSENSUS][PBFT]checkTimeout Succ,view=16826,toView=16827,nodeIdx=0,changeCycle=0,myNode=075f8c93...,timecost=0.227
info|2019-11-12 23:00:27.127232|[g:1][CONSENSUS][PBFT]checkAndChangeView: Reach consensus,org_view=16826,org_changeCycle=0,cur_changeCycle=0,to_view=16827
info|2019-11-12 23:00:28.129295|[g:1][CONSENSUS]addRawPrepare,height=3,reqIdx=1,hash=ffcd20e0...
info|2019-11-12 23:00:28.141533|[g:1][CONSENSUS][PBFT]checkTimeout Succ,view=16827,toView=16828,nodeIdx=0,changeCycle=0,myNode=075f8c93...,timecost=11.988
info|2019-11-12 23:00:28.146217|[g:1][CONSENSUS][PBFT]checkAndChangeView: Reach consensus,org_view=16827,org_changeCycle=0,cur_changeCycle=0,to_view=16828
info|2019-11-12 23:00:29.152490|[g:1][CONSENSUS]addRawPrepare,height=3,reqIdx=2,hash=f7369a92...
info|2019-11-12 23:00:29.155760|[g:1][CONSENSUS][PBFT]checkTimeout Succ,view=16828,toView=16829,nodeIdx=0,changeCycle=0,myNode=075f8c93...,timecost=3.16
info|2019-11-12 23:00:29.157963|[g:1][CONSENSUS][PBFT]checkAndChangeView: Reach consensus,org_view=16828,org_changeCycle=0,cur_changeCycle=0,to_view=16829
info|2019-11-12 23:00:30.159457|[g:1][CONSENSUS]addRawPrepare,height=3,reqIdx=3,hash=64f0521b...
info|2019-11-12 23:00:30.163030|[g:1][CONSENSUS][PBFT]checkTimeout Succ,view=16829,toView=16830,nodeIdx=0,changeCycle=0,myNode=075f8c93...,timecost=3.273
info|2019-11-12 23:00:30.164347|[g:1][CONSENSUS][PBFT]checkAndChangeView: Reach consensus,org_view=16829,org_changeCycle=0,cur_changeCycle=0,to_view=16830
info|2019-11-12 23:00:31.164338|[g:1][CONSENSUS][SEALER]++++++++++++++++ Generating seal on,blkNum=3,tx=0,nodeIdx=0,hash=56105ba4...
info|2019-11-12 23:00:31.174589|[g:1][CONSENSUS][PBFT]checkTimeout Succ,view=16830,toView=16831,nodeIdx=0,changeCycle=0,myNode=075f8c93...,timecost=0.232
info|2019-11-12 23:00:31.175687|[g:1][CONSENSUS][PBFT]checkAndChangeView: Reach consensus,org_view=16830,org_changeCycle=0,cur_changeCycle=0,to_view=16831
info|2019-11-12 23:00:32.175902|[g:1][CONSENSUS]addRawPrepare,height=3,reqIdx=1,hash=c425ef28...
info|2019-11-12 23:00:32.176247|[g:1][CONSENSUS][PBFT]checkTimeout Succ,view=16831,toView=16832,nodeIdx=0,changeCycle=0,myNode=075f8c93...,timecost=0.309
info|2019-11-12 23:00:32.178329|[g:1][CONSENSUS][PBFT]checkAndChangeView: Reach consensus,org_view=16831,org_changeCycle=0,cur_changeCycle=0,to_view=16832
info|2019-11-12 23:00:33.026033|[P2P][Service] heartBeat,connected count=3
info|2019-11-12 23:00:33.181960|[g:1][CONSENSUS]addRawPrepare,height=3,reqIdx=2,hash=10534228...
info|2019-11-12 23:00:33.182478|[g:1][CONSENSUS][PBFT]checkTimeout Succ,view=16832,toView=16833,nodeIdx=0,changeCycle=0,myNode=075f8c93...,timecost=0.372
info|2019-11-12 23:00:33.192408|[g:1][CONSENSUS][PBFT]checkAndChangeView: Reach consensus,org_view=16832,org_changeCycle=0,cur_changeCycle=0,to_view=16833
info|2019-11-12 23:00:34.196043|[g:1][CONSENSUS]addRawPrepare,height=3,reqIdx=3,hash=24991aca...
info|2019-11-12 23:00:34.196290|[g:1][CONSENSUS][PBFT]checkTimeout Succ,view=16833,toView=16834,nodeIdx=0,changeCycle=0,myNode=075f8c93...,timecost=0.218
info|2019-11-12 23:00:34.198767|[g:1][CONSENSUS][PBFT]checkAndChangeView: Reach consensus,org_view=16833,org_changeCycle=0,cur_changeCycle=0,to_view=16834
info|2019-11-12 23:00:35.200919|[g:1][CONSENSUS][SEALER]++++++++++++++++ Generating seal on,blkNum=3,tx=0,nodeIdx=0,hash=8b52ee88...
info|2019-11-12 23:00:35.210998|[g:1][CONSENSUS][PBFT]checkTimeout Succ,view=16834,toView=16835,nodeIdx=0,changeCycle=0,myNode=075f8c93...,timecost=0.228
info|2019-11-12 23:00:35.211881|[g:1][CONSENSUS][PBFT]checkAndChangeView: Reach consensus,org_view=16834,org_changeCycle=0,cur_changeCycle=0,to_view=16835
info|2019-11-12 23:00:36.213818|[g:1][CONSENSUS]addRawPrepare,height=3,reqIdx=1,hash=7836389f...
info|2019-11-12 23:00:36.214069|[g:1][CONSENSUS][PBFT]checkTimeout Succ,view=16835,toView=16836,nodeIdx=0,changeCycle=0,myNode=075f8c93...,timecost=0.222
info|2019-11-12 23:00:36.217422|[g:1][CONSENSUS][PBFT]checkAndChangeView: Reach consensus,org_view=16835,org_changeCycle=0,cur_changeCycle=0,to_view=16836
info|2019-11-12 23:00:37.222330|[g:1][CONSENSUS]addRawPrepare,height=3,reqIdx=2,hash=02aa5c9d...
info|2019-11-12 23:00:37.222901|[g:1][CONSENSUS][PBFT]checkTimeout Succ,view=16836,toView=16837,nodeIdx=0,changeCycle=0,myNode=075f8c93...,timecost=0.264
info|2019-11-12 23:00:37.229402|[g:1][CONSENSUS][PBFT]checkAndChangeView: Reach consensus,org_view=16836,org_changeCycle=0,cur_changeCycle=0,to_view=16837
info|2019-11-12 23:00:38.235963|[g:1][CONSENSUS]addRawPrepare,height=3,reqIdx=3,hash=3365dbae...
info|2019-11-12 23:00:38.239383|[g:1][CONSENSUS][PBFT]checkTimeout Succ,view=16837,toView=16838,nodeIdx=0,changeCycle=0,myNode=075f8c93...,timecost=3.235
info|2019-11-12 23:00:38.240929|[g:1][CONSENSUS][PBFT]checkAndChangeView: Reach consensus,org_view=16837,org_changeCycle=0,cur_changeCycle=0,to_view=16838
info|2019-11-12 23:00:39.241470|[g:1][CONSENSUS][SEALER]++++++++++++++++ Generating seal on,blkNum=3,tx=0,nodeIdx=0,hash=1fa98da8...
info|2019-11-12 23:00:39.252731|[g:1][CONSENSUS][PBFT]checkTimeout Succ,view=16838,toView=16839,nodeIdx=0,changeCycle=0,myNode=075f8c93...,timecost=0.939
info|2019-11-12 23:00:39.254985|[g:1][CONSENSUS][PBFT]checkAndChangeView: Reach consensus,org_view=16838,org_changeCycle=0,cur_changeCycle=0,to_view=16839
info|2019-11-12 23:00:40.256048|[g:1][CONSENSUS]addRawPrepare,height=3,reqIdx=1,hash=c6336dfc...
info|2019-11-12 23:00:40.256306|[g:1][CONSENSUS][PBFT]checkTimeout Succ,view=16839,toView=16840,nodeIdx=0,changeCycle=0,myNode=075f8c93...,timecost=0.227
info|2019-11-12 23:00:40.259421|[g:1][CONSENSUS][PBFT]checkAndChangeView: Reach consensus,org_view=16839,org_changeCycle=0,cur_changeCycle=0,to_view=16840
info|2019-11-12 23:00:41.266255|[g:1][CONSENSUS]addRawPrepare,height=3,reqIdx=2,hash=ab328429...
info|2019-11-12 23:00:41.266630|[g:1][CONSENSUS][PBFT]checkTimeout Succ,view=16840,toView=16841,nodeIdx=0,changeCycle=0,myNode=075f8c93...,timecost=0.285
info|2019-11-12 23:00:41.274266|[g:1][CONSENSUS][PBFT]checkAndChangeView: Reach consensus,org_view=16840,org_changeCycle=0,cur_changeCycle=0,to_view=16841
info|2019-11-12 23:00:42.278911|[g:1][CONSENSUS]addRawPrepare,height=3,reqIdx=3,hash=59c34665...
info|2019-11-12 23:00:42.279161|[g:1][CONSENSUS][PBFT]checkTimeout Succ,view=16841,toView=16842,nodeIdx=0,changeCycle=0,myNode=075f8c93...,timecost=0.221
info|2019-11-12 23:00:42.281687|[g:1][CONSENSUS][PBFT]checkAndChangeView: Reach consensus,org_view=16841,org_changeCycle=0,cur_changeCycle=0,to_view=16842
info|2019-11-12 23:00:43.026215|[P2P][Service] heartBeat,connected count=3
info|2019-11-12 23:00:43.283798|[g:1][CONSENSUS][SEALER]++++++++++++++++ Generating seal on,blkNum=3,tx=0,nodeIdx=0,hash=593bac2f...
info|2019-11-12 23:00:43.293996|[g:1][CONSENSUS][PBFT]checkTimeout Succ,view=16842,toView=16843,nodeIdx=0,changeCycle=0,myNode=075f8c93...,timecost=0.345
info|2019-11-12 23:00:43.295560|[g:1][CONSENSUS][PBFT]checkAndChangeView: Reach consensus,org_view=16842,org_changeCycle=0,cur_changeCycle=0,to_view=16843
info|2019-11-12 23:00:44.298744|[g:1][CONSENSUS]addRawPrepare,height=3,reqIdx=1,hash=7a3901a8...
info|2019-11-12 23:00:44.299038|[g:1][CONSENSUS][PBFT]checkTimeout Succ,view=16843,toView=16844,nodeIdx=0,changeCycle=0,myNode=075f8c93...,timecost=0.239
info|2019-11-12 23:00:44.300453|[g:1][CONSENSUS][PBFT]checkAndChangeView: Reach consensus,org_view=16843,org_changeCycle=0,cur_changeCycle=0,to_view=16844
info|2019-11-12 23:00:45.306631|[g:1][CONSENSUS]addRawPrepare,height=3,reqIdx=2,hash=6ed702b0...
info|2019-11-12 23:00:45.307556|[g:1][CONSENSUS][PBFT]checkTimeout Succ,view=16844,toView=16845,nodeIdx=0,changeCycle=0,myNode=075f8c93...,timecost=0.301
info|2019-11-12 23:00:45.314284|[g:1][CONSENSUS][PBFT]checkAndChangeView: Reach consensus,org_view=16844,org_changeCycle=0,cur_changeCycle=0,to_view=16845
info|2019-11-12 23:00:46.318834|[g:1][CONSENSUS]addRawPrepare,height=3,reqIdx=3,hash=3ec8ab2c...
info|2019-11-12 23:00:46.319148|[g:1][CONSENSUS][PBFT]checkTimeout Succ,view=16845,toView=16846,nodeIdx=0,changeCycle=0,myNode=075f8c93...,timecost=0.258
info|2019-11-12 23:00:46.322474|[g:1][CONSENSUS][PBFT]checkAndChangeView: Reach consensus,org_view=16845,org_changeCycle=0,cur_changeCycle=0,to_view=16846
info|2019-11-12 23:00:47.323300|[g:1][CONSENSUS][SEALER]++++++++++++++++ Generating seal on,blkNum=3,tx=0,nodeIdx=0,hash=370f4f69...
info|2019-11-12 23:00:47.332741|[g:1][CONSENSUS][PBFT]checkTimeout Succ,view=16846,toView=16847,nodeIdx=0,changeCycle=0,myNode=075f8c93...,timecost=0.335
info|2019-11-12 23:00:47.336316|[g:1][CONSENSUS][PBFT]checkAndChangeView: Reach consensus,org_view=16846,org_changeCycle=0,cur_changeCycle=0,to_view=16847
info|2019-11-12 23:00:48.336438|[g:1][CONSENSUS]addRawPrepare,height=3,reqIdx=1,hash=8f36a923...
info|2019-11-12 23:00:48.336779|[g:1][CONSENSUS][PBFT]checkTimeout Succ,view=16847,toView=16848,nodeIdx=0,changeCycle=0,myNode=075f8c93...,timecost=0.299
info|2019-11-12 23:00:48.339545|[g:1][CONSENSUS][PBFT]checkAndChangeView: Reach consensus,org_view=16847,org_changeCycle=0,cur_changeCycle=0,to_view=16848
info|2019-11-12 23:00:49.343720|[g:1][CONSENSUS]addRawPrepare,height=3,reqIdx=2,hash=04e5956e...
info|2019-11-12 23:00:49.344119|[g:1][CONSENSUS][PBFT]checkTimeout Succ,view=16848,toView=16849,nodeIdx=0,changeCycle=0,myNode=075f8c93...,timecost=0.296
info|2019-11-12 23:00:49.352487|[g:1][CONSENSUS][PBFT]checkAndChangeView: Reach consensus,org_view=16848,org_changeCycle=0,cur_changeCycle=0,to_view=16849
info|2019-11-12 23:00:50.357905|[g:1][CONSENSUS]addRawPrepare,height=3,reqIdx=3,hash=3adc6877...
info|2019-11-12 23:00:50.358143|[g:1][CONSENSUS][PBFT]checkTimeout Succ,view=16849,toView=16850,nodeIdx=0,changeCycle=0,myNode=075f8c93...,timecost=0.215
info|2019-11-12 23:00:50.359631|[g:1][CONSENSUS][PBFT]checkAndChangeView: Reach consensus,org_view=16849,org_changeCycle=0,cur_changeCycle=0,to_view=16850
info|2019-11-12 23:00:51.360493|[g:1][CONSENSUS][SEALER]++++++++++++++++ Generating seal on,blkNum=3,tx=0,nodeIdx=0,hash=4c520e6e...
info|2019-11-12 23:00:51.370836|[g:1][CONSENSUS][PBFT]checkTimeout Succ,view=16850,toView=16851,nodeIdx=0,changeCycle=0,myNode=075f8c93...,timecost=0.249
info|2019-11-12 23:00:51.372299|[g:1][CONSENSUS][PBFT]checkAndChangeView: Reach consensus,org_view=16850,org_changeCycle=0,cur_changeCycle=0,to_view=16851
info|2019-11-12 23:00:52.374216|[g:1][CONSENSUS]addRawPrepare,height=3,reqIdx=1,hash=e272a798...
info|2019-11-12 23:00:52.374460|[g:1][CONSENSUS][PBFT]checkTimeout Succ,view=16851,toView=16852,nodeIdx=0,changeCycle=0,myNode=075f8c93...,timecost=0.218
info|2019-11-12 23:00:52.376563|[g:1][CONSENSUS][PBFT]checkAndChangeView: Reach consensus,org_view=16851,org_changeCycle=0,cur_changeCycle=0,to_view=16852
info|2019-11-12 23:00:53.026378|[P2P][Service] heartBeat,connected count=3
info|2019-11-12 23:00:53.381222|[g:1][CONSENSUS]addRawPrepare,height=3,reqIdx=2,hash=ede10f01...
info|2019-11-12 23:00:53.381499|[g:1][CONSENSUS][PBFT]checkTimeout Succ,view=16852,toView=16853,nodeIdx=0,changeCycle=0,myNode=075f8c93...,timecost=0.205
info|2019-11-12 23:00:53.386078|[g:1][CONSENSUS][PBFT]checkAndChangeView: Reach consensus,org_view=16852,org_changeCycle=0,cur_changeCycle=0,to_view=16853
info|2019-11-12 23:00:54.390161|[g:1][CONSENSUS]addRawPrepare,height=3,reqIdx=3,hash=748a573c...
info|2019-11-12 23:00:54.390405|[g:1][CONSENSUS][PBFT]checkTimeout Succ,view=16853,toView=16854,nodeIdx=0,changeCycle=0,myNode=075f8c93...,timecost=0.217
info|2019-11-12 23:00:54.393584|[g:1][CONSENSUS][PBFT]checkAndChangeView: Reach consensus,org_view=16853,org_changeCycle=0,cur_changeCycle=0,to_view=16854
info|2019-11-12 23:00:55.393186|[g:1][CONSENSUS][SEALER]++++++++++++++++ Generating seal on,blkNum=3,tx=0,nodeIdx=0,hash=e2344201...
info|2019-11-12 23:00:55.405534|[g:1][CONSENSUS][PBFT]checkTimeout Succ,view=16854,toView=16855,nodeIdx=0,changeCycle=0,myNode=075f8c93...,timecost=0.44
info|2019-11-12 23:00:55.410254|[g:1][CONSENSUS][PBFT]checkAndChangeView: Reach consensus,org_view=16854,org_changeCycle=0,cur_changeCycle=0,to_view=16855
info|2019-11-12 23:00:56.407504|[g:1][CONSENSUS]addRawPrepare,height=3,reqIdx=1,hash=07fe88d7...
info|2019-11-12 23:00:56.407922|[g:1][CONSENSUS][PBFT]checkTimeout Succ,view=16855,toView=16856,nodeIdx=0,changeCycle=0,myNode=075f8c93...,timecost=0.382
info|2019-11-12 23:00:56.410625|[g:1][CONSENSUS][PBFT]checkAndChangeView: Reach consensus,org_view=16855,org_changeCycle=0,cur_changeCycle=0,to_view=16856
info|2019-11-12 23:00:57.412050|[g:1][CONSENSUS]addRawPrepare,height=3,reqIdx=2,hash=e431a7f5...
info|2019-11-12 23:00:57.412460|[g:1][CONSENSUS][PBFT]checkTimeout Succ,view=16856,toView=16857,nodeIdx=0,changeCycle=0,myNode=075f8c93...,timecost=0.297
info|2019-11-12 23:00:57.417410|[g:1][CONSENSUS][PBFT]checkAndChangeView: Reach consensus,org_view=16856,org_changeCycle=0,cur_changeCycle=0,to_view=16857
info|2019-11-12 23:00:58.425468|[g:1][CONSENSUS]addRawPrepare,height=3,reqIdx=3,hash=b1498683...
info|2019-11-12 23:00:58.425798|[g:1][CONSENSUS][PBFT]checkTimeout Succ,view=16857,toView=16858,nodeIdx=0,changeCycle=0,myNode=075f8c93...,timecost=0.287
info|2019-11-12 23:00:58.427137|[g:1][CONSENSUS][PBFT]checkAndChangeView: Reach consensus,org_view=16857,org_changeCycle=0,cur_changeCycle=0,to_view=16858
info|2019-11-12 23:00:59.428248|[g:1][CONSENSUS][SEALER]++++++++++++++++ Generating seal on,blkNum=3,tx=0,nodeIdx=0,hash=aed0e7e5...
info|2019-11-12 23:00:59.437433|[g:1][CONSENSUS][PBFT]checkTimeout Succ,view=16858,toView=16859,nodeIdx=0,changeCycle=0,myNode=075f8c93...,timecost=0.485
info|2019-11-12 23:00:59.439782|[g:1][CONSENSUS][PBFT]checkAndChangeView: Reach consensus,org_view=16858,org_changeCycle=0,cur_changeCycle=0,to_view=16859
info|2019-11-12 23:01:00.440912|[g:1][CONSENSUS]addRawPrepare,height=3,reqIdx=1,hash=d0f9c334...
info|2019-11-12 23:01:00.443724|[g:1][CONSENSUS][PBFT]checkTimeout Succ,view=16859,toView=16860,nodeIdx=0,changeCycle=0,myNode=075f8c93...,timecost=1.811
info|2019-11-12 23:01:00.446135|[g:1][CONSENSUS][PBFT]checkAndChangeView: Reach consensus,org_view=16859,org_changeCycle=0,cur_changeCycle=0,to_view=16860
info|2019-11-12 23:01:01.447210|[g:1][CONSENSUS]addRawPrepare,height=3,reqIdx=2,hash=5a74ae3a...
info|2019-11-12 23:01:01.508876|[g:1][CONSENSUS][PBFT]checkTimeout Succ,view=16860,toView=16861,nodeIdx=0,changeCycle=0,myNode=075f8c93...,timecost=1.556
info|2019-11-12 23:01:01.512989|[g:1][CONSENSUS][PBFT]checkAndChangeView: Reach consensus,org_view=16860,org_changeCycle=0,cur_changeCycle=0,to_view=16861
info|2019-11-12 23:01:02.519701|[g:1][CONSENSUS]addRawPrepare,height=3,reqIdx=3,hash=afe4ac6a...
info|2019-11-12 23:01:02.519954|[g:1][CONSENSUS][PBFT]checkTimeout Succ,view=16861,toView=16862,nodeIdx=0,changeCycle=0,myNode=075f8c93...,timecost=0.224
info|2019-11-12 23:01:02.524129|[g:1][CONSENSUS][PBFT]checkAndChangeView: Reach consensus,org_view=16861,org_changeCycle=0,cur_changeCycle=0,to_view=16862
info|2019-11-12 23:01:03.026606|[P2P][Service] heartBeat,connected count=3
info|2019-11-12 23:01:03.525068|[g:1][CONSENSUS][SEALER]++++++++++++++++ Generating seal on,blkNum=3,tx=0,nodeIdx=0,hash=8cd48c14...
info|2019-11-12 23:01:03.533373|[g:1][CONSENSUS][PBFT]checkTimeout Succ,view=16862,toView=16863,nodeIdx=0,changeCycle=0,myNode=075f8c93...,timecost=0.229
info|2019-11-12 23:01:03.534484|[g:1][CONSENSUS][PBFT]checkAndChangeView: Reach consensus,org_view=16862,org_changeCycle=0,cur_changeCycle=0,to_view=16863
info|2019-11-12 23:01:04.536818|[g:1][CONSENSUS]addRawPrepare,height=3,reqIdx=1,hash=56cf340e...
info|2019-11-12 23:01:04.537179|[g:1][CONSENSUS][PBFT]checkTimeout Succ,view=16863,toView=16864,nodeIdx=0,changeCycle=0,myNode=075f8c93...,timecost=0.317
info|2019-11-12 23:01:04.542390|[g:1][CONSENSUS][PBFT]checkAndChangeView: Reach consensus,org_view=16863,org_changeCycle=0,cur_changeCycle=0,to_view=16864
info|2019-11-12 23:01:05.544401|[g:1][CONSENSUS]addRawPrepare,height=3,reqIdx=2,hash=8d04bf1c...
info|2019-11-12 23:01:05.544912|[g:1][CONSENSUS][PBFT]checkTimeout Succ,view=16864,toView=16865,nodeIdx=0,changeCycle=0,myNode=075f8c93...,timecost=0.415
info|2019-11-12 23:01:05.551842|[g:1][CONSENSUS][PBFT]checkAndChangeView: Reach consensus,org_view=16864,org_changeCycle=0,cur_changeCycle=0,to_view=16865
info|2019-11-12 23:01:06.559053|[g:1][CONSENSUS]addRawPrepare,height=3,reqIdx=3,hash=1e1e2d45...
info|2019-11-12 23:01:06.560949|[g:1][CONSENSUS][PBFT]checkTimeout Succ,view=16865,toView=16866,nodeIdx=0,changeCycle=0,myNode=075f8c93...,timecost=1.649
info|2019-11-12 23:01:06.562045|[g:1][CONSENSUS][PBFT]checkAndChangeView: Reach consensus,org_view=16865,org_changeCycle=0,cur_changeCycle=0,to_view=16866
info|2019-11-12 23:01:07.563552|[g:1][CONSENSUS][SEALER]++++++++++++++++ Generating seal on,blkNum=3,tx=0,nodeIdx=0,hash=4d1e12d7...
info|2019-11-12 23:01:07.578960|[g:1][CONSENSUS][PBFT]checkTimeout Succ,view=16866,toView=16867,nodeIdx=0,changeCycle=0,myNode=075f8c93...,timecost=0.234
info|2019-11-12 23:01:07.581218|[g:1][CONSENSUS][PBFT]checkAndChangeView: Reach consensus,org_view=16866,org_changeCycle=0,cur_changeCycle=0,to_view=16867
info|2019-11-12 23:01:08.586449|[g:1][CONSENSUS]addRawPrepare,height=3,reqIdx=1,hash=0d26ae02...
info|2019-11-12 23:01:08.586710|[g:1][CONSENSUS][PBFT]checkTimeout Succ,view=16867,toView=16868,nodeIdx=0,changeCycle=0,myNode=075f8c93...,timecost=0.23
info|2019-11-12 23:01:08.589877|[g:1][CONSENSUS][PBFT]checkAndChangeView: Reach consensus,org_view=16867,org_changeCycle=0,cur_changeCycle=0,to_view=16868
info|2019-11-12 23:01:09.594360|[g:1][CONSENSUS]addRawPrepare,height=3,reqIdx=2,hash=9f33c7e8...
info|2019-11-12 23:01:09.594856|[g:1][CONSENSUS][PBFT]checkTimeout Succ,view=16868,toView=16869,nodeIdx=0,changeCycle=0,myNode=075f8c93...,timecost=0.424
info|2019-11-12 23:01:09.600639|[g:1][CONSENSUS][PBFT]checkAndChangeView: Reach consensus,org_view=16868,org_changeCycle=0,cur_changeCycle=0,to_view=16869
info|2019-11-12 23:01:10.605408|[g:1][CONSENSUS]addRawPrepare,height=3,reqIdx=3,hash=1b609c31...
info|2019-11-12 23:01:10.605827|[g:1][CONSENSUS][PBFT]checkTimeout Succ,view=16869,toView=16870,nodeIdx=0,changeCycle=0,myNode=075f8c93...,timecost=0.385
info|2019-11-12 23:01:10.610630|[g:1][CONSENSUS][PBFT]checkAndChangeView: Reach consensus,org_view=16869,org_changeCycle=0,cur_changeCycle=0,to_view=16870
info|2019-11-12 23:01:11.612520|[g:1][CONSENSUS][SEALER]++++++++++++++++ Generating seal on,blkNum=3,tx=0,nodeIdx=0,hash=486c57a6...
info|2019-11-12 23:01:11.621778|[g:1][CONSENSUS][PBFT]checkTimeout Succ,view=16870,toView=16871,nodeIdx=0,changeCycle=0,myNode=075f8c93...,timecost=0.243
info|2019-11-12 23:01:11.623249|[g:1][CONSENSUS][PBFT]checkAndChangeView: Reach consensus,org_view=16870,org_changeCycle=0,cur_changeCycle=0,to_view=16871
info|2019-11-12 23:01:12.625782|[g:1][CONSENSUS]addRawPrepare,height=3,reqIdx=1,hash=5858ba9e...
info|2019-11-12 23:01:12.629125|[g:1][CONSENSUS][PBFT]checkTimeout Succ,view=16871,toView=16872,nodeIdx=0,changeCycle=0,myNode=075f8c93...,timecost=1.343
info|2019-11-12 23:01:12.630485|[g:1][CONSENSUS][PBFT]checkAndChangeView: Reach consensus,org_view=16871,org_changeCycle=0,cur_changeCycle=0,to_view=16872
info|2019-11-12 23:01:13.026961|[P2P][Service] heartBeat,connected count=3
info|2019-11-12 23:01:13.631662|[g:1][CONSENSUS]addRawPrepare,height=3,reqIdx=2,hash=032a9374...
info|2019-11-12 23:01:13.632153|[g:1][CONSENSUS][PBFT]checkTimeout Succ,view=16872,toView=16873,nodeIdx=0,changeCycle=0,myNode=075f8c93...,timecost=0.366
info|2019-11-12 23:01:13.639635|[g:1][CONSENSUS][PBFT]checkAndChangeView: Reach consensus,org_view=16872,org_changeCycle=0,cur_changeCycle=0,to_view=16873
info|2019-11-12 23:01:14.649453|[g:1][CONSENSUS]addRawPrepare,height=3,reqIdx=3,hash=e5ab52f3...
info|2019-11-12 23:01:14.650823|[g:1][CONSENSUS][PBFT]checkTimeout Succ,view=16873,toView=16874,nodeIdx=0,changeCycle=0,myNode=075f8c93...,timecost=1.196
info|2019-11-12 23:01:14.652387|[g:1][CONSENSUS][PBFT]checkAndChangeView: Reach consensus,org_view=16873,org_changeCycle=0,cur_changeCycle=0,to_view=16874
info|2019-11-12 23:01:15.653021|[g:1][CONSENSUS][SEALER]++++++++++++++++ Generating seal on,blkNum=3,tx=0,nodeIdx=0,hash=0e100883...
info|2019-11-12 23:01:15.666580|[g:1][CONSENSUS][PBFT]checkTimeout Succ,view=16874,toView=16875,nodeIdx=0,changeCycle=0,myNode=075f8c93...,timecost=0.526
info|2019-11-12 23:01:15.670789|[g:1][CONSENSUS][PBFT]checkAndChangeView: Reach consensus,org_view=16874,org_changeCycle=0,cur_changeCycle=0,to_view=16875
info|2019-11-12 23:01:16.672547|[g:1][CONSENSUS]addRawPrepare,height=3,reqIdx=1,hash=f8e8484a...
info|2019-11-12 23:01:16.673143|[g:1][CONSENSUS][PBFT]checkTimeout Succ,view=16875,toView=16876,nodeIdx=0,changeCycle=0,myNode=075f8c93...,timecost=0.598
info|2019-11-12 23:01:16.685913|[g:1][CONSENSUS][PBFT]checkAndChangeView: Reach consensus,org_view=16875,org_changeCycle=0,cur_changeCycle=0,to_view=16876
info|2019-11-12 23:01:17.686847|[g:1][CONSENSUS]addRawPrepare,height=3,reqIdx=2,hash=19377961...
info|2019-11-12 23:01:17.695758|[g:1][CONSENSUS][PBFT]checkTimeout Succ,view=16876,toView=16877,nodeIdx=0,changeCycle=0,myNode=075f8c93...,timecost=2.713
info|2019-11-12 23:01:17.696475|[g:1][CONSENSUS][PBFT]checkAndChangeView: Reach consensus,org_view=16876,org_changeCycle=0,cur_changeCycle=0,to_view=16877
info|2019-11-12 23:01:18.700715|[g:1][CONSENSUS]addRawPrepare,height=3,reqIdx=3,hash=b3a4dbc9...
info|2019-11-12 23:01:18.701071|[g:1][CONSENSUS][PBFT]checkTimeout Succ,view=16877,toView=16878,nodeIdx=0,changeCycle=0,myNode=075f8c93...,timecost=0.316
info|2019-11-12 23:01:18.704003|[g:1][CONSENSUS][PBFT]checkAndChangeView: Reach consensus,org_view=16877,org_changeCycle=0,cur_changeCycle=0,to_view=16878
info|2019-11-12 23:01:19.705543|[g:1][CONSENSUS][SEALER]++++++++++++++++ Generating seal on,blkNum=3,tx=0,nodeIdx=0,hash=84bfb56f...
info|2019-11-12 23:01:19.718567|[g:1][CONSENSUS][PBFT]checkTimeout Succ,view=16878,toView=16879,nodeIdx=0,changeCycle=0,myNode=075f8c93...,timecost=0.229
info|2019-11-12 23:01:19.719839|[g:1][CONSENSUS][PBFT]checkAndChangeView: Reach consensus,org_view=16878,org_changeCycle=0,cur_changeCycle=0,to_view=16879
info|2019-11-12 23:01:20.722733|[g:1][CONSENSUS]addRawPrepare,height=3,reqIdx=1,hash=7c882fd5...
info|2019-11-12 23:01:20.730146|[g:1][CONSENSUS][PBFT]checkTimeout Succ,view=16879,toView=16880,nodeIdx=0,changeCycle=0,myNode=075f8c93...,timecost=7.316
info|2019-11-12 23:01:20.733662|[g:1][CONSENSUS][PBFT]checkAndChangeView: Reach consensus,org_view=16879,org_changeCycle=0,cur_changeCycle=0,to_view=16880
info|2019-11-12 23:01:21.736296|[g:1][CONSENSUS]addRawPrepare,height=3,reqIdx=2,hash=0c04d148...
info|2019-11-12 23:01:21.736894|[g:1][CONSENSUS][PBFT]checkTimeout Succ,view=16880,toView=16881,nodeIdx=0,changeCycle=0,myNode=075f8c93...,timecost=0.493
info|2019-11-12 23:01:21.787742|[g:1][CONSENSUS][PBFT]checkAndChangeView: Reach consensus,org_view=16880,org_changeCycle=0,cur_changeCycle=0,to_view=16881
info|2019-11-12 23:01:22.811024|[g:1][CONSENSUS]addRawPrepare,height=3,reqIdx=3,hash=512ddb0a...
info|2019-11-12 23:01:22.811267|[g:1][CONSENSUS][PBFT]checkTimeout Succ,view=16881,toView=16882,nodeIdx=0,changeCycle=0,myNode=075f8c93...,timecost=0.218
info|2019-11-12 23:01:22.813361|[g:1][CONSENSUS][PBFT]checkAndChangeView: Reach consensus,org_view=16881,org_changeCycle=0,cur_changeCycle=0,to_view=16882
info|2019-11-12 23:01:23.027076|[P2P][Service] heartBeat,connected count=3
info|2019-11-12 23:01:23.813556|[g:1][CONSENSUS][SEALER]++++++++++++++++ Generating seal on,blkNum=3,tx=0,nodeIdx=0,hash=a6619978...
info|2019-11-12 23:01:23.822652|[g:1][CONSENSUS][PBFT]checkTimeout Succ,view=16882,toView=16883,nodeIdx=0,changeCycle=0,myNode=075f8c93...,timecost=0.229
info|2019-11-12 23:01:23.823755|[g:1][CONSENSUS][PBFT]checkAndChangeView: Reach consensus,org_view=16882,org_changeCycle=0,cur_changeCycle=0,to_view=16883
info|2019-11-12 23:01:24.825458|[g:1][CONSENSUS]addRawPrepare,height=3,reqIdx=1,hash=78b9c937...
info|2019-11-12 23:01:24.829608|[g:1][CONSENSUS][PBFT]checkTimeout Succ,view=16883,toView=16884,nodeIdx=0,changeCycle=0,myNode=075f8c93...,timecost=4.086
info|2019-11-12 23:01:24.830257|[g:1][CONSENSUS][PBFT]checkAndChangeView: Reach consensus,org_view=16883,org_changeCycle=0,cur_changeCycle=0,to_view=16884
