info|2019-11-12 16:00:00.274175|[g:1][CONSENSUS][SEALER]++++++++++++++++ Generating seal on,blkNum=3,tx=0,nodeIdx=0,hash=82dc0475...
info|2019-11-12 16:00:00.282875|[g:1][CONSENSUS][PBFT]checkTimeout Succ,view=5726,toView=5727,nodeIdx=0,changeCycle=0,myNode=075f8c93...,timecost=0.223
info|2019-11-12 16:00:00.283968|[g:1][CONSENSUS][PBFT]checkAndChangeView: Reach consensus,org_view=5726,org_changeCycle=0,cur_changeCycle=0,to_view=5727
info|2019-11-12 16:00:01.284893|[g:1][CONSENSUS]addRawPrepare,height=3,reqIdx=1,hash=be25d6c2...
info|2019-11-12 16:00:01.285253|[g:1][CONSENSUS][PBFT]checkTimeout Succ,view=5727,toView=5728,nodeIdx=0,changeCycle=0,myNode=075f8c93...,timecost=0.319
info|2019-11-12 16:00:01.289378|[g:1][CONSENSUS][PBFT]checkAndChangeView: Reach consensus,org_view=5727,org_changeCycle=0,cur_changeCycle=0,to_view=5728
info|2019-11-12 16:00:02.292801|[g:1][CONSENSUS]addRawPrepare,height=3,reqIdx=2,hash=374b286f...
info|2019-11-12 16:00:02.293290|[g:1][CONSENSUS][PBFT]checkTimeout Succ,view=5728,toView=5729,nodeIdx=0,changeCycle=0,myNode=075f8c93...,timecost=0.364
info|2019-11-12 16:00:02.298668|[g:1][CONSENSUS][PBFT]checkAndChangeView: Reach consensus,org_view=5728,org_changeCycle=0,cur_changeCycle=0,to_view=5729
info|2019-11-12 16:00:03.307768|[g:1][CONSENSUS]addRawPrepare,height=3,reqIdx=3,hash=eccef031...
info|2019-11-12 16:00:03.308018|[g:1][CONSENSUS][PBFT]checkTimeout Succ,view=5729,toView=5730,nodeIdx=0,changeCycle=0,myNode=075f8c93...,timecost=0.22
info|2019-11-12 16:00:03.310386|[g:1][CONSENSUS][PBFT]checkAndChangeView: Reach consensus,org_view=5729,org_changeCycle=0,cur_changeCycle=0,to_view=5730
info|2019-11-12 16:00:04.310135|[g:1][CONSENSUS][SEALER]++++++++++++++++ Generating seal on,blkNum=3,tx=0,nodeIdx=0,hash=b1865c97...
info|2019-11-12 16:00:04.320648|[g:1][CONSENSUS][PBFT]checkTimeout Succ,view=5730,toView=5731,nodeIdx=0,changeCycle=0,myNode=075f8c93...,timecost=0.23
info|2019-11-12 16:00:04.321948|[g:1][CONSENSUS][PBFT]checkAndChangeView: Reach consensus,org_view=5730,org_changeCycle=0,cur_changeCycle=0,to_view=5731
info|2019-11-12 16:00:05.322381|[g:1][CONSENSUS]addRawPrepare,height=3,reqIdx=1,hash=c8e3ed06...
info|2019-11-12 16:00:05.322731|[g:1][CONSENSUS][PBFT]checkTimeout Succ,view=5731,toView=5732,nodeIdx=0,changeCycle=0,myNode=075f8c93...,timecost=0.308
info|2019-11-12 16:00:05.325046|[g:1][CONSENSUS][PBFT]checkAndChangeView: Reach consensus,org_view=5731,org_changeCycle=0,cur_changeCycle=0,to_view=5732
info|2019-11-12 16:00:06.328867|[g:1][CONSENSUS]addRawPrepare,height=3,reqIdx=2,hash=c7f03f7d...
info|2019-11-12 16:00:06.329392|[g:1][CONSENSUS][PBFT]checkTimeout Succ,view=5732,toView=5733,nodeIdx=0,changeCycle=0,myNode=075f8c93...,timecost=0.377
info|2019-11-12 16:00:06.338866|[g:1][CONSENSUS][PBFT]checkAndChangeView: Reach consensus,org_view=5732,org_changeCycle=0,cur_changeCycle=0,to_view=5733
info|2019-11-12 16:00:07.348426|[g:1][CONSENSUS]addRawPrepare,height=3,reqIdx=3,hash=362970be...
info|2019-11-12 16:00:07.348777|[g:1][CONSENSUS][PBFT]checkTimeout Succ,view=5733,toView=5734,nodeIdx=0,changeCycle=0,myNode=075f8c93...,timecost=0.308
info|2019-11-12 16:00:07.354478|[g:1][CONSENSUS][PBFT]checkAndChangeView: Reach consensus,org_view=5733,org_changeCycle=0,cur_changeCycle=0,to_view=5734
info|2019-11-12 16:00:08.355160|[g:1][CONSENSUS][SEALER]++++++++++++++++ Generating seal on,blkNum=3,tx=0,nodeIdx=0,hash=3c30e9a9...
info|2019-11-12 16:00:08.366342|[g:1][CONSENSUS][PBFT]checkTimeout Succ,view=5734,toView=5735,nodeIdx=0,changeCycle=0,myNode=075f8c93...,timecost=0.225
info|2019-11-12 16:00:08.367641|[g:1][CONSENSUS][PBFT]checkAndChangeView: Reach consensus,org_view=5734,org_changeCycle=0,cur_changeCycle=0,to_view=5735
info|2019-11-12 16:00:09.204089|[P2P][Service] heartBeat,connected count=3
info|2019-11-12 16:00:09.367583|[g:1][CONSENSUS]addRawPrepare,height=3,reqIdx=1,hash=22a0a294...
info|2019-11-12 16:00:09.367815|[g:1][CONSENSUS][PBFT]checkTimeout Succ,view=5735,toView=5736,nodeIdx=0,changeCycle=0,myNode=075f8c93...,timecost=0.206
info|2019-11-12 16:00:09.369690|[g:1][CONSENSUS][PBFT]checkAndChangeView: Reach consensus,org_view=5735,org_changeCycle=0,cur_changeCycle=0,to_view=5736
info|2019-11-12 16:00:10.372124|[g:1][CONSENSUS]addRawPrepare,height=3,reqIdx=2,hash=17dd7815...
info|2019-11-12 16:00:10.372816|[g:1][CONSENSUS][PBFT]checkTimeout Succ,view=5736,toView=5737,nodeIdx=0,changeCycle=0,myNode=075f8c93...,timecost=0.57
info|2019-11-12 16:00:10.380010|[g:1][CONSENSUS][PBFT]checkAndChangeView: Reach consensus,org_view=5736,org_changeCycle=0,cur_changeCycle=0,to_view=5737
info|2019-11-12 16:00:11.384192|[g:1][CONSENSUS]addRawPrepare,height=3,reqIdx=3,hash=405bf09c...
info|2019-11-12 16:00:11.384602|[g:1][CONSENSUS][PBFT]checkTimeout Succ,view=5737,toView=5738,nodeIdx=0,changeCycle=0,myNode=075f8c93...,timecost=0.378
info|2019-11-12 16:00:11.387231|[g:1][CONSENSUS][PBFT]checkAndChangeView: Reach consensus,org_view=5737,org_changeCycle=0,cur_changeCycle=0,to_view=5738
info|2019-11-12 16:00:12.388011|[g:1][CONSENSUS][SEALER]++++++++++++++++ Generating seal on,blkNum=3,tx=0,nodeIdx=0,hash=51326f8e...
info|2019-11-12 16:00:12.397131|[g:1][CONSENSUS][PBFT]checkTimeout Succ,view=5738,toView=5739,nodeIdx=0,changeCycle=0,myNode=075f8c93...,timecost=0.23
info|2019-11-12 16:00:12.398081|[g:1][CONSENSUS][PBFT]checkAndChangeView: Reach consensus,org_view=5738,org_changeCycle=0,cur_changeCycle=0,to_view=5739
info|2019-11-12 16:00:13.399850|[g:1][CONSENSUS]addRawPrepare,height=3,reqIdx=1,hash=d45c801a...
info|2019-11-12 16:00:13.400196|[g:1][CONSENSUS][PBFT]checkTimeout Succ,view=5739,toView=5740,nodeIdx=0,changeCycle=0,myNode=075f8c93...,timecost=0.309
info|2019-11-12 16:00:13.403398|[g:1][CONSENSUS][PBFT]checkAndChangeView: Reach consensus,org_view=5739,org_changeCycle=0,cur_changeCycle=0,to_view=5740
info|2019-11-12 16:00:14.405825|[g:1][CONSENSUS]addRawPrepare,height=3,reqIdx=2,hash=98032fcc...
info|2019-11-12 16:00:14.406277|[g:1][CONSENSUS][PBFT]checkTimeout Succ,view=5740,toView=5741,nodeIdx=0,changeCycle=0,myNode=075f8c93...,timecost=0.353
info|2019-11-12 16:00:14.411216|[g:1][CONSENSUS][PBFT]checkAndChangeView: Reach consensus,org_view=5740,org_changeCycle=0,cur_changeCycle=0,to_view=5741
info|2019-11-12 16:00:15.415634|[g:1][CONSENSUS]addRawPrepare,height=3,reqIdx=3,hash=296f107e...
info|2019-11-12 16:00:15.415987|[g:1][CONSENSUS][PBFT]checkTimeout Succ,view=5741,toView=5742,nodeIdx=0,changeCycle=0,myNode=075f8c93...,timecost=0.299
info|2019-11-12 16:00:15.417729|[g:1][CONSENSUS][PBFT]checkAndChangeView: Reach consensus,org_view=5741,org_changeCycle=0,cur_changeCycle=0,to_view=5742
info|2019-11-12 16:00:16.419668|[g:1][CONSENSUS][SEALER]++++++++++++++++ Generating seal on,blkNum=3,tx=0,nodeIdx=0,hash=cc78b39b...
info|2019-11-12 16:00:16.428061|[g:1][CONSENSUS][PBFT]checkTimeout Succ,view=5742,toView=5743,nodeIdx=0,changeCycle=0,myNode=075f8c93...,timecost=0.235
info|2019-11-12 16:00:16.429785|[g:1][CONSENSUS][PBFT]checkAndChangeView: Reach consensus,org_view=5742,org_changeCycle=0,cur_changeCycle=0,to_view=5743
info|2019-11-12 16:00:17.430578|[g:1][CONSENSUS]addRawPrepare,height=3,reqIdx=1,hash=d30cdc6c...
info|2019-11-12 16:00:17.430923|[g:1][CONSENSUS][PBFT]checkTimeout Succ,view=5743,toView=5744,nodeIdx=0,changeCycle=0,myNode=075f8c93...,timecost=0.31
info|2019-11-12 16:00:17.433582|[g:1][CONSENSUS][PBFT]checkAndChangeView: Reach consensus,org_view=5743,org_changeCycle=0,cur_changeCycle=0,to_view=5744
info|2019-11-12 16:00:18.437901|[g:1][CONSENSUS]addRawPrepare,height=3,reqIdx=2,hash=734c632e...
info|2019-11-12 16:00:18.438431|[g:1][CONSENSUS][PBFT]checkTimeout Succ,view=5744,toView=5745,nodeIdx=0,changeCycle=0,myNode=075f8c93...,timecost=0.406
info|2019-11-12 16:00:18.444023|[g:1][CONSENSUS][PBFT]checkAndChangeView: Reach consensus,org_view=5744,org_changeCycle=0,cur_changeCycle=0,to_view=5745
info|2019-11-12 16:00:19.204237|[P2P][Service] heartBeat,connected count=3
info|2019-11-12 16:00:19.448206|[g:1][CONSENSUS]addRawPrepare,height=3,reqIdx=3,hash=84f09e1b...
info|2019-11-12 16:00:19.448552|[g:1][CONSENSUS][PBFT]checkTimeout Succ,view=5745,toView=5746,nodeIdx=0,changeCycle=0,myNode=075f8c93...,timecost=0.31
info|2019-11-12 16:00:19.452190|[g:1][CONSENSUS][PBFT]checkAndChangeView: Reach consensus,org_view=5745,org_changeCycle=0,cur_changeCycle=0,to_view=5746
info|2019-11-12 16:00:20.452656|[g:1][CONSENSUS][SEALER]++++++++++++++++ Generating seal on,blkNum=3,tx=0,nodeIdx=0,hash=5e40dc7b...
info|2019-11-12 16:00:20.462436|[g:1][CONSENSUS][PBFT]checkTimeout Succ,view=5746,toView=5747,nodeIdx=0,changeCycle=0,myNode=075f8c93...,timecost=0.226
info|2019-11-12 16:00:20.463442|[g:1][CONSENSUS][PBFT]checkAndChangeView: Reach consensus,org_view=5746,org_changeCycle=0,cur_changeCycle=0,to_view=5747
info|2019-11-12 16:00:21.463999|[g:1][CONSENSUS]addRawPrepare,height=3,reqIdx=1,hash=3736b9fc...
info|2019-11-12 16:00:21.464430|[g:1][CONSENSUS][PBFT]checkTimeout Succ,view=5747,toView=5748,nodeIdx=0,changeCycle=0,myNode=075f8c93...,timecost=0.387
info|2019-11-12 16:00:21.468323|[g:1][CONSENSUS][PBFT]checkAndChangeView: Reach consensus,org_view=5747,org_changeCycle=0,cur_changeCycle=0,to_view=5748
info|2019-11-12 16:00:22.470493|[g:1][CONSENSUS]addRawPrepare,height=3,reqIdx=2,hash=861f2c68...
info|2019-11-12 16:00:22.470985|[g:1][CONSENSUS][PBFT]checkTimeout Succ,view=5748,toView=5749,nodeIdx=0,changeCycle=0,myNode=075f8c93...,timecost=0.365
info|2019-11-12 16:00:22.476569|[g:1][CONSENSUS][PBFT]checkAndChangeView: Reach consensus,org_view=5748,org_changeCycle=0,cur_changeCycle=0,to_view=5749
info|2019-11-12 16:00:23.481848|[g:1][CONSENSUS]addRawPrepare,height=3,reqIdx=3,hash=e12a93d3...
info|2019-11-12 16:00:23.482106|[g:1][CONSENSUS][PBFT]checkTimeout Succ,view=5749,toView=5750,nodeIdx=0,changeCycle=0,myNode=075f8c93...,timecost=0.224
info|2019-11-12 16:00:23.483900|[g:1][CONSENSUS][PBFT]checkAndChangeView: Reach consensus,org_view=5749,org_changeCycle=0,cur_changeCycle=0,to_view=5750
info|2019-11-12 16:00:24.483388|[g:1][CONSENSUS][SEALER]++++++++++++++++ Generating seal on,blkNum=3,tx=0,nodeIdx=0,hash=7473e868...
info|2019-11-12 16:00:24.491975|[g:1][CONSENSUS][PBFT]checkTimeout Succ,view=5750,toView=5751,nodeIdx=0,changeCycle=0,myNode=075f8c93...,timecost=0.22
info|2019-11-12 16:00:24.493258|[g:1][CONSENSUS][PBFT]checkAndChangeView: Reach consensus,org_view=5750,org_changeCycle=0,cur_changeCycle=0,to_view=5751
info|2019-11-12 16:00:25.493798|[g:1][CONSENSUS]addRawPrepare,height=3,reqIdx=1,hash=addadb42...
info|2019-11-12 16:00:25.494196|[g:1][CONSENSUS][PBFT]checkTimeout Succ,view=5751,toView=5752,nodeIdx=0,changeCycle=0,myNode=075f8c93...,timecost=0.361
info|2019-11-12 16:00:25.497456|[g:1][CONSENSUS][PBFT]checkAndChangeView: Reach consensus,org_view=5751,org_changeCycle=0,cur_changeCycle=0,to_view=5752
info|2019-11-12 16:00:26.500728|[g:1][CONSENSUS]addRawPrepare,height=3,reqIdx=2,hash=fabb0090...
info|2019-11-12 16:00:26.501226|[g:1][CONSENSUS][PBFT]checkTimeout Succ,view=5752,toView=5753,nodeIdx=0,changeCycle=0,myNode=075f8c93...,timecost=0.371
info|2019-11-12 16:00:26.506630|[g:1][CONSENSUS][PBFT]checkAndChangeView: Reach consensus,org_view=5752,org_changeCycle=0,cur_changeCycle=0,to_view=5753
info|2019-11-12 16:00:27.509249|[g:1][CONSENSUS]addRawPrepare,height=3,reqIdx=3,hash=beb171c5...
info|2019-11-12 16:00:27.509809|[g:1][CONSENSUS][PBFT]checkTimeout Succ,view=5753,toView=5754,nodeIdx=0,changeCycle=0,myNode=075f8c93...,timecost=0.53
info|2019-11-12 16:00:27.515324|[g:1][CONSENSUS][PBFT]checkAndChangeView: Reach consensus,org_view=5753,org_changeCycle=0,cur_changeCycle=0,to_view=5754
info|2019-11-12 16:00:28.516647|[g:1][CONSENSUS][SEALER]++++++++++++++++ Generating seal on,blkNum=3,tx=0,nodeIdx=0,hash=8a89a007...
info|2019-11-12 16:00:28.524644|[g:1][CONSENSUS][PBFT]checkTimeout Succ,view=5754,toView=5755,nodeIdx=0,changeCycle=0,myNode=075f8c93...,timecost=0.222
info|2019-11-12 16:00:28.526448|[g:1][CONSENSUS][PBFT]checkAndChangeView: Reach consensus,org_view=5754,org_changeCycle=0,cur_changeCycle=0,to_view=5755
info|2019-11-12 16:00:29.204609|[P2P][Service] heartBeat,connected count=3
info|2019-11-12 16:00:29.531218|[g:1][CONSENSUS]addRawPrepare,height=3,reqIdx=1,hash=7a0af014...
info|2019-11-12 16:00:29.531586|[g:1][CONSENSUS][PBFT]checkTimeout Succ,view=5755,toView=5756,nodeIdx=0,changeCycle=0,myNode=075f8c93...,timecost=0.331
info|2019-11-12 16:00:29.535024|[g:1][CONSENSUS][PBFT]checkAndChangeView: Reach consensus,org_view=5755,org_changeCycle=0,cur_changeCycle=0,to_view=5756
info|2019-11-12 16:00:30.538154|[g:1][CONSENSUS]addRawPrepare,height=3,reqIdx=2,hash=74035b2b...
info|2019-11-12 16:00:30.538577|[g:1][CONSENSUS][PBFT]checkTimeout Succ,view=5756,toView=5757,nodeIdx=0,changeCycle=0,myNode=075f8c93...,timecost=0.298
info|2019-11-12 16:00:30.544424|[g:1][CONSENSUS][PBFT]checkAndChangeView: Reach consensus,org_view=5756,org_changeCycle=0,cur_changeCycle=0,to_view=5757
info|2019-11-12 16:00:31.546380|[g:1][CONSENSUS]addRawPrepare,height=3,reqIdx=3,hash=12fb0582...
info|2019-11-12 16:00:31.546624|[g:1][CONSENSUS][PBFT]checkTimeout Succ,view=5757,toView=5758,nodeIdx=0,changeCycle=0,myNode=075f8c93...,timecost=0.219
info|2019-11-12 16:00:31.548052|[g:1][CONSENSUS][PBFT]checkAndChangeView: Reach consensus,org_view=5757,org_changeCycle=0,cur_changeCycle=0,to_view=5758
info|2019-11-12 16:00:32.549221|[g:1][CONSENSUS][SEALER]++++++++++++++++ Generating seal on,blkNum=3,tx=0,nodeIdx=0,hash=46fe5079...
info|2019-11-12 16:00:32.557752|[g:1][CONSENSUS][PBFT]checkTimeout Succ,view=5758,toView=5759,nodeIdx=0,changeCycle=0,myNode=075f8c93...,timecost=0.247
info|2019-11-12 16:00:32.558827|[g:1][CONSENSUS][PBFT]checkAndChangeView: Reach consensus,org_view=5758,org_changeCycle=0,cur_changeCycle=0,to_view=5759
info|2019-11-12 16:00:33.563272|[g:1][CONSENSUS][PBFT]Trigger fast-viewchange,view=5759,toView=5759,minView=5760,INFO=,reqNum=2,curNum=2,GenIdx=3,Cview=5760,view=5759,fromIdx=3,fromNode=db2b0552...,fromIp=127.0.0.1:56138,hash=8b8d4d36...,nodeIdx=0,myNode=075f8c93...
info|2019-11-12 16:00:33.563520|[g:1][CONSENSUS][PBFT]checkAndChangeView: Reach consensus,org_view=5759,org_changeCycle=0,cur_changeCycle=0,to_view=5760
info|2019-11-12 16:00:33.563527|[g:1][CONSENSUS][PBFT]checkTimeout Succ,view=5760,toView=5760,nodeIdx=0,changeCycle=0,myNode=075f8c93...,timecost=0.21
info|2019-11-12 16:00:34.565902|[g:1][CONSENSUS]addRawPrepare,height=3,reqIdx=2,hash=fd558ad6...
info|2019-11-12 16:00:34.566322|[g:1][CONSENSUS][PBFT]checkTimeout Succ,view=5760,toView=5761,nodeIdx=0,changeCycle=0,myNode=075f8c93...,timecost=0.319
info|2019-11-12 16:00:34.570662|[g:1][CONSENSUS][PBFT]checkAndChangeView: Reach consensus,org_view=5760,org_changeCycle=0,cur_changeCycle=0,to_view=5761
info|2019-11-12 16:00:35.574799|[g:1][CONSENSUS]addRawPrepare,height=3,reqIdx=3,hash=23e20fa1...
info|2019-11-12 16:00:35.575032|[g:1][CONSENSUS][PBFT]checkTimeout Succ,view=5761,toView=5762,nodeIdx=0,changeCycle=0,myNode=075f8c93...,timecost=0.206
info|2019-11-12 16:00:35.577550|[g:1][CONSENSUS][PBFT]checkAndChangeView: Reach consensus,org_view=5761,org_changeCycle=0,cur_changeCycle=0,to_view=5762
info|2019-11-12 16:00:36.577250|[g:1][CONSENSUS][SEALER]++++++++++++++++ Generating seal on,blkNum=3,tx=0,nodeIdx=0,hash=54a520b9...
info|2019-11-12 16:00:36.584921|[g:1][CONSENSUS][PBFT]checkTimeout Succ,view=5762,toView=5763,nodeIdx=0,changeCycle=0,myNode=075f8c93...,timecost=0.246
info|2019-11-12 16:00:36.586467|[g:1][CONSENSUS][PBFT]checkAndChangeView: Reach consensus,org_view=5762,org_changeCycle=0,cur_changeCycle=0,to_view=5763
info|2019-11-12 16:00:37.585522|[g:1][CONSENSUS]addRawPrepare,height=3,reqIdx=1,hash=6bcb2498...
info|2019-11-12 16:00:37.585851|[g:1][CONSENSUS][PBFT]checkTimeout Succ,view=5763,toView=5764,nodeIdx=0,changeCycle=0,myNode=075f8c93...,timecost=0.299
info|2019-11-12 16:00:37.589146|[g:1][CONSENSUS][PBFT]checkAndChangeView: Reach consensus,org_view=5763,org_changeCycle=0,cur_changeCycle=0,to_view=5764
info|2019-11-12 16:00:38.592917|[g:1][CONSENSUS]addRawPrepare,height=3,reqIdx=2,hash=fbf4d72e...
info|2019-11-12 16:00:38.593220|[g:1][CONSENSUS][PBFT]checkTimeout Succ,view=5764,toView=5765,nodeIdx=0,changeCycle=0,myNode=075f8c93...,timecost=0.224
info|2019-11-12 16:00:38.597183|[g:1][CONSENSUS][PBFT]checkAndChangeView: Reach consensus,org_view=5764,org_changeCycle=0,cur_changeCycle=0,to_view=5765
info|2019-11-12 16:00:39.205008|[P2P][Service] heartBeat,connected count=3
info|2019-11-12 16:00:39.604027|[g:1][CONSENSUS]addRawPrepare,height=3,reqIdx=3,hash=0e3e9ccb...
info|2019-11-12 16:00:39.605301|[g:1][CONSENSUS][PBFT]checkTimeout Succ,view=5765,toView=5766,nodeIdx=0,changeCycle=0,myNode=075f8c93...,timecost=1.234
info|2019-11-12 16:00:39.605776|[g:1][CONSENSUS][PBFT]checkAndChangeView: Reach consensus,org_view=5765,org_changeCycle=0,cur_changeCycle=0,to_view=5766
info|2019-11-12 16:00:40.607174|[g:1][CONSENSUS][SEALER]++++++++++++++++ Generating seal on,blkNum=3,tx=0,nodeIdx=0,hash=2416ce4b...
info|2019-11-12 16:00:40.614910|[g:1][CONSENSUS][PBFT]checkTimeout Succ,view=5766,toView=5767,nodeIdx=0,changeCycle=0,myNode=075f8c93...,timecost=0.229
info|2019-11-12 16:00:40.616148|[g:1][CONSENSUS][PBFT]checkAndChangeView: Reach consensus,org_view=5766,org_changeCycle=0,cur_changeCycle=0,to_view=5767
info|2019-11-12 16:00:41.617665|[g:1][CONSENSUS]addRawPrepare,height=3,reqIdx=1,hash=4f900148...
info|2019-11-12 16:00:41.618017|[g:1][CONSENSUS][PBFT]checkTimeout Succ,view=5767,toView=5768,nodeIdx=0,changeCycle=0,myNode=075f8c93...,timecost=0.313
info|2019-11-12 16:00:41.621215|[g:1][CONSENSUS][PBFT]checkAndChangeView: Reach consensus,org_view=5767,org_changeCycle=0,cur_changeCycle=0,to_view=5768
info|2019-11-12 16:00:42.624200|[g:1][CONSENSUS]addRawPrepare,height=3,reqIdx=2,hash=3ae2f71f...
info|2019-11-12 16:00:42.624510|[g:1][CONSENSUS][PBFT]checkTimeout Succ,view=5768,toView=5769,nodeIdx=0,changeCycle=0,myNode=075f8c93...,timecost=0.225
info|2019-11-12 16:00:42.628397|[g:1][CONSENSUS][PBFT]checkAndChangeView: Reach consensus,org_view=5768,org_changeCycle=0,cur_changeCycle=0,to_view=5769
info|2019-11-12 16:00:43.633773|[g:1][CONSENSUS]addRawPrepare,height=3,reqIdx=3,hash=e05e627b...
info|2019-11-12 16:00:43.634162|[g:1][CONSENSUS][PBFT]checkTimeout Succ,view=5769,toView=5770,nodeIdx=0,changeCycle=0,myNode=075f8c93...,timecost=0.362
info|2019-11-12 16:00:43.638387|[g:1][CONSENSUS][PBFT]checkAndChangeView: Reach consensus,org_view=5769,org_changeCycle=0,cur_changeCycle=0,to_view=5770
info|2019-11-12 16:00:44.639013|[g:1][CONSENSUS][SEALER]++++++++++++++++ Generating seal on,blkNum=3,tx=0,nodeIdx=0,hash=37421a93...
info|2019-11-12 16:00:44.648265|[g:1][CONSENSUS][PBFT]checkTimeout Succ,view=5770,toView=5771,nodeIdx=0,changeCycle=0,myNode=075f8c93...,timecost=0.256
info|2019-11-12 16:00:44.649306|[g:1][CONSENSUS][PBFT]checkAndChangeView: Reach consensus,org_view=5770,org_changeCycle=0,cur_changeCycle=0,to_view=5771
info|2019-11-12 16:00:45.648830|[g:1][CONSENSUS]addRawPrepare,height=3,reqIdx=1,hash=56a7b1d1...
info|2019-11-12 16:00:45.649178|[g:1][CONSENSUS][PBFT]checkTimeout Succ,view=5771,toView=5772,nodeIdx=0,changeCycle=0,myNode=075f8c93...,timecost=0.312
info|2019-11-12 16:00:45.651141|[g:1][CONSENSUS][PBFT]checkAndChangeView: Reach consensus,org_view=5771,org_changeCycle=0,cur_changeCycle=0,to_view=5772
info|2019-11-12 16:00:46.654077|[g:1][CONSENSUS]addRawPrepare,height=3,reqIdx=2,hash=accfb4a2...
info|2019-11-12 16:00:46.654806|[g:1][CONSENSUS][PBFT]checkTimeout Succ,view=5772,toView=5773,nodeIdx=0,changeCycle=0,myNode=075f8c93...,timecost=0.61
info|2019-11-12 16:00:46.660190|[g:1][CONSENSUS][PBFT]checkAndChangeView: Reach consensus,org_view=5772,org_changeCycle=0,cur_changeCycle=0,to_view=5773
info|2019-11-12 16:00:47.663949|[g:1][CONSENSUS]addRawPrepare,height=3,reqIdx=3,hash=86fcf222...
info|2019-11-12 16:00:47.664388|[g:1][CONSENSUS][PBFT]checkTimeout Succ,view=5773,toView=5774,nodeIdx=0,changeCycle=0,myNode=075f8c93...,timecost=0.392
info|2019-11-12 16:00:47.668134|[g:1][CONSENSUS][PBFT]checkAndChangeView: Reach consensus,org_view=5773,org_changeCycle=0,cur_changeCycle=0,to_view=5774
info|2019-11-12 16:00:48.669170|[g:1][CONSENSUS][SEALER]++++++++++++++++ Generating seal on,blkNum=3,tx=0,nodeIdx=0,hash=65200c7f...
info|2019-11-12 16:00:48.679424|[g:1][CONSENSUS][PBFT]checkTimeout Succ,view=5774,toView=5775,nodeIdx=0,changeCycle=0,myNode=075f8c93...,timecost=0.241
info|2019-11-12 16:00:48.680614|[g:1][CONSENSUS][PBFT]checkAndChangeView: Reach consensus,org_view=5774,org_changeCycle=0,cur_changeCycle=0,to_view=5775
info|2019-11-12 16:00:49.205191|[P2P][Service] heartBeat,connected count=3
info|2019-11-12 16:00:49.682959|[g:1][CONSENSUS]addRawPrepare,height=3,reqIdx=1,hash=0c89d00d...
info|2019-11-12 16:00:49.683183|[g:1][CONSENSUS][PBFT]checkTimeout Succ,view=5775,toView=5776,nodeIdx=0,changeCycle=0,myNode=075f8c93...,timecost=0.202
info|2019-11-12 16:00:49.684344|[g:1][CONSENSUS][PBFT]checkAndChangeView: Reach consensus,org_view=5775,org_changeCycle=0,cur_changeCycle=0,to_view=5776
info|2019-11-12 16:00:50.686798|[g:1][CONSENSUS]addRawPrepare,height=3,reqIdx=2,hash=cfad7750...
info|2019-11-12 16:00:50.687294|[g:1][CONSENSUS][PBFT]checkTimeout Succ,view=5776,toView=5777,nodeIdx=0,changeCycle=0,myNode=075f8c93...,timecost=0.366
info|2019-11-12 16:00:50.692999|[g:1][CONSENSUS][PBFT]checkAndChangeView: Reach consensus,org_view=5776,org_changeCycle=0,cur_changeCycle=0,to_view=5777
info|2019-11-12 16:00:51.696279|[g:1][CONSENSUS]addRawPrepare,height=3,reqIdx=3,hash=7f59cc78...
info|2019-11-12 16:00:51.696766|[g:1][CONSENSUS][PBFT]checkTimeout Succ,view=5777,toView=5778,nodeIdx=0,changeCycle=0,myNode=075f8c93...,timecost=0.45
info|2019-11-12 16:00:51.700150|[g:1][CONSENSUS][PBFT]checkAndChangeView: Reach consensus,org_view=5777,org_changeCycle=0,cur_changeCycle=0,to_view=5778
info|2019-11-12 16:00:52.700308|[g:1][CONSENSUS][SEALER]++++++++++++++++ Generating seal on,blkNum=3,tx=0,nodeIdx=0,hash=6ea0692f...
info|2019-11-12 16:00:52.709192|[g:1][CONSENSUS][PBFT]checkTimeout Succ,view=5778,toView=5779,nodeIdx=0,changeCycle=0,myNode=075f8c93...,timecost=0.225
info|2019-11-12 16:00:52.710187|[g:1][CONSENSUS][PBFT]checkAndChangeView: Reach consensus,org_view=5778,org_changeCycle=0,cur_changeCycle=0,to_view=5779
info|2019-11-12 16:00:53.710998|[g:1][CONSENSUS]addRawPrepare,height=3,reqIdx=1,hash=996c71e0...
info|2019-11-12 16:00:53.711355|[g:1][CONSENSUS][PBFT]checkTimeout Succ,view=5779,toView=5780,nodeIdx=0,changeCycle=0,myNode=075f8c93...,timecost=2.642
info|2019-11-12 16:00:53.714327|[g:1][CONSENSUS][PBFT]checkAndChangeView: Reach consensus,org_view=5779,org_changeCycle=0,cur_changeCycle=0,to_view=5780
info|2019-11-12 16:00:54.717752|[g:1][CONSENSUS]addRawPrepare,height=3,reqIdx=2,hash=a2bef835...
info|2019-11-12 16:00:54.718142|[g:1][CONSENSUS][PBFT]checkTimeout Succ,view=5780,toView=5781,nodeIdx=0,changeCycle=0,myNode=075f8c93...,timecost=0.294
info|2019-11-12 16:00:54.722075|[g:1][CONSENSUS][PBFT]checkAndChangeView: Reach consensus,org_view=5780,org_changeCycle=0,cur_changeCycle=0,to_view=5781
info|2019-11-12 16:00:55.726927|[g:1][CONSENSUS]addRawPrepare,height=3,reqIdx=3,hash=97e4c738...
info|2019-11-12 16:00:55.727286|[g:1][CONSENSUS][PBFT]checkTimeout Succ,view=5781,toView=5782,nodeIdx=0,changeCycle=0,myNode=075f8c93...,timecost=0.314
info|2019-11-12 16:00:55.730877|[g:1][CONSENSUS][PBFT]checkAndChangeView: Reach consensus,org_view=5781,org_changeCycle=0,cur_changeCycle=0,to_view=5782
info|2019-11-12 16:00:56.731910|[g:1][CONSENSUS][SEALER]++++++++++++++++ Generating seal on,blkNum=3,tx=0,nodeIdx=0,hash=e0585967...
info|2019-11-12 16:00:56.739194|[g:1][CONSENSUS][PBFT]checkTimeout Succ,view=5782,toView=5783,nodeIdx=0,changeCycle=0,myNode=075f8c93...,timecost=0.303
info|2019-11-12 16:00:56.740110|[g:1][CONSENSUS][PBFT]checkAndChangeView: Reach consensus,org_view=5782,org_changeCycle=0,cur_changeCycle=0,to_view=5783
info|2019-11-12 16:00:57.742003|[g:1][CONSENSUS]addRawPrepare,height=3,reqIdx=1,hash=4443c62a...
info|2019-11-12 16:00:57.742371|[g:1][CONSENSUS][PBFT]checkTimeout Succ,view=5783,toView=5784,nodeIdx=0,changeCycle=0,myNode=075f8c93...,timecost=0.32
info|2019-11-12 16:00:57.746940|[g:1][CONSENSUS][PBFT]checkAndChangeView: Reach consensus,org_view=5783,org_changeCycle=0,cur_changeCycle=0,to_view=5784
info|2019-11-12 16:00:58.750282|[g:1][CONSENSUS]addRawPrepare,height=3,reqIdx=2,hash=16672acd...
info|2019-11-12 16:00:58.750697|[g:1][CONSENSUS][PBFT]checkTimeout Succ,view=5784,toView=5785,nodeIdx=0,changeCycle=0,myNode=075f8c93...,timecost=0.298
info|2019-11-12 16:00:58.756777|[g:1][CONSENSUS][PBFT]checkAndChangeView: Reach consensus,org_view=5784,org_changeCycle=0,cur_changeCycle=0,to_view=5785
info|2019-11-12 16:00:59.205496|[P2P][Service] heartBeat,connected count=3
info|2019-11-12 16:00:59.760970|[g:1][CONSENSUS]addRawPrepare,height=3,reqIdx=3,hash=4831e2c9...
info|2019-11-12 16:00:59.761416|[g:1][CONSENSUS][PBFT]checkTimeout Succ,view=5785,toView=5786,nodeIdx=0,changeCycle=0,myNode=075f8c93...,timecost=0.422
info|2019-11-12 16:00:59.762563|[g:1][CONSENSUS][PBFT]checkAndChangeView: Reach consensus,org_view=5785,org_changeCycle=0,cur_changeCycle=0,to_view=5786
info|2019-11-12 16:01:00.764304|[g:1][CONSENSUS][SEALER]++++++++++++++++ Generating seal on,blkNum=3,tx=0,nodeIdx=0,hash=bde3f78a...
info|2019-11-12 16:01:00.772068|[g:1][CONSENSUS][PBFT]checkTimeout Succ,view=5786,toView=5787,nodeIdx=0,changeCycle=0,myNode=075f8c93...,timecost=0.23
info|2019-11-12 16:01:00.772907|[g:1][CONSENSUS][PBFT]checkAndChangeView: Reach consensus,org_view=5786,org_changeCycle=0,cur_changeCycle=0,to_view=5787
info|2019-11-12 16:01:01.775096|[g:1][CONSENSUS]addRawPrepare,height=3,reqIdx=1,hash=b76bb929...
info|2019-11-12 16:01:01.775440|[g:1][CONSENSUS][PBFT]checkTimeout Succ,view=5787,toView=5788,nodeIdx=0,changeCycle=0,myNode=075f8c93...,timecost=0.307
info|2019-11-12 16:01:01.779635|[g:1][CONSENSUS][PBFT]checkAndChangeView: Reach consensus,org_view=5787,org_changeCycle=0,cur_changeCycle=0,to_view=5788
info|2019-11-12 16:01:02.782529|[g:1][CONSENSUS]addRawPrepare,height=3,reqIdx=2,hash=80285550...
info|2019-11-12 16:01:02.783020|[g:1][CONSENSUS][PBFT]checkTimeout Succ,view=5788,toView=5789,nodeIdx=0,changeCycle=0,myNode=075f8c93...,timecost=0.368
info|2019-11-12 16:01:02.788774|[g:1][CONSENSUS][PBFT]checkAndChangeView: Reach consensus,org_view=5788,org_changeCycle=0,cur_changeCycle=0,to_view=5789
info|2019-11-12 16:01:03.796039|[g:1][CONSENSUS]addRawPrepare,height=3,reqIdx=3,hash=70c5faa5...
info|2019-11-12 16:01:03.796273|[g:1][CONSENSUS][PBFT]checkTimeout Succ,view=5789,toView=5790,nodeIdx=0,changeCycle=0,myNode=075f8c93...,timecost=0.21
info|2019-11-12 16:01:03.796574|[g:1][CONSENSUS][PBFT]checkAndChangeView: Reach consensus,org_view=5789,org_changeCycle=0,cur_changeCycle=0,to_view=5790
info|2019-11-12 16:01:04.796990|[g:1][CONSENSUS][SEALER]++++++++++++++++ Generating seal on,blkNum=3,tx=0,nodeIdx=0,hash=a1af0553...
info|2019-11-12 16:01:04.805135|[g:1][CONSENSUS][PBFT]checkTimeout Succ,view=5790,toView=5791,nodeIdx=0,changeCycle=0,myNode=075f8c93...,timecost=0.221
info|2019-11-12 16:01:04.806026|[g:1][CONSENSUS][PBFT]checkAndChangeView: Reach consensus,org_view=5790,org_changeCycle=0,cur_changeCycle=0,to_view=5791
info|2019-11-12 16:01:05.807408|[g:1][CONSENSUS]addRawPrepare,height=3,reqIdx=1,hash=ea944ed9...
info|2019-11-12 16:01:05.807857|[g:1][CONSENSUS][PBFT]checkTimeout Succ,view=5791,toView=5792,nodeIdx=0,changeCycle=0,myNode=075f8c93...,timecost=0.393
info|2019-11-12 16:01:05.812595|[g:1][CONSENSUS][PBFT]checkAndChangeView: Reach consensus,org_view=5791,org_changeCycle=0,cur_changeCycle=0,to_view=5792
info|2019-11-12 16:01:06.815462|[g:1][CONSENSUS]addRawPrepare,height=3,reqIdx=2,hash=fc6ba673...
info|2019-11-12 16:01:06.816124|[g:1][CONSENSUS][PBFT]checkTimeout Succ,view=5792,toView=5793,nodeIdx=0,changeCycle=0,myNode=075f8c93...,timecost=0.369
info|2019-11-12 16:01:06.823343|[g:1][CONSENSUS][PBFT]checkAndChangeView: Reach consensus,org_view=5792,org_changeCycle=0,cur_changeCycle=0,to_view=5793
info|2019-11-12 16:01:07.827847|[g:1][CONSENSUS]addRawPrepare,height=3,reqIdx=3,hash=a5f95c2b...
info|2019-11-12 16:01:07.828108|[g:1][CONSENSUS][PBFT]checkTimeout Succ,view=5793,toView=5794,nodeIdx=0,changeCycle=0,myNode=075f8c93...,timecost=0.237
info|2019-11-12 16:01:07.829399|[g:1][CONSENSUS][PBFT]checkAndChangeView: Reach consensus,org_view=5793,org_changeCycle=0,cur_changeCycle=0,to_view=5794
info|2019-11-12 16:01:08.829913|[g:1][CONSENSUS][SEALER]++++++++++++++++ Generating seal on,blkNum=3,tx=0,nodeIdx=0,hash=2341d1c9...
info|2019-11-12 16:01:08.839631|[g:1][CONSENSUS][PBFT]checkTimeout Succ,view=5794,toView=5795,nodeIdx=0,changeCycle=0,myNode=075f8c93...,timecost=0.241
info|2019-11-12 16:01:08.840535|[g:1][CONSENSUS][PBFT]checkAndChangeView: Reach consensus,org_view=5794,org_changeCycle=0,cur_changeCycle=0,to_view=5795
info|2019-11-12 16:01:09.205886|[P2P][Service] heartBeat,connected count=3
info|2019-11-12 16:01:09.841807|[g:1][CONSENSUS]addRawPrepare,height=3,reqIdx=1,hash=e5b39da7...
info|2019-11-12 16:01:09.842147|[g:1][CONSENSUS][PBFT]checkTimeout Succ,view=5795,toView=5796,nodeIdx=0,changeCycle=0,myNode=075f8c93...,timecost=0.306
info|2019-11-12 16:01:09.845309|[g:1][CONSENSUS][PBFT]checkAndChangeView: Reach consensus,org_view=5795,org_changeCycle=0,cur_changeCycle=0,to_view=5796
info|2019-11-12 16:01:10.847619|[g:1][CONSENSUS]addRawPrepare,height=3,reqIdx=2,hash=929f8518...
info|2019-11-12 16:01:10.848202|[g:1][CONSENSUS][PBFT]checkTimeout Succ,view=5796,toView=5797,nodeIdx=0,changeCycle=0,myNode=075f8c93...,timecost=0.431
info|2019-11-12 16:01:10.853742|[g:1][CONSENSUS][PBFT]checkAndChangeView: Reach consensus,org_view=5796,org_changeCycle=0,cur_changeCycle=0,to_view=5797
info|2019-11-12 16:01:11.856920|[g:1][CONSENSUS]addRawPrepare,height=3,reqIdx=3,hash=ac860e63...
info|2019-11-12 16:01:11.857254|[g:1][CONSENSUS][PBFT]checkTimeout Succ,view=5797,toView=5798,nodeIdx=0,changeCycle=0,myNode=075f8c93...,timecost=0.301
info|2019-11-12 16:01:11.858641|[g:1][CONSENSUS][PBFT]checkAndChangeView: Reach consensus,org_view=5797,org_changeCycle=0,cur_changeCycle=0,to_view=5798
info|2019-11-12 16:01:12.859308|[g:1][CONSENSUS][SEALER]++++++++++++++++ Generating seal on,blkNum=3,tx=0,nodeIdx=0,hash=b2f5c932...
info|2019-11-12 16:01:12.867764|[g:1][CONSENSUS][PBFT]checkTimeout Succ,view=5798,toView=5799,nodeIdx=0,changeCycle=0,myNode=075f8c93...,timecost=0.227
info|2019-11-12 16:01:12.868790|[g:1][CONSENSUS][PBFT]checkAndChangeView: Reach consensus,org_view=5798,org_changeCycle=0,cur_changeCycle=0,to_view=5799
info|2019-11-12 16:01:13.871158|[g:1][CONSENSUS]addRawPrepare,height=3,reqIdx=1,hash=c8e7fb0d...
info|2019-11-12 16:01:13.871495|[g:1][CONSENSUS][PBFT]checkTimeout Succ,view=5799,toView=5800,nodeIdx=0,changeCycle=0,myNode=075f8c93...,timecost=0.303
info|2019-11-12 16:01:13.873335|[g:1][CONSENSUS][PBFT]checkAndChangeView: Reach consensus,org_view=5799,org_changeCycle=0,cur_changeCycle=0,to_view=5800
info|2019-11-12 16:01:14.876077|[g:1][CONSENSUS]addRawPrepare,height=3,reqIdx=2,hash=76885bf8...
info|2019-11-12 16:01:14.876583|[g:1][CONSENSUS][PBFT]checkTimeout Succ,view=5800,toView=5801,nodeIdx=0,changeCycle=0,myNode=075f8c93...,timecost=0.367
info|2019-11-12 16:01:14.881741|[g:1][CONSENSUS][PBFT]checkAndChangeView: Reach consensus,org_view=5800,org_changeCycle=0,cur_changeCycle=0,to_view=5801
info|2019-11-12 16:01:15.885143|[g:1][CONSENSUS]addRawPrepare,height=3,reqIdx=3,hash=c1fe7914...
info|2019-11-12 16:01:15.885474|[g:1][CONSENSUS][PBFT]checkTimeout Succ,view=5801,toView=5802,nodeIdx=0,changeCycle=0,myNode=075f8c93...,timecost=0.3
info|2019-11-12 16:01:15.886970|[g:1][CONSENSUS][PBFT]checkAndChangeView: Reach consensus,org_view=5801,org_changeCycle=0,cur_changeCycle=0,to_view=5802
info|2019-11-12 16:01:16.889100|[g:1][CONSENSUS][SEALER]++++++++++++++++ Generating seal on,blkNum=3,tx=0,nodeIdx=0,hash=b738bec2...
info|2019-11-12 16:01:16.897959|[g:1][CONSENSUS][PBFT]checkTimeout Succ,view=5802,toView=5803,nodeIdx=0,changeCycle=0,myNode=075f8c93...,timecost=0.472
info|2019-11-12 16:01:16.898963|[g:1][CONSENSUS][PBFT]checkAndChangeView: Reach consensus,org_view=5802,org_changeCycle=0,cur_changeCycle=0,to_view=5803
info|2019-11-12 16:01:17.899513|[g:1][CONSENSUS]addRawPrepare,height=3,reqIdx=1,hash=e54102f0...
info|2019-11-12 16:01:17.899776|[g:1][CONSENSUS][PBFT]checkTimeout Succ,view=5803,toView=5804,nodeIdx=0,changeCycle=0,myNode=075f8c93...,timecost=0.23
info|2019-11-12 16:01:17.901936|[g:1][CONSENSUS][PBFT]checkAndChangeView: Reach consensus,org_view=5803,org_changeCycle=0,cur_changeCycle=0,to_view=5804
info|2019-11-12 16:01:18.908649|[g:1][CONSENSUS]addRawPrepare,height=3,reqIdx=2,hash=aea32460...
info|2019-11-12 16:01:18.908929|[g:1][CONSENSUS][PBFT]checkTimeout Succ,view=5804,toView=5805,nodeIdx=0,changeCycle=0,myNode=075f8c93...,timecost=0.205
info|2019-11-12 16:01:18.912623|[g:1][CONSENSUS][PBFT]checkAndChangeView: Reach consensus,org_view=5804,org_changeCycle=0,cur_changeCycle=0,to_view=5805
info|2019-11-12 16:01:19.206191|[P2P][Service] heartBeat,connected count=3
info|2019-11-12 16:01:19.919243|[g:1][CONSENSUS][PBFT]Trigger fast-viewchange,view=5805,toView=5805,minView=5806,INFO=,reqNum=2,curNum=2,GenIdx=1,Cview=5806,view=5805,fromIdx=1,fromNode=198b3eca...,fromIp=127.0.0.1:56162,hash=8b8d4d36...,nodeIdx=0,myNode=075f8c93...
info|2019-11-12 16:01:19.919494|[g:1][CONSENSUS][PBFT]checkAndChangeView: Reach consensus,org_view=5805,org_changeCycle=0,cur_changeCycle=0,to_view=5806
info|2019-11-12 16:01:19.919500|[g:1][CONSENSUS][PBFT]checkTimeout Succ,view=5806,toView=5806,nodeIdx=0,changeCycle=0,myNode=075f8c93...,timecost=0.207
info|2019-11-12 16:01:20.919958|[g:1][CONSENSUS][SEALER]++++++++++++++++ Generating seal on,blkNum=3,tx=0,nodeIdx=0,hash=13bc89d8...
info|2019-11-12 16:01:20.926563|[g:1][CONSENSUS][PBFT]checkTimeout Succ,view=5806,toView=5807,nodeIdx=0,changeCycle=0,myNode=075f8c93...,timecost=0.218
info|2019-11-12 16:01:20.927535|[g:1][CONSENSUS][PBFT]checkAndChangeView: Reach consensus,org_view=5806,org_changeCycle=0,cur_changeCycle=0,to_view=5807
info|2019-11-12 16:01:21.930593|[g:1][CONSENSUS]addRawPrepare,height=3,reqIdx=1,hash=fed8ea3c...
info|2019-11-12 16:01:21.931226|[g:1][CONSENSUS][PBFT]checkTimeout Succ,view=5807,toView=5808,nodeIdx=0,changeCycle=0,myNode=075f8c93...,timecost=0.604
info|2019-11-12 16:01:21.932943|[g:1][CONSENSUS][PBFT]checkAndChangeView: Reach consensus,org_view=5807,org_changeCycle=0,cur_changeCycle=0,to_view=5808
info|2019-11-12 16:01:22.935925|[g:1][CONSENSUS]addRawPrepare,height=3,reqIdx=2,hash=a0c4483a...
info|2019-11-12 16:01:22.936852|[g:1][CONSENSUS][PBFT]checkTimeout Succ,view=5808,toView=5809,nodeIdx=0,changeCycle=0,myNode=075f8c93...,timecost=0.789
info|2019-11-12 16:01:22.942889|[g:1][CONSENSUS][PBFT]checkAndChangeView: Reach consensus,org_view=5808,org_changeCycle=0,cur_changeCycle=0,to_view=5809
info|2019-11-12 16:01:23.947640|[g:1][CONSENSUS]addRawPrepare,height=3,reqIdx=3,hash=dc1d647e...
info|2019-11-12 16:01:23.947967|[g:1][CONSENSUS][PBFT]checkTimeout Succ,view=5809,toView=5810,nodeIdx=0,changeCycle=0,myNode=075f8c93...,timecost=0.291
info|2019-11-12 16:01:23.950973|[g:1][CONSENSUS][PBFT]checkAndChangeView: Reach consensus,org_view=5809,org_changeCycle=0,cur_changeCycle=0,to_view=5810
info|2019-11-12 16:01:24.951702|[g:1][CONSENSUS][SEALER]++++++++++++++++ Generating seal on,blkNum=3,tx=0,nodeIdx=0,hash=bde7c550...
info|2019-11-12 16:01:24.960788|[g:1][CONSENSUS][PBFT]checkTimeout Succ,view=5810,toView=5811,nodeIdx=0,changeCycle=0,myNode=075f8c93...,timecost=0.224
info|2019-11-12 16:01:24.961736|[g:1][CONSENSUS][PBFT]checkAndChangeView: Reach consensus,org_view=5810,org_changeCycle=0,cur_changeCycle=0,to_view=5811
info|2019-11-12 16:01:25.962333|[g:1][CONSENSUS]addRawPrepare,height=3,reqIdx=1,hash=df54098f...
info|2019-11-12 16:01:25.964841|[g:1][CONSENSUS][PBFT]checkTimeout Succ,view=5811,toView=5812,nodeIdx=0,changeCycle=0,myNode=075f8c93...,timecost=2.466
info|2019-11-12 16:01:25.967752|[g:1][CONSENSUS][PBFT]checkAndChangeView: Reach consensus,org_view=5811,org_changeCycle=0,cur_changeCycle=0,to_view=5812
info|2019-11-12 16:01:26.969547|[g:1][CONSENSUS]addRawPrepare,height=3,reqIdx=2,hash=c542705c...
info|2019-11-12 16:01:26.970036|[g:1][CONSENSUS][PBFT]checkTimeout Succ,view=5812,toView=5813,nodeIdx=0,changeCycle=0,myNode=075f8c93...,timecost=0.367
info|2019-11-12 16:01:26.975631|[g:1][CONSENSUS][PBFT]checkAndChangeView: Reach consensus,org_view=5812,org_changeCycle=0,cur_changeCycle=0,to_view=5813
info|2019-11-12 16:01:27.978744|[g:1][CONSENSUS]addRawPrepare,height=3,reqIdx=3,hash=077ab2e3...
info|2019-11-12 16:01:27.982813|[g:1][CONSENSUS][PBFT]checkTimeout Succ,view=5813,toView=5814,nodeIdx=0,changeCycle=0,myNode=075f8c93...,timecost=4.013
info|2019-11-12 16:01:27.986487|[g:1][CONSENSUS][PBFT]checkAndChangeView: Reach consensus,org_view=5813,org_changeCycle=0,cur_changeCycle=0,to_view=5814
info|2019-11-12 16:01:28.988635|[g:1][CONSENSUS][SEALER]++++++++++++++++ Generating seal on,blkNum=3,tx=0,nodeIdx=0,hash=bd2514ba...
info|2019-11-12 16:01:29.000098|[g:1][CONSENSUS][PBFT]checkTimeout Succ,view=5814,toView=5815,nodeIdx=0,changeCycle=0,myNode=075f8c93...,timecost=0.229
info|2019-11-12 16:01:29.001262|[g:1][CONSENSUS][PBFT]checkAndChangeView: Reach consensus,org_view=5814,org_changeCycle=0,cur_changeCycle=0,to_view=5815
info|2019-11-12 16:01:29.206614|[P2P][Service] heartBeat,connected count=3
info|2019-11-12 16:01:30.002994|[g:1][CONSENSUS]addRawPrepare,height=3,reqIdx=1,hash=ee1bbee2...
info|2019-11-12 16:01:30.003318|[g:1][CONSENSUS][PBFT]checkTimeout Succ,view=5815,toView=5816,nodeIdx=0,changeCycle=0,myNode=075f8c93...,timecost=0.292
info|2019-11-12 16:01:30.005867|[g:1][CONSENSUS][PBFT]checkAndChangeView: Reach consensus,org_view=5815,org_changeCycle=0,cur_changeCycle=0,to_view=5816
info|2019-11-12 16:01:31.008914|[g:1][CONSENSUS]addRawPrepare,height=3,reqIdx=2,hash=c13fe869...
info|2019-11-12 16:01:31.009410|[g:1][CONSENSUS][PBFT]checkTimeout Succ,view=5816,toView=5817,nodeIdx=0,changeCycle=0,myNode=075f8c93...,timecost=0.365
info|2019-11-12 16:01:31.015321|[g:1][CONSENSUS][PBFT]checkAndChangeView: Reach consensus,org_view=5816,org_changeCycle=0,cur_changeCycle=0,to_view=5817
info|2019-11-12 16:01:32.019497|[g:1][CONSENSUS]addRawPrepare,height=3,reqIdx=3,hash=6dcfa31c...
info|2019-11-12 16:01:32.019841|[g:1][CONSENSUS][PBFT]checkTimeout Succ,view=5817,toView=5818,nodeIdx=0,changeCycle=0,myNode=075f8c93...,timecost=0.308
info|2019-11-12 16:01:32.022371|[g:1][CONSENSUS][PBFT]checkAndChangeView: Reach consensus,org_view=5817,org_changeCycle=0,cur_changeCycle=0,to_view=5818
info|2019-11-12 16:01:33.023189|[g:1][CONSENSUS][SEALER]++++++++++++++++ Generating seal on,blkNum=3,tx=0,nodeIdx=0,hash=67f140de...
info|2019-11-12 16:01:33.032815|[g:1][CONSENSUS][PBFT]checkTimeout Succ,view=5818,toView=5819,nodeIdx=0,changeCycle=0,myNode=075f8c93...,timecost=0.231
info|2019-11-12 16:01:33.033735|[g:1][CONSENSUS][PBFT]checkAndChangeView: Reach consensus,org_view=5818,org_changeCycle=0,cur_changeCycle=0,to_view=5819
info|2019-11-12 16:01:34.038801|[g:1][CONSENSUS]addRawPrepare,height=3,reqIdx=1,hash=1b6a4bad...
info|2019-11-12 16:01:34.039045|[g:1][CONSENSUS][PBFT]checkTimeout Succ,view=5819,toView=5820,nodeIdx=0,changeCycle=0,myNode=075f8c93...,timecost=0.213
info|2019-11-12 16:01:34.041343|[g:1][CONSENSUS][PBFT]checkAndChangeView: Reach consensus,org_view=5819,org_changeCycle=0,cur_changeCycle=0,to_view=5820
info|2019-11-12 16:01:35.042498|[g:1][CONSENSUS]addRawPrepare,height=3,reqIdx=2,hash=e9c1b336...
info|2019-11-12 16:01:35.042996|[g:1][CONSENSUS][PBFT]checkTimeout Succ,view=5820,toView=5821,nodeIdx=0,changeCycle=0,myNode=075f8c93...,timecost=0.372
info|2019-11-12 16:01:35.049426|[g:1][CONSENSUS][PBFT]checkAndChangeView: Reach consensus,org_view=5820,org_changeCycle=0,cur_changeCycle=0,to_view=5821
info|2019-11-12 16:01:36.052379|[g:1][CONSENSUS]addRawPrepare,height=3,reqIdx=3,hash=db9408c9...
info|2019-11-12 16:01:36.052714|[g:1][CONSENSUS][PBFT]checkTimeout Succ,view=5821,toView=5822,nodeIdx=0,changeCycle=0,myNode=075f8c93...,timecost=0.303
info|2019-11-12 16:01:36.053949|[g:1][CONSENSUS][PBFT]checkAndChangeView: Reach consensus,org_view=5821,org_changeCycle=0,cur_changeCycle=0,to_view=5822
info|2019-11-12 16:01:37.055491|[g:1][CONSENSUS][SEALER]++++++++++++++++ Generating seal on,blkNum=3,tx=0,nodeIdx=0,hash=90e3e4f2...
info|2019-11-12 16:01:37.067834|[g:1][CONSENSUS][PBFT]checkTimeout Succ,view=5822,toView=5823,nodeIdx=0,changeCycle=0,myNode=075f8c93...,timecost=0.23
info|2019-11-12 16:01:37.069258|[g:1][CONSENSUS][PBFT]checkAndChangeView: Reach consensus,org_view=5822,org_changeCycle=0,cur_changeCycle=0,to_view=5823
info|2019-11-12 16:01:38.069846|[g:1][CONSENSUS]addRawPrepare,height=3,reqIdx=1,hash=2ea27cb3...
info|2019-11-12 16:01:38.070124|[g:1][CONSENSUS][PBFT]checkTimeout Succ,view=5823,toView=5824,nodeIdx=0,changeCycle=0,myNode=075f8c93...,timecost=0.244
info|2019-11-12 16:01:38.073787|[g:1][CONSENSUS][PBFT]checkAndChangeView: Reach consensus,org_view=5823,org_changeCycle=0,cur_changeCycle=0,to_view=5824
info|2019-11-12 16:01:39.076325|[g:1][CONSENSUS]addRawPrepare,height=3,reqIdx=2,hash=6098f2c3...
info|2019-11-12 16:01:39.076835|[g:1][CONSENSUS][PBFT]checkTimeout Succ,view=5824,toView=5825,nodeIdx=0,changeCycle=0,myNode=075f8c93...,timecost=0.375
info|2019-11-12 16:01:39.083812|[g:1][CONSENSUS][PBFT]checkAndChangeView: Reach consensus,org_view=5824,org_changeCycle=0,cur_changeCycle=0,to_view=5825
info|2019-11-12 16:01:39.207055|[P2P][Service] heartBeat,connected count=3
info|2019-11-12 16:01:40.087152|[g:1][CONSENSUS]addRawPrepare,height=3,reqIdx=3,hash=bbb13e2c...
info|2019-11-12 16:01:40.091361|[g:1][CONSENSUS][PBFT]checkTimeout Succ,view=5825,toView=5826,nodeIdx=0,changeCycle=0,myNode=075f8c93...,timecost=4.157
info|2019-11-12 16:01:40.098444|[g:1][CONSENSUS][PBFT]checkAndChangeView: Reach consensus,org_view=5825,org_changeCycle=0,cur_changeCycle=0,to_view=5826
info|2019-11-12 16:01:41.103475|[g:1][CONSENSUS][SEALER]++++++++++++++++ Generating seal on,blkNum=3,tx=0,nodeIdx=0,hash=020d01fd...
info|2019-11-12 16:01:41.119880|[g:1][CONSENSUS][PBFT]checkTimeout Succ,view=5826,toView=5827,nodeIdx=0,changeCycle=0,myNode=075f8c93...,timecost=0.736
info|2019-11-12 16:01:41.124118|[g:1][CONSENSUS][PBFT]checkAndChangeView: Reach consensus,org_view=5826,org_changeCycle=0,cur_changeCycle=0,to_view=5827
info|2019-11-12 16:01:42.120647|[g:1][CONSENSUS]addRawPrepare,height=3,reqIdx=1,hash=a79a4d39...
info|2019-11-12 16:01:42.120988|[g:1][CONSENSUS][PBFT]checkTimeout Succ,view=5827,toView=5828,nodeIdx=0,changeCycle=0,myNode=075f8c93...,timecost=0.307
info|2019-11-12 16:01:42.125152|[g:1][CONSENSUS][PBFT]checkAndChangeView: Reach consensus,org_view=5827,org_changeCycle=0,cur_changeCycle=0,to_view=5828
info|2019-11-12 16:01:43.127435|[g:1][CONSENSUS]addRawPrepare,height=3,reqIdx=2,hash=f89c060d...
info|2019-11-12 16:01:43.127926|[g:1][CONSENSUS][PBFT]checkTimeout Succ,view=5828,toView=5829,nodeIdx=0,changeCycle=0,myNode=075f8c93...,timecost=0.367
info|2019-11-12 16:01:43.133708|[g:1][CONSENSUS][PBFT]checkAndChangeView: Reach consensus,org_view=5828,org_changeCycle=0,cur_changeCycle=0,to_view=5829
info|2019-11-12 16:01:44.141685|[g:1][CONSENSUS][PBFT]Trigger fast-viewchange,view=5829,toView=5829,minView=5830,INFO=,reqNum=2,curNum=2,GenIdx=1,Cview=5830,view=5829,fromIdx=1,fromNode=198b3eca...,fromIp=127.0.0.1:56162,hash=8b8d4d36...,nodeIdx=0,myNode=075f8c93...
info|2019-11-12 16:01:44.141970|[g:1][CONSENSUS][PBFT]checkAndChangeView: Reach consensus,org_view=5829,org_changeCycle=0,cur_changeCycle=0,to_view=5830
info|2019-11-12 16:01:44.141977|[g:1][CONSENSUS][PBFT]checkTimeout Succ,view=5830,toView=5830,nodeIdx=0,changeCycle=0,myNode=075f8c93...,timecost=0.228
info|2019-11-12 16:01:45.141870|[g:1][CONSENSUS][SEALER]++++++++++++++++ Generating seal on,blkNum=3,tx=0,nodeIdx=0,hash=8ba0f229...
info|2019-11-12 16:01:45.154050|[g:1][CONSENSUS][PBFT]checkTimeout Succ,view=5830,toView=5831,nodeIdx=0,changeCycle=0,myNode=075f8c93...,timecost=0.292
info|2019-11-12 16:01:45.155348|[g:1][CONSENSUS][PBFT]checkAndChangeView: Reach consensus,org_view=5830,org_changeCycle=0,cur_changeCycle=0,to_view=5831
info|2019-11-12 16:01:46.153226|[g:1][CONSENSUS]addRawPrepare,height=3,reqIdx=1,hash=8d5312b6...
info|2019-11-12 16:01:46.153517|[g:1][CONSENSUS][PBFT]checkTimeout Succ,view=5831,toView=5832,nodeIdx=0,changeCycle=0,myNode=075f8c93...,timecost=0.239
info|2019-11-12 16:01:46.157939|[g:1][CONSENSUS][PBFT]checkAndChangeView: Reach consensus,org_view=5831,org_changeCycle=0,cur_changeCycle=0,to_view=5832
info|2019-11-12 16:01:47.159135|[g:1][CONSENSUS]addRawPrepare,height=3,reqIdx=2,hash=eb156ab9...
info|2019-11-12 16:01:47.162792|[g:1][CONSENSUS][PBFT]checkTimeout Succ,view=5832,toView=5833,nodeIdx=0,changeCycle=0,myNode=075f8c93...,timecost=3.551
info|2019-11-12 16:01:47.167343|[g:1][CONSENSUS][PBFT]checkAndChangeView: Reach consensus,org_view=5832,org_changeCycle=0,cur_changeCycle=0,to_view=5833
info|2019-11-12 16:01:48.169380|[g:1][CONSENSUS]addRawPrepare,height=3,reqIdx=3,hash=ba2fc501...
info|2019-11-12 16:01:48.169869|[g:1][CONSENSUS][PBFT]checkTimeout Succ,view=5833,toView=5834,nodeIdx=0,changeCycle=0,myNode=075f8c93...,timecost=0.447
info|2019-11-12 16:01:48.174269|[g:1][CONSENSUS][PBFT]checkAndChangeView: Reach consensus,org_view=5833,org_changeCycle=0,cur_changeCycle=0,to_view=5834
info|2019-11-12 16:01:49.176874|[g:1][CONSENSUS][SEALER]++++++++++++++++ Generating seal on,blkNum=3,tx=0,nodeIdx=0,hash=1287a039...
info|2019-11-12 16:01:49.185140|[g:1][CONSENSUS][PBFT]checkTimeout Succ,view=5834,toView=5835,nodeIdx=0,changeCycle=0,myNode=075f8c93...,timecost=0.224
info|2019-11-12 16:01:49.186238|[g:1][CONSENSUS][PBFT]checkAndChangeView: Reach consensus,org_view=5834,org_changeCycle=0,cur_changeCycle=0,to_view=5835
info|2019-11-12 16:01:49.207494|[P2P][Service] heartBeat,connected count=3
info|2019-11-12 16:01:50.189082|[g:1][CONSENSUS][PBFT]Trigger fast-viewchange,view=5835,toView=5835,minView=5836,INFO=,reqNum=2,curNum=2,GenIdx=3,Cview=5836,view=5835,fromIdx=3,fromNode=db2b0552...,fromIp=127.0.0.1:56138,hash=8b8d4d36...,nodeIdx=0,myNode=075f8c93...
info|2019-11-12 16:01:50.189347|[g:1][CONSENSUS][PBFT]checkAndChangeView: Reach consensus,org_view=5835,org_changeCycle=0,cur_changeCycle=0,to_view=5836
info|2019-11-12 16:01:50.189353|[g:1][CONSENSUS][PBFT]checkTimeout Succ,view=5836,toView=5836,nodeIdx=0,changeCycle=0,myNode=075f8c93...,timecost=0.222
info|2019-11-12 16:01:51.195430|[g:1][CONSENSUS]addRawPrepare,height=3,reqIdx=2,hash=97a7b024...
info|2019-11-12 16:01:51.195945|[g:1][CONSENSUS][PBFT]checkTimeout Succ,view=5836,toView=5837,nodeIdx=0,changeCycle=0,myNode=075f8c93...,timecost=0.369
info|2019-11-12 16:01:51.203192|[g:1][CONSENSUS][PBFT]checkAndChangeView: Reach consensus,org_view=5836,org_changeCycle=0,cur_changeCycle=0,to_view=5837
info|2019-11-12 16:01:52.207354|[g:1][CONSENSUS]addRawPrepare,height=3,reqIdx=3,hash=a9a0f6e6...
info|2019-11-12 16:01:52.207751|[g:1][CONSENSUS][PBFT]checkTimeout Succ,view=5837,toView=5838,nodeIdx=0,changeCycle=0,myNode=075f8c93...,timecost=0.365
info|2019-11-12 16:01:52.210295|[g:1][CONSENSUS][PBFT]checkAndChangeView: Reach consensus,org_view=5837,org_changeCycle=0,cur_changeCycle=0,to_view=5838
info|2019-11-12 16:01:53.211801|[g:1][CONSENSUS][SEALER]++++++++++++++++ Generating seal on,blkNum=3,tx=0,nodeIdx=0,hash=caf5243e...
info|2019-11-12 16:01:53.222102|[g:1][CONSENSUS][PBFT]checkTimeout Succ,view=5838,toView=5839,nodeIdx=0,changeCycle=0,myNode=075f8c93...,timecost=0.229
info|2019-11-12 16:01:53.223225|[g:1][CONSENSUS][PBFT]checkAndChangeView: Reach consensus,org_view=5838,org_changeCycle=0,cur_changeCycle=0,to_view=5839
info|2019-11-12 16:01:54.228792|[g:1][CONSENSUS]addRawPrepare,height=3,reqIdx=1,hash=b2673128...
info|2019-11-12 16:01:54.229058|[g:1][CONSENSUS][PBFT]checkTimeout Succ,view=5839,toView=5840,nodeIdx=0,changeCycle=0,myNode=075f8c93...,timecost=0.239
info|2019-11-12 16:01:54.230610|[g:1][CONSENSUS][PBFT]checkAndChangeView: Reach consensus,org_view=5839,org_changeCycle=0,cur_changeCycle=0,to_view=5840
info|2019-11-12 16:01:55.232716|[g:1][CONSENSUS]addRawPrepare,height=3,reqIdx=2,hash=288b7851...
info|2019-11-12 16:01:55.233294|[g:1][CONSENSUS][PBFT]checkTimeout Succ,view=5840,toView=5841,nodeIdx=0,changeCycle=0,myNode=075f8c93...,timecost=0.482
info|2019-11-12 16:01:55.238416|[g:1][CONSENSUS][PBFT]checkAndChangeView: Reach consensus,org_view=5840,org_changeCycle=0,cur_changeCycle=0,to_view=5841
info|2019-11-12 16:01:56.242601|[g:1][CONSENSUS]addRawPrepare,height=3,reqIdx=3,hash=0ed8accc...
info|2019-11-12 16:01:56.242862|[g:1][CONSENSUS][PBFT]checkTimeout Succ,view=5841,toView=5842,nodeIdx=0,changeCycle=0,myNode=075f8c93...,timecost=0.234
info|2019-11-12 16:01:56.244061|[g:1][CONSENSUS][PBFT]checkAndChangeView: Reach consensus,org_view=5841,org_changeCycle=0,cur_changeCycle=0,to_view=5842
info|2019-11-12 16:01:57.245805|[g:1][CONSENSUS][SEALER]++++++++++++++++ Generating seal on,blkNum=3,tx=0,nodeIdx=0,hash=4e432cf8...
info|2019-11-12 16:01:57.254341|[g:1][CONSENSUS][PBFT]checkTimeout Succ,view=5842,toView=5843,nodeIdx=0,changeCycle=0,myNode=075f8c93...,timecost=0.23
info|2019-11-12 16:01:57.255235|[g:1][CONSENSUS][PBFT]checkAndChangeView: Reach consensus,org_view=5842,org_changeCycle=0,cur_changeCycle=0,to_view=5843
info|2019-11-12 16:01:58.255704|[g:1][CONSENSUS]addRawPrepare,height=3,reqIdx=1,hash=3eea3e6e...
info|2019-11-12 16:01:58.255967|[g:1][CONSENSUS][PBFT]checkTimeout Succ,view=5843,toView=5844,nodeIdx=0,changeCycle=0,myNode=075f8c93...,timecost=0.235
info|2019-11-12 16:01:58.259670|[g:1][CONSENSUS][PBFT]checkAndChangeView: Reach consensus,org_view=5843,org_changeCycle=0,cur_changeCycle=0,to_view=5844
info|2019-11-12 16:01:59.207925|[P2P][Service] heartBeat,connected count=3
info|2019-11-12 16:01:59.265136|[g:1][CONSENSUS]addRawPrepare,height=3,reqIdx=2,hash=110872de...
info|2019-11-12 16:01:59.265532|[g:1][CONSENSUS][PBFT]checkTimeout Succ,view=5844,toView=5845,nodeIdx=0,changeCycle=0,myNode=075f8c93...,timecost=0.294
info|2019-11-12 16:01:59.270226|[g:1][CONSENSUS][PBFT]checkAndChangeView: Reach consensus,org_view=5844,org_changeCycle=0,cur_changeCycle=0,to_view=5845
info|2019-11-12 16:02:00.273410|[g:1][CONSENSUS]addRawPrepare,height=3,reqIdx=3,hash=5f941043...
info|2019-11-12 16:02:00.273687|[g:1][CONSENSUS][PBFT]checkTimeout Succ,view=5845,toView=5846,nodeIdx=0,changeCycle=0,myNode=075f8c93...,timecost=0.239
info|2019-11-12 16:02:00.276917|[g:1][CONSENSUS][PBFT]checkAndChangeView: Reach consensus,org_view=5845,org_changeCycle=0,cur_changeCycle=0,to_view=5846
info|2019-11-12 16:02:01.277053|[g:1][CONSENSUS][SEALER]++++++++++++++++ Generating seal on,blkNum=3,tx=0,nodeIdx=0,hash=b9595ece...
info|2019-11-12 16:02:01.288934|[g:1][CONSENSUS][PBFT]checkTimeout Succ,view=5846,toView=5847,nodeIdx=0,changeCycle=0,myNode=075f8c93...,timecost=0.251
info|2019-11-12 16:02:01.290378|[g:1][CONSENSUS][PBFT]checkAndChangeView: Reach consensus,org_view=5846,org_changeCycle=0,cur_changeCycle=0,to_view=5847
info|2019-11-12 16:02:02.291145|[g:1][CONSENSUS]addRawPrepare,height=3,reqIdx=1,hash=a85505ec...
info|2019-11-12 16:02:02.291489|[g:1][CONSENSUS][PBFT]checkTimeout Succ,view=5847,toView=5848,nodeIdx=0,changeCycle=0,myNode=075f8c93...,timecost=0.308
info|2019-11-12 16:02:02.294212|[g:1][CONSENSUS][PBFT]checkAndChangeView: Reach consensus,org_view=5847,org_changeCycle=0,cur_changeCycle=0,to_view=5848
info|2019-11-12 16:02:03.296534|[g:1][CONSENSUS]addRawPrepare,height=3,reqIdx=2,hash=c95ef66b...
info|2019-11-12 16:02:03.297020|[g:1][CONSENSUS][PBFT]checkTimeout Succ,view=5848,toView=5849,nodeIdx=0,changeCycle=0,myNode=075f8c93...,timecost=0.363
info|2019-11-12 16:02:03.302942|[g:1][CONSENSUS][PBFT]checkAndChangeView: Reach consensus,org_view=5848,org_changeCycle=0,cur_changeCycle=0,to_view=5849
info|2019-11-12 16:02:04.307145|[g:1][CONSENSUS]addRawPrepare,height=3,reqIdx=3,hash=0f0ceb53...
info|2019-11-12 16:02:04.307408|[g:1][CONSENSUS][PBFT]checkTimeout Succ,view=5849,toView=5850,nodeIdx=0,changeCycle=0,myNode=075f8c93...,timecost=0.233
info|2019-11-12 16:02:04.309249|[g:1][CONSENSUS][PBFT]checkAndChangeView: Reach consensus,org_view=5849,org_changeCycle=0,cur_changeCycle=0,to_view=5850
info|2019-11-12 16:02:05.310006|[g:1][CONSENSUS][SEALER]++++++++++++++++ Generating seal on,blkNum=3,tx=0,nodeIdx=0,hash=8eed0116...
info|2019-11-12 16:02:05.318767|[g:1][CONSENSUS][PBFT]checkTimeout Succ,view=5850,toView=5851,nodeIdx=0,changeCycle=0,myNode=075f8c93...,timecost=0.246
info|2019-11-12 16:02:05.319683|[g:1][CONSENSUS][PBFT]checkAndChangeView: Reach consensus,org_view=5850,org_changeCycle=0,cur_changeCycle=0,to_view=5851
info|2019-11-12 16:02:06.320857|[g:1][CONSENSUS]addRawPrepare,height=3,reqIdx=1,hash=20c0abea...
info|2019-11-12 16:02:06.321177|[g:1][CONSENSUS][PBFT]checkTimeout Succ,view=5851,toView=5852,nodeIdx=0,changeCycle=0,myNode=075f8c93...,timecost=0.288
info|2019-11-12 16:02:06.326100|[g:1][CONSENSUS][PBFT]checkAndChangeView: Reach consensus,org_view=5851,org_changeCycle=0,cur_changeCycle=0,to_view=5852
info|2019-11-12 16:02:07.327695|[g:1][CONSENSUS]addRawPrepare,height=3,reqIdx=2,hash=b0d8a5b9...
info|2019-11-12 16:02:07.328058|[g:1][CONSENSUS][PBFT]checkTimeout Succ,view=5852,toView=5853,nodeIdx=0,changeCycle=0,myNode=075f8c93...,timecost=0.269
info|2019-11-12 16:02:07.333815|[g:1][CONSENSUS][PBFT]checkAndChangeView: Reach consensus,org_view=5852,org_changeCycle=0,cur_changeCycle=0,to_view=5853
info|2019-11-12 16:02:08.338235|[g:1][CONSENSUS]addRawPrepare,height=3,reqIdx=3,hash=6ec55dce...
info|2019-11-12 16:02:08.338575|[g:1][CONSENSUS][PBFT]checkTimeout Succ,view=5853,toView=5854,nodeIdx=0,changeCycle=0,myNode=075f8c93...,timecost=0.307
info|2019-11-12 16:02:08.341216|[g:1][CONSENSUS][PBFT]checkAndChangeView: Reach consensus,org_view=5853,org_changeCycle=0,cur_changeCycle=0,to_view=5854
info|2019-11-12 16:02:09.208347|[P2P][Service] heartBeat,connected count=3
info|2019-11-12 16:02:09.341748|[g:1][CONSENSUS][SEALER]++++++++++++++++ Generating seal on,blkNum=3,tx=0,nodeIdx=0,hash=ceb4a8c0...
info|2019-11-12 16:02:09.350414|[g:1][CONSENSUS][PBFT]checkTimeout Succ,view=5854,toView=5855,nodeIdx=0,changeCycle=0,myNode=075f8c93...,timecost=0.229
info|2019-11-12 16:02:09.351525|[g:1][CONSENSUS][PBFT]checkAndChangeView: Reach consensus,org_view=5854,org_changeCycle=0,cur_changeCycle=0,to_view=5855
info|2019-11-12 16:02:10.351680|[g:1][CONSENSUS]addRawPrepare,height=3,reqIdx=1,hash=3833aca8...
info|2019-11-12 16:02:10.352112|[g:1][CONSENSUS][PBFT]checkTimeout Succ,view=5855,toView=5856,nodeIdx=0,changeCycle=0,myNode=075f8c93...,timecost=0.386
info|2019-11-12 16:02:10.356605|[g:1][CONSENSUS][PBFT]checkAndChangeView: Reach consensus,org_view=5855,org_changeCycle=0,cur_changeCycle=0,to_view=5856
info|2019-11-12 16:02:11.358813|[g:1][CONSENSUS]addRawPrepare,height=3,reqIdx=2,hash=804c0484...
info|2019-11-12 16:02:11.359211|[g:1][CONSENSUS][PBFT]checkTimeout Succ,view=5856,toView=5857,nodeIdx=0,changeCycle=0,myNode=075f8c93...,timecost=0.294
info|2019-11-12 16:02:11.366440|[g:1][CONSENSUS][PBFT]checkAndChangeView: Reach consensus,org_view=5856,org_changeCycle=0,cur_changeCycle=0,to_view=5857
info|2019-11-12 16:02:12.371758|[g:1][CONSENSUS]addRawPrepare,height=3,reqIdx=3,hash=fc79c656...
info|2019-11-12 16:02:12.372093|[g:1][CONSENSUS][PBFT]checkTimeout Succ,view=5857,toView=5858,nodeIdx=0,changeCycle=0,myNode=075f8c93...,timecost=0.303
info|2019-11-12 16:02:12.374536|[g:1][CONSENSUS][PBFT]checkAndChangeView: Reach consensus,org_view=5857,org_changeCycle=0,cur_changeCycle=0,to_view=5858
info|2019-11-12 16:02:13.375501|[g:1][CONSENSUS][SEALER]++++++++++++++++ Generating seal on,blkNum=3,tx=0,nodeIdx=0,hash=e8067a30...
info|2019-11-12 16:02:13.383916|[g:1][CONSENSUS][PBFT]checkTimeout Succ,view=5858,toView=5859,nodeIdx=0,changeCycle=0,myNode=075f8c93...,timecost=0.222
info|2019-11-12 16:02:13.384779|[g:1][CONSENSUS][PBFT]checkAndChangeView: Reach consensus,org_view=5858,org_changeCycle=0,cur_changeCycle=0,to_view=5859
info|2019-11-12 16:02:14.387579|[g:1][CONSENSUS]addRawPrepare,height=3,reqIdx=1,hash=153a33e2...
info|2019-11-12 16:02:14.387986|[g:1][CONSENSUS][PBFT]checkTimeout Succ,view=5859,toView=5860,nodeIdx=0,changeCycle=0,myNode=075f8c93...,timecost=0.365
info|2019-11-12 16:02:14.392018|[g:1][CONSENSUS][PBFT]checkAndChangeView: Reach consensus,org_view=5859,org_changeCycle=0,cur_changeCycle=0,to_view=5860
info|2019-11-12 16:02:15.395786|[g:1][CONSENSUS]addRawPrepare,height=3,reqIdx=2,hash=edfdeeaf...
info|2019-11-12 16:02:15.396380|[g:1][CONSENSUS][PBFT]checkTimeout Succ,view=5860,toView=5861,nodeIdx=0,changeCycle=0,myNode=075f8c93...,timecost=0.45
info|2019-11-12 16:02:15.404533|[g:1][CONSENSUS][PBFT]checkAndChangeView: Reach consensus,org_view=5860,org_changeCycle=0,cur_changeCycle=0,to_view=5861
info|2019-11-12 16:02:16.408828|[g:1][CONSENSUS]addRawPrepare,height=3,reqIdx=3,hash=1666e4dd...
info|2019-11-12 16:02:16.409164|[g:1][CONSENSUS][PBFT]checkTimeout Succ,view=5861,toView=5862,nodeIdx=0,changeCycle=0,myNode=075f8c93...,timecost=0.304
info|2019-11-12 16:02:16.412858|[g:1][CONSENSUS][PBFT]checkAndChangeView: Reach consensus,org_view=5861,org_changeCycle=0,cur_changeCycle=0,to_view=5862
info|2019-11-12 16:02:17.415430|[g:1][CONSENSUS][SEALER]++++++++++++++++ Generating seal on,blkNum=3,tx=0,nodeIdx=0,hash=80297020...
info|2019-11-12 16:02:17.424854|[g:1][CONSENSUS][PBFT]checkTimeout Succ,view=5862,toView=5863,nodeIdx=0,changeCycle=0,myNode=075f8c93...,timecost=0.243
info|2019-11-12 16:02:17.425856|[g:1][CONSENSUS][PBFT]checkAndChangeView: Reach consensus,org_view=5862,org_changeCycle=0,cur_changeCycle=0,to_view=5863
info|2019-11-12 16:02:18.427995|[g:1][CONSENSUS]addRawPrepare,height=3,reqIdx=1,hash=0d6fab3a...
info|2019-11-12 16:02:18.428339|[g:1][CONSENSUS][PBFT]checkTimeout Succ,view=5863,toView=5864,nodeIdx=0,changeCycle=0,myNode=075f8c93...,timecost=0.308
info|2019-11-12 16:02:18.430748|[g:1][CONSENSUS][PBFT]checkAndChangeView: Reach consensus,org_view=5863,org_changeCycle=0,cur_changeCycle=0,to_view=5864
info|2019-11-12 16:02:19.208487|[P2P][Service] heartBeat,connected count=3
info|2019-11-12 16:02:19.434554|[g:1][CONSENSUS]addRawPrepare,height=3,reqIdx=2,hash=bae7c103...
info|2019-11-12 16:02:19.435112|[g:1][CONSENSUS][PBFT]checkTimeout Succ,view=5864,toView=5865,nodeIdx=0,changeCycle=0,myNode=075f8c93...,timecost=0.429
info|2019-11-12 16:02:19.442184|[g:1][CONSENSUS][PBFT]checkAndChangeView: Reach consensus,org_view=5864,org_changeCycle=0,cur_changeCycle=0,to_view=5865
info|2019-11-12 16:02:20.445582|[g:1][CONSENSUS]addRawPrepare,height=3,reqIdx=3,hash=4d0a3329...
info|2019-11-12 16:02:20.447024|[g:1][CONSENSUS][PBFT]checkTimeout Succ,view=5865,toView=5866,nodeIdx=0,changeCycle=0,myNode=075f8c93...,timecost=1.41
info|2019-11-12 16:02:20.447899|[g:1][CONSENSUS][PBFT]checkAndChangeView: Reach consensus,org_view=5865,org_changeCycle=0,cur_changeCycle=0,to_view=5866
info|2019-11-12 16:02:21.448593|[g:1][CONSENSUS][SEALER]++++++++++++++++ Generating seal on,blkNum=3,tx=0,nodeIdx=0,hash=cd93e3f3...
info|2019-11-12 16:02:21.458052|[g:1][CONSENSUS][PBFT]checkTimeout Succ,view=5866,toView=5867,nodeIdx=0,changeCycle=0,myNode=075f8c93...,timecost=0.242
info|2019-11-12 16:02:21.459114|[g:1][CONSENSUS][PBFT]checkAndChangeView: Reach consensus,org_view=5866,org_changeCycle=0,cur_changeCycle=0,to_view=5867
info|2019-11-12 16:02:22.459654|[g:1][CONSENSUS]addRawPrepare,height=3,reqIdx=1,hash=a9a98cb5...
info|2019-11-12 16:02:22.460004|[g:1][CONSENSUS][PBFT]checkTimeout Succ,view=5867,toView=5868,nodeIdx=0,changeCycle=0,myNode=075f8c93...,timecost=0.312
info|2019-11-12 16:02:22.463330|[g:1][CONSENSUS][PBFT]checkAndChangeView: Reach consensus,org_view=5867,org_changeCycle=0,cur_changeCycle=0,to_view=5868
info|2019-11-12 16:02:23.467205|[g:1][CONSENSUS]addRawPrepare,height=3,reqIdx=2,hash=dc19ae84...
info|2019-11-12 16:02:23.472708|[g:1][CONSENSUS][PBFT]checkTimeout Succ,view=5868,toView=5869,nodeIdx=0,changeCycle=0,myNode=075f8c93...,timecost=5.358
info|2019-11-12 16:02:23.474020|[g:1][CONSENSUS][PBFT]checkAndChangeView: Reach consensus,org_view=5868,org_changeCycle=0,cur_changeCycle=0,to_view=5869
info|2019-11-12 16:02:24.479392|[g:1][CONSENSUS]addRawPrepare,height=3,reqIdx=3,hash=22a55b35...
info|2019-11-12 16:02:24.479668|[g:1][CONSENSUS][PBFT]checkTimeout Succ,view=5869,toView=5870,nodeIdx=0,changeCycle=0,myNode=075f8c93...,timecost=0.242
info|2019-11-12 16:02:24.482691|[g:1][CONSENSUS][PBFT]checkAndChangeView: Reach consensus,org_view=5869,org_changeCycle=0,cur_changeCycle=0,to_view=5870
info|2019-11-12 16:02:25.483066|[g:1][CONSENSUS][SEALER]++++++++++++++++ Generating seal on,blkNum=3,tx=0,nodeIdx=0,hash=f359be24...
info|2019-11-12 16:02:25.491414|[g:1][CONSENSUS][PBFT]checkTimeout Succ,view=5870,toView=5871,nodeIdx=0,changeCycle=0,myNode=075f8c93...,timecost=0.328
info|2019-11-12 16:02:25.492125|[g:1][CONSENSUS][PBFT]checkAndChangeView: Reach consensus,org_view=5870,org_changeCycle=0,cur_changeCycle=0,to_view=5871
info|2019-11-12 16:02:26.494074|[g:1][CONSENSUS]addRawPrepare,height=3,reqIdx=1,hash=49f3bf50...
info|2019-11-12 16:02:26.494487|[g:1][CONSENSUS][PBFT]checkTimeout Succ,view=5871,toView=5872,nodeIdx=0,changeCycle=0,myNode=075f8c93...,timecost=0.377
info|2019-11-12 16:02:26.497362|[g:1][CONSENSUS][PBFT]checkAndChangeView: Reach consensus,org_view=5871,org_changeCycle=0,cur_changeCycle=0,to_view=5872
info|2019-11-12 16:02:27.498782|[g:1][CONSENSUS]addRawPrepare,height=3,reqIdx=2,hash=8b93001e...
info|2019-11-12 16:02:27.499284|[g:1][CONSENSUS][PBFT]checkTimeout Succ,view=5872,toView=5873,nodeIdx=0,changeCycle=0,myNode=075f8c93...,timecost=0.369
info|2019-11-12 16:02:27.507969|[g:1][CONSENSUS][PBFT]checkAndChangeView: Reach consensus,org_view=5872,org_changeCycle=0,cur_changeCycle=0,to_view=5873
info|2019-11-12 16:02:28.514056|[g:1][CONSENSUS]addRawPrepare,height=3,reqIdx=3,hash=6f5fb9c4...
info|2019-11-12 16:02:28.514278|[g:1][CONSENSUS][PBFT]checkTimeout Succ,view=5873,toView=5874,nodeIdx=0,changeCycle=0,myNode=075f8c93...,timecost=0.201
info|2019-11-12 16:02:28.516626|[g:1][CONSENSUS][PBFT]checkAndChangeView: Reach consensus,org_view=5873,org_changeCycle=0,cur_changeCycle=0,to_view=5874
info|2019-11-12 16:02:29.208885|[P2P][Service] heartBeat,connected count=3
info|2019-11-12 16:02:29.516908|[g:1][CONSENSUS][SEALER]++++++++++++++++ Generating seal on,blkNum=3,tx=0,nodeIdx=0,hash=1d5dc448...
info|2019-11-12 16:02:29.526289|[g:1][CONSENSUS][PBFT]checkTimeout Succ,view=5874,toView=5875,nodeIdx=0,changeCycle=0,myNode=075f8c93...,timecost=0.255
info|2019-11-12 16:02:29.527167|[g:1][CONSENSUS][PBFT]checkAndChangeView: Reach consensus,org_view=5874,org_changeCycle=0,cur_changeCycle=0,to_view=5875
info|2019-11-12 16:02:30.529455|[g:1][CONSENSUS]addRawPrepare,height=3,reqIdx=1,hash=2b72cfa3...
info|2019-11-12 16:02:30.529791|[g:1][CONSENSUS][PBFT]checkTimeout Succ,view=5875,toView=5876,nodeIdx=0,changeCycle=0,myNode=075f8c93...,timecost=0.303
info|2019-11-12 16:02:30.531762|[g:1][CONSENSUS][PBFT]checkAndChangeView: Reach consensus,org_view=5875,org_changeCycle=0,cur_changeCycle=0,to_view=5876
info|2019-11-12 16:02:31.535336|[g:1][CONSENSUS]addRawPrepare,height=3,reqIdx=2,hash=6eabb898...
info|2019-11-12 16:02:31.535837|[g:1][CONSENSUS][PBFT]checkTimeout Succ,view=5876,toView=5877,nodeIdx=0,changeCycle=0,myNode=075f8c93...,timecost=0.368
info|2019-11-12 16:02:31.541307|[g:1][CONSENSUS][PBFT]checkAndChangeView: Reach consensus,org_view=5876,org_changeCycle=0,cur_changeCycle=0,to_view=5877
info|2019-11-12 16:02:32.544187|[g:1][CONSENSUS]addRawPrepare,height=3,reqIdx=3,hash=6a0611ea...
info|2019-11-12 16:02:32.544522|[g:1][CONSENSUS][PBFT]checkTimeout Succ,view=5877,toView=5878,nodeIdx=0,changeCycle=0,myNode=075f8c93...,timecost=0.304
info|2019-11-12 16:02:32.546713|[g:1][CONSENSUS][PBFT]checkAndChangeView: Reach consensus,org_view=5877,org_changeCycle=0,cur_changeCycle=0,to_view=5878
info|2019-11-12 16:02:33.548248|[g:1][CONSENSUS][SEALER]++++++++++++++++ Generating seal on,blkNum=3,tx=0,nodeIdx=0,hash=9a0e6d96...
info|2019-11-12 16:02:33.556895|[g:1][CONSENSUS][PBFT]checkTimeout Succ,view=5878,toView=5879,nodeIdx=0,changeCycle=0,myNode=075f8c93...,timecost=0.219
info|2019-11-12 16:02:33.557748|[g:1][CONSENSUS][PBFT]checkAndChangeView: Reach consensus,org_view=5878,org_changeCycle=0,cur_changeCycle=0,to_view=5879
info|2019-11-12 16:02:34.559766|[g:1][CONSENSUS]addRawPrepare,height=3,reqIdx=1,hash=a342dd21...
info|2019-11-12 16:02:34.560111|[g:1][CONSENSUS][PBFT]checkTimeout Succ,view=5879,toView=5880,nodeIdx=0,changeCycle=0,myNode=075f8c93...,timecost=0.31
info|2019-11-12 16:02:34.563498|[g:1][CONSENSUS][PBFT]checkAndChangeView: Reach consensus,org_view=5879,org_changeCycle=0,cur_changeCycle=0,to_view=5880
info|2019-11-12 16:02:35.567069|[g:1][CONSENSUS]addRawPrepare,height=3,reqIdx=2,hash=436dd6c5...
info|2019-11-12 16:02:35.567553|[g:1][CONSENSUS][PBFT]checkTimeout Succ,view=5880,toView=5881,nodeIdx=0,changeCycle=0,myNode=075f8c93...,timecost=0.366
info|2019-11-12 16:02:35.572569|[g:1][CONSENSUS][PBFT]checkAndChangeView: Reach consensus,org_view=5880,org_changeCycle=0,cur_changeCycle=0,to_view=5881
info|2019-11-12 16:02:36.576173|[g:1][CONSENSUS]addRawPrepare,height=3,reqIdx=3,hash=ebb0d0a2...
info|2019-11-12 16:02:36.576510|[g:1][CONSENSUS][PBFT]checkTimeout Succ,view=5881,toView=5882,nodeIdx=0,changeCycle=0,myNode=075f8c93...,timecost=0.304
info|2019-11-12 16:02:36.579010|[g:1][CONSENSUS][PBFT]checkAndChangeView: Reach consensus,org_view=5881,org_changeCycle=0,cur_changeCycle=0,to_view=5882
info|2019-11-12 16:02:37.579758|[g:1][CONSENSUS][SEALER]++++++++++++++++ Generating seal on,blkNum=3,tx=0,nodeIdx=0,hash=c0fca417...
info|2019-11-12 16:02:37.589991|[g:1][CONSENSUS][PBFT]checkTimeout Succ,view=5882,toView=5883,nodeIdx=0,changeCycle=0,myNode=075f8c93...,timecost=0.221
info|2019-11-12 16:02:37.590936|[g:1][CONSENSUS][PBFT]checkAndChangeView: Reach consensus,org_view=5882,org_changeCycle=0,cur_changeCycle=0,to_view=5883
info|2019-11-12 16:02:38.596247|[g:1][CONSENSUS]addRawPrepare,height=3,reqIdx=1,hash=fe8639fd...
info|2019-11-12 16:02:38.596615|[g:1][CONSENSUS][PBFT]checkTimeout Succ,view=5883,toView=5884,nodeIdx=0,changeCycle=0,myNode=075f8c93...,timecost=0.321
info|2019-11-12 16:02:38.602993|[g:1][CONSENSUS][PBFT]checkAndChangeView: Reach consensus,org_view=5883,org_changeCycle=0,cur_changeCycle=0,to_view=5884
info|2019-11-12 16:02:39.209061|[P2P][Service] heartBeat,connected count=3
info|2019-11-12 16:02:39.605447|[g:1][CONSENSUS]addRawPrepare,height=3,reqIdx=2,hash=88f999af...
info|2019-11-12 16:02:39.606005|[g:1][CONSENSUS][PBFT]checkTimeout Succ,view=5884,toView=5885,nodeIdx=0,changeCycle=0,myNode=075f8c93...,timecost=0.436
info|2019-11-12 16:02:39.611695|[g:1][CONSENSUS][PBFT]checkAndChangeView: Reach consensus,org_view=5884,org_changeCycle=0,cur_changeCycle=0,to_view=5885
info|2019-11-12 16:02:40.614495|[g:1][CONSENSUS]addRawPrepare,height=3,reqIdx=3,hash=5341ac84...
info|2019-11-12 16:02:40.614834|[g:1][CONSENSUS][PBFT]checkTimeout Succ,view=5885,toView=5886,nodeIdx=0,changeCycle=0,myNode=075f8c93...,timecost=0.305
info|2019-11-12 16:02:40.616974|[g:1][CONSENSUS][PBFT]checkAndChangeView: Reach consensus,org_view=5885,org_changeCycle=0,cur_changeCycle=0,to_view=5886
info|2019-11-12 16:02:41.618265|[g:1][CONSENSUS][SEALER]++++++++++++++++ Generating seal on,blkNum=3,tx=0,nodeIdx=0,hash=d7855a8e...
info|2019-11-12 16:02:41.626350|[g:1][CONSENSUS][PBFT]checkTimeout Succ,view=5886,toView=5887,nodeIdx=0,changeCycle=0,myNode=075f8c93...,timecost=0.224
info|2019-11-12 16:02:41.627463|[g:1][CONSENSUS][PBFT]checkAndChangeView: Reach consensus,org_view=5886,org_changeCycle=0,cur_changeCycle=0,to_view=5887
info|2019-11-12 16:02:42.628351|[g:1][CONSENSUS]addRawPrepare,height=3,reqIdx=1,hash=1a419123...
info|2019-11-12 16:02:42.628695|[g:1][CONSENSUS][PBFT]checkTimeout Succ,view=5887,toView=5888,nodeIdx=0,changeCycle=0,myNode=075f8c93...,timecost=0.307
info|2019-11-12 16:02:42.631383|[g:1][CONSENSUS][PBFT]checkAndChangeView: Reach consensus,org_view=5887,org_changeCycle=0,cur_changeCycle=0,to_view=5888
info|2019-11-12 16:02:43.634531|[g:1][CONSENSUS]addRawPrepare,height=3,reqIdx=2,hash=8f8d728c...
info|2019-11-12 16:02:43.635005|[g:1][CONSENSUS][PBFT]checkTimeout Succ,view=5888,toView=5889,nodeIdx=0,changeCycle=0,myNode=075f8c93...,timecost=0.296
info|2019-11-12 16:02:43.639951|[g:1][CONSENSUS][PBFT]checkAndChangeView: Reach consensus,org_view=5888,org_changeCycle=0,cur_changeCycle=0,to_view=5889
info|2019-11-12 16:02:44.642990|[g:1][CONSENSUS]addRawPrepare,height=3,reqIdx=3,hash=bde42b76...
info|2019-11-12 16:02:44.643330|[g:1][CONSENSUS][PBFT]checkTimeout Succ,view=5889,toView=5890,nodeIdx=0,changeCycle=0,myNode=075f8c93...,timecost=0.304
info|2019-11-12 16:02:44.647613|[g:1][CONSENSUS][PBFT]checkAndChangeView: Reach consensus,org_view=5889,org_changeCycle=0,cur_changeCycle=0,to_view=5890
info|2019-11-12 16:02:45.647479|[g:1][CONSENSUS][SEALER]++++++++++++++++ Generating seal on,blkNum=3,tx=0,nodeIdx=0,hash=e40d7a6e...
info|2019-11-12 16:02:45.656396|[g:1][CONSENSUS][PBFT]checkTimeout Succ,view=5890,toView=5891,nodeIdx=0,changeCycle=0,myNode=075f8c93...,timecost=0.226
info|2019-11-12 16:02:45.657355|[g:1][CONSENSUS][PBFT]checkAndChangeView: Reach consensus,org_view=5890,org_changeCycle=0,cur_changeCycle=0,to_view=5891
info|2019-11-12 16:02:46.659183|[g:1][CONSENSUS]addRawPrepare,height=3,reqIdx=1,hash=0bae0b27...
info|2019-11-12 16:02:46.659660|[g:1][CONSENSUS][PBFT]checkTimeout Succ,view=5891,toView=5892,nodeIdx=0,changeCycle=0,myNode=075f8c93...,timecost=0.433
info|2019-11-12 16:02:46.663597|[g:1][CONSENSUS][PBFT]checkAndChangeView: Reach consensus,org_view=5891,org_changeCycle=0,cur_changeCycle=0,to_view=5892
info|2019-11-12 16:02:47.664587|[g:1][CONSENSUS]addRawPrepare,height=3,reqIdx=2,hash=91ea7456...
info|2019-11-12 16:02:47.664983|[g:1][CONSENSUS][PBFT]checkTimeout Succ,view=5892,toView=5893,nodeIdx=0,changeCycle=0,myNode=075f8c93...,timecost=0.295
info|2019-11-12 16:02:47.669457|[g:1][CONSENSUS][PBFT]checkAndChangeView: Reach consensus,org_view=5892,org_changeCycle=0,cur_changeCycle=0,to_view=5893
info|2019-11-12 16:02:48.674699|[g:1][CONSENSUS]addRawPrepare,height=3,reqIdx=3,hash=360d0784...
info|2019-11-12 16:02:48.674935|[g:1][CONSENSUS][PBFT]checkTimeout Succ,view=5893,toView=5894,nodeIdx=0,changeCycle=0,myNode=075f8c93...,timecost=0.212
info|2019-11-12 16:02:48.675934|[g:1][CONSENSUS][PBFT]checkAndChangeView: Reach consensus,org_view=5893,org_changeCycle=0,cur_changeCycle=0,to_view=5894
info|2019-11-12 16:02:49.209190|[P2P][Service] heartBeat,connected count=3
info|2019-11-12 16:02:49.677328|[g:1][CONSENSUS][SEALER]++++++++++++++++ Generating seal on,blkNum=3,tx=0,nodeIdx=0,hash=0e3f93c0...
info|2019-11-12 16:02:49.687134|[g:1][CONSENSUS][PBFT]checkTimeout Succ,view=5894,toView=5895,nodeIdx=0,changeCycle=0,myNode=075f8c93...,timecost=0.305
info|2019-11-12 16:02:49.688043|[g:1][CONSENSUS][PBFT]checkAndChangeView: Reach consensus,org_view=5894,org_changeCycle=0,cur_changeCycle=0,to_view=5895
info|2019-11-12 16:02:50.688936|[g:1][CONSENSUS]addRawPrepare,height=3,reqIdx=1,hash=353af65e...
info|2019-11-12 16:02:50.689288|[g:1][CONSENSUS][PBFT]checkTimeout Succ,view=5895,toView=5896,nodeIdx=0,changeCycle=0,myNode=075f8c93...,timecost=0.314
info|2019-11-12 16:02:50.693619|[g:1][CONSENSUS][PBFT]checkAndChangeView: Reach consensus,org_view=5895,org_changeCycle=0,cur_changeCycle=0,to_view=5896
info|2019-11-12 16:02:51.696333|[g:1][CONSENSUS]addRawPrepare,height=3,reqIdx=2,hash=07a6e3e5...
info|2019-11-12 16:02:51.696730|[g:1][CONSENSUS][PBFT]checkTimeout Succ,view=5896,toView=5897,nodeIdx=0,changeCycle=0,myNode=075f8c93...,timecost=0.295
info|2019-11-12 16:02:51.701614|[g:1][CONSENSUS][PBFT]checkAndChangeView: Reach consensus,org_view=5896,org_changeCycle=0,cur_changeCycle=0,to_view=5897
info|2019-11-12 16:02:52.704496|[g:1][CONSENSUS]addRawPrepare,height=3,reqIdx=3,hash=26f76f18...
info|2019-11-12 16:02:52.704731|[g:1][CONSENSUS][PBFT]checkTimeout Succ,view=5897,toView=5898,nodeIdx=0,changeCycle=0,myNode=075f8c93...,timecost=0.212
info|2019-11-12 16:02:52.705837|[g:1][CONSENSUS][PBFT]checkAndChangeView: Reach consensus,org_view=5897,org_changeCycle=0,cur_changeCycle=0,to_view=5898
info|2019-11-12 16:02:53.707501|[g:1][CONSENSUS][SEALER]++++++++++++++++ Generating seal on,blkNum=3,tx=0,nodeIdx=0,hash=a43adc25...
info|2019-11-12 16:02:53.717819|[g:1][CONSENSUS][PBFT]checkTimeout Succ,view=5898,toView=5899,nodeIdx=0,changeCycle=0,myNode=075f8c93...,timecost=0.275
info|2019-11-12 16:02:53.719101|[g:1][CONSENSUS][PBFT]checkAndChangeView: Reach consensus,org_view=5898,org_changeCycle=0,cur_changeCycle=0,to_view=5899
info|2019-11-12 16:02:54.720799|[g:1][CONSENSUS]addRawPrepare,height=3,reqIdx=1,hash=0c245a6a...
info|2019-11-12 16:02:54.721213|[g:1][CONSENSUS][PBFT]checkTimeout Succ,view=5899,toView=5900,nodeIdx=0,changeCycle=0,myNode=075f8c93...,timecost=0.371
info|2019-11-12 16:02:54.724534|[g:1][CONSENSUS][PBFT]checkAndChangeView: Reach consensus,org_view=5899,org_changeCycle=0,cur_changeCycle=0,to_view=5900
info|2019-11-12 16:02:55.726527|[g:1][CONSENSUS]addRawPrepare,height=3,reqIdx=2,hash=0f8993b9...
info|2019-11-12 16:02:55.726921|[g:1][CONSENSUS][PBFT]checkTimeout Succ,view=5900,toView=5901,nodeIdx=0,changeCycle=0,myNode=075f8c93...,timecost=0.292
info|2019-11-12 16:02:55.731708|[g:1][CONSENSUS][PBFT]checkAndChangeView: Reach consensus,org_view=5900,org_changeCycle=0,cur_changeCycle=0,to_view=5901
info|2019-11-12 16:02:56.737553|[g:1][CONSENSUS]addRawPrepare,height=3,reqIdx=3,hash=d3d6e48b...
info|2019-11-12 16:02:56.737953|[g:1][CONSENSUS][PBFT]checkTimeout Succ,view=5901,toView=5902,nodeIdx=0,changeCycle=0,myNode=075f8c93...,timecost=0.366
info|2019-11-12 16:02:56.740604|[g:1][CONSENSUS][PBFT]checkAndChangeView: Reach consensus,org_view=5901,org_changeCycle=0,cur_changeCycle=0,to_view=5902
info|2019-11-12 16:02:57.742227|[g:1][CONSENSUS][SEALER]++++++++++++++++ Generating seal on,blkNum=3,tx=0,nodeIdx=0,hash=f977bede...
info|2019-11-12 16:02:57.750825|[g:1][CONSENSUS][PBFT]checkTimeout Succ,view=5902,toView=5903,nodeIdx=0,changeCycle=0,myNode=075f8c93...,timecost=0.222
info|2019-11-12 16:02:57.751761|[g:1][CONSENSUS][PBFT]checkAndChangeView: Reach consensus,org_view=5902,org_changeCycle=0,cur_changeCycle=0,to_view=5903
info|2019-11-12 16:02:58.752478|[g:1][CONSENSUS]addRawPrepare,height=3,reqIdx=1,hash=6344882d...
info|2019-11-12 16:02:58.753868|[g:1][CONSENSUS][PBFT]checkTimeout Succ,view=5903,toView=5904,nodeIdx=0,changeCycle=0,myNode=075f8c93...,timecost=1.353
info|2019-11-12 16:02:58.757009|[g:1][CONSENSUS][PBFT]checkAndChangeView: Reach consensus,org_view=5903,org_changeCycle=0,cur_changeCycle=0,to_view=5904
info|2019-11-12 16:02:59.209498|[P2P][Service] heartBeat,connected count=3
info|2019-11-12 16:02:59.759563|[g:1][CONSENSUS]addRawPrepare,height=3,reqIdx=2,hash=4b60c1a3...
info|2019-11-12 16:02:59.759957|[g:1][CONSENSUS][PBFT]checkTimeout Succ,view=5904,toView=5905,nodeIdx=0,changeCycle=0,myNode=075f8c93...,timecost=0.294
info|2019-11-12 16:02:59.764717|[g:1][CONSENSUS][PBFT]checkAndChangeView: Reach consensus,org_view=5904,org_changeCycle=0,cur_changeCycle=0,to_view=5905
info|2019-11-12 16:03:00.771526|[g:1][CONSENSUS]addRawPrepare,height=3,reqIdx=3,hash=f64bbbb6...
info|2019-11-12 16:03:00.771884|[g:1][CONSENSUS][PBFT]checkTimeout Succ,view=5905,toView=5906,nodeIdx=0,changeCycle=0,myNode=075f8c93...,timecost=0.333
info|2019-11-12 16:03:00.773913|[g:1][CONSENSUS][PBFT]checkAndChangeView: Reach consensus,org_view=5905,org_changeCycle=0,cur_changeCycle=0,to_view=5906
info|2019-11-12 16:03:01.774463|[g:1][CONSENSUS][SEALER]++++++++++++++++ Generating seal on,blkNum=3,tx=0,nodeIdx=0,hash=606d3a49...
info|2019-11-12 16:03:01.783222|[g:1][CONSENSUS][PBFT]checkTimeout Succ,view=5906,toView=5907,nodeIdx=0,changeCycle=0,myNode=075f8c93...,timecost=0.226
info|2019-11-12 16:03:01.784237|[g:1][CONSENSUS][PBFT]checkAndChangeView: Reach consensus,org_view=5906,org_changeCycle=0,cur_changeCycle=0,to_view=5907
info|2019-11-12 16:03:02.788934|[g:1][CONSENSUS]addRawPrepare,height=3,reqIdx=1,hash=b15f333b...
info|2019-11-12 16:03:02.789231|[g:1][CONSENSUS][PBFT]checkTimeout Succ,view=5907,toView=5908,nodeIdx=0,changeCycle=0,myNode=075f8c93...,timecost=0.267
info|2019-11-12 16:03:02.791737|[g:1][CONSENSUS][PBFT]checkAndChangeView: Reach consensus,org_view=5907,org_changeCycle=0,cur_changeCycle=0,to_view=5908
info|2019-11-12 16:03:03.794634|[g:1][CONSENSUS]addRawPrepare,height=3,reqIdx=2,hash=d168a897...
info|2019-11-12 16:03:03.795033|[g:1][CONSENSUS][PBFT]checkTimeout Succ,view=5908,toView=5909,nodeIdx=0,changeCycle=0,myNode=075f8c93...,timecost=0.299
info|2019-11-12 16:03:03.801413|[g:1][CONSENSUS][PBFT]checkAndChangeView: Reach consensus,org_view=5908,org_changeCycle=0,cur_changeCycle=0,to_view=5909
info|2019-11-12 16:03:04.804696|[g:1][CONSENSUS]addRawPrepare,height=3,reqIdx=3,hash=98758547...
info|2019-11-12 16:03:04.805143|[g:1][CONSENSUS][PBFT]checkTimeout Succ,view=5909,toView=5910,nodeIdx=0,changeCycle=0,myNode=075f8c93...,timecost=0.412
info|2019-11-12 16:03:04.808778|[g:1][CONSENSUS][PBFT]checkAndChangeView: Reach consensus,org_view=5909,org_changeCycle=0,cur_changeCycle=0,to_view=5910
info|2019-11-12 16:03:05.809329|[g:1][CONSENSUS][SEALER]++++++++++++++++ Generating seal on,blkNum=3,tx=0,nodeIdx=0,hash=20457cf2...
info|2019-11-12 16:03:05.818308|[g:1][CONSENSUS][PBFT]checkTimeout Succ,view=5910,toView=5911,nodeIdx=0,changeCycle=0,myNode=075f8c93...,timecost=0.237
info|2019-11-12 16:03:05.819498|[g:1][CONSENSUS][PBFT]checkAndChangeView: Reach consensus,org_view=5910,org_changeCycle=0,cur_changeCycle=0,to_view=5911
info|2019-11-12 16:03:06.819670|[g:1][CONSENSUS]addRawPrepare,height=3,reqIdx=1,hash=e03cf2b7...
info|2019-11-12 16:03:06.820336|[g:1][CONSENSUS][PBFT]checkTimeout Succ,view=5911,toView=5912,nodeIdx=0,changeCycle=0,myNode=075f8c93...,timecost=0.628
info|2019-11-12 16:03:06.825072|[g:1][CONSENSUS][PBFT]checkAndChangeView: Reach consensus,org_view=5911,org_changeCycle=0,cur_changeCycle=0,to_view=5912
info|2019-11-12 16:03:07.829245|[g:1][CONSENSUS]addRawPrepare,height=3,reqIdx=2,hash=88fff899...
info|2019-11-12 16:03:07.829797|[g:1][CONSENSUS][PBFT]checkTimeout Succ,view=5912,toView=5913,nodeIdx=0,changeCycle=0,myNode=075f8c93...,timecost=0.385
info|2019-11-12 16:03:07.834661|[g:1][CONSENSUS][PBFT]checkAndChangeView: Reach consensus,org_view=5912,org_changeCycle=0,cur_changeCycle=0,to_view=5913
info|2019-11-12 16:03:08.837536|[g:1][CONSENSUS]addRawPrepare,height=3,reqIdx=3,hash=6bde7002...
info|2019-11-12 16:03:08.837939|[g:1][CONSENSUS][PBFT]checkTimeout Succ,view=5913,toView=5914,nodeIdx=0,changeCycle=0,myNode=075f8c93...,timecost=0.358
info|2019-11-12 16:03:08.841356|[g:1][CONSENSUS][PBFT]checkAndChangeView: Reach consensus,org_view=5913,org_changeCycle=0,cur_changeCycle=0,to_view=5914
info|2019-11-12 16:03:09.209882|[P2P][Service] heartBeat,connected count=3
info|2019-11-12 16:03:09.842517|[g:1][CONSENSUS][SEALER]++++++++++++++++ Generating seal on,blkNum=3,tx=0,nodeIdx=0,hash=4d8a61c0...
info|2019-11-12 16:03:09.849691|[g:1][CONSENSUS][PBFT]checkTimeout Succ,view=5914,toView=5915,nodeIdx=0,changeCycle=0,myNode=075f8c93...,timecost=0.244
info|2019-11-12 16:03:09.850490|[g:1][CONSENSUS][PBFT]checkAndChangeView: Reach consensus,org_view=5914,org_changeCycle=0,cur_changeCycle=0,to_view=5915
info|2019-11-12 16:03:10.851163|[g:1][CONSENSUS]addRawPrepare,height=3,reqIdx=1,hash=41afd611...
info|2019-11-12 16:03:10.851645|[g:1][CONSENSUS][PBFT]checkTimeout Succ,view=5915,toView=5916,nodeIdx=0,changeCycle=0,myNode=075f8c93...,timecost=0.446
info|2019-11-12 16:03:10.855807|[g:1][CONSENSUS][PBFT]checkAndChangeView: Reach consensus,org_view=5915,org_changeCycle=0,cur_changeCycle=0,to_view=5916
info|2019-11-12 16:03:11.857571|[g:1][CONSENSUS]addRawPrepare,height=3,reqIdx=2,hash=b0318302...
info|2019-11-12 16:03:11.858062|[g:1][CONSENSUS][PBFT]checkTimeout Succ,view=5916,toView=5917,nodeIdx=0,changeCycle=0,myNode=075f8c93...,timecost=0.367
info|2019-11-12 16:03:11.863654|[g:1][CONSENSUS][PBFT]checkAndChangeView: Reach consensus,org_view=5916,org_changeCycle=0,cur_changeCycle=0,to_view=5917
info|2019-11-12 16:03:12.871305|[g:1][CONSENSUS]addRawPrepare,height=3,reqIdx=3,hash=f3aeec64...
info|2019-11-12 16:03:12.871552|[g:1][CONSENSUS][PBFT]checkTimeout Succ,view=5917,toView=5918,nodeIdx=0,changeCycle=0,myNode=075f8c93...,timecost=0.22
info|2019-11-12 16:03:12.873507|[g:1][CONSENSUS][PBFT]checkAndChangeView: Reach consensus,org_view=5917,org_changeCycle=0,cur_changeCycle=0,to_view=5918
info|2019-11-12 16:03:13.873836|[g:1][CONSENSUS][SEALER]++++++++++++++++ Generating seal on,blkNum=3,tx=0,nodeIdx=0,hash=cf8c094d...
info|2019-11-12 16:03:13.882354|[g:1][CONSENSUS][PBFT]checkTimeout Succ,view=5918,toView=5919,nodeIdx=0,changeCycle=0,myNode=075f8c93...,timecost=0.228
info|2019-11-12 16:03:13.883252|[g:1][CONSENSUS][PBFT]checkAndChangeView: Reach consensus,org_view=5918,org_changeCycle=0,cur_changeCycle=0,to_view=5919
info|2019-11-12 16:03:14.888355|[g:1][CONSENSUS]addRawPrepare,height=3,reqIdx=1,hash=3734facf...
info|2019-11-12 16:03:14.888587|[g:1][CONSENSUS][PBFT]checkTimeout Succ,view=5919,toView=5920,nodeIdx=0,changeCycle=0,myNode=075f8c93...,timecost=0.205
info|2019-11-12 16:03:14.889346|[g:1][CONSENSUS][PBFT]checkAndChangeView: Reach consensus,org_view=5919,org_changeCycle=0,cur_changeCycle=0,to_view=5920
info|2019-11-12 16:03:15.891556|[g:1][CONSENSUS]addRawPrepare,height=3,reqIdx=2,hash=7d383990...
info|2019-11-12 16:03:15.892058|[g:1][CONSENSUS][PBFT]checkTimeout Succ,view=5920,toView=5921,nodeIdx=0,changeCycle=0,myNode=075f8c93...,timecost=0.366
info|2019-11-12 16:03:15.897277|[g:1][CONSENSUS][PBFT]checkAndChangeView: Reach consensus,org_view=5920,org_changeCycle=0,cur_changeCycle=0,to_view=5921
info|2019-11-12 16:03:16.900239|[g:1][CONSENSUS]addRawPrepare,height=3,reqIdx=3,hash=66244176...
info|2019-11-12 16:03:16.900663|[g:1][CONSENSUS][PBFT]checkTimeout Succ,view=5921,toView=5922,nodeIdx=0,changeCycle=0,myNode=075f8c93...,timecost=0.374
info|2019-11-12 16:03:16.903855|[g:1][CONSENSUS][PBFT]checkAndChangeView: Reach consensus,org_view=5921,org_changeCycle=0,cur_changeCycle=0,to_view=5922
info|2019-11-12 16:03:17.904784|[g:1][CONSENSUS][SEALER]++++++++++++++++ Generating seal on,blkNum=3,tx=0,nodeIdx=0,hash=e302e013...
info|2019-11-12 16:03:17.914238|[g:1][CONSENSUS][PBFT]checkTimeout Succ,view=5922,toView=5923,nodeIdx=0,changeCycle=0,myNode=075f8c93...,timecost=0.244
info|2019-11-12 16:03:17.915111|[g:1][CONSENSUS][PBFT]checkAndChangeView: Reach consensus,org_view=5922,org_changeCycle=0,cur_changeCycle=0,to_view=5923
info|2019-11-12 16:03:18.918964|[g:1][CONSENSUS]addRawPrepare,height=3,reqIdx=1,hash=e6e70764...
info|2019-11-12 16:03:18.919302|[g:1][CONSENSUS][PBFT]checkTimeout Succ,view=5923,toView=5924,nodeIdx=0,changeCycle=0,myNode=075f8c93...,timecost=0.303
info|2019-11-12 16:03:18.921956|[g:1][CONSENSUS][PBFT]checkAndChangeView: Reach consensus,org_view=5923,org_changeCycle=0,cur_changeCycle=0,to_view=5924
info|2019-11-12 16:03:19.209990|[P2P][Service] heartBeat,connected count=3
info|2019-11-12 16:03:19.924463|[g:1][CONSENSUS]addRawPrepare,height=3,reqIdx=2,hash=c7c7fe3b...
info|2019-11-12 16:03:19.924770|[g:1][CONSENSUS][PBFT]checkTimeout Succ,view=5924,toView=5925,nodeIdx=0,changeCycle=0,myNode=075f8c93...,timecost=0.207
info|2019-11-12 16:03:19.930120|[g:1][CONSENSUS][PBFT]checkAndChangeView: Reach consensus,org_view=5924,org_changeCycle=0,cur_changeCycle=0,to_view=5925
info|2019-11-12 16:03:20.931695|[g:1][CONSENSUS]addRawPrepare,height=3,reqIdx=3,hash=406aebb3...
info|2019-11-12 16:03:20.932033|[g:1][CONSENSUS][PBFT]checkTimeout Succ,view=5925,toView=5926,nodeIdx=0,changeCycle=0,myNode=075f8c93...,timecost=0.305
info|2019-11-12 16:03:20.934440|[g:1][CONSENSUS][PBFT]checkAndChangeView: Reach consensus,org_view=5925,org_changeCycle=0,cur_changeCycle=0,to_view=5926
info|2019-11-12 16:03:21.936505|[g:1][CONSENSUS][SEALER]++++++++++++++++ Generating seal on,blkNum=3,tx=0,nodeIdx=0,hash=cf879297...
info|2019-11-12 16:03:21.946389|[g:1][CONSENSUS][PBFT]checkTimeout Succ,view=5926,toView=5927,nodeIdx=0,changeCycle=0,myNode=075f8c93...,timecost=0.246
info|2019-11-12 16:03:21.947441|[g:1][CONSENSUS][PBFT]checkAndChangeView: Reach consensus,org_view=5926,org_changeCycle=0,cur_changeCycle=0,to_view=5927
info|2019-11-12 16:03:22.950512|[g:1][CONSENSUS]addRawPrepare,height=3,reqIdx=1,hash=24f8750f...
info|2019-11-12 16:03:22.950757|[g:1][CONSENSUS][PBFT]checkTimeout Succ,view=5927,toView=5928,nodeIdx=0,changeCycle=0,myNode=075f8c93...,timecost=0.218
info|2019-11-12 16:03:22.952654|[g:1][CONSENSUS][PBFT]checkAndChangeView: Reach consensus,org_view=5927,org_changeCycle=0,cur_changeCycle=0,to_view=5928
info|2019-11-12 16:03:23.955551|[g:1][CONSENSUS]addRawPrepare,height=3,reqIdx=2,hash=d84cd58a...
info|2019-11-12 16:03:23.955947|[g:1][CONSENSUS][PBFT]checkTimeout Succ,view=5928,toView=5929,nodeIdx=0,changeCycle=0,myNode=075f8c93...,timecost=0.297
info|2019-11-12 16:03:23.960989|[g:1][CONSENSUS][PBFT]checkAndChangeView: Reach consensus,org_view=5928,org_changeCycle=0,cur_changeCycle=0,to_view=5929
info|2019-11-12 16:03:24.965810|[g:1][CONSENSUS]addRawPrepare,height=3,reqIdx=3,hash=31a7e110...
info|2019-11-12 16:03:24.966118|[g:1][CONSENSUS][PBFT]checkTimeout Succ,view=5929,toView=5930,nodeIdx=0,changeCycle=0,myNode=075f8c93...,timecost=0.272
info|2019-11-12 16:03:24.971167|[g:1][CONSENSUS][PBFT]checkAndChangeView: Reach consensus,org_view=5929,org_changeCycle=0,cur_changeCycle=0,to_view=5930
info|2019-11-12 16:03:25.972909|[g:1][CONSENSUS][SEALER]++++++++++++++++ Generating seal on,blkNum=3,tx=0,nodeIdx=0,hash=40ec413a...
info|2019-11-12 16:03:25.980298|[g:1][CONSENSUS][PBFT]checkTimeout Succ,view=5930,toView=5931,nodeIdx=0,changeCycle=0,myNode=075f8c93...,timecost=0.224
info|2019-11-12 16:03:25.981193|[g:1][CONSENSUS][PBFT]checkAndChangeView: Reach consensus,org_view=5930,org_changeCycle=0,cur_changeCycle=0,to_view=5931
info|2019-11-12 16:03:26.982659|[g:1][CONSENSUS]addRawPrepare,height=3,reqIdx=1,hash=2afb333a...
info|2019-11-12 16:03:26.982915|[g:1][CONSENSUS][PBFT]checkTimeout Succ,view=5931,toView=5932,nodeIdx=0,changeCycle=0,myNode=075f8c93...,timecost=0.224
info|2019-11-12 16:03:26.985073|[g:1][CONSENSUS][PBFT]checkAndChangeView: Reach consensus,org_view=5931,org_changeCycle=0,cur_changeCycle=0,to_view=5932
