
  .   ____          _            __ _ _
 /\\ / ___'_ __ _ _(_)_ __  __ _ \ \ \ \
( ( )\___ | '_ | '_| | '_ \/ _` | \ \ \ \
 \\/  ___)| |_)| | | | | || (_| |  ) ) ) )
  '  |____| .__|_| |_|_| |_\__, | / / / /
 =========|_|==============|___/=/_/_/_/
 :: Spring Boot ::        (v1.5.9.RELEASE)

十一月 13, 2019 4:17:43 下午 org.apache.catalina.core.StandardService startInternal
信息: Starting service [Tomcat]
十一月 13, 2019 4:17:43 下午 org.apache.catalina.core.StandardEngine startInternal
信息: Starting Servlet Engine: Apache Tomcat/8.5.23
十一月 13, 2019 4:17:43 下午 org.apache.catalina.core.ApplicationContext log
信息: Initializing Spring embedded WebApplicationContext
十一月 13, 2019 4:17:58 下午 org.apache.coyote.AbstractProtocol init
信息: Initializing ProtocolHandler ["http-nio-5002"]
十一月 13, 2019 4:17:58 下午 org.apache.coyote.AbstractProtocol start
信息: Starting ProtocolHandler ["http-nio-5002"]
十一月 13, 2019 4:17:58 下午 org.apache.tomcat.util.net.NioSelectorPool getSharedSelector
信息: Using a shared selector for servlet write/read
十一月 13, 2019 4:19:45 下午 org.apache.catalina.core.ApplicationContext log
信息: Initializing Spring FrameworkServlet 'dispatcherServlet'
****2
****2
****4
****4
****6
****7
****7

  .   ____          _            __ _ _
 /\\ / ___'_ __ _ _(_)_ __  __ _ \ \ \ \
( ( )\___ | '_ | '_| | '_ \/ _` | \ \ \ \
 \\/  ___)| |_)| | | | | || (_| |  ) ) ) )
  '  |____| .__|_| |_|_| |_\__, | / / / /
 =========|_|==============|___/=/_/_/_/
 :: Spring Boot ::        (v1.5.9.RELEASE)

十一月 14, 2019 3:52:55 下午 org.apache.catalina.core.StandardService startInternal
信息: Starting service [Tomcat]
十一月 14, 2019 3:52:55 下午 org.apache.catalina.core.StandardEngine startInternal
信息: Starting Servlet Engine: Apache Tomcat/8.5.23
十一月 14, 2019 3:52:56 下午 org.apache.catalina.core.ApplicationContext log
信息: Initializing Spring embedded WebApplicationContext
十一月 14, 2019 3:53:15 下午 org.apache.coyote.AbstractProtocol init
信息: Initializing ProtocolHandler ["http-nio-5002"]
十一月 14, 2019 3:53:15 下午 org.apache.coyote.AbstractProtocol start
信息: Starting ProtocolHandler ["http-nio-5002"]
十一月 14, 2019 3:53:15 下午 org.apache.tomcat.util.net.NioSelectorPool getSharedSelector
信息: Using a shared selector for servlet write/read
十一月 14, 2019 3:53:36 下午 org.apache.catalina.core.ApplicationContext log
信息: Initializing Spring FrameworkServlet 'dispatcherServlet'

  .   ____          _            __ _ _
 /\\ / ___'_ __ _ _(_)_ __  __ _ \ \ \ \
( ( )\___ | '_ | '_| | '_ \/ _` | \ \ \ \
 \\/  ___)| |_)| | | | | || (_| |  ) ) ) )
  '  |____| .__|_| |_|_| |_\__, | / / / /
 =========|_|==============|___/=/_/_/_/
 :: Spring Boot ::        (v1.5.9.RELEASE)

十一月 14, 2019 9:35:48 下午 org.apache.catalina.core.StandardService startInternal
信息: Starting service [Tomcat]
十一月 14, 2019 9:35:48 下午 org.apache.catalina.core.StandardEngine startInternal
信息: Starting Servlet Engine: Apache Tomcat/8.5.23
十一月 14, 2019 9:35:49 下午 org.apache.catalina.core.ApplicationContext log
信息: Initializing Spring embedded WebApplicationContext
十一月 14, 2019 9:36:05 下午 org.apache.coyote.AbstractProtocol init
信息: Initializing ProtocolHandler ["http-nio-5002"]
十一月 14, 2019 9:36:05 下午 org.apache.coyote.AbstractProtocol start
信息: Starting ProtocolHandler ["http-nio-5002"]
十一月 14, 2019 9:36:05 下午 org.apache.tomcat.util.net.NioSelectorPool getSharedSelector
信息: Using a shared selector for servlet write/read
十一月 14, 2019 9:37:02 下午 org.apache.catalina.core.ApplicationContext log
信息: Initializing Spring FrameworkServlet 'dispatcherServlet'

  .   ____          _            __ _ _
 /\\ / ___'_ __ _ _(_)_ __  __ _ \ \ \ \
( ( )\___ | '_ | '_| | '_ \/ _` | \ \ \ \
 \\/  ___)| |_)| | | | | || (_| |  ) ) ) )
  '  |____| .__|_| |_|_| |_\__, | / / / /
 =========|_|==============|___/=/_/_/_/
 :: Spring Boot ::        (v1.5.9.RELEASE)

十一月 15, 2019 7:50:43 下午 org.apache.catalina.core.StandardService startInternal
信息: Starting service [Tomcat]
十一月 15, 2019 7:50:43 下午 org.apache.catalina.core.StandardEngine startInternal
信息: Starting Servlet Engine: Apache Tomcat/8.5.23
十一月 15, 2019 7:50:44 下午 org.apache.catalina.core.ApplicationContext log
信息: Initializing Spring embedded WebApplicationContext
十一月 15, 2019 7:51:25 下午 org.apache.coyote.AbstractProtocol init
信息: Initializing ProtocolHandler ["http-nio-5002"]
十一月 15, 2019 7:51:26 下午 org.apache.coyote.AbstractProtocol start
信息: Starting ProtocolHandler ["http-nio-5002"]
十一月 15, 2019 7:51:26 下午 org.apache.tomcat.util.net.NioSelectorPool getSharedSelector
信息: Using a shared selector for servlet write/read
十一月 15, 2019 7:51:50 下午 org.apache.catalina.core.ApplicationContext log
信息: Initializing Spring FrameworkServlet 'dispatcherServlet'
****10
****10
****10
****12
****12
****13
****16
****16
****17
****17
****20
****20
****20
****25
****25
****25
****25
****25
****26
****27
****28
****30
****30
****31
****32
****33
****34
****35
****36

  .   ____          _            __ _ _
 /\\ / ___'_ __ _ _(_)_ __  __ _ \ \ \ \
( ( )\___ | '_ | '_| | '_ \/ _` | \ \ \ \
 \\/  ___)| |_)| | | | | || (_| |  ) ) ) )
  '  |____| .__|_| |_|_| |_\__, | / / / /
 =========|_|==============|___/=/_/_/_/
 :: Spring Boot ::        (v1.5.9.RELEASE)

十二月 07, 2019 3:45:51 下午 org.apache.catalina.core.StandardService startInternal
信息: Starting service [Tomcat]
十二月 07, 2019 3:45:51 下午 org.apache.catalina.core.StandardEngine startInternal
信息: Starting Servlet Engine: Apache Tomcat/8.5.23
十二月 07, 2019 3:45:52 下午 org.apache.catalina.core.ApplicationContext log
信息: Initializing Spring embedded WebApplicationContext
十二月 07, 2019 3:46:39 下午 org.apache.coyote.AbstractProtocol init
信息: Initializing ProtocolHandler ["http-nio-5002"]
十二月 07, 2019 3:46:39 下午 org.apache.coyote.AbstractProtocol start
信息: Starting ProtocolHandler ["http-nio-5002"]
十二月 07, 2019 3:46:39 下午 org.apache.tomcat.util.net.NioSelectorPool getSharedSelector
信息: Using a shared selector for servlet write/read
十二月 07, 2019 3:46:41 下午 org.apache.catalina.core.ApplicationContext log
信息: Initializing Spring FrameworkServlet 'dispatcherServlet'

  .   ____          _            __ _ _
 /\\ / ___'_ __ _ _(_)_ __  __ _ \ \ \ \
( ( )\___ | '_ | '_| | '_ \/ _` | \ \ \ \
 \\/  ___)| |_)| | | | | || (_| |  ) ) ) )
  '  |____| .__|_| |_|_| |_\__, | / / / /
 =========|_|==============|___/=/_/_/_/
 :: Spring Boot ::        (v1.5.9.RELEASE)

十二月 07, 2019 6:19:19 下午 org.apache.catalina.core.StandardService startInternal
信息: Starting service [Tomcat]
十二月 07, 2019 6:19:19 下午 org.apache.catalina.core.StandardEngine startInternal
信息: Starting Servlet Engine: Apache Tomcat/8.5.23
十二月 07, 2019 6:19:19 下午 org.apache.catalina.core.ApplicationContext log
信息: Initializing Spring embedded WebApplicationContext
十二月 07, 2019 6:19:34 下午 org.apache.coyote.AbstractProtocol init
信息: Initializing ProtocolHandler ["http-nio-5002"]
十二月 07, 2019 6:19:34 下午 org.apache.coyote.AbstractProtocol start
信息: Starting ProtocolHandler ["http-nio-5002"]
十二月 07, 2019 6:19:34 下午 org.apache.tomcat.util.net.NioSelectorPool getSharedSelector
信息: Using a shared selector for servlet write/read
十二月 07, 2019 6:19:53 下午 org.apache.catalina.core.ApplicationContext log
信息: Initializing Spring FrameworkServlet 'dispatcherServlet'

  .   ____          _            __ _ _
 /\\ / ___'_ __ _ _(_)_ __  __ _ \ \ \ \
( ( )\___ | '_ | '_| | '_ \/ _` | \ \ \ \
 \\/  ___)| |_)| | | | | || (_| |  ) ) ) )
  '  |____| .__|_| |_|_| |_\__, | / / / /
 =========|_|==============|___/=/_/_/_/
 :: Spring Boot ::        (v1.5.9.RELEASE)

十二月 09, 2019 10:38:42 上午 org.apache.catalina.core.StandardService startInternal
信息: Starting service [Tomcat]
十二月 09, 2019 10:38:42 上午 org.apache.catalina.core.StandardEngine startInternal
信息: Starting Servlet Engine: Apache Tomcat/8.5.23
十二月 09, 2019 10:38:42 上午 org.apache.catalina.core.ApplicationContext log
信息: Initializing Spring embedded WebApplicationContext
十二月 09, 2019 10:38:57 上午 org.apache.coyote.AbstractProtocol init
信息: Initializing ProtocolHandler ["http-nio-5002"]
十二月 09, 2019 10:38:57 上午 org.apache.coyote.AbstractProtocol start
信息: Starting ProtocolHandler ["http-nio-5002"]
十二月 09, 2019 10:38:57 上午 org.apache.tomcat.util.net.NioSelectorPool getSharedSelector
信息: Using a shared selector for servlet write/read
十二月 09, 2019 10:39:49 上午 org.apache.catalina.core.ApplicationContext log
信息: Initializing Spring FrameworkServlet 'dispatcherServlet'

  .   ____          _            __ _ _
 /\\ / ___'_ __ _ _(_)_ __  __ _ \ \ \ \
( ( )\___ | '_ | '_| | '_ \/ _` | \ \ \ \
 \\/  ___)| |_)| | | | | || (_| |  ) ) ) )
  '  |____| .__|_| |_|_| |_\__, | / / / /
 =========|_|==============|___/=/_/_/_/
 :: Spring Boot ::        (v1.5.9.RELEASE)

十二月 09, 2019 6:43:12 下午 org.apache.catalina.core.StandardService startInternal
信息: Starting service [Tomcat]
十二月 09, 2019 6:43:12 下午 org.apache.catalina.core.StandardEngine startInternal
信息: Starting Servlet Engine: Apache Tomcat/8.5.23
十二月 09, 2019 6:43:12 下午 org.apache.catalina.core.ApplicationContext log
信息: Initializing Spring embedded WebApplicationContext
十二月 09, 2019 6:43:32 下午 org.apache.coyote.AbstractProtocol init
信息: Initializing ProtocolHandler ["http-nio-5002"]
十二月 09, 2019 6:43:32 下午 org.apache.coyote.AbstractProtocol start
信息: Starting ProtocolHandler ["http-nio-5002"]
十二月 09, 2019 6:43:32 下午 org.apache.tomcat.util.net.NioSelectorPool getSharedSelector
信息: Using a shared selector for servlet write/read
十二月 09, 2019 6:43:54 下午 org.apache.catalina.core.ApplicationContext log
信息: Initializing Spring FrameworkServlet 'dispatcherServlet'
****38
****38
****39
****40
****41
****42
****43
****44
****45
****46
****47

  .   ____          _            __ _ _
 /\\ / ___'_ __ _ _(_)_ __  __ _ \ \ \ \
( ( )\___ | '_ | '_| | '_ \/ _` | \ \ \ \
 \\/  ___)| |_)| | | | | || (_| |  ) ) ) )
  '  |____| .__|_| |_|_| |_\__, | / / / /
 =========|_|==============|___/=/_/_/_/
 :: Spring Boot ::        (v1.5.9.RELEASE)

十二月 11, 2019 10:24:02 上午 org.apache.catalina.core.StandardService startInternal
信息: Starting service [Tomcat]
十二月 11, 2019 10:24:02 上午 org.apache.catalina.core.StandardEngine startInternal
信息: Starting Servlet Engine: Apache Tomcat/8.5.23
十二月 11, 2019 10:24:02 上午 org.apache.catalina.core.ApplicationContext log
信息: Initializing Spring embedded WebApplicationContext
十二月 11, 2019 10:24:17 上午 org.apache.coyote.AbstractProtocol init
信息: Initializing ProtocolHandler ["http-nio-5002"]
十二月 11, 2019 10:24:17 上午 org.apache.coyote.AbstractProtocol start
信息: Starting ProtocolHandler ["http-nio-5002"]
十二月 11, 2019 10:24:17 上午 org.apache.tomcat.util.net.NioSelectorPool getSharedSelector
信息: Using a shared selector for servlet write/read
十二月 11, 2019 10:24:19 上午 org.apache.catalina.core.ApplicationContext log
信息: Initializing Spring FrameworkServlet 'dispatcherServlet'
****48
****49
****52
****52
****52
****53
****54
****56
****56
****58
****58
****59
****60
****61
****62
****63
****65
****65
****67
****69
****69
****69
****71
****71
****73
****73
****74
****75
****76
****80
****80
****80
****80
****81
****82
****84
****84
****85
****88
****88
****88
****90
****93
****94
****94
****94
****94
****96
****96
****99
****101
****101
****101
****104
****104
****104
****107
****107
****107
****107
****108
****110
****110
****115
****115
****115
****115
****117
****117
****120
****120
****120
****120
****121
