info|2019-11-12 23:00:00.821687|[g:1][CONSENSUS]addRawPrepare,height=3,reqIdx=2,hash=a98faaa6...
info|2019-11-12 23:00:00.822005|[g:1][CONSENSUS][PBFT]checkTimeout Succ,view=16800,toView=16801,nodeIdx=3,changeCycle=0,myNode=db2b0552...,timecost=0.276
info|2019-11-12 23:00:00.825956|[g:1][CONSENSUS][PBFT]checkAndChangeView: Reach consensus,org_view=16800,org_changeCycle=0,cur_changeCycle=0,to_view=16801
info|2019-11-12 23:00:01.827679|[g:1][CONSENSUS][SEALER]++++++++++++++++ Generating seal on,blkNum=3,tx=0,nodeIdx=3,hash=262df6f5...
info|2019-11-12 23:00:01.840004|[g:1][CONSENSUS][PBFT]checkTimeout Succ,view=16801,toView=16802,nodeIdx=3,changeCycle=0,myNode=db2b0552...,timecost=0.224
info|2019-11-12 23:00:01.841158|[g:1][CONSENSUS][PBFT]checkAndChangeView: Reach consensus,org_view=16801,org_changeCycle=0,cur_changeCycle=0,to_view=16802
info|2019-11-12 23:00:02.841071|[g:1][CONSENSUS]addRawPrepare,height=3,reqIdx=0,hash=453a36e7...
info|2019-11-12 23:00:02.841433|[g:1][CONSENSUS][PBFT]checkTimeout Succ,view=16802,toView=16803,nodeIdx=3,changeCycle=0,myNode=db2b0552...,timecost=0.317
info|2019-11-12 23:00:02.848555|[g:1][CONSENSUS][PBFT]checkAndChangeView: Reach consensus,org_view=16802,org_changeCycle=0,cur_changeCycle=0,to_view=16803
info|2019-11-12 23:00:03.041585|[P2P][Service] heartBeat,connected count=3
info|2019-11-12 23:00:03.851922|[g:1][CONSENSUS]addRawPrepare,height=3,reqIdx=1,hash=f277d412...
info|2019-11-12 23:00:03.852168|[g:1][CONSENSUS][PBFT]checkTimeout Succ,view=16803,toView=16804,nodeIdx=3,changeCycle=0,myNode=db2b0552...,timecost=0.217
info|2019-11-12 23:00:03.853450|[g:1][CONSENSUS][PBFT]checkAndChangeView: Reach consensus,org_view=16803,org_changeCycle=0,cur_changeCycle=0,to_view=16804
info|2019-11-12 23:00:04.860069|[g:1][CONSENSUS]addRawPrepare,height=3,reqIdx=2,hash=0c258784...
info|2019-11-12 23:00:04.860428|[g:1][CONSENSUS][PBFT]checkTimeout Succ,view=16804,toView=16805,nodeIdx=3,changeCycle=0,myNode=db2b0552...,timecost=0.324
info|2019-11-12 23:00:04.864373|[g:1][CONSENSUS][PBFT]checkAndChangeView: Reach consensus,org_view=16804,org_changeCycle=0,cur_changeCycle=0,to_view=16805
info|2019-11-12 23:00:05.866890|[g:1][CONSENSUS][SEALER]++++++++++++++++ Generating seal on,blkNum=3,tx=0,nodeIdx=3,hash=ce1088e8...
info|2019-11-12 23:00:05.875922|[g:1][CONSENSUS][PBFT]checkTimeout Succ,view=16805,toView=16806,nodeIdx=3,changeCycle=0,myNode=db2b0552...,timecost=0.223
info|2019-11-12 23:00:05.877564|[g:1][CONSENSUS][PBFT]checkAndChangeView: Reach consensus,org_view=16805,org_changeCycle=0,cur_changeCycle=0,to_view=16806
info|2019-11-12 23:00:06.874044|[g:1][CONSENSUS]addRawPrepare,height=3,reqIdx=0,hash=5760088e...
info|2019-11-12 23:00:06.874286|[g:1][CONSENSUS][PBFT]checkTimeout Succ,view=16806,toView=16807,nodeIdx=3,changeCycle=0,myNode=db2b0552...,timecost=0.217
info|2019-11-12 23:00:06.877296|[g:1][CONSENSUS][PBFT]checkAndChangeView: Reach consensus,org_view=16806,org_changeCycle=0,cur_changeCycle=0,to_view=16807
info|2019-11-12 23:00:07.886675|[g:1][CONSENSUS]addRawPrepare,height=3,reqIdx=1,hash=d0844b28...
info|2019-11-12 23:00:07.889487|[g:1][CONSENSUS][PBFT]checkTimeout Succ,view=16807,toView=16808,nodeIdx=3,changeCycle=0,myNode=db2b0552...,timecost=1.778
info|2019-11-12 23:00:07.891831|[g:1][CONSENSUS][PBFT]checkAndChangeView: Reach consensus,org_view=16807,org_changeCycle=0,cur_changeCycle=0,to_view=16808
info|2019-11-12 23:00:08.897597|[g:1][CONSENSUS]addRawPrepare,height=3,reqIdx=2,hash=62a2d4af...
info|2019-11-12 23:00:08.905693|[g:1][CONSENSUS][PBFT]checkTimeout Succ,view=16808,toView=16809,nodeIdx=3,changeCycle=0,myNode=db2b0552...,timecost=7.921
info|2019-11-12 23:00:08.914892|[g:1][CONSENSUS][PBFT]checkAndChangeView: Reach consensus,org_view=16808,org_changeCycle=0,cur_changeCycle=0,to_view=16809
info|2019-11-12 23:00:09.920422|[g:1][CONSENSUS][SEALER]++++++++++++++++ Generating seal on,blkNum=3,tx=0,nodeIdx=3,hash=74bd1843...
info|2019-11-12 23:00:09.930036|[g:1][CONSENSUS][PBFT]checkTimeout Succ,view=16809,toView=16810,nodeIdx=3,changeCycle=0,myNode=db2b0552...,timecost=0.258
info|2019-11-12 23:00:09.932586|[g:1][CONSENSUS][PBFT]checkAndChangeView: Reach consensus,org_view=16809,org_changeCycle=0,cur_changeCycle=0,to_view=16810
info|2019-11-12 23:00:10.934395|[g:1][CONSENSUS]addRawPrepare,height=3,reqIdx=0,hash=2e268a37...
info|2019-11-12 23:00:10.934640|[g:1][CONSENSUS][PBFT]checkTimeout Succ,view=16810,toView=16811,nodeIdx=3,changeCycle=0,myNode=db2b0552...,timecost=0.217
info|2019-11-12 23:00:10.936563|[g:1][CONSENSUS][PBFT]checkAndChangeView: Reach consensus,org_view=16810,org_changeCycle=0,cur_changeCycle=0,to_view=16811
info|2019-11-12 23:00:11.942348|[g:1][CONSENSUS]addRawPrepare,height=3,reqIdx=1,hash=e7cac1c4...
info|2019-11-12 23:00:11.942686|[g:1][CONSENSUS][PBFT]checkTimeout Succ,view=16811,toView=16812,nodeIdx=3,changeCycle=0,myNode=db2b0552...,timecost=0.239
info|2019-11-12 23:00:11.943595|[g:1][CONSENSUS][PBFT]checkAndChangeView: Reach consensus,org_view=16811,org_changeCycle=0,cur_changeCycle=0,to_view=16812
info|2019-11-12 23:00:12.952563|[g:1][CONSENSUS]addRawPrepare,height=3,reqIdx=2,hash=a1f66448...
info|2019-11-12 23:00:12.952867|[g:1][CONSENSUS][PBFT]checkTimeout Succ,view=16812,toView=16813,nodeIdx=3,changeCycle=0,myNode=db2b0552...,timecost=0.238
info|2019-11-12 23:00:12.955154|[g:1][CONSENSUS][PBFT]checkAndChangeView: Reach consensus,org_view=16812,org_changeCycle=0,cur_changeCycle=0,to_view=16813
info|2019-11-12 23:00:13.041921|[P2P][Service] heartBeat,connected count=3
info|2019-11-12 23:00:13.955841|[g:1][CONSENSUS][SEALER]++++++++++++++++ Generating seal on,blkNum=3,tx=0,nodeIdx=3,hash=f53af340...
info|2019-11-12 23:00:13.968929|[g:1][CONSENSUS][PBFT]checkTimeout Succ,view=16813,toView=16814,nodeIdx=3,changeCycle=0,myNode=db2b0552...,timecost=0.484
info|2019-11-12 23:00:13.970580|[g:1][CONSENSUS][PBFT]checkAndChangeView: Reach consensus,org_view=16813,org_changeCycle=0,cur_changeCycle=0,to_view=16814
info|2019-11-12 23:00:14.972716|[g:1][CONSENSUS]addRawPrepare,height=3,reqIdx=0,hash=6e30200e...
info|2019-11-12 23:00:14.972968|[g:1][CONSENSUS][PBFT]checkTimeout Succ,view=16814,toView=16815,nodeIdx=3,changeCycle=0,myNode=db2b0552...,timecost=0.222
info|2019-11-12 23:00:14.975081|[g:1][CONSENSUS][PBFT]checkAndChangeView: Reach consensus,org_view=16814,org_changeCycle=0,cur_changeCycle=0,to_view=16815
info|2019-11-12 23:00:15.981791|[g:1][CONSENSUS]addRawPrepare,height=3,reqIdx=1,hash=f045e649...
info|2019-11-12 23:00:15.982117|[g:1][CONSENSUS][PBFT]checkTimeout Succ,view=16815,toView=16816,nodeIdx=3,changeCycle=0,myNode=db2b0552...,timecost=0.27
info|2019-11-12 23:00:15.987792|[g:1][CONSENSUS][PBFT]checkAndChangeView: Reach consensus,org_view=16815,org_changeCycle=0,cur_changeCycle=0,to_view=16816
info|2019-11-12 23:00:16.991083|[g:1][CONSENSUS]addRawPrepare,height=3,reqIdx=2,hash=8bcb42f0...
info|2019-11-12 23:00:16.991356|[g:1][CONSENSUS][PBFT]checkTimeout Succ,view=16816,toView=16817,nodeIdx=3,changeCycle=0,myNode=db2b0552...,timecost=0.233
info|2019-11-12 23:00:16.995041|[g:1][CONSENSUS][PBFT]checkAndChangeView: Reach consensus,org_view=16816,org_changeCycle=0,cur_changeCycle=0,to_view=16817
info|2019-11-12 23:00:17.995543|[g:1][CONSENSUS][SEALER]++++++++++++++++ Generating seal on,blkNum=3,tx=0,nodeIdx=3,hash=b405f688...
info|2019-11-12 23:00:18.010762|[g:1][CONSENSUS][PBFT]checkTimeout Succ,view=16817,toView=16818,nodeIdx=3,changeCycle=0,myNode=db2b0552...,timecost=0.236
info|2019-11-12 23:00:18.011826|[g:1][CONSENSUS][PBFT]checkAndChangeView: Reach consensus,org_view=16817,org_changeCycle=0,cur_changeCycle=0,to_view=16818
info|2019-11-12 23:00:19.018963|[g:1][CONSENSUS]addRawPrepare,height=3,reqIdx=0,hash=98cb9464...
info|2019-11-12 23:00:19.019244|[g:1][CONSENSUS][PBFT]checkTimeout Succ,view=16818,toView=16819,nodeIdx=3,changeCycle=0,myNode=db2b0552...,timecost=0.237
info|2019-11-12 23:00:19.021386|[g:1][CONSENSUS][PBFT]checkAndChangeView: Reach consensus,org_view=16818,org_changeCycle=0,cur_changeCycle=0,to_view=16819
info|2019-11-12 23:00:20.027493|[g:1][CONSENSUS]addRawPrepare,height=3,reqIdx=1,hash=5a0758cc...
info|2019-11-12 23:00:20.027815|[g:1][CONSENSUS][PBFT]checkTimeout Succ,view=16819,toView=16820,nodeIdx=3,changeCycle=0,myNode=db2b0552...,timecost=0.296
info|2019-11-12 23:00:20.030808|[g:1][CONSENSUS][PBFT]checkAndChangeView: Reach consensus,org_view=16819,org_changeCycle=0,cur_changeCycle=0,to_view=16820
info|2019-11-12 23:00:21.038459|[g:1][CONSENSUS]addRawPrepare,height=3,reqIdx=2,hash=60a067ad...
info|2019-11-12 23:00:21.038804|[g:1][CONSENSUS][PBFT]checkTimeout Succ,view=16820,toView=16821,nodeIdx=3,changeCycle=0,myNode=db2b0552...,timecost=0.303
info|2019-11-12 23:00:21.041029|[g:1][CONSENSUS][PBFT]checkAndChangeView: Reach consensus,org_view=16820,org_changeCycle=0,cur_changeCycle=0,to_view=16821
info|2019-11-12 23:00:22.041381|[g:1][CONSENSUS][SEALER]++++++++++++++++ Generating seal on,blkNum=3,tx=0,nodeIdx=3,hash=0b2d5fc8...
info|2019-11-12 23:00:22.054069|[g:1][CONSENSUS][PBFT]checkTimeout Succ,view=16821,toView=16822,nodeIdx=3,changeCycle=0,myNode=db2b0552...,timecost=0.229
info|2019-11-12 23:00:22.055117|[g:1][CONSENSUS][PBFT]checkAndChangeView: Reach consensus,org_view=16821,org_changeCycle=0,cur_changeCycle=0,to_view=16822
info|2019-11-12 23:00:23.042135|[P2P][Service] heartBeat,connected count=3
info|2019-11-12 23:00:23.056208|[g:1][CONSENSUS]addRawPrepare,height=3,reqIdx=0,hash=26f3f7a5...
info|2019-11-12 23:00:23.058865|[g:1][CONSENSUS][PBFT]checkTimeout Succ,view=16822,toView=16823,nodeIdx=3,changeCycle=0,myNode=db2b0552...,timecost=2.61
info|2019-11-12 23:00:23.062256|[g:1][CONSENSUS][PBFT]checkAndChangeView: Reach consensus,org_view=16822,org_changeCycle=0,cur_changeCycle=0,to_view=16823
info|2019-11-12 23:00:24.070757|[g:1][CONSENSUS]addRawPrepare,height=3,reqIdx=1,hash=eef3d25b...
info|2019-11-12 23:00:24.070999|[g:1][CONSENSUS][PBFT]checkTimeout Succ,view=16823,toView=16824,nodeIdx=3,changeCycle=0,myNode=db2b0552...,timecost=0.218
info|2019-11-12 23:00:24.072353|[g:1][CONSENSUS][PBFT]checkAndChangeView: Reach consensus,org_view=16823,org_changeCycle=0,cur_changeCycle=0,to_view=16824
info|2019-11-12 23:00:25.078799|[g:1][CONSENSUS]addRawPrepare,height=3,reqIdx=2,hash=37aa023c...
info|2019-11-12 23:00:25.079049|[g:1][CONSENSUS][PBFT]checkTimeout Succ,view=16824,toView=16825,nodeIdx=3,changeCycle=0,myNode=db2b0552...,timecost=0.223
info|2019-11-12 23:00:25.080976|[g:1][CONSENSUS][PBFT]checkAndChangeView: Reach consensus,org_view=16824,org_changeCycle=0,cur_changeCycle=0,to_view=16825
info|2019-11-12 23:00:26.081870|[g:1][CONSENSUS][SEALER]++++++++++++++++ Generating seal on,blkNum=3,tx=0,nodeIdx=3,hash=796d0673...
info|2019-11-12 23:00:26.107308|[g:1][CONSENSUS][PBFT]checkTimeout Succ,view=16825,toView=16826,nodeIdx=3,changeCycle=0,myNode=db2b0552...,timecost=0.378
info|2019-11-12 23:00:26.109916|[g:1][CONSENSUS][PBFT]checkAndChangeView: Reach consensus,org_view=16825,org_changeCycle=0,cur_changeCycle=0,to_view=16826
info|2019-11-12 23:00:27.117724|[g:1][CONSENSUS]addRawPrepare,height=3,reqIdx=0,hash=dc5823ab...
info|2019-11-12 23:00:27.118207|[g:1][CONSENSUS][PBFT]checkTimeout Succ,view=16826,toView=16827,nodeIdx=3,changeCycle=0,myNode=db2b0552...,timecost=0.358
info|2019-11-12 23:00:27.124221|[g:1][CONSENSUS][PBFT]checkAndChangeView: Reach consensus,org_view=16826,org_changeCycle=0,cur_changeCycle=0,to_view=16827
info|2019-11-12 23:00:28.134141|[g:1][CONSENSUS]addRawPrepare,height=3,reqIdx=1,hash=ffcd20e0...
info|2019-11-12 23:00:28.135965|[g:1][CONSENSUS][PBFT]checkTimeout Succ,view=16827,toView=16828,nodeIdx=3,changeCycle=0,myNode=db2b0552...,timecost=1.469
info|2019-11-12 23:00:28.144054|[g:1][CONSENSUS][PBFT]checkAndChangeView: Reach consensus,org_view=16827,org_changeCycle=0,cur_changeCycle=0,to_view=16828
info|2019-11-12 23:00:29.154210|[g:1][CONSENSUS]addRawPrepare,height=3,reqIdx=2,hash=f7369a92...
info|2019-11-12 23:00:29.154459|[g:1][CONSENSUS][PBFT]checkTimeout Succ,view=16828,toView=16829,nodeIdx=3,changeCycle=0,myNode=db2b0552...,timecost=0.221
info|2019-11-12 23:00:29.156352|[g:1][CONSENSUS][PBFT]checkAndChangeView: Reach consensus,org_view=16828,org_changeCycle=0,cur_changeCycle=0,to_view=16829
info|2019-11-12 23:00:30.156285|[g:1][CONSENSUS][SEALER]++++++++++++++++ Generating seal on,blkNum=3,tx=0,nodeIdx=3,hash=64f0521b...
info|2019-11-12 23:00:30.165253|[g:1][CONSENSUS][PBFT]checkTimeout Succ,view=16829,toView=16830,nodeIdx=3,changeCycle=0,myNode=db2b0552...,timecost=0.224
info|2019-11-12 23:00:30.167102|[g:1][CONSENSUS][PBFT]checkAndChangeView: Reach consensus,org_view=16829,org_changeCycle=0,cur_changeCycle=0,to_view=16830
info|2019-11-12 23:00:31.169259|[g:1][CONSENSUS]addRawPrepare,height=3,reqIdx=0,hash=56105ba4...
info|2019-11-12 23:00:31.169619|[g:1][CONSENSUS][PBFT]checkTimeout Succ,view=16830,toView=16831,nodeIdx=3,changeCycle=0,myNode=db2b0552...,timecost=0.317
info|2019-11-12 23:00:31.171479|[g:1][CONSENSUS][PBFT]checkAndChangeView: Reach consensus,org_view=16830,org_changeCycle=0,cur_changeCycle=0,to_view=16831
info|2019-11-12 23:00:32.176777|[g:1][CONSENSUS]addRawPrepare,height=3,reqIdx=1,hash=c425ef28...
info|2019-11-12 23:00:32.177016|[g:1][CONSENSUS][PBFT]checkTimeout Succ,view=16831,toView=16832,nodeIdx=3,changeCycle=0,myNode=db2b0552...,timecost=0.213
info|2019-11-12 23:00:32.179567|[g:1][CONSENSUS][PBFT]checkAndChangeView: Reach consensus,org_view=16831,org_changeCycle=0,cur_changeCycle=0,to_view=16832
info|2019-11-12 23:00:33.042271|[P2P][Service] heartBeat,connected count=3
info|2019-11-12 23:00:33.188610|[g:1][CONSENSUS]addRawPrepare,height=3,reqIdx=2,hash=10534228...
info|2019-11-12 23:00:33.190973|[g:1][CONSENSUS][PBFT]checkTimeout Succ,view=16832,toView=16833,nodeIdx=3,changeCycle=0,myNode=db2b0552...,timecost=2.303
info|2019-11-12 23:00:33.192002|[g:1][CONSENSUS][PBFT]checkAndChangeView: Reach consensus,org_view=16832,org_changeCycle=0,cur_changeCycle=0,to_view=16833
info|2019-11-12 23:00:34.192502|[g:1][CONSENSUS][SEALER]++++++++++++++++ Generating seal on,blkNum=3,tx=0,nodeIdx=3,hash=24991aca...
info|2019-11-12 23:00:34.202930|[g:1][CONSENSUS][PBFT]checkTimeout Succ,view=16833,toView=16834,nodeIdx=3,changeCycle=0,myNode=db2b0552...,timecost=0.227
info|2019-11-12 23:00:34.204097|[g:1][CONSENSUS][PBFT]checkAndChangeView: Reach consensus,org_view=16833,org_changeCycle=0,cur_changeCycle=0,to_view=16834
info|2019-11-12 23:00:35.206587|[g:1][CONSENSUS]addRawPrepare,height=3,reqIdx=0,hash=8b52ee88...
info|2019-11-12 23:00:35.206843|[g:1][CONSENSUS][PBFT]checkTimeout Succ,view=16834,toView=16835,nodeIdx=3,changeCycle=0,myNode=db2b0552...,timecost=0.222
info|2019-11-12 23:00:35.208831|[g:1][CONSENSUS][PBFT]checkAndChangeView: Reach consensus,org_view=16834,org_changeCycle=0,cur_changeCycle=0,to_view=16835
info|2019-11-12 23:00:36.214927|[g:1][CONSENSUS]addRawPrepare,height=3,reqIdx=1,hash=7836389f...
info|2019-11-12 23:00:36.215154|[g:1][CONSENSUS][PBFT]checkTimeout Succ,view=16835,toView=16836,nodeIdx=3,changeCycle=0,myNode=db2b0552...,timecost=0.203
info|2019-11-12 23:00:36.217088|[g:1][CONSENSUS][PBFT]checkAndChangeView: Reach consensus,org_view=16835,org_changeCycle=0,cur_changeCycle=0,to_view=16836
info|2019-11-12 23:00:37.224107|[g:1][CONSENSUS]addRawPrepare,height=3,reqIdx=2,hash=02aa5c9d...
info|2019-11-12 23:00:37.224383|[g:1][CONSENSUS][PBFT]checkTimeout Succ,view=16836,toView=16837,nodeIdx=3,changeCycle=0,myNode=db2b0552...,timecost=0.236
info|2019-11-12 23:00:37.228293|[g:1][CONSENSUS][PBFT]checkAndChangeView: Reach consensus,org_view=16836,org_changeCycle=0,cur_changeCycle=0,to_view=16837
info|2019-11-12 23:00:38.230465|[g:1][CONSENSUS][SEALER]++++++++++++++++ Generating seal on,blkNum=3,tx=0,nodeIdx=3,hash=3365dbae...
info|2019-11-12 23:00:38.242553|[g:1][CONSENSUS][PBFT]checkTimeout Succ,view=16837,toView=16838,nodeIdx=3,changeCycle=0,myNode=db2b0552...,timecost=0.228
info|2019-11-12 23:00:38.243718|[g:1][CONSENSUS][PBFT]checkAndChangeView: Reach consensus,org_view=16837,org_changeCycle=0,cur_changeCycle=0,to_view=16838
info|2019-11-12 23:00:39.246359|[g:1][CONSENSUS]addRawPrepare,height=3,reqIdx=0,hash=1fa98da8...
info|2019-11-12 23:00:39.246598|[g:1][CONSENSUS][PBFT]checkTimeout Succ,view=16838,toView=16839,nodeIdx=3,changeCycle=0,myNode=db2b0552...,timecost=0.215
info|2019-11-12 23:00:39.247766|[g:1][CONSENSUS][PBFT]checkAndChangeView: Reach consensus,org_view=16838,org_changeCycle=0,cur_changeCycle=0,to_view=16839
info|2019-11-12 23:00:40.257688|[g:1][CONSENSUS]addRawPrepare,height=3,reqIdx=1,hash=c6336dfc...
info|2019-11-12 23:00:40.257943|[g:1][CONSENSUS][PBFT]checkTimeout Succ,view=16839,toView=16840,nodeIdx=3,changeCycle=0,myNode=db2b0552...,timecost=0.221
info|2019-11-12 23:00:40.259998|[g:1][CONSENSUS][PBFT]checkAndChangeView: Reach consensus,org_view=16839,org_changeCycle=0,cur_changeCycle=0,to_view=16840
info|2019-11-12 23:00:41.270853|[g:1][CONSENSUS]addRawPrepare,height=3,reqIdx=2,hash=ab328429...
info|2019-11-12 23:00:41.274562|[g:1][CONSENSUS][PBFT]checkTimeout Succ,view=16840,toView=16841,nodeIdx=3,changeCycle=0,myNode=db2b0552...,timecost=3.118
info|2019-11-12 23:00:41.275027|[g:1][CONSENSUS][PBFT]checkAndChangeView: Reach consensus,org_view=16840,org_changeCycle=0,cur_changeCycle=0,to_view=16841
info|2019-11-12 23:00:42.276453|[g:1][CONSENSUS][SEALER]++++++++++++++++ Generating seal on,blkNum=3,tx=0,nodeIdx=3,hash=59c34665...
info|2019-11-12 23:00:42.284811|[g:1][CONSENSUS][PBFT]checkTimeout Succ,view=16841,toView=16842,nodeIdx=3,changeCycle=0,myNode=db2b0552...,timecost=0.341
info|2019-11-12 23:00:42.286530|[g:1][CONSENSUS][PBFT]checkAndChangeView: Reach consensus,org_view=16841,org_changeCycle=0,cur_changeCycle=0,to_view=16842
info|2019-11-12 23:00:43.042681|[P2P][Service] heartBeat,connected count=3
info|2019-11-12 23:00:43.289818|[g:1][CONSENSUS]addRawPrepare,height=3,reqIdx=0,hash=593bac2f...
info|2019-11-12 23:00:43.290093|[g:1][CONSENSUS][PBFT]checkTimeout Succ,view=16842,toView=16843,nodeIdx=3,changeCycle=0,myNode=db2b0552...,timecost=0.205
info|2019-11-12 23:00:43.291063|[g:1][CONSENSUS][PBFT]checkAndChangeView: Reach consensus,org_view=16842,org_changeCycle=0,cur_changeCycle=0,to_view=16843
info|2019-11-12 23:00:44.297154|[g:1][CONSENSUS]addRawPrepare,height=3,reqIdx=1,hash=7a3901a8...
info|2019-11-12 23:00:44.297517|[g:1][CONSENSUS][PBFT]checkTimeout Succ,view=16843,toView=16844,nodeIdx=3,changeCycle=0,myNode=db2b0552...,timecost=0.321
info|2019-11-12 23:00:44.302103|[g:1][CONSENSUS][PBFT]checkAndChangeView: Reach consensus,org_view=16843,org_changeCycle=0,cur_changeCycle=0,to_view=16844
info|2019-11-12 23:00:45.308809|[g:1][CONSENSUS]addRawPrepare,height=3,reqIdx=2,hash=6ed702b0...
info|2019-11-12 23:00:45.309095|[g:1][CONSENSUS][PBFT]checkTimeout Succ,view=16844,toView=16845,nodeIdx=3,changeCycle=0,myNode=db2b0552...,timecost=0.239
info|2019-11-12 23:00:45.314776|[g:1][CONSENSUS][PBFT]checkAndChangeView: Reach consensus,org_view=16844,org_changeCycle=0,cur_changeCycle=0,to_view=16845
info|2019-11-12 23:00:46.314400|[g:1][CONSENSUS][SEALER]++++++++++++++++ Generating seal on,blkNum=3,tx=0,nodeIdx=3,hash=3ec8ab2c...
info|2019-11-12 23:00:46.324450|[g:1][CONSENSUS][PBFT]checkTimeout Succ,view=16845,toView=16846,nodeIdx=3,changeCycle=0,myNode=db2b0552...,timecost=0.224
info|2019-11-12 23:00:46.325606|[g:1][CONSENSUS][PBFT]checkAndChangeView: Reach consensus,org_view=16845,org_changeCycle=0,cur_changeCycle=0,to_view=16846
info|2019-11-12 23:00:47.328326|[g:1][CONSENSUS]addRawPrepare,height=3,reqIdx=0,hash=370f4f69...
info|2019-11-12 23:00:47.329150|[g:1][CONSENSUS][PBFT]checkTimeout Succ,view=16846,toView=16847,nodeIdx=3,changeCycle=0,myNode=db2b0552...,timecost=0.798
info|2019-11-12 23:00:47.330449|[g:1][CONSENSUS][PBFT]checkAndChangeView: Reach consensus,org_view=16846,org_changeCycle=0,cur_changeCycle=0,to_view=16847
info|2019-11-12 23:00:48.338199|[g:1][CONSENSUS]addRawPrepare,height=3,reqIdx=1,hash=8f36a923...
info|2019-11-12 23:00:48.338428|[g:1][CONSENSUS][PBFT]checkTimeout Succ,view=16847,toView=16848,nodeIdx=3,changeCycle=0,myNode=db2b0552...,timecost=0.204
info|2019-11-12 23:00:48.339241|[g:1][CONSENSUS][PBFT]checkAndChangeView: Reach consensus,org_view=16847,org_changeCycle=0,cur_changeCycle=0,to_view=16848
info|2019-11-12 23:00:49.347393|[g:1][CONSENSUS]addRawPrepare,height=3,reqIdx=2,hash=04e5956e...
info|2019-11-12 23:00:49.352717|[g:1][CONSENSUS][PBFT]checkTimeout Succ,view=16848,toView=16849,nodeIdx=3,changeCycle=0,myNode=db2b0552...,timecost=4.763
info|2019-11-12 23:00:49.353503|[g:1][CONSENSUS][PBFT]checkAndChangeView: Reach consensus,org_view=16848,org_changeCycle=0,cur_changeCycle=0,to_view=16849
info|2019-11-12 23:00:50.354142|[g:1][CONSENSUS][SEALER]++++++++++++++++ Generating seal on,blkNum=3,tx=0,nodeIdx=3,hash=3adc6877...
info|2019-11-12 23:00:50.362952|[g:1][CONSENSUS][PBFT]checkTimeout Succ,view=16849,toView=16850,nodeIdx=3,changeCycle=0,myNode=db2b0552...,timecost=0.224
info|2019-11-12 23:00:50.364107|[g:1][CONSENSUS][PBFT]checkAndChangeView: Reach consensus,org_view=16849,org_changeCycle=0,cur_changeCycle=0,to_view=16850
info|2019-11-12 23:00:51.362702|[g:1][CONSENSUS]addRawPrepare,height=3,reqIdx=0,hash=4c520e6e...
info|2019-11-12 23:00:51.362978|[g:1][CONSENSUS][PBFT]checkTimeout Succ,view=16850,toView=16851,nodeIdx=3,changeCycle=0,myNode=db2b0552...,timecost=0.251
info|2019-11-12 23:00:51.367530|[g:1][CONSENSUS][PBFT]checkAndChangeView: Reach consensus,org_view=16850,org_changeCycle=0,cur_changeCycle=0,to_view=16851
info|2019-11-12 23:00:52.373291|[g:1][CONSENSUS]addRawPrepare,height=3,reqIdx=1,hash=e272a798...
info|2019-11-12 23:00:52.373653|[g:1][CONSENSUS][PBFT]checkTimeout Succ,view=16851,toView=16852,nodeIdx=3,changeCycle=0,myNode=db2b0552...,timecost=0.316
info|2019-11-12 23:00:52.377790|[g:1][CONSENSUS][PBFT]checkAndChangeView: Reach consensus,org_view=16851,org_changeCycle=0,cur_changeCycle=0,to_view=16852
info|2019-11-12 23:00:53.043054|[P2P][Service] heartBeat,connected count=3
info|2019-11-12 23:00:53.382357|[g:1][CONSENSUS]addRawPrepare,height=3,reqIdx=2,hash=ede10f01...
info|2019-11-12 23:00:53.382604|[g:1][CONSENSUS][PBFT]checkTimeout Succ,view=16852,toView=16853,nodeIdx=3,changeCycle=0,myNode=db2b0552...,timecost=0.218
info|2019-11-12 23:00:53.384988|[g:1][CONSENSUS][PBFT]checkAndChangeView: Reach consensus,org_view=16852,org_changeCycle=0,cur_changeCycle=0,to_view=16853
info|2019-11-12 23:00:54.386277|[g:1][CONSENSUS][SEALER]++++++++++++++++ Generating seal on,blkNum=3,tx=0,nodeIdx=3,hash=748a573c...
info|2019-11-12 23:00:54.397519|[g:1][CONSENSUS][PBFT]checkTimeout Succ,view=16853,toView=16854,nodeIdx=3,changeCycle=0,myNode=db2b0552...,timecost=0.235
info|2019-11-12 23:00:54.398718|[g:1][CONSENSUS][PBFT]checkAndChangeView: Reach consensus,org_view=16853,org_changeCycle=0,cur_changeCycle=0,to_view=16854
info|2019-11-12 23:00:55.395282|[g:1][CONSENSUS]addRawPrepare,height=3,reqIdx=0,hash=e2344201...
info|2019-11-12 23:00:55.395633|[g:1][CONSENSUS][PBFT]checkTimeout Succ,view=16854,toView=16855,nodeIdx=3,changeCycle=0,myNode=db2b0552...,timecost=0.322
info|2019-11-12 23:00:55.402330|[g:1][CONSENSUS][PBFT]checkAndChangeView: Reach consensus,org_view=16854,org_changeCycle=0,cur_changeCycle=0,to_view=16855
info|2019-11-12 23:00:56.405182|[g:1][CONSENSUS]addRawPrepare,height=3,reqIdx=1,hash=07fe88d7...
info|2019-11-12 23:00:56.405563|[g:1][CONSENSUS][PBFT]checkTimeout Succ,view=16855,toView=16856,nodeIdx=3,changeCycle=0,myNode=db2b0552...,timecost=0.351
info|2019-11-12 23:00:56.412130|[g:1][CONSENSUS][PBFT]checkAndChangeView: Reach consensus,org_view=16855,org_changeCycle=0,cur_changeCycle=0,to_view=16856
info|2019-11-12 23:00:57.414527|[g:1][CONSENSUS]addRawPrepare,height=3,reqIdx=2,hash=e431a7f5...
info|2019-11-12 23:00:57.414915|[g:1][CONSENSUS][PBFT]checkTimeout Succ,view=16856,toView=16857,nodeIdx=3,changeCycle=0,myNode=db2b0552...,timecost=0.364
info|2019-11-12 23:00:57.417795|[g:1][CONSENSUS][PBFT]checkAndChangeView: Reach consensus,org_view=16856,org_changeCycle=0,cur_changeCycle=0,to_view=16857
info|2019-11-12 23:00:58.419254|[g:1][CONSENSUS][SEALER]++++++++++++++++ Generating seal on,blkNum=3,tx=0,nodeIdx=3,hash=b1498683...
info|2019-11-12 23:00:58.431374|[g:1][CONSENSUS][PBFT]checkTimeout Succ,view=16857,toView=16858,nodeIdx=3,changeCycle=0,myNode=db2b0552...,timecost=0.493
info|2019-11-12 23:00:58.432645|[g:1][CONSENSUS][PBFT]checkAndChangeView: Reach consensus,org_view=16857,org_changeCycle=0,cur_changeCycle=0,to_view=16858
info|2019-11-12 23:00:59.431135|[g:1][CONSENSUS]addRawPrepare,height=3,reqIdx=0,hash=aed0e7e5...
info|2019-11-12 23:00:59.431368|[g:1][CONSENSUS][PBFT]checkTimeout Succ,view=16858,toView=16859,nodeIdx=3,changeCycle=0,myNode=db2b0552...,timecost=0.21
info|2019-11-12 23:00:59.432765|[g:1][CONSENSUS][PBFT]checkAndChangeView: Reach consensus,org_view=16858,org_changeCycle=0,cur_changeCycle=0,to_view=16859
info|2019-11-12 23:01:00.439254|[g:1][CONSENSUS]addRawPrepare,height=3,reqIdx=1,hash=d0f9c334...
info|2019-11-12 23:01:00.445117|[g:1][CONSENSUS][PBFT]checkTimeout Succ,view=16859,toView=16860,nodeIdx=3,changeCycle=0,myNode=db2b0552...,timecost=2.905
info|2019-11-12 23:01:00.446839|[g:1][CONSENSUS][PBFT]checkAndChangeView: Reach consensus,org_view=16859,org_changeCycle=0,cur_changeCycle=0,to_view=16860
info|2019-11-12 23:01:01.502559|[g:1][CONSENSUS]addRawPrepare,height=3,reqIdx=2,hash=5a74ae3a...
info|2019-11-12 23:01:01.515183|[g:1][CONSENSUS][PBFT]checkTimeout Succ,view=16860,toView=16861,nodeIdx=3,changeCycle=0,myNode=db2b0552...,timecost=12.454
info|2019-11-12 23:01:01.516194|[g:1][CONSENSUS][PBFT]checkAndChangeView: Reach consensus,org_view=16860,org_changeCycle=0,cur_changeCycle=0,to_view=16861
info|2019-11-12 23:01:02.517134|[g:1][CONSENSUS][SEALER]++++++++++++++++ Generating seal on,blkNum=3,tx=0,nodeIdx=3,hash=afe4ac6a...
info|2019-11-12 23:01:02.526191|[g:1][CONSENSUS][PBFT]checkTimeout Succ,view=16861,toView=16862,nodeIdx=3,changeCycle=0,myNode=db2b0552...,timecost=0.226
info|2019-11-12 23:01:02.527208|[g:1][CONSENSUS][PBFT]checkAndChangeView: Reach consensus,org_view=16861,org_changeCycle=0,cur_changeCycle=0,to_view=16862
info|2019-11-12 23:01:03.043218|[P2P][Service] heartBeat,connected count=3
info|2019-11-12 23:01:03.527588|[g:1][CONSENSUS]addRawPrepare,height=3,reqIdx=0,hash=8cd48c14...
info|2019-11-12 23:01:03.527854|[g:1][CONSENSUS][PBFT]checkTimeout Succ,view=16862,toView=16863,nodeIdx=3,changeCycle=0,myNode=db2b0552...,timecost=0.236
info|2019-11-12 23:01:03.531435|[g:1][CONSENSUS][PBFT]checkAndChangeView: Reach consensus,org_view=16862,org_changeCycle=0,cur_changeCycle=0,to_view=16863
info|2019-11-12 23:01:04.537949|[g:1][CONSENSUS]addRawPrepare,height=3,reqIdx=1,hash=56cf340e...
info|2019-11-12 23:01:04.538589|[g:1][CONSENSUS][PBFT]checkTimeout Succ,view=16863,toView=16864,nodeIdx=3,changeCycle=0,myNode=db2b0552...,timecost=0.586
info|2019-11-12 23:01:04.542805|[g:1][CONSENSUS][PBFT]checkAndChangeView: Reach consensus,org_view=16863,org_changeCycle=0,cur_changeCycle=0,to_view=16864
info|2019-11-12 23:01:05.546167|[g:1][CONSENSUS]addRawPrepare,height=3,reqIdx=2,hash=8d04bf1c...
info|2019-11-12 23:01:05.546421|[g:1][CONSENSUS][PBFT]checkTimeout Succ,view=16864,toView=16865,nodeIdx=3,changeCycle=0,myNode=db2b0552...,timecost=0.223
info|2019-11-12 23:01:05.549252|[g:1][CONSENSUS][PBFT]checkAndChangeView: Reach consensus,org_view=16864,org_changeCycle=0,cur_changeCycle=0,to_view=16865
info|2019-11-12 23:01:06.551024|[g:1][CONSENSUS][SEALER]++++++++++++++++ Generating seal on,blkNum=3,tx=0,nodeIdx=3,hash=1e1e2d45...
info|2019-11-12 23:01:06.565494|[g:1][CONSENSUS][PBFT]checkTimeout Succ,view=16865,toView=16866,nodeIdx=3,changeCycle=0,myNode=db2b0552...,timecost=0.228
info|2019-11-12 23:01:06.566603|[g:1][CONSENSUS][PBFT]checkAndChangeView: Reach consensus,org_view=16865,org_changeCycle=0,cur_changeCycle=0,to_view=16866
info|2019-11-12 23:01:07.569864|[g:1][CONSENSUS]addRawPrepare,height=3,reqIdx=0,hash=4d1e12d7...
info|2019-11-12 23:01:07.574560|[g:1][CONSENSUS][PBFT]checkTimeout Succ,view=16866,toView=16867,nodeIdx=3,changeCycle=0,myNode=db2b0552...,timecost=4.404
info|2019-11-12 23:01:07.575429|[g:1][CONSENSUS][PBFT]checkAndChangeView: Reach consensus,org_view=16866,org_changeCycle=0,cur_changeCycle=0,to_view=16867
info|2019-11-12 23:01:08.587868|[g:1][CONSENSUS]addRawPrepare,height=3,reqIdx=1,hash=0d26ae02...
info|2019-11-12 23:01:08.588241|[g:1][CONSENSUS][PBFT]checkTimeout Succ,view=16867,toView=16868,nodeIdx=3,changeCycle=0,myNode=db2b0552...,timecost=0.352
info|2019-11-12 23:01:08.591475|[g:1][CONSENSUS][PBFT]checkAndChangeView: Reach consensus,org_view=16867,org_changeCycle=0,cur_changeCycle=0,to_view=16868
info|2019-11-12 23:01:09.596369|[g:1][CONSENSUS]addRawPrepare,height=3,reqIdx=2,hash=9f33c7e8...
info|2019-11-12 23:01:09.596606|[g:1][CONSENSUS][PBFT]checkTimeout Succ,view=16868,toView=16869,nodeIdx=3,changeCycle=0,myNode=db2b0552...,timecost=0.213
info|2019-11-12 23:01:09.598360|[g:1][CONSENSUS][PBFT]checkAndChangeView: Reach consensus,org_view=16868,org_changeCycle=0,cur_changeCycle=0,to_view=16869
info|2019-11-12 23:01:10.600557|[g:1][CONSENSUS][SEALER]++++++++++++++++ Generating seal on,blkNum=3,tx=0,nodeIdx=3,hash=1b609c31...
info|2019-11-12 23:01:10.612778|[g:1][CONSENSUS][PBFT]checkTimeout Succ,view=16869,toView=16870,nodeIdx=3,changeCycle=0,myNode=db2b0552...,timecost=0.225
info|2019-11-12 23:01:10.613700|[g:1][CONSENSUS][PBFT]checkAndChangeView: Reach consensus,org_view=16869,org_changeCycle=0,cur_changeCycle=0,to_view=16870
info|2019-11-12 23:01:11.616832|[g:1][CONSENSUS]addRawPrepare,height=3,reqIdx=0,hash=486c57a6...
info|2019-11-12 23:01:11.617088|[g:1][CONSENSUS][PBFT]checkTimeout Succ,view=16870,toView=16871,nodeIdx=3,changeCycle=0,myNode=db2b0552...,timecost=0.222
info|2019-11-12 23:01:11.620331|[g:1][CONSENSUS][PBFT]checkAndChangeView: Reach consensus,org_view=16870,org_changeCycle=0,cur_changeCycle=0,to_view=16871
info|2019-11-12 23:01:12.626340|[g:1][CONSENSUS]addRawPrepare,height=3,reqIdx=1,hash=5858ba9e...
info|2019-11-12 23:01:12.626853|[g:1][CONSENSUS][PBFT]checkTimeout Succ,view=16871,toView=16872,nodeIdx=3,changeCycle=0,myNode=db2b0552...,timecost=0.415
info|2019-11-12 23:01:12.628985|[g:1][CONSENSUS][PBFT]checkAndChangeView: Reach consensus,org_view=16871,org_changeCycle=0,cur_changeCycle=0,to_view=16872
info|2019-11-12 23:01:13.043449|[P2P][Service] heartBeat,connected count=3
info|2019-11-12 23:01:13.633909|[g:1][CONSENSUS]addRawPrepare,height=3,reqIdx=2,hash=032a9374...
info|2019-11-12 23:01:13.634323|[g:1][CONSENSUS][PBFT]checkTimeout Succ,view=16872,toView=16873,nodeIdx=3,changeCycle=0,myNode=db2b0552...,timecost=0.372
info|2019-11-12 23:01:13.639071|[g:1][CONSENSUS][PBFT]checkAndChangeView: Reach consensus,org_view=16872,org_changeCycle=0,cur_changeCycle=0,to_view=16873
info|2019-11-12 23:01:14.639955|[g:1][CONSENSUS][SEALER]++++++++++++++++ Generating seal on,blkNum=3,tx=0,nodeIdx=3,hash=e5ab52f3...
info|2019-11-12 23:01:14.654925|[g:1][CONSENSUS][PBFT]checkTimeout Succ,view=16873,toView=16874,nodeIdx=3,changeCycle=0,myNode=db2b0552...,timecost=0.229
info|2019-11-12 23:01:14.656233|[g:1][CONSENSUS][PBFT]checkAndChangeView: Reach consensus,org_view=16873,org_changeCycle=0,cur_changeCycle=0,to_view=16874
info|2019-11-12 23:01:15.658324|[g:1][CONSENSUS]addRawPrepare,height=3,reqIdx=0,hash=0e100883...
info|2019-11-12 23:01:15.661962|[g:1][CONSENSUS][PBFT]checkTimeout Succ,view=16874,toView=16875,nodeIdx=3,changeCycle=0,myNode=db2b0552...,timecost=3.575
info|2019-11-12 23:01:15.663826|[g:1][CONSENSUS][PBFT]checkAndChangeView: Reach consensus,org_view=16874,org_changeCycle=0,cur_changeCycle=0,to_view=16875
info|2019-11-12 23:01:16.670752|[g:1][CONSENSUS]addRawPrepare,height=3,reqIdx=1,hash=f8e8484a...
info|2019-11-12 23:01:16.680745|[g:1][CONSENSUS][PBFT]checkTimeout Succ,view=16875,toView=16876,nodeIdx=3,changeCycle=0,myNode=db2b0552...,timecost=9.777
info|2019-11-12 23:01:16.681629|[g:1][CONSENSUS][PBFT]checkAndChangeView: Reach consensus,org_view=16875,org_changeCycle=0,cur_changeCycle=0,to_view=16876
info|2019-11-12 23:01:17.690516|[g:1][CONSENSUS]addRawPrepare,height=3,reqIdx=2,hash=19377961...
info|2019-11-12 23:01:17.693501|[g:1][CONSENSUS][PBFT]checkTimeout Succ,view=16876,toView=16877,nodeIdx=3,changeCycle=0,myNode=db2b0552...,timecost=2.912
info|2019-11-12 23:01:17.696776|[g:1][CONSENSUS][PBFT]checkAndChangeView: Reach consensus,org_view=16876,org_changeCycle=0,cur_changeCycle=0,to_view=16877
info|2019-11-12 23:01:18.696715|[g:1][CONSENSUS][SEALER]++++++++++++++++ Generating seal on,blkNum=3,tx=0,nodeIdx=3,hash=b3a4dbc9...
info|2019-11-12 23:01:18.708103|[g:1][CONSENSUS][PBFT]checkTimeout Succ,view=16877,toView=16878,nodeIdx=3,changeCycle=0,myNode=db2b0552...,timecost=0.279
info|2019-11-12 23:01:18.710548|[g:1][CONSENSUS][PBFT]checkAndChangeView: Reach consensus,org_view=16877,org_changeCycle=0,cur_changeCycle=0,to_view=16878
info|2019-11-12 23:01:19.712684|[g:1][CONSENSUS]addRawPrepare,height=3,reqIdx=0,hash=84bfb56f...
info|2019-11-12 23:01:19.712984|[g:1][CONSENSUS][PBFT]checkTimeout Succ,view=16878,toView=16879,nodeIdx=3,changeCycle=0,myNode=db2b0552...,timecost=0.276
info|2019-11-12 23:01:19.714704|[g:1][CONSENSUS][PBFT]checkAndChangeView: Reach consensus,org_view=16878,org_changeCycle=0,cur_changeCycle=0,to_view=16879
info|2019-11-12 23:01:20.724326|[g:1][CONSENSUS]addRawPrepare,height=3,reqIdx=1,hash=7c882fd5...
info|2019-11-12 23:01:20.726099|[g:1][CONSENSUS][PBFT]checkTimeout Succ,view=16879,toView=16880,nodeIdx=3,changeCycle=0,myNode=db2b0552...,timecost=1.712
info|2019-11-12 23:01:20.732279|[g:1][CONSENSUS][PBFT]checkAndChangeView: Reach consensus,org_view=16879,org_changeCycle=0,cur_changeCycle=0,to_view=16880
info|2019-11-12 23:01:21.768162|[g:1][CONSENSUS]addRawPrepare,height=3,reqIdx=2,hash=0c04d148...
info|2019-11-12 23:01:21.804750|[g:1][CONSENSUS][PBFT]checkTimeout Succ,view=16880,toView=16881,nodeIdx=3,changeCycle=0,myNode=db2b0552...,timecost=31.805
info|2019-11-12 23:01:21.806042|[g:1][CONSENSUS][PBFT]checkAndChangeView: Reach consensus,org_view=16880,org_changeCycle=0,cur_changeCycle=0,to_view=16881
info|2019-11-12 23:01:22.807172|[g:1][CONSENSUS][SEALER]++++++++++++++++ Generating seal on,blkNum=3,tx=0,nodeIdx=3,hash=512ddb0a...
info|2019-11-12 23:01:22.815620|[g:1][CONSENSUS][PBFT]checkTimeout Succ,view=16881,toView=16882,nodeIdx=3,changeCycle=0,myNode=db2b0552...,timecost=0.234
info|2019-11-12 23:01:22.816878|[g:1][CONSENSUS][PBFT]checkAndChangeView: Reach consensus,org_view=16881,org_changeCycle=0,cur_changeCycle=0,to_view=16882
info|2019-11-12 23:01:23.043959|[P2P][Service] heartBeat,connected count=3
info|2019-11-12 23:01:23.817211|[g:1][CONSENSUS]addRawPrepare,height=3,reqIdx=0,hash=a6619978...
info|2019-11-12 23:01:23.817448|[g:1][CONSENSUS][PBFT]checkTimeout Succ,view=16882,toView=16883,nodeIdx=3,changeCycle=0,myNode=db2b0552...,timecost=0.213
info|2019-11-12 23:01:23.818177|[g:1][CONSENSUS][PBFT]checkAndChangeView: Reach consensus,org_view=16882,org_changeCycle=0,cur_changeCycle=0,to_view=16883
info|2019-11-12 23:01:24.827375|[g:1][CONSENSUS]addRawPrepare,height=3,reqIdx=1,hash=78b9c937...
info|2019-11-12 23:01:24.827610|[g:1][CONSENSUS][PBFT]checkTimeout Succ,view=16883,toView=16884,nodeIdx=3,changeCycle=0,myNode=db2b0552...,timecost=0.206
info|2019-11-12 23:01:24.829317|[g:1][CONSENSUS][PBFT]checkAndChangeView: Reach consensus,org_view=16883,org_changeCycle=0,cur_changeCycle=0,to_view=16884
