info|2019-11-12 16:00:00.279607|[g:1][CONSENSUS]addRawPrepare,height=3,reqIdx=0,hash=82dc0475...
info|2019-11-12 16:00:00.279847|[g:1][CONSENSUS][PBFT]checkTimeout Succ,view=5726,toView=5727,nodeIdx=3,changeCycle=0,myNode=db2b0552...,timecost=0.214
info|2019-11-12 16:00:00.280293|[g:1][CONSENSUS][PBFT]checkAndChangeView: Reach consensus,org_view=5726,org_changeCycle=0,cur_changeCycle=0,to_view=5727
info|2019-11-12 16:00:01.285724|[g:1][CONSENSUS]addRawPrepare,height=3,reqIdx=1,hash=be25d6c2...
info|2019-11-12 16:00:01.286068|[g:1][CONSENSUS][PBFT]checkTimeout Succ,view=5727,toView=5728,nodeIdx=3,changeCycle=0,myNode=db2b0552...,timecost=0.309
info|2019-11-12 16:00:01.289837|[g:1][CONSENSUS][PBFT]checkAndChangeView: Reach consensus,org_view=5727,org_changeCycle=0,cur_changeCycle=0,to_view=5728
info|2019-11-12 16:00:02.295535|[g:1][CONSENSUS]addRawPrepare,height=3,reqIdx=2,hash=374b286f...
info|2019-11-12 16:00:02.295878|[g:1][CONSENSUS][PBFT]checkTimeout Succ,view=5728,toView=5729,nodeIdx=3,changeCycle=0,myNode=db2b0552...,timecost=0.306
info|2019-11-12 16:00:02.297903|[g:1][CONSENSUS][PBFT]checkAndChangeView: Reach consensus,org_view=5728,org_changeCycle=0,cur_changeCycle=0,to_view=5729
info|2019-11-12 16:00:03.299543|[g:1][CONSENSUS][SEALER]++++++++++++++++ Generating seal on,blkNum=3,tx=0,nodeIdx=3,hash=eccef031...
info|2019-11-12 16:00:03.311770|[g:1][CONSENSUS][PBFT]checkTimeout Succ,view=5729,toView=5730,nodeIdx=3,changeCycle=0,myNode=db2b0552...,timecost=0.225
info|2019-11-12 16:00:03.312781|[g:1][CONSENSUS][PBFT]checkAndChangeView: Reach consensus,org_view=5729,org_changeCycle=0,cur_changeCycle=0,to_view=5730
info|2019-11-12 16:00:04.313269|[g:1][CONSENSUS]addRawPrepare,height=3,reqIdx=0,hash=b1865c97...
info|2019-11-12 16:00:04.313545|[g:1][CONSENSUS][PBFT]checkTimeout Succ,view=5730,toView=5731,nodeIdx=3,changeCycle=0,myNode=db2b0552...,timecost=0.239
info|2019-11-12 16:00:04.318016|[g:1][CONSENSUS][PBFT]checkAndChangeView: Reach consensus,org_view=5730,org_changeCycle=0,cur_changeCycle=0,to_view=5731
info|2019-11-12 16:00:05.323256|[g:1][CONSENSUS]addRawPrepare,height=3,reqIdx=1,hash=c8e3ed06...
info|2019-11-12 16:00:05.323594|[g:1][CONSENSUS][PBFT]checkTimeout Succ,view=5731,toView=5732,nodeIdx=3,changeCycle=0,myNode=db2b0552...,timecost=0.304
info|2019-11-12 16:00:05.327967|[g:1][CONSENSUS][PBFT]checkAndChangeView: Reach consensus,org_view=5731,org_changeCycle=0,cur_changeCycle=0,to_view=5732
info|2019-11-12 16:00:06.331762|[g:1][CONSENSUS]addRawPrepare,height=3,reqIdx=2,hash=c7f03f7d...
info|2019-11-12 16:00:06.335066|[g:1][CONSENSUS][PBFT]checkTimeout Succ,view=5732,toView=5733,nodeIdx=3,changeCycle=0,myNode=db2b0552...,timecost=3.663
info|2019-11-12 16:00:06.340878|[g:1][CONSENSUS][PBFT]checkAndChangeView: Reach consensus,org_view=5732,org_changeCycle=0,cur_changeCycle=0,to_view=5733
info|2019-11-12 16:00:07.345035|[g:1][CONSENSUS][SEALER]++++++++++++++++ Generating seal on,blkNum=3,tx=0,nodeIdx=3,hash=362970be...
info|2019-11-12 16:00:07.356544|[g:1][CONSENSUS][PBFT]checkTimeout Succ,view=5733,toView=5734,nodeIdx=3,changeCycle=0,myNode=db2b0552...,timecost=0.222
info|2019-11-12 16:00:07.357463|[g:1][CONSENSUS][PBFT]checkAndChangeView: Reach consensus,org_view=5733,org_changeCycle=0,cur_changeCycle=0,to_view=5734
info|2019-11-12 16:00:08.360253|[g:1][CONSENSUS]addRawPrepare,height=3,reqIdx=0,hash=3c30e9a9...
info|2019-11-12 16:00:08.360525|[g:1][CONSENSUS][PBFT]checkTimeout Succ,view=5734,toView=5735,nodeIdx=3,changeCycle=0,myNode=db2b0552...,timecost=0.204
info|2019-11-12 16:00:08.365464|[g:1][CONSENSUS][PBFT]checkAndChangeView: Reach consensus,org_view=5734,org_changeCycle=0,cur_changeCycle=0,to_view=5735
info|2019-11-12 16:00:09.204160|[P2P][Service] heartBeat,connected count=3
info|2019-11-12 16:00:09.368725|[g:1][CONSENSUS][PBFT]Trigger fast-viewchange,view=5735,toView=5735,minView=5736,INFO=,reqNum=2,curNum=2,GenIdx=2,Cview=5736,view=5735,fromIdx=0,fromNode=075f8c93...,fromIp=127.0.0.1:30300,hash=8b8d4d36...,nodeIdx=3,myNode=db2b0552...
info|2019-11-12 16:00:09.368936|[g:1][CONSENSUS][PBFT]checkAndChangeView: Reach consensus,org_view=5735,org_changeCycle=0,cur_changeCycle=0,to_view=5736
info|2019-11-12 16:00:09.368942|[g:1][CONSENSUS][PBFT]checkTimeout Succ,view=5736,toView=5736,nodeIdx=3,changeCycle=0,myNode=db2b0552...,timecost=0.208
info|2019-11-12 16:00:10.375033|[g:1][CONSENSUS]addRawPrepare,height=3,reqIdx=2,hash=17dd7815...
info|2019-11-12 16:00:10.375463|[g:1][CONSENSUS][PBFT]checkTimeout Succ,view=5736,toView=5737,nodeIdx=3,changeCycle=0,myNode=db2b0552...,timecost=0.383
info|2019-11-12 16:00:10.378908|[g:1][CONSENSUS][PBFT]checkAndChangeView: Reach consensus,org_view=5736,org_changeCycle=0,cur_changeCycle=0,to_view=5737
info|2019-11-12 16:00:11.380570|[g:1][CONSENSUS][SEALER]++++++++++++++++ Generating seal on,blkNum=3,tx=0,nodeIdx=3,hash=405bf09c...
info|2019-11-12 16:00:11.389296|[g:1][CONSENSUS][PBFT]checkTimeout Succ,view=5737,toView=5738,nodeIdx=3,changeCycle=0,myNode=db2b0552...,timecost=0.455
info|2019-11-12 16:00:11.390305|[g:1][CONSENSUS][PBFT]checkAndChangeView: Reach consensus,org_view=5737,org_changeCycle=0,cur_changeCycle=0,to_view=5738
info|2019-11-12 16:00:12.391363|[g:1][CONSENSUS]addRawPrepare,height=3,reqIdx=0,hash=51326f8e...
info|2019-11-12 16:00:12.391773|[g:1][CONSENSUS][PBFT]checkTimeout Succ,view=5738,toView=5739,nodeIdx=3,changeCycle=0,myNode=db2b0552...,timecost=0.375
info|2019-11-12 16:00:12.394559|[g:1][CONSENSUS][PBFT]checkAndChangeView: Reach consensus,org_view=5738,org_changeCycle=0,cur_changeCycle=0,to_view=5739
info|2019-11-12 16:00:13.401606|[g:1][CONSENSUS]addRawPrepare,height=3,reqIdx=1,hash=d45c801a...
info|2019-11-12 16:00:13.401859|[g:1][CONSENSUS][PBFT]checkTimeout Succ,view=5739,toView=5740,nodeIdx=3,changeCycle=0,myNode=db2b0552...,timecost=0.226
info|2019-11-12 16:00:13.402516|[g:1][CONSENSUS][PBFT]checkAndChangeView: Reach consensus,org_view=5739,org_changeCycle=0,cur_changeCycle=0,to_view=5740
info|2019-11-12 16:00:14.409090|[g:1][CONSENSUS]addRawPrepare,height=3,reqIdx=2,hash=98032fcc...
info|2019-11-12 16:00:14.409333|[g:1][CONSENSUS][PBFT]checkTimeout Succ,view=5740,toView=5741,nodeIdx=3,changeCycle=0,myNode=db2b0552...,timecost=0.216
info|2019-11-12 16:00:14.410432|[g:1][CONSENSUS][PBFT]checkAndChangeView: Reach consensus,org_view=5740,org_changeCycle=0,cur_changeCycle=0,to_view=5741
info|2019-11-12 16:00:15.412146|[g:1][CONSENSUS][SEALER]++++++++++++++++ Generating seal on,blkNum=3,tx=0,nodeIdx=3,hash=296f107e...
info|2019-11-12 16:00:15.420686|[g:1][CONSENSUS][PBFT]checkTimeout Succ,view=5741,toView=5742,nodeIdx=3,changeCycle=0,myNode=db2b0552...,timecost=0.221
info|2019-11-12 16:00:15.421622|[g:1][CONSENSUS][PBFT]checkAndChangeView: Reach consensus,org_view=5741,org_changeCycle=0,cur_changeCycle=0,to_view=5742
info|2019-11-12 16:00:16.423617|[g:1][CONSENSUS]addRawPrepare,height=3,reqIdx=0,hash=cc78b39b...
info|2019-11-12 16:00:16.423956|[g:1][CONSENSUS][PBFT]checkTimeout Succ,view=5742,toView=5743,nodeIdx=3,changeCycle=0,myNode=db2b0552...,timecost=0.304
info|2019-11-12 16:00:16.425526|[g:1][CONSENSUS][PBFT]checkAndChangeView: Reach consensus,org_view=5742,org_changeCycle=0,cur_changeCycle=0,to_view=5743
info|2019-11-12 16:00:17.431436|[g:1][CONSENSUS]addRawPrepare,height=3,reqIdx=1,hash=d30cdc6c...
info|2019-11-12 16:00:17.431772|[g:1][CONSENSUS][PBFT]checkTimeout Succ,view=5743,toView=5744,nodeIdx=3,changeCycle=0,myNode=db2b0552...,timecost=0.303
info|2019-11-12 16:00:17.434452|[g:1][CONSENSUS][PBFT]checkAndChangeView: Reach consensus,org_view=5743,org_changeCycle=0,cur_changeCycle=0,to_view=5744
info|2019-11-12 16:00:18.439602|[g:1][CONSENSUS]addRawPrepare,height=3,reqIdx=2,hash=734c632e...
info|2019-11-12 16:00:18.439945|[g:1][CONSENSUS][PBFT]checkTimeout Succ,view=5744,toView=5745,nodeIdx=3,changeCycle=0,myNode=db2b0552...,timecost=0.307
info|2019-11-12 16:00:18.443562|[g:1][CONSENSUS][PBFT]checkAndChangeView: Reach consensus,org_view=5744,org_changeCycle=0,cur_changeCycle=0,to_view=5745
info|2019-11-12 16:00:19.205328|[P2P][Service] heartBeat,connected count=3
info|2019-11-12 16:00:19.445381|[g:1][CONSENSUS][SEALER]++++++++++++++++ Generating seal on,blkNum=3,tx=0,nodeIdx=3,hash=84f09e1b...
info|2019-11-12 16:00:19.454459|[g:1][CONSENSUS][PBFT]checkTimeout Succ,view=5745,toView=5746,nodeIdx=3,changeCycle=0,myNode=db2b0552...,timecost=0.309
info|2019-11-12 16:00:19.455535|[g:1][CONSENSUS][PBFT]checkAndChangeView: Reach consensus,org_view=5745,org_changeCycle=0,cur_changeCycle=0,to_view=5746
info|2019-11-12 16:00:20.456841|[g:1][CONSENSUS]addRawPrepare,height=3,reqIdx=0,hash=5e40dc7b...
info|2019-11-12 16:00:20.457234|[g:1][CONSENSUS][PBFT]checkTimeout Succ,view=5746,toView=5747,nodeIdx=3,changeCycle=0,myNode=db2b0552...,timecost=0.357
info|2019-11-12 16:00:20.459848|[g:1][CONSENSUS][PBFT]checkAndChangeView: Reach consensus,org_view=5746,org_changeCycle=0,cur_changeCycle=0,to_view=5747
info|2019-11-12 16:00:21.465107|[g:1][CONSENSUS]addRawPrepare,height=3,reqIdx=1,hash=3736b9fc...
info|2019-11-12 16:00:21.465449|[g:1][CONSENSUS][PBFT]checkTimeout Succ,view=5747,toView=5748,nodeIdx=3,changeCycle=0,myNode=db2b0552...,timecost=0.305
info|2019-11-12 16:00:21.467963|[g:1][CONSENSUS][PBFT]checkAndChangeView: Reach consensus,org_view=5747,org_changeCycle=0,cur_changeCycle=0,to_view=5748
info|2019-11-12 16:00:22.472863|[g:1][CONSENSUS]addRawPrepare,height=3,reqIdx=2,hash=861f2c68...
info|2019-11-12 16:00:22.473952|[g:1][CONSENSUS][PBFT]checkTimeout Succ,view=5748,toView=5749,nodeIdx=3,changeCycle=0,myNode=db2b0552...,timecost=1.058
info|2019-11-12 16:00:22.475569|[g:1][CONSENSUS][PBFT]checkAndChangeView: Reach consensus,org_view=5748,org_changeCycle=0,cur_changeCycle=0,to_view=5749
info|2019-11-12 16:00:23.476051|[g:1][CONSENSUS][SEALER]++++++++++++++++ Generating seal on,blkNum=3,tx=0,nodeIdx=3,hash=e12a93d3...
info|2019-11-12 16:00:23.486345|[g:1][CONSENSUS][PBFT]checkTimeout Succ,view=5749,toView=5750,nodeIdx=3,changeCycle=0,myNode=db2b0552...,timecost=0.225
info|2019-11-12 16:00:23.487299|[g:1][CONSENSUS][PBFT]checkAndChangeView: Reach consensus,org_view=5749,org_changeCycle=0,cur_changeCycle=0,to_view=5750
info|2019-11-12 16:00:24.488069|[g:1][CONSENSUS]addRawPrepare,height=3,reqIdx=0,hash=7473e868...
info|2019-11-12 16:00:24.489257|[g:1][CONSENSUS][PBFT]checkTimeout Succ,view=5750,toView=5751,nodeIdx=3,changeCycle=0,myNode=db2b0552...,timecost=1.151
info|2019-11-12 16:00:24.489717|[g:1][CONSENSUS][PBFT]checkAndChangeView: Reach consensus,org_view=5750,org_changeCycle=0,cur_changeCycle=0,to_view=5751
info|2019-11-12 16:00:25.494661|[g:1][CONSENSUS]addRawPrepare,height=3,reqIdx=1,hash=addadb42...
info|2019-11-12 16:00:25.495254|[g:1][CONSENSUS][PBFT]checkTimeout Succ,view=5751,toView=5752,nodeIdx=3,changeCycle=0,myNode=db2b0552...,timecost=0.568
info|2019-11-12 16:00:25.498135|[g:1][CONSENSUS][PBFT]checkAndChangeView: Reach consensus,org_view=5751,org_changeCycle=0,cur_changeCycle=0,to_view=5752
info|2019-11-12 16:00:26.503327|[g:1][CONSENSUS]addRawPrepare,height=3,reqIdx=2,hash=fabb0090...
info|2019-11-12 16:00:26.503661|[g:1][CONSENSUS][PBFT]checkTimeout Succ,view=5752,toView=5753,nodeIdx=3,changeCycle=0,myNode=db2b0552...,timecost=0.302
info|2019-11-12 16:00:26.505872|[g:1][CONSENSUS][PBFT]checkAndChangeView: Reach consensus,org_view=5752,org_changeCycle=0,cur_changeCycle=0,to_view=5753
info|2019-11-12 16:00:27.506588|[g:1][CONSENSUS][SEALER]++++++++++++++++ Generating seal on,blkNum=3,tx=0,nodeIdx=3,hash=beb171c5...
info|2019-11-12 16:00:27.517580|[g:1][CONSENSUS][PBFT]checkTimeout Succ,view=5753,toView=5754,nodeIdx=3,changeCycle=0,myNode=db2b0552...,timecost=0.247
info|2019-11-12 16:00:27.518818|[g:1][CONSENSUS][PBFT]checkAndChangeView: Reach consensus,org_view=5753,org_changeCycle=0,cur_changeCycle=0,to_view=5754
info|2019-11-12 16:00:28.521616|[g:1][CONSENSUS]addRawPrepare,height=3,reqIdx=0,hash=8a89a007...
info|2019-11-12 16:00:28.522013|[g:1][CONSENSUS][PBFT]checkTimeout Succ,view=5754,toView=5755,nodeIdx=3,changeCycle=0,myNode=db2b0552...,timecost=0.293
info|2019-11-12 16:00:28.527207|[g:1][CONSENSUS][PBFT]checkAndChangeView: Reach consensus,org_view=5754,org_changeCycle=0,cur_changeCycle=0,to_view=5755
info|2019-11-12 16:00:29.205434|[P2P][Service] heartBeat,connected count=3
info|2019-11-12 16:00:29.532191|[g:1][CONSENSUS]addRawPrepare,height=3,reqIdx=1,hash=7a0af014...
info|2019-11-12 16:00:29.532592|[g:1][CONSENSUS][PBFT]checkTimeout Succ,view=5755,toView=5756,nodeIdx=3,changeCycle=0,myNode=db2b0552...,timecost=0.259
info|2019-11-12 16:00:29.536048|[g:1][CONSENSUS][PBFT]checkAndChangeView: Reach consensus,org_view=5755,org_changeCycle=0,cur_changeCycle=0,to_view=5756
info|2019-11-12 16:00:30.540463|[g:1][CONSENSUS]addRawPrepare,height=3,reqIdx=2,hash=74035b2b...
info|2019-11-12 16:00:30.540866|[g:1][CONSENSUS][PBFT]checkTimeout Succ,view=5756,toView=5757,nodeIdx=3,changeCycle=0,myNode=db2b0552...,timecost=0.37
info|2019-11-12 16:00:30.543110|[g:1][CONSENSUS][PBFT]checkAndChangeView: Reach consensus,org_view=5756,org_changeCycle=0,cur_changeCycle=0,to_view=5757
info|2019-11-12 16:00:31.543176|[g:1][CONSENSUS][SEALER]++++++++++++++++ Generating seal on,blkNum=3,tx=0,nodeIdx=3,hash=12fb0582...
info|2019-11-12 16:00:31.551884|[g:1][CONSENSUS][PBFT]checkTimeout Succ,view=5757,toView=5758,nodeIdx=3,changeCycle=0,myNode=db2b0552...,timecost=0.252
info|2019-11-12 16:00:31.552855|[g:1][CONSENSUS][PBFT]checkAndChangeView: Reach consensus,org_view=5757,org_changeCycle=0,cur_changeCycle=0,to_view=5758
info|2019-11-12 16:00:32.550934|[g:1][CONSENSUS]addRawPrepare,height=3,reqIdx=0,hash=46fe5079...
info|2019-11-12 16:00:32.551317|[g:1][CONSENSUS][PBFT]checkTimeout Succ,view=5758,toView=5759,nodeIdx=3,changeCycle=0,myNode=db2b0552...,timecost=0.36
info|2019-11-12 16:00:32.556097|[g:1][CONSENSUS][PBFT]checkAndChangeView: Reach consensus,org_view=5758,org_changeCycle=0,cur_changeCycle=0,to_view=5759
info|2019-11-12 16:00:33.559658|[g:1][CONSENSUS]addRawPrepare,height=3,reqIdx=1,hash=1d9ae8d8...
info|2019-11-12 16:00:33.560003|[g:1][CONSENSUS][PBFT]checkTimeout Succ,view=5759,toView=5760,nodeIdx=3,changeCycle=0,myNode=db2b0552...,timecost=0.265
info|2019-11-12 16:00:33.566245|[g:1][CONSENSUS][PBFT]checkAndChangeView: Reach consensus,org_view=5759,org_changeCycle=0,cur_changeCycle=0,to_view=5760
info|2019-11-12 16:00:34.567038|[g:1][CONSENSUS]addRawPrepare,height=3,reqIdx=2,hash=fd558ad6...
info|2019-11-12 16:00:34.567298|[g:1][CONSENSUS][PBFT]checkTimeout Succ,view=5760,toView=5761,nodeIdx=3,changeCycle=0,myNode=db2b0552...,timecost=0.231
info|2019-11-12 16:00:34.569933|[g:1][CONSENSUS][PBFT]checkAndChangeView: Reach consensus,org_view=5760,org_changeCycle=0,cur_changeCycle=0,to_view=5761
info|2019-11-12 16:00:35.571289|[g:1][CONSENSUS][SEALER]++++++++++++++++ Generating seal on,blkNum=3,tx=0,nodeIdx=3,hash=23e20fa1...
info|2019-11-12 16:00:35.579514|[g:1][CONSENSUS][PBFT]checkTimeout Succ,view=5761,toView=5762,nodeIdx=3,changeCycle=0,myNode=db2b0552...,timecost=0.307
info|2019-11-12 16:00:35.580734|[g:1][CONSENSUS][PBFT]checkAndChangeView: Reach consensus,org_view=5761,org_changeCycle=0,cur_changeCycle=0,to_view=5762
info|2019-11-12 16:00:36.580246|[g:1][CONSENSUS]addRawPrepare,height=3,reqIdx=0,hash=54a520b9...
info|2019-11-12 16:00:36.580511|[g:1][CONSENSUS][PBFT]checkTimeout Succ,view=5762,toView=5763,nodeIdx=3,changeCycle=0,myNode=db2b0552...,timecost=0.235
info|2019-11-12 16:00:36.581930|[g:1][CONSENSUS][PBFT]checkAndChangeView: Reach consensus,org_view=5762,org_changeCycle=0,cur_changeCycle=0,to_view=5763
info|2019-11-12 16:00:37.586331|[g:1][CONSENSUS]addRawPrepare,height=3,reqIdx=1,hash=6bcb2498...
info|2019-11-12 16:00:37.586597|[g:1][CONSENSUS][PBFT]checkTimeout Succ,view=5763,toView=5764,nodeIdx=3,changeCycle=0,myNode=db2b0552...,timecost=0.235
info|2019-11-12 16:00:37.589607|[g:1][CONSENSUS][PBFT]checkAndChangeView: Reach consensus,org_view=5763,org_changeCycle=0,cur_changeCycle=0,to_view=5764
info|2019-11-12 16:00:38.593816|[g:1][CONSENSUS]addRawPrepare,height=3,reqIdx=2,hash=fbf4d72e...
info|2019-11-12 16:00:38.594238|[g:1][CONSENSUS][PBFT]checkTimeout Succ,view=5764,toView=5765,nodeIdx=3,changeCycle=0,myNode=db2b0552...,timecost=0.395
info|2019-11-12 16:00:38.597864|[g:1][CONSENSUS][PBFT]checkAndChangeView: Reach consensus,org_view=5764,org_changeCycle=0,cur_changeCycle=0,to_view=5765
info|2019-11-12 16:00:39.205647|[P2P][Service] heartBeat,connected count=3
info|2019-11-12 16:00:39.599038|[g:1][CONSENSUS][SEALER]++++++++++++++++ Generating seal on,blkNum=3,tx=0,nodeIdx=3,hash=0e3e9ccb...
info|2019-11-12 16:00:39.608505|[g:1][CONSENSUS][PBFT]checkTimeout Succ,view=5765,toView=5766,nodeIdx=3,changeCycle=0,myNode=db2b0552...,timecost=0.252
info|2019-11-12 16:00:39.609534|[g:1][CONSENSUS][PBFT]checkAndChangeView: Reach consensus,org_view=5765,org_changeCycle=0,cur_changeCycle=0,to_view=5766
info|2019-11-12 16:00:40.609022|[g:1][CONSENSUS]addRawPrepare,height=3,reqIdx=0,hash=2416ce4b...
info|2019-11-12 16:00:40.609285|[g:1][CONSENSUS][PBFT]checkTimeout Succ,view=5766,toView=5767,nodeIdx=3,changeCycle=0,myNode=db2b0552...,timecost=0.234
info|2019-11-12 16:00:40.612464|[g:1][CONSENSUS][PBFT]checkAndChangeView: Reach consensus,org_view=5766,org_changeCycle=0,cur_changeCycle=0,to_view=5767
info|2019-11-12 16:00:41.616699|[g:1][CONSENSUS]addRawPrepare,height=3,reqIdx=1,hash=4f900148...
info|2019-11-12 16:00:41.617067|[g:1][CONSENSUS][PBFT]checkTimeout Succ,view=5767,toView=5768,nodeIdx=3,changeCycle=0,myNode=db2b0552...,timecost=0.323
info|2019-11-12 16:00:41.621802|[g:1][CONSENSUS][PBFT]checkAndChangeView: Reach consensus,org_view=5767,org_changeCycle=0,cur_changeCycle=0,to_view=5768
info|2019-11-12 16:00:42.626275|[g:1][CONSENSUS]addRawPrepare,height=3,reqIdx=2,hash=3ae2f71f...
info|2019-11-12 16:00:42.626593|[g:1][CONSENSUS][PBFT]checkTimeout Succ,view=5768,toView=5769,nodeIdx=3,changeCycle=0,myNode=db2b0552...,timecost=0.294
info|2019-11-12 16:00:42.628745|[g:1][CONSENSUS][PBFT]checkAndChangeView: Reach consensus,org_view=5768,org_changeCycle=0,cur_changeCycle=0,to_view=5769
info|2019-11-12 16:00:43.630553|[g:1][CONSENSUS][SEALER]++++++++++++++++ Generating seal on,blkNum=3,tx=0,nodeIdx=3,hash=e05e627b...
info|2019-11-12 16:00:43.640543|[g:1][CONSENSUS][PBFT]checkTimeout Succ,view=5769,toView=5770,nodeIdx=3,changeCycle=0,myNode=db2b0552...,timecost=0.3
info|2019-11-12 16:00:43.641756|[g:1][CONSENSUS][PBFT]checkAndChangeView: Reach consensus,org_view=5769,org_changeCycle=0,cur_changeCycle=0,to_view=5770
info|2019-11-12 16:00:44.642323|[g:1][CONSENSUS]addRawPrepare,height=3,reqIdx=0,hash=37421a93...
info|2019-11-12 16:00:44.642574|[g:1][CONSENSUS][PBFT]checkTimeout Succ,view=5770,toView=5771,nodeIdx=3,changeCycle=0,myNode=db2b0552...,timecost=0.221
info|2019-11-12 16:00:44.643878|[g:1][CONSENSUS][PBFT]checkAndChangeView: Reach consensus,org_view=5770,org_changeCycle=0,cur_changeCycle=0,to_view=5771
info|2019-11-12 16:00:45.649511|[g:1][CONSENSUS]addRawPrepare,height=3,reqIdx=1,hash=56a7b1d1...
info|2019-11-12 16:00:45.649748|[g:1][CONSENSUS][PBFT]checkTimeout Succ,view=5771,toView=5772,nodeIdx=3,changeCycle=0,myNode=db2b0552...,timecost=0.212
info|2019-11-12 16:00:45.651623|[g:1][CONSENSUS][PBFT]checkAndChangeView: Reach consensus,org_view=5771,org_changeCycle=0,cur_changeCycle=0,to_view=5772
info|2019-11-12 16:00:46.656141|[g:1][CONSENSUS]addRawPrepare,height=3,reqIdx=2,hash=accfb4a2...
info|2019-11-12 16:00:46.656548|[g:1][CONSENSUS][PBFT]checkTimeout Succ,view=5772,toView=5773,nodeIdx=3,changeCycle=0,myNode=db2b0552...,timecost=0.369
info|2019-11-12 16:00:46.659627|[g:1][CONSENSUS][PBFT]checkAndChangeView: Reach consensus,org_view=5772,org_changeCycle=0,cur_changeCycle=0,to_view=5773
info|2019-11-12 16:00:47.659367|[g:1][CONSENSUS][SEALER]++++++++++++++++ Generating seal on,blkNum=3,tx=0,nodeIdx=3,hash=86fcf222...
info|2019-11-12 16:00:47.672302|[g:1][CONSENSUS][PBFT]checkTimeout Succ,view=5773,toView=5774,nodeIdx=3,changeCycle=0,myNode=db2b0552...,timecost=0.352
info|2019-11-12 16:00:47.673237|[g:1][CONSENSUS][PBFT]checkAndChangeView: Reach consensus,org_view=5773,org_changeCycle=0,cur_changeCycle=0,to_view=5774
info|2019-11-12 16:00:48.672977|[g:1][CONSENSUS]addRawPrepare,height=3,reqIdx=0,hash=65200c7f...
info|2019-11-12 16:00:48.673410|[g:1][CONSENSUS][PBFT]checkTimeout Succ,view=5774,toView=5775,nodeIdx=3,changeCycle=0,myNode=db2b0552...,timecost=0.398
info|2019-11-12 16:00:48.676785|[g:1][CONSENSUS][PBFT]checkAndChangeView: Reach consensus,org_view=5774,org_changeCycle=0,cur_changeCycle=0,to_view=5775
info|2019-11-12 16:00:49.205838|[P2P][Service] heartBeat,connected count=3
info|2019-11-12 16:00:49.681784|[g:1][CONSENSUS]addRawPrepare,height=3,reqIdx=1,hash=0c89d00d...
info|2019-11-12 16:00:49.682111|[g:1][CONSENSUS][PBFT]checkTimeout Succ,view=5775,toView=5776,nodeIdx=3,changeCycle=0,myNode=db2b0552...,timecost=0.293
info|2019-11-12 16:00:49.684056|[g:1][CONSENSUS][PBFT]checkAndChangeView: Reach consensus,org_view=5775,org_changeCycle=0,cur_changeCycle=0,to_view=5776
info|2019-11-12 16:00:50.688513|[g:1][CONSENSUS]addRawPrepare,height=3,reqIdx=2,hash=cfad7750...
info|2019-11-12 16:00:50.688851|[g:1][CONSENSUS][PBFT]checkTimeout Succ,view=5776,toView=5777,nodeIdx=3,changeCycle=0,myNode=db2b0552...,timecost=0.303
info|2019-11-12 16:00:50.692116|[g:1][CONSENSUS][PBFT]checkAndChangeView: Reach consensus,org_view=5776,org_changeCycle=0,cur_changeCycle=0,to_view=5777
info|2019-11-12 16:00:51.693196|[g:1][CONSENSUS][SEALER]++++++++++++++++ Generating seal on,blkNum=3,tx=0,nodeIdx=3,hash=7f59cc78...
info|2019-11-12 16:00:51.701907|[g:1][CONSENSUS][PBFT]checkTimeout Succ,view=5777,toView=5778,nodeIdx=3,changeCycle=0,myNode=db2b0552...,timecost=0.225
info|2019-11-12 16:00:51.703873|[g:1][CONSENSUS][PBFT]checkAndChangeView: Reach consensus,org_view=5777,org_changeCycle=0,cur_changeCycle=0,to_view=5778
info|2019-11-12 16:00:52.703325|[g:1][CONSENSUS]addRawPrepare,height=3,reqIdx=0,hash=6ea0692f...
info|2019-11-12 16:00:52.703677|[g:1][CONSENSUS][PBFT]checkTimeout Succ,view=5778,toView=5779,nodeIdx=3,changeCycle=0,myNode=db2b0552...,timecost=0.317
info|2019-11-12 16:00:52.706228|[g:1][CONSENSUS][PBFT]checkAndChangeView: Reach consensus,org_view=5778,org_changeCycle=0,cur_changeCycle=0,to_view=5779
info|2019-11-12 16:00:53.711731|[g:1][CONSENSUS]addRawPrepare,height=3,reqIdx=1,hash=996c71e0...
info|2019-11-12 16:00:53.711968|[g:1][CONSENSUS][PBFT]checkTimeout Succ,view=5779,toView=5780,nodeIdx=3,changeCycle=0,myNode=db2b0552...,timecost=0.212
info|2019-11-12 16:00:53.715529|[g:1][CONSENSUS][PBFT]checkAndChangeView: Reach consensus,org_view=5779,org_changeCycle=0,cur_changeCycle=0,to_view=5780
info|2019-11-12 16:00:54.718964|[g:1][CONSENSUS]addRawPrepare,height=3,reqIdx=2,hash=a2bef835...
info|2019-11-12 16:00:54.719302|[g:1][CONSENSUS][PBFT]checkTimeout Succ,view=5780,toView=5781,nodeIdx=3,changeCycle=0,myNode=db2b0552...,timecost=0.304
info|2019-11-12 16:00:54.722537|[g:1][CONSENSUS][PBFT]checkAndChangeView: Reach consensus,org_view=5780,org_changeCycle=0,cur_changeCycle=0,to_view=5781
info|2019-11-12 16:00:55.723095|[g:1][CONSENSUS][SEALER]++++++++++++++++ Generating seal on,blkNum=3,tx=0,nodeIdx=3,hash=97e4c738...
info|2019-11-12 16:00:55.732282|[g:1][CONSENSUS][PBFT]checkTimeout Succ,view=5781,toView=5782,nodeIdx=3,changeCycle=0,myNode=db2b0552...,timecost=0.226
info|2019-11-12 16:00:55.733258|[g:1][CONSENSUS][PBFT]checkAndChangeView: Reach consensus,org_view=5781,org_changeCycle=0,cur_changeCycle=0,to_view=5782
info|2019-11-12 16:00:56.733864|[g:1][CONSENSUS]addRawPrepare,height=3,reqIdx=0,hash=e0585967...
info|2019-11-12 16:00:56.734126|[g:1][CONSENSUS][PBFT]checkTimeout Succ,view=5782,toView=5783,nodeIdx=3,changeCycle=0,myNode=db2b0552...,timecost=0.232
info|2019-11-12 16:00:56.737572|[g:1][CONSENSUS][PBFT]checkAndChangeView: Reach consensus,org_view=5782,org_changeCycle=0,cur_changeCycle=0,to_view=5783
info|2019-11-12 16:00:57.742860|[g:1][CONSENSUS]addRawPrepare,height=3,reqIdx=1,hash=4443c62a...
info|2019-11-12 16:00:57.743326|[g:1][CONSENSUS][PBFT]checkTimeout Succ,view=5783,toView=5784,nodeIdx=3,changeCycle=0,myNode=db2b0552...,timecost=0.435
info|2019-11-12 16:00:57.745935|[g:1][CONSENSUS][PBFT]checkAndChangeView: Reach consensus,org_view=5783,org_changeCycle=0,cur_changeCycle=0,to_view=5784
info|2019-11-12 16:00:58.752975|[g:1][CONSENSUS]addRawPrepare,height=3,reqIdx=2,hash=16672acd...
info|2019-11-12 16:00:58.753218|[g:1][CONSENSUS][PBFT]checkTimeout Succ,view=5784,toView=5785,nodeIdx=3,changeCycle=0,myNode=db2b0552...,timecost=0.216
info|2019-11-12 16:00:58.756208|[g:1][CONSENSUS][PBFT]checkAndChangeView: Reach consensus,org_view=5784,org_changeCycle=0,cur_changeCycle=0,to_view=5785
info|2019-11-12 16:00:59.206016|[P2P][Service] heartBeat,connected count=3
info|2019-11-12 16:00:59.757098|[g:1][CONSENSUS][SEALER]++++++++++++++++ Generating seal on,blkNum=3,tx=0,nodeIdx=3,hash=4831e2c9...
info|2019-11-12 16:00:59.766170|[g:1][CONSENSUS][PBFT]checkTimeout Succ,view=5785,toView=5786,nodeIdx=3,changeCycle=0,myNode=db2b0552...,timecost=0.225
info|2019-11-12 16:00:59.767179|[g:1][CONSENSUS][PBFT]checkAndChangeView: Reach consensus,org_view=5785,org_changeCycle=0,cur_changeCycle=0,to_view=5786
info|2019-11-12 16:01:00.767321|[g:1][CONSENSUS]addRawPrepare,height=3,reqIdx=0,hash=bde3f78a...
info|2019-11-12 16:01:00.767567|[g:1][CONSENSUS][PBFT]checkTimeout Succ,view=5786,toView=5787,nodeIdx=3,changeCycle=0,myNode=db2b0552...,timecost=0.219
info|2019-11-12 16:01:00.769919|[g:1][CONSENSUS][PBFT]checkAndChangeView: Reach consensus,org_view=5786,org_changeCycle=0,cur_changeCycle=0,to_view=5787
info|2019-11-12 16:01:01.776719|[g:1][CONSENSUS]addRawPrepare,height=3,reqIdx=1,hash=b76bb929...
info|2019-11-12 16:01:01.777066|[g:1][CONSENSUS][PBFT]checkTimeout Succ,view=5787,toView=5788,nodeIdx=3,changeCycle=0,myNode=db2b0552...,timecost=0.304
info|2019-11-12 16:01:01.779106|[g:1][CONSENSUS][PBFT]checkAndChangeView: Reach consensus,org_view=5787,org_changeCycle=0,cur_changeCycle=0,to_view=5788
info|2019-11-12 16:01:02.785575|[g:1][CONSENSUS]addRawPrepare,height=3,reqIdx=2,hash=80285550...
info|2019-11-12 16:01:02.787278|[g:1][CONSENSUS][PBFT]checkTimeout Succ,view=5788,toView=5789,nodeIdx=3,changeCycle=0,myNode=db2b0552...,timecost=1.651
info|2019-11-12 16:01:02.788377|[g:1][CONSENSUS][PBFT]checkAndChangeView: Reach consensus,org_view=5788,org_changeCycle=0,cur_changeCycle=0,to_view=5789
info|2019-11-12 16:01:03.789864|[g:1][CONSENSUS][SEALER]++++++++++++++++ Generating seal on,blkNum=3,tx=0,nodeIdx=3,hash=70c5faa5...
info|2019-11-12 16:01:03.799523|[g:1][CONSENSUS][PBFT]checkTimeout Succ,view=5789,toView=5790,nodeIdx=3,changeCycle=0,myNode=db2b0552...,timecost=0.22
info|2019-11-12 16:01:03.800445|[g:1][CONSENSUS][PBFT]checkAndChangeView: Reach consensus,org_view=5789,org_changeCycle=0,cur_changeCycle=0,to_view=5790
info|2019-11-12 16:01:04.801837|[g:1][CONSENSUS][PBFT]Trigger fast-viewchange,view=5790,toView=5790,minView=5791,INFO=,reqNum=2,curNum=2,GenIdx=2,Cview=5791,view=5790,fromIdx=2,fromNode=4e86727a...,fromIp=127.0.0.1:39082,hash=8b8d4d36...,nodeIdx=3,myNode=db2b0552...
info|2019-11-12 16:01:04.802222|[g:1][CONSENSUS][PBFT]checkAndChangeView: Reach consensus,org_view=5790,org_changeCycle=0,cur_changeCycle=0,to_view=5791
info|2019-11-12 16:01:04.802228|[g:1][CONSENSUS][PBFT]checkTimeout Succ,view=5791,toView=5791,nodeIdx=3,changeCycle=0,myNode=db2b0552...,timecost=0.322
info|2019-11-12 16:01:05.808449|[g:1][CONSENSUS]addRawPrepare,height=3,reqIdx=1,hash=ea944ed9...
info|2019-11-12 16:01:05.808960|[g:1][CONSENSUS][PBFT]checkTimeout Succ,view=5791,toView=5792,nodeIdx=3,changeCycle=0,myNode=db2b0552...,timecost=0.471
info|2019-11-12 16:01:05.812043|[g:1][CONSENSUS][PBFT]checkAndChangeView: Reach consensus,org_view=5791,org_changeCycle=0,cur_changeCycle=0,to_view=5792
info|2019-11-12 16:01:06.819385|[g:1][CONSENSUS]addRawPrepare,height=3,reqIdx=2,hash=fc6ba673...
info|2019-11-12 16:01:06.821609|[g:1][CONSENSUS][PBFT]checkTimeout Succ,view=5792,toView=5793,nodeIdx=3,changeCycle=0,myNode=db2b0552...,timecost=1.858
info|2019-11-12 16:01:06.822192|[g:1][CONSENSUS][PBFT]checkAndChangeView: Reach consensus,org_view=5792,org_changeCycle=0,cur_changeCycle=0,to_view=5793
info|2019-11-12 16:01:07.824144|[g:1][CONSENSUS][SEALER]++++++++++++++++ Generating seal on,blkNum=3,tx=0,nodeIdx=3,hash=a5f95c2b...
info|2019-11-12 16:01:07.832678|[g:1][CONSENSUS][PBFT]checkTimeout Succ,view=5793,toView=5794,nodeIdx=3,changeCycle=0,myNode=db2b0552...,timecost=0.223
info|2019-11-12 16:01:07.833620|[g:1][CONSENSUS][PBFT]checkAndChangeView: Reach consensus,org_view=5793,org_changeCycle=0,cur_changeCycle=0,to_view=5794
info|2019-11-12 16:01:08.833539|[g:1][CONSENSUS]addRawPrepare,height=3,reqIdx=0,hash=2341d1c9...
info|2019-11-12 16:01:08.833867|[g:1][CONSENSUS][PBFT]checkTimeout Succ,view=5794,toView=5795,nodeIdx=3,changeCycle=0,myNode=db2b0552...,timecost=0.285
info|2019-11-12 16:01:08.876971|[g:1][CONSENSUS][PBFT]checkAndChangeView: Reach consensus,org_view=5794,org_changeCycle=0,cur_changeCycle=0,to_view=5795
info|2019-11-12 16:01:09.206210|[P2P][Service] heartBeat,connected count=3
info|2019-11-12 16:01:09.843440|[g:1][CONSENSUS]addRawPrepare,height=3,reqIdx=1,hash=e5b39da7...
info|2019-11-12 16:01:09.845377|[g:1][CONSENSUS][PBFT]checkTimeout Succ,view=5795,toView=5796,nodeIdx=3,changeCycle=0,myNode=db2b0552...,timecost=1.903
info|2019-11-12 16:01:09.845840|[g:1][CONSENSUS][PBFT]checkAndChangeView: Reach consensus,org_view=5795,org_changeCycle=0,cur_changeCycle=0,to_view=5796
info|2019-11-12 16:01:10.850053|[g:1][CONSENSUS]addRawPrepare,height=3,reqIdx=2,hash=929f8518...
info|2019-11-12 16:01:10.850386|[g:1][CONSENSUS][PBFT]checkTimeout Succ,view=5796,toView=5797,nodeIdx=3,changeCycle=0,myNode=db2b0552...,timecost=0.301
info|2019-11-12 16:01:10.851740|[g:1][CONSENSUS][PBFT]checkAndChangeView: Reach consensus,org_view=5796,org_changeCycle=0,cur_changeCycle=0,to_view=5797
info|2019-11-12 16:01:11.853142|[g:1][CONSENSUS][SEALER]++++++++++++++++ Generating seal on,blkNum=3,tx=0,nodeIdx=3,hash=ac860e63...
info|2019-11-12 16:01:11.861728|[g:1][CONSENSUS][PBFT]checkTimeout Succ,view=5797,toView=5798,nodeIdx=3,changeCycle=0,myNode=db2b0552...,timecost=0.285
info|2019-11-12 16:01:11.862850|[g:1][CONSENSUS][PBFT]checkAndChangeView: Reach consensus,org_view=5797,org_changeCycle=0,cur_changeCycle=0,to_view=5798
info|2019-11-12 16:01:12.863169|[g:1][CONSENSUS]addRawPrepare,height=3,reqIdx=0,hash=b2f5c932...
info|2019-11-12 16:01:12.863509|[g:1][CONSENSUS][PBFT]checkTimeout Succ,view=5798,toView=5799,nodeIdx=3,changeCycle=0,myNode=db2b0552...,timecost=0.305
info|2019-11-12 16:01:12.865872|[g:1][CONSENSUS][PBFT]checkAndChangeView: Reach consensus,org_view=5798,org_changeCycle=0,cur_changeCycle=0,to_view=5799
info|2019-11-12 16:01:13.869904|[g:1][CONSENSUS]addRawPrepare,height=3,reqIdx=1,hash=c8e7fb0d...
info|2019-11-12 16:01:13.870233|[g:1][CONSENSUS][PBFT]checkTimeout Succ,view=5799,toView=5800,nodeIdx=3,changeCycle=0,myNode=db2b0552...,timecost=0.294
info|2019-11-12 16:01:13.873674|[g:1][CONSENSUS][PBFT]checkAndChangeView: Reach consensus,org_view=5799,org_changeCycle=0,cur_changeCycle=0,to_view=5800
info|2019-11-12 16:01:14.878068|[g:1][CONSENSUS]addRawPrepare,height=3,reqIdx=2,hash=76885bf8...
info|2019-11-12 16:01:14.878315|[g:1][CONSENSUS][PBFT]checkTimeout Succ,view=5800,toView=5801,nodeIdx=3,changeCycle=0,myNode=db2b0552...,timecost=0.213
info|2019-11-12 16:01:14.880542|[g:1][CONSENSUS][PBFT]checkAndChangeView: Reach consensus,org_view=5800,org_changeCycle=0,cur_changeCycle=0,to_view=5801
info|2019-11-12 16:01:15.881447|[g:1][CONSENSUS][SEALER]++++++++++++++++ Generating seal on,blkNum=3,tx=0,nodeIdx=3,hash=c1fe7914...
info|2019-11-12 16:01:15.889986|[g:1][CONSENSUS][PBFT]checkTimeout Succ,view=5801,toView=5802,nodeIdx=3,changeCycle=0,myNode=db2b0552...,timecost=0.236
info|2019-11-12 16:01:15.891016|[g:1][CONSENSUS][PBFT]checkAndChangeView: Reach consensus,org_view=5801,org_changeCycle=0,cur_changeCycle=0,to_view=5802
info|2019-11-12 16:01:16.893749|[g:1][CONSENSUS]addRawPrepare,height=3,reqIdx=0,hash=b738bec2...
info|2019-11-12 16:01:16.894094|[g:1][CONSENSUS][PBFT]checkTimeout Succ,view=5802,toView=5803,nodeIdx=3,changeCycle=0,myNode=db2b0552...,timecost=0.306
info|2019-11-12 16:01:16.895784|[g:1][CONSENSUS][PBFT]checkAndChangeView: Reach consensus,org_view=5802,org_changeCycle=0,cur_changeCycle=0,to_view=5803
info|2019-11-12 16:01:17.900157|[g:1][CONSENSUS]addRawPrepare,height=3,reqIdx=1,hash=e54102f0...
info|2019-11-12 16:01:17.900398|[g:1][CONSENSUS][PBFT]checkTimeout Succ,view=5803,toView=5804,nodeIdx=3,changeCycle=0,myNode=db2b0552...,timecost=0.215
info|2019-11-12 16:01:17.902290|[g:1][CONSENSUS][PBFT]checkAndChangeView: Reach consensus,org_view=5803,org_changeCycle=0,cur_changeCycle=0,to_view=5804
info|2019-11-12 16:01:18.909953|[g:1][CONSENSUS]addRawPrepare,height=3,reqIdx=2,hash=aea32460...
info|2019-11-12 16:01:18.910182|[g:1][CONSENSUS][PBFT]checkTimeout Succ,view=5804,toView=5805,nodeIdx=3,changeCycle=0,myNode=db2b0552...,timecost=0.203
info|2019-11-12 16:01:18.912999|[g:1][CONSENSUS][PBFT]checkAndChangeView: Reach consensus,org_view=5804,org_changeCycle=0,cur_changeCycle=0,to_view=5805
info|2019-11-12 16:01:19.206406|[P2P][Service] heartBeat,connected count=3
info|2019-11-12 16:01:19.913650|[g:1][CONSENSUS][SEALER]++++++++++++++++ Generating seal on,blkNum=3,tx=0,nodeIdx=3,hash=135269c6...
info|2019-11-12 16:01:19.922292|[g:1][CONSENSUS][PBFT]checkTimeout Succ,view=5805,toView=5806,nodeIdx=3,changeCycle=0,myNode=db2b0552...,timecost=0.22
info|2019-11-12 16:01:19.923178|[g:1][CONSENSUS][PBFT]checkAndChangeView: Reach consensus,org_view=5805,org_changeCycle=0,cur_changeCycle=0,to_view=5806
info|2019-11-12 16:01:20.922218|[g:1][CONSENSUS]addRawPrepare,height=3,reqIdx=0,hash=13bc89d8...
info|2019-11-12 16:01:20.922541|[g:1][CONSENSUS][PBFT]checkTimeout Succ,view=5806,toView=5807,nodeIdx=3,changeCycle=0,myNode=db2b0552...,timecost=0.288
info|2019-11-12 16:01:20.925262|[g:1][CONSENSUS][PBFT]checkAndChangeView: Reach consensus,org_view=5806,org_changeCycle=0,cur_changeCycle=0,to_view=5807
info|2019-11-12 16:01:21.929772|[g:1][CONSENSUS]addRawPrepare,height=3,reqIdx=1,hash=fed8ea3c...
info|2019-11-12 16:01:21.930098|[g:1][CONSENSUS][PBFT]checkTimeout Succ,view=5807,toView=5808,nodeIdx=3,changeCycle=0,myNode=db2b0552...,timecost=0.291
info|2019-11-12 16:01:21.933779|[g:1][CONSENSUS][PBFT]checkAndChangeView: Reach consensus,org_view=5807,org_changeCycle=0,cur_changeCycle=0,to_view=5808
info|2019-11-12 16:01:22.937672|[g:1][CONSENSUS]addRawPrepare,height=3,reqIdx=2,hash=a0c4483a...
info|2019-11-12 16:01:22.938180|[g:1][CONSENSUS][PBFT]checkTimeout Succ,view=5808,toView=5809,nodeIdx=3,changeCycle=0,myNode=db2b0552...,timecost=0.383
info|2019-11-12 16:01:22.942324|[g:1][CONSENSUS][PBFT]checkAndChangeView: Reach consensus,org_view=5808,org_changeCycle=0,cur_changeCycle=0,to_view=5809
info|2019-11-12 16:01:23.942885|[g:1][CONSENSUS][SEALER]++++++++++++++++ Generating seal on,blkNum=3,tx=0,nodeIdx=3,hash=dc1d647e...
info|2019-11-12 16:01:23.953197|[g:1][CONSENSUS][PBFT]checkTimeout Succ,view=5809,toView=5810,nodeIdx=3,changeCycle=0,myNode=db2b0552...,timecost=0.222
info|2019-11-12 16:01:23.954066|[g:1][CONSENSUS][PBFT]checkAndChangeView: Reach consensus,org_view=5809,org_changeCycle=0,cur_changeCycle=0,to_view=5810
info|2019-11-12 16:01:24.956327|[g:1][CONSENSUS]addRawPrepare,height=3,reqIdx=0,hash=bde7c550...
info|2019-11-12 16:01:24.957343|[g:1][CONSENSUS][PBFT]checkTimeout Succ,view=5810,toView=5811,nodeIdx=3,changeCycle=0,myNode=db2b0552...,timecost=0.382
info|2019-11-12 16:01:24.958698|[g:1][CONSENSUS][PBFT]checkAndChangeView: Reach consensus,org_view=5810,org_changeCycle=0,cur_changeCycle=0,to_view=5811
info|2019-11-12 16:01:25.963426|[g:1][CONSENSUS]addRawPrepare,height=3,reqIdx=1,hash=df54098f...
info|2019-11-12 16:01:25.963785|[g:1][CONSENSUS][PBFT]checkTimeout Succ,view=5811,toView=5812,nodeIdx=3,changeCycle=0,myNode=db2b0552...,timecost=0.318
info|2019-11-12 16:01:25.966097|[g:1][CONSENSUS][PBFT]checkAndChangeView: Reach consensus,org_view=5811,org_changeCycle=0,cur_changeCycle=0,to_view=5812
info|2019-11-12 16:01:26.971294|[g:1][CONSENSUS]addRawPrepare,height=3,reqIdx=2,hash=c542705c...
info|2019-11-12 16:01:26.971709|[g:1][CONSENSUS][PBFT]checkTimeout Succ,view=5812,toView=5813,nodeIdx=3,changeCycle=0,myNode=db2b0552...,timecost=0.313
info|2019-11-12 16:01:26.975056|[g:1][CONSENSUS][PBFT]checkAndChangeView: Reach consensus,org_view=5812,org_changeCycle=0,cur_changeCycle=0,to_view=5813
info|2019-11-12 16:01:27.975517|[g:1][CONSENSUS][SEALER]++++++++++++++++ Generating seal on,blkNum=3,tx=0,nodeIdx=3,hash=077ab2e3...
info|2019-11-12 16:01:27.989819|[g:1][CONSENSUS][PBFT]checkTimeout Succ,view=5813,toView=5814,nodeIdx=3,changeCycle=0,myNode=db2b0552...,timecost=0.231
info|2019-11-12 16:01:27.991001|[g:1][CONSENSUS][PBFT]checkAndChangeView: Reach consensus,org_view=5813,org_changeCycle=0,cur_changeCycle=0,to_view=5814
info|2019-11-12 16:01:28.995251|[g:1][CONSENSUS]addRawPrepare,height=3,reqIdx=0,hash=bd2514ba...
info|2019-11-12 16:01:28.995549|[g:1][CONSENSUS][PBFT]checkTimeout Succ,view=5814,toView=5815,nodeIdx=3,changeCycle=0,myNode=db2b0552...,timecost=0.209
info|2019-11-12 16:01:28.998607|[g:1][CONSENSUS][PBFT]checkAndChangeView: Reach consensus,org_view=5814,org_changeCycle=0,cur_changeCycle=0,to_view=5815
info|2019-11-12 16:01:29.206685|[P2P][Service] heartBeat,connected count=3
info|2019-11-12 16:01:30.001569|[g:1][CONSENSUS]addRawPrepare,height=3,reqIdx=1,hash=ee1bbee2...
info|2019-11-12 16:01:30.004220|[g:1][CONSENSUS][PBFT]checkTimeout Succ,view=5815,toView=5816,nodeIdx=3,changeCycle=0,myNode=db2b0552...,timecost=2.533
info|2019-11-12 16:01:30.006400|[g:1][CONSENSUS][PBFT]checkAndChangeView: Reach consensus,org_view=5815,org_changeCycle=0,cur_changeCycle=0,to_view=5816
info|2019-11-12 16:01:31.011618|[g:1][CONSENSUS]addRawPrepare,height=3,reqIdx=2,hash=c13fe869...
info|2019-11-12 16:01:31.011959|[g:1][CONSENSUS][PBFT]checkTimeout Succ,view=5816,toView=5817,nodeIdx=3,changeCycle=0,myNode=db2b0552...,timecost=0.305
info|2019-11-12 16:01:31.013913|[g:1][CONSENSUS][PBFT]checkAndChangeView: Reach consensus,org_view=5816,org_changeCycle=0,cur_changeCycle=0,to_view=5817
info|2019-11-12 16:01:32.014736|[g:1][CONSENSUS][SEALER]++++++++++++++++ Generating seal on,blkNum=3,tx=0,nodeIdx=3,hash=6dcfa31c...
info|2019-11-12 16:01:32.024687|[g:1][CONSENSUS][PBFT]checkTimeout Succ,view=5817,toView=5818,nodeIdx=3,changeCycle=0,myNode=db2b0552...,timecost=0.289
info|2019-11-12 16:01:32.025643|[g:1][CONSENSUS][PBFT]checkAndChangeView: Reach consensus,org_view=5817,org_changeCycle=0,cur_changeCycle=0,to_view=5818
info|2019-11-12 16:01:33.025862|[g:1][CONSENSUS]addRawPrepare,height=3,reqIdx=0,hash=67f140de...
info|2019-11-12 16:01:33.026372|[g:1][CONSENSUS][PBFT]checkTimeout Succ,view=5818,toView=5819,nodeIdx=3,changeCycle=0,myNode=db2b0552...,timecost=0.466
info|2019-11-12 16:01:33.030919|[g:1][CONSENSUS][PBFT]checkAndChangeView: Reach consensus,org_view=5818,org_changeCycle=0,cur_changeCycle=0,to_view=5819
info|2019-11-12 16:01:34.036112|[g:1][CONSENSUS]addRawPrepare,height=3,reqIdx=1,hash=1b6a4bad...
info|2019-11-12 16:01:34.036503|[g:1][CONSENSUS][PBFT]checkTimeout Succ,view=5819,toView=5820,nodeIdx=3,changeCycle=0,myNode=db2b0552...,timecost=0.294
info|2019-11-12 16:01:34.040711|[g:1][CONSENSUS][PBFT]checkAndChangeView: Reach consensus,org_view=5819,org_changeCycle=0,cur_changeCycle=0,to_view=5820
info|2019-11-12 16:01:35.044653|[g:1][CONSENSUS]addRawPrepare,height=3,reqIdx=2,hash=e9c1b336...
info|2019-11-12 16:01:35.044975|[g:1][CONSENSUS][PBFT]checkTimeout Succ,view=5820,toView=5821,nodeIdx=3,changeCycle=0,myNode=db2b0552...,timecost=0.288
info|2019-11-12 16:01:35.048631|[g:1][CONSENSUS][PBFT]checkAndChangeView: Reach consensus,org_view=5820,org_changeCycle=0,cur_changeCycle=0,to_view=5821
info|2019-11-12 16:01:36.049245|[g:1][CONSENSUS][SEALER]++++++++++++++++ Generating seal on,blkNum=3,tx=0,nodeIdx=3,hash=db9408c9...
info|2019-11-12 16:01:36.057209|[g:1][CONSENSUS][PBFT]checkTimeout Succ,view=5821,toView=5822,nodeIdx=3,changeCycle=0,myNode=db2b0552...,timecost=0.227
info|2019-11-12 16:01:36.058181|[g:1][CONSENSUS][PBFT]checkAndChangeView: Reach consensus,org_view=5821,org_changeCycle=0,cur_changeCycle=0,to_view=5822
info|2019-11-12 16:01:37.058779|[g:1][CONSENSUS]addRawPrepare,height=3,reqIdx=0,hash=90e3e4f2...
info|2019-11-12 16:01:37.059234|[g:1][CONSENSUS][PBFT]checkTimeout Succ,view=5822,toView=5823,nodeIdx=3,changeCycle=0,myNode=db2b0552...,timecost=0.404
info|2019-11-12 16:01:37.064774|[g:1][CONSENSUS][PBFT]checkAndChangeView: Reach consensus,org_view=5822,org_changeCycle=0,cur_changeCycle=0,to_view=5823
info|2019-11-12 16:01:38.070680|[g:1][CONSENSUS]addRawPrepare,height=3,reqIdx=1,hash=2ea27cb3...
info|2019-11-12 16:01:38.070943|[g:1][CONSENSUS][PBFT]checkTimeout Succ,view=5823,toView=5824,nodeIdx=3,changeCycle=0,myNode=db2b0552...,timecost=0.235
info|2019-11-12 16:01:38.072176|[g:1][CONSENSUS][PBFT]checkAndChangeView: Reach consensus,org_view=5823,org_changeCycle=0,cur_changeCycle=0,to_view=5824
info|2019-11-12 16:01:39.080231|[g:1][CONSENSUS]addRawPrepare,height=3,reqIdx=2,hash=6098f2c3...
info|2019-11-12 16:01:39.080952|[g:1][CONSENSUS][PBFT]checkTimeout Succ,view=5824,toView=5825,nodeIdx=3,changeCycle=0,myNode=db2b0552...,timecost=0.678
info|2019-11-12 16:01:39.082121|[g:1][CONSENSUS][PBFT]checkAndChangeView: Reach consensus,org_view=5824,org_changeCycle=0,cur_changeCycle=0,to_view=5825
info|2019-11-12 16:01:39.207375|[P2P][Service] heartBeat,connected count=3
info|2019-11-12 16:01:40.082493|[g:1][CONSENSUS][SEALER]++++++++++++++++ Generating seal on,blkNum=3,tx=0,nodeIdx=3,hash=bbb13e2c...
info|2019-11-12 16:01:40.100152|[g:1][CONSENSUS][PBFT]checkTimeout Succ,view=5825,toView=5826,nodeIdx=3,changeCycle=0,myNode=db2b0552...,timecost=0.469
info|2019-11-12 16:01:40.102090|[g:1][CONSENSUS][PBFT]checkAndChangeView: Reach consensus,org_view=5825,org_changeCycle=0,cur_changeCycle=0,to_view=5826
info|2019-11-12 16:01:41.108175|[g:1][CONSENSUS]addRawPrepare,height=3,reqIdx=0,hash=020d01fd...
info|2019-11-12 16:01:41.109463|[g:1][CONSENSUS][PBFT]checkTimeout Succ,view=5826,toView=5827,nodeIdx=3,changeCycle=0,myNode=db2b0552...,timecost=1.182
info|2019-11-12 16:01:41.115030|[g:1][CONSENSUS][PBFT]checkAndChangeView: Reach consensus,org_view=5826,org_changeCycle=0,cur_changeCycle=0,to_view=5827
info|2019-11-12 16:01:42.121553|[g:1][CONSENSUS]addRawPrepare,height=3,reqIdx=1,hash=a79a4d39...
info|2019-11-12 16:01:42.122102|[g:1][CONSENSUS][PBFT]checkTimeout Succ,view=5827,toView=5828,nodeIdx=3,changeCycle=0,myNode=db2b0552...,timecost=0.514
info|2019-11-12 16:01:42.126242|[g:1][CONSENSUS][PBFT]checkAndChangeView: Reach consensus,org_view=5827,org_changeCycle=0,cur_changeCycle=0,to_view=5828
info|2019-11-12 16:01:43.129068|[g:1][CONSENSUS]addRawPrepare,height=3,reqIdx=2,hash=f89c060d...
info|2019-11-12 16:01:43.129463|[g:1][CONSENSUS][PBFT]checkTimeout Succ,view=5828,toView=5829,nodeIdx=3,changeCycle=0,myNode=db2b0552...,timecost=0.359
info|2019-11-12 16:01:43.133324|[g:1][CONSENSUS][PBFT]checkAndChangeView: Reach consensus,org_view=5828,org_changeCycle=0,cur_changeCycle=0,to_view=5829
info|2019-11-12 16:01:44.135116|[g:1][CONSENSUS][SEALER]++++++++++++++++ Generating seal on,blkNum=3,tx=0,nodeIdx=3,hash=904ddf16...
info|2019-11-12 16:01:44.145567|[g:1][CONSENSUS][PBFT]checkTimeout Succ,view=5829,toView=5830,nodeIdx=3,changeCycle=0,myNode=db2b0552...,timecost=0.257
info|2019-11-12 16:01:44.146444|[g:1][CONSENSUS][PBFT]checkAndChangeView: Reach consensus,org_view=5829,org_changeCycle=0,cur_changeCycle=0,to_view=5830
info|2019-11-12 16:01:45.147135|[g:1][CONSENSUS]addRawPrepare,height=3,reqIdx=0,hash=8ba0f229...
info|2019-11-12 16:01:45.150009|[g:1][CONSENSUS][PBFT]checkTimeout Succ,view=5830,toView=5831,nodeIdx=3,changeCycle=0,myNode=db2b0552...,timecost=2.102
info|2019-11-12 16:01:45.150887|[g:1][CONSENSUS][PBFT]checkAndChangeView: Reach consensus,org_view=5830,org_changeCycle=0,cur_changeCycle=0,to_view=5831
info|2019-11-12 16:01:46.153941|[g:1][CONSENSUS]addRawPrepare,height=3,reqIdx=1,hash=8d5312b6...
info|2019-11-12 16:01:46.154323|[g:1][CONSENSUS][PBFT]checkTimeout Succ,view=5831,toView=5832,nodeIdx=3,changeCycle=0,myNode=db2b0552...,timecost=0.358
info|2019-11-12 16:01:46.158422|[g:1][CONSENSUS][PBFT]checkAndChangeView: Reach consensus,org_view=5831,org_changeCycle=0,cur_changeCycle=0,to_view=5832
info|2019-11-12 16:01:47.161127|[g:1][CONSENSUS]addRawPrepare,height=3,reqIdx=2,hash=eb156ab9...
info|2019-11-12 16:01:47.161492|[g:1][CONSENSUS][PBFT]checkTimeout Succ,view=5832,toView=5833,nodeIdx=3,changeCycle=0,myNode=db2b0552...,timecost=0.285
info|2019-11-12 16:01:47.166306|[g:1][CONSENSUS][PBFT]checkAndChangeView: Reach consensus,org_view=5832,org_changeCycle=0,cur_changeCycle=0,to_view=5833
info|2019-11-12 16:01:48.166605|[g:1][CONSENSUS][SEALER]++++++++++++++++ Generating seal on,blkNum=3,tx=0,nodeIdx=3,hash=ba2fc501...
info|2019-11-12 16:01:48.175959|[g:1][CONSENSUS][PBFT]checkTimeout Succ,view=5833,toView=5834,nodeIdx=3,changeCycle=0,myNode=db2b0552...,timecost=0.387
info|2019-11-12 16:01:48.177404|[g:1][CONSENSUS][PBFT]checkAndChangeView: Reach consensus,org_view=5833,org_changeCycle=0,cur_changeCycle=0,to_view=5834
info|2019-11-12 16:01:49.180067|[g:1][CONSENSUS]addRawPrepare,height=3,reqIdx=0,hash=1287a039...
info|2019-11-12 16:01:49.180362|[g:1][CONSENSUS][PBFT]checkTimeout Succ,view=5834,toView=5835,nodeIdx=3,changeCycle=0,myNode=db2b0552...,timecost=0.22
info|2019-11-12 16:01:49.182727|[g:1][CONSENSUS][PBFT]checkAndChangeView: Reach consensus,org_view=5834,org_changeCycle=0,cur_changeCycle=0,to_view=5835
info|2019-11-12 16:01:49.207733|[P2P][Service] heartBeat,connected count=3
info|2019-11-12 16:01:50.187841|[g:1][CONSENSUS]addRawPrepare,height=3,reqIdx=1,hash=8fddd32d...
info|2019-11-12 16:01:50.188088|[g:1][CONSENSUS][PBFT]checkTimeout Succ,view=5835,toView=5836,nodeIdx=3,changeCycle=0,myNode=db2b0552...,timecost=0.22
info|2019-11-12 16:01:50.191278|[g:1][CONSENSUS][PBFT]checkAndChangeView: Reach consensus,org_view=5835,org_changeCycle=0,cur_changeCycle=0,to_view=5836
info|2019-11-12 16:01:51.198331|[g:1][CONSENSUS]addRawPrepare,height=3,reqIdx=2,hash=97a7b024...
info|2019-11-12 16:01:51.198834|[g:1][CONSENSUS][PBFT]checkTimeout Succ,view=5836,toView=5837,nodeIdx=3,changeCycle=0,myNode=db2b0552...,timecost=0.399
info|2019-11-12 16:01:51.202223|[g:1][CONSENSUS][PBFT]checkAndChangeView: Reach consensus,org_view=5836,org_changeCycle=0,cur_changeCycle=0,to_view=5837
info|2019-11-12 16:01:52.203697|[g:1][CONSENSUS][SEALER]++++++++++++++++ Generating seal on,blkNum=3,tx=0,nodeIdx=3,hash=a9a0f6e6...
info|2019-11-12 16:01:52.212703|[g:1][CONSENSUS][PBFT]checkTimeout Succ,view=5837,toView=5838,nodeIdx=3,changeCycle=0,myNode=db2b0552...,timecost=0.222
info|2019-11-12 16:01:52.213930|[g:1][CONSENSUS][PBFT]checkAndChangeView: Reach consensus,org_view=5837,org_changeCycle=0,cur_changeCycle=0,to_view=5838
info|2019-11-12 16:01:53.214737|[g:1][CONSENSUS]addRawPrepare,height=3,reqIdx=0,hash=caf5243e...
info|2019-11-12 16:01:53.215084|[g:1][CONSENSUS][PBFT]checkTimeout Succ,view=5838,toView=5839,nodeIdx=3,changeCycle=0,myNode=db2b0552...,timecost=0.311
info|2019-11-12 16:01:53.219409|[g:1][CONSENSUS][PBFT]checkAndChangeView: Reach consensus,org_view=5838,org_changeCycle=0,cur_changeCycle=0,to_view=5839
info|2019-11-12 16:01:54.225352|[g:1][CONSENSUS]addRawPrepare,height=3,reqIdx=1,hash=b2673128...
info|2019-11-12 16:01:54.230929|[g:1][CONSENSUS][PBFT]checkTimeout Succ,view=5839,toView=5840,nodeIdx=3,changeCycle=0,myNode=db2b0552...,timecost=5.395
info|2019-11-12 16:01:54.232921|[g:1][CONSENSUS][PBFT]checkAndChangeView: Reach consensus,org_view=5839,org_changeCycle=0,cur_changeCycle=0,to_view=5840
info|2019-11-12 16:01:55.234237|[g:1][CONSENSUS]addRawPrepare,height=3,reqIdx=2,hash=288b7851...
info|2019-11-12 16:01:55.234581|[g:1][CONSENSUS][PBFT]checkTimeout Succ,view=5840,toView=5841,nodeIdx=3,changeCycle=0,myNode=db2b0552...,timecost=0.307
info|2019-11-12 16:01:55.237171|[g:1][CONSENSUS][PBFT]checkAndChangeView: Reach consensus,org_view=5840,org_changeCycle=0,cur_changeCycle=0,to_view=5841
info|2019-11-12 16:01:56.238943|[g:1][CONSENSUS][SEALER]++++++++++++++++ Generating seal on,blkNum=3,tx=0,nodeIdx=3,hash=0ed8accc...
info|2019-11-12 16:01:56.247091|[g:1][CONSENSUS][PBFT]checkTimeout Succ,view=5841,toView=5842,nodeIdx=3,changeCycle=0,myNode=db2b0552...,timecost=0.237
info|2019-11-12 16:01:56.248169|[g:1][CONSENSUS][PBFT]checkAndChangeView: Reach consensus,org_view=5841,org_changeCycle=0,cur_changeCycle=0,to_view=5842
info|2019-11-12 16:01:57.248526|[g:1][CONSENSUS]addRawPrepare,height=3,reqIdx=0,hash=4e432cf8...
info|2019-11-12 16:01:57.248868|[g:1][CONSENSUS][PBFT]checkTimeout Succ,view=5842,toView=5843,nodeIdx=3,changeCycle=0,myNode=db2b0552...,timecost=0.307
info|2019-11-12 16:01:57.252819|[g:1][CONSENSUS][PBFT]checkAndChangeView: Reach consensus,org_view=5842,org_changeCycle=0,cur_changeCycle=0,to_view=5843
info|2019-11-12 16:01:58.256957|[g:1][CONSENSUS]addRawPrepare,height=3,reqIdx=1,hash=3eea3e6e...
info|2019-11-12 16:01:58.257208|[g:1][CONSENSUS][PBFT]checkTimeout Succ,view=5843,toView=5844,nodeIdx=3,changeCycle=0,myNode=db2b0552...,timecost=0.221
info|2019-11-12 16:01:58.260164|[g:1][CONSENSUS][PBFT]checkAndChangeView: Reach consensus,org_view=5843,org_changeCycle=0,cur_changeCycle=0,to_view=5844
info|2019-11-12 16:01:59.207998|[P2P][Service] heartBeat,connected count=3
info|2019-11-12 16:01:59.266275|[g:1][CONSENSUS]addRawPrepare,height=3,reqIdx=2,hash=110872de...
info|2019-11-12 16:01:59.266795|[g:1][CONSENSUS][PBFT]checkTimeout Succ,view=5844,toView=5845,nodeIdx=3,changeCycle=0,myNode=db2b0552...,timecost=0.486
info|2019-11-12 16:01:59.270665|[g:1][CONSENSUS][PBFT]checkAndChangeView: Reach consensus,org_view=5844,org_changeCycle=0,cur_changeCycle=0,to_view=5845
info|2019-11-12 16:02:00.270791|[g:1][CONSENSUS][SEALER]++++++++++++++++ Generating seal on,blkNum=3,tx=0,nodeIdx=3,hash=5f941043...
info|2019-11-12 16:02:00.278451|[g:1][CONSENSUS][PBFT]checkTimeout Succ,view=5845,toView=5846,nodeIdx=3,changeCycle=0,myNode=db2b0552...,timecost=0.247
info|2019-11-12 16:02:00.279583|[g:1][CONSENSUS][PBFT]checkAndChangeView: Reach consensus,org_view=5845,org_changeCycle=0,cur_changeCycle=0,to_view=5846
info|2019-11-12 16:02:01.281605|[g:1][CONSENSUS]addRawPrepare,height=3,reqIdx=0,hash=b9595ece...
info|2019-11-12 16:02:01.282021|[g:1][CONSENSUS][PBFT]checkTimeout Succ,view=5846,toView=5847,nodeIdx=3,changeCycle=0,myNode=db2b0552...,timecost=0.389
info|2019-11-12 16:02:01.285250|[g:1][CONSENSUS][PBFT]checkAndChangeView: Reach consensus,org_view=5846,org_changeCycle=0,cur_changeCycle=0,to_view=5847
info|2019-11-12 16:02:02.292104|[g:1][CONSENSUS]addRawPrepare,height=3,reqIdx=1,hash=a85505ec...
info|2019-11-12 16:02:02.292444|[g:1][CONSENSUS][PBFT]checkTimeout Succ,view=5847,toView=5848,nodeIdx=3,changeCycle=0,myNode=db2b0552...,timecost=0.306
info|2019-11-12 16:02:02.293566|[g:1][CONSENSUS][PBFT]checkAndChangeView: Reach consensus,org_view=5847,org_changeCycle=0,cur_changeCycle=0,to_view=5848
info|2019-11-12 16:02:03.298354|[g:1][CONSENSUS]addRawPrepare,height=3,reqIdx=2,hash=c95ef66b...
info|2019-11-12 16:02:03.298696|[g:1][CONSENSUS][PBFT]checkTimeout Succ,view=5848,toView=5849,nodeIdx=3,changeCycle=0,myNode=db2b0552...,timecost=0.306
info|2019-11-12 16:02:03.302131|[g:1][CONSENSUS][PBFT]checkAndChangeView: Reach consensus,org_view=5848,org_changeCycle=0,cur_changeCycle=0,to_view=5849
info|2019-11-12 16:02:04.302753|[g:1][CONSENSUS][SEALER]++++++++++++++++ Generating seal on,blkNum=3,tx=0,nodeIdx=3,hash=0f0ceb53...
info|2019-11-12 16:02:04.311551|[g:1][CONSENSUS][PBFT]checkTimeout Succ,view=5849,toView=5850,nodeIdx=3,changeCycle=0,myNode=db2b0552...,timecost=0.222
info|2019-11-12 16:02:04.312408|[g:1][CONSENSUS][PBFT]checkAndChangeView: Reach consensus,org_view=5849,org_changeCycle=0,cur_changeCycle=0,to_view=5850
info|2019-11-12 16:02:05.314121|[g:1][CONSENSUS]addRawPrepare,height=3,reqIdx=0,hash=8eed0116...
info|2019-11-12 16:02:05.314454|[g:1][CONSENSUS][PBFT]checkTimeout Succ,view=5850,toView=5851,nodeIdx=3,changeCycle=0,myNode=db2b0552...,timecost=0.304
info|2019-11-12 16:02:05.316735|[g:1][CONSENSUS][PBFT]checkAndChangeView: Reach consensus,org_view=5850,org_changeCycle=0,cur_changeCycle=0,to_view=5851
info|2019-11-12 16:02:06.321723|[g:1][CONSENSUS]addRawPrepare,height=3,reqIdx=1,hash=20c0abea...
info|2019-11-12 16:02:06.322045|[g:1][CONSENSUS][PBFT]checkTimeout Succ,view=5851,toView=5852,nodeIdx=3,changeCycle=0,myNode=db2b0552...,timecost=0.292
info|2019-11-12 16:02:06.324524|[g:1][CONSENSUS][PBFT]checkAndChangeView: Reach consensus,org_view=5851,org_changeCycle=0,cur_changeCycle=0,to_view=5852
info|2019-11-12 16:02:07.329220|[g:1][CONSENSUS]addRawPrepare,height=3,reqIdx=2,hash=b0d8a5b9...
info|2019-11-12 16:02:07.329497|[g:1][CONSENSUS][PBFT]checkTimeout Succ,view=5852,toView=5853,nodeIdx=3,changeCycle=0,myNode=db2b0552...,timecost=0.244
info|2019-11-12 16:02:07.332959|[g:1][CONSENSUS][PBFT]checkAndChangeView: Reach consensus,org_view=5852,org_changeCycle=0,cur_changeCycle=0,to_view=5853
info|2019-11-12 16:02:08.334785|[g:1][CONSENSUS][SEALER]++++++++++++++++ Generating seal on,blkNum=3,tx=0,nodeIdx=3,hash=6ec55dce...
info|2019-11-12 16:02:08.342960|[g:1][CONSENSUS][PBFT]checkTimeout Succ,view=5853,toView=5854,nodeIdx=3,changeCycle=0,myNode=db2b0552...,timecost=0.219
info|2019-11-12 16:02:08.343884|[g:1][CONSENSUS][PBFT]checkAndChangeView: Reach consensus,org_view=5853,org_changeCycle=0,cur_changeCycle=0,to_view=5854
info|2019-11-12 16:02:09.208420|[P2P][Service] heartBeat,connected count=3
info|2019-11-12 16:02:09.345278|[g:1][CONSENSUS]addRawPrepare,height=3,reqIdx=0,hash=ceb4a8c0...
info|2019-11-12 16:02:09.345617|[g:1][CONSENSUS][PBFT]checkTimeout Succ,view=5854,toView=5855,nodeIdx=3,changeCycle=0,myNode=db2b0552...,timecost=0.307
info|2019-11-12 16:02:09.347991|[g:1][CONSENSUS][PBFT]checkAndChangeView: Reach consensus,org_view=5854,org_changeCycle=0,cur_changeCycle=0,to_view=5855
info|2019-11-12 16:02:10.352693|[g:1][CONSENSUS]addRawPrepare,height=3,reqIdx=1,hash=3833aca8...
info|2019-11-12 16:02:10.353110|[g:1][CONSENSUS][PBFT]checkTimeout Succ,view=5855,toView=5856,nodeIdx=3,changeCycle=0,myNode=db2b0552...,timecost=0.376
info|2019-11-12 16:02:10.356260|[g:1][CONSENSUS][PBFT]checkAndChangeView: Reach consensus,org_view=5855,org_changeCycle=0,cur_changeCycle=0,to_view=5856
info|2019-11-12 16:02:11.361497|[g:1][CONSENSUS]addRawPrepare,height=3,reqIdx=2,hash=804c0484...
info|2019-11-12 16:02:11.363981|[g:1][CONSENSUS][PBFT]checkTimeout Succ,view=5856,toView=5857,nodeIdx=3,changeCycle=0,myNode=db2b0552...,timecost=2.439
info|2019-11-12 16:02:11.367252|[g:1][CONSENSUS][PBFT]checkAndChangeView: Reach consensus,org_view=5856,org_changeCycle=0,cur_changeCycle=0,to_view=5857
info|2019-11-12 16:02:12.368102|[g:1][CONSENSUS][SEALER]++++++++++++++++ Generating seal on,blkNum=3,tx=0,nodeIdx=3,hash=fc79c656...
info|2019-11-12 16:02:12.376552|[g:1][CONSENSUS][PBFT]checkTimeout Succ,view=5857,toView=5858,nodeIdx=3,changeCycle=0,myNode=db2b0552...,timecost=0.223
info|2019-11-12 16:02:12.377419|[g:1][CONSENSUS][PBFT]checkAndChangeView: Reach consensus,org_view=5857,org_changeCycle=0,cur_changeCycle=0,to_view=5858
info|2019-11-12 16:02:13.378432|[g:1][CONSENSUS]addRawPrepare,height=3,reqIdx=0,hash=e8067a30...
info|2019-11-12 16:02:13.378781|[g:1][CONSENSUS][PBFT]checkTimeout Succ,view=5858,toView=5859,nodeIdx=3,changeCycle=0,myNode=db2b0552...,timecost=0.312
info|2019-11-12 16:02:13.382755|[g:1][CONSENSUS][PBFT]checkAndChangeView: Reach consensus,org_view=5858,org_changeCycle=0,cur_changeCycle=0,to_view=5859
info|2019-11-12 16:02:14.389115|[g:1][CONSENSUS]addRawPrepare,height=3,reqIdx=1,hash=153a33e2...
info|2019-11-12 16:02:14.389402|[g:1][CONSENSUS][PBFT]checkTimeout Succ,view=5859,toView=5860,nodeIdx=3,changeCycle=0,myNode=db2b0552...,timecost=0.256
info|2019-11-12 16:02:14.391513|[g:1][CONSENSUS][PBFT]checkAndChangeView: Reach consensus,org_view=5859,org_changeCycle=0,cur_changeCycle=0,to_view=5860
info|2019-11-12 16:02:15.399188|[g:1][CONSENSUS]addRawPrepare,height=3,reqIdx=2,hash=edfdeeaf...
info|2019-11-12 16:02:15.400437|[g:1][CONSENSUS][PBFT]checkTimeout Succ,view=5860,toView=5861,nodeIdx=3,changeCycle=0,myNode=db2b0552...,timecost=1.2
info|2019-11-12 16:02:15.403927|[g:1][CONSENSUS][PBFT]checkAndChangeView: Reach consensus,org_view=5860,org_changeCycle=0,cur_changeCycle=0,to_view=5861
info|2019-11-12 16:02:16.405417|[g:1][CONSENSUS][SEALER]++++++++++++++++ Generating seal on,blkNum=3,tx=0,nodeIdx=3,hash=1666e4dd...
info|2019-11-12 16:02:16.416076|[g:1][CONSENSUS][PBFT]checkTimeout Succ,view=5861,toView=5862,nodeIdx=3,changeCycle=0,myNode=db2b0552...,timecost=0.333
info|2019-11-12 16:02:16.417818|[g:1][CONSENSUS][PBFT]checkAndChangeView: Reach consensus,org_view=5861,org_changeCycle=0,cur_changeCycle=0,to_view=5862
info|2019-11-12 16:02:17.419329|[g:1][CONSENSUS]addRawPrepare,height=3,reqIdx=0,hash=80297020...
info|2019-11-12 16:02:17.419788|[g:1][CONSENSUS][PBFT]checkTimeout Succ,view=5862,toView=5863,nodeIdx=3,changeCycle=0,myNode=db2b0552...,timecost=0.37
info|2019-11-12 16:02:17.421932|[g:1][CONSENSUS][PBFT]checkAndChangeView: Reach consensus,org_view=5862,org_changeCycle=0,cur_changeCycle=0,to_view=5863
info|2019-11-12 16:02:18.428802|[g:1][CONSENSUS]addRawPrepare,height=3,reqIdx=1,hash=0d6fab3a...
info|2019-11-12 16:02:18.429138|[g:1][CONSENSUS][PBFT]checkTimeout Succ,view=5863,toView=5864,nodeIdx=3,changeCycle=0,myNode=db2b0552...,timecost=0.304
info|2019-11-12 16:02:18.431425|[g:1][CONSENSUS][PBFT]checkAndChangeView: Reach consensus,org_view=5863,org_changeCycle=0,cur_changeCycle=0,to_view=5864
info|2019-11-12 16:02:19.208682|[P2P][Service] heartBeat,connected count=3
info|2019-11-12 16:02:19.438373|[g:1][CONSENSUS]addRawPrepare,height=3,reqIdx=2,hash=bae7c103...
info|2019-11-12 16:02:19.438688|[g:1][CONSENSUS][PBFT]checkTimeout Succ,view=5864,toView=5865,nodeIdx=3,changeCycle=0,myNode=db2b0552...,timecost=0.284
info|2019-11-12 16:02:19.441005|[g:1][CONSENSUS][PBFT]checkAndChangeView: Reach consensus,org_view=5864,org_changeCycle=0,cur_changeCycle=0,to_view=5865
info|2019-11-12 16:02:20.441620|[g:1][CONSENSUS][SEALER]++++++++++++++++ Generating seal on,blkNum=3,tx=0,nodeIdx=3,hash=4d0a3329...
info|2019-11-12 16:02:20.449765|[g:1][CONSENSUS][PBFT]checkTimeout Succ,view=5865,toView=5866,nodeIdx=3,changeCycle=0,myNode=db2b0552...,timecost=0.22
info|2019-11-12 16:02:20.450658|[g:1][CONSENSUS][PBFT]checkAndChangeView: Reach consensus,org_view=5865,org_changeCycle=0,cur_changeCycle=0,to_view=5866
info|2019-11-12 16:02:21.452824|[g:1][CONSENSUS]addRawPrepare,height=3,reqIdx=0,hash=cd93e3f3...
info|2019-11-12 16:02:21.453183|[g:1][CONSENSUS][PBFT]checkTimeout Succ,view=5866,toView=5867,nodeIdx=3,changeCycle=0,myNode=db2b0552...,timecost=0.318
info|2019-11-12 16:02:21.455613|[g:1][CONSENSUS][PBFT]checkAndChangeView: Reach consensus,org_view=5866,org_changeCycle=0,cur_changeCycle=0,to_view=5867
info|2019-11-12 16:02:22.461094|[g:1][CONSENSUS]addRawPrepare,height=3,reqIdx=1,hash=a9a98cb5...
info|2019-11-12 16:02:22.461324|[g:1][CONSENSUS][PBFT]checkTimeout Succ,view=5867,toView=5868,nodeIdx=3,changeCycle=0,myNode=db2b0552...,timecost=0.204
info|2019-11-12 16:02:22.462053|[g:1][CONSENSUS][PBFT]checkAndChangeView: Reach consensus,org_view=5867,org_changeCycle=0,cur_changeCycle=0,to_view=5868
info|2019-11-12 16:02:23.468272|[g:1][CONSENSUS]addRawPrepare,height=3,reqIdx=2,hash=dc19ae84...
info|2019-11-12 16:02:23.468620|[g:1][CONSENSUS][PBFT]checkTimeout Succ,view=5868,toView=5869,nodeIdx=3,changeCycle=0,myNode=db2b0552...,timecost=0.312
info|2019-11-12 16:02:23.472498|[g:1][CONSENSUS][PBFT]checkAndChangeView: Reach consensus,org_view=5868,org_changeCycle=0,cur_changeCycle=0,to_view=5869
info|2019-11-12 16:02:24.474345|[g:1][CONSENSUS][SEALER]++++++++++++++++ Generating seal on,blkNum=3,tx=0,nodeIdx=3,hash=22a55b35...
info|2019-11-12 16:02:24.487549|[g:1][CONSENSUS][PBFT]checkTimeout Succ,view=5869,toView=5870,nodeIdx=3,changeCycle=0,myNode=db2b0552...,timecost=0.319
info|2019-11-12 16:02:24.489157|[g:1][CONSENSUS][PBFT]checkAndChangeView: Reach consensus,org_view=5869,org_changeCycle=0,cur_changeCycle=0,to_view=5870
info|2019-11-12 16:02:25.486806|[g:1][CONSENSUS]addRawPrepare,height=3,reqIdx=0,hash=f359be24...
info|2019-11-12 16:02:25.487138|[g:1][CONSENSUS][PBFT]checkTimeout Succ,view=5870,toView=5871,nodeIdx=3,changeCycle=0,myNode=db2b0552...,timecost=0.3
info|2019-11-12 16:02:25.488357|[g:1][CONSENSUS][PBFT]checkAndChangeView: Reach consensus,org_view=5870,org_changeCycle=0,cur_changeCycle=0,to_view=5871
info|2019-11-12 16:02:26.494814|[g:1][CONSENSUS]addRawPrepare,height=3,reqIdx=1,hash=49f3bf50...
info|2019-11-12 16:02:26.495051|[g:1][CONSENSUS][PBFT]checkTimeout Succ,view=5871,toView=5872,nodeIdx=3,changeCycle=0,myNode=db2b0552...,timecost=0.212
info|2019-11-12 16:02:26.496178|[g:1][CONSENSUS][PBFT]checkAndChangeView: Reach consensus,org_view=5871,org_changeCycle=0,cur_changeCycle=0,to_view=5872
info|2019-11-12 16:02:27.500848|[g:1][CONSENSUS]addRawPrepare,height=3,reqIdx=2,hash=8b93001e...
info|2019-11-12 16:02:27.505685|[g:1][CONSENSUS][PBFT]checkTimeout Succ,view=5872,toView=5873,nodeIdx=3,changeCycle=0,myNode=db2b0552...,timecost=4.778
info|2019-11-12 16:02:27.507466|[g:1][CONSENSUS][PBFT]checkAndChangeView: Reach consensus,org_view=5872,org_changeCycle=0,cur_changeCycle=0,to_view=5873
info|2019-11-12 16:02:28.509705|[g:1][CONSENSUS][SEALER]++++++++++++++++ Generating seal on,blkNum=3,tx=0,nodeIdx=3,hash=6f5fb9c4...
info|2019-11-12 16:02:28.517910|[g:1][CONSENSUS][PBFT]checkTimeout Succ,view=5873,toView=5874,nodeIdx=3,changeCycle=0,myNode=db2b0552...,timecost=0.223
info|2019-11-12 16:02:28.518899|[g:1][CONSENSUS][PBFT]checkAndChangeView: Reach consensus,org_view=5873,org_changeCycle=0,cur_changeCycle=0,to_view=5874
info|2019-11-12 16:02:29.208973|[P2P][Service] heartBeat,connected count=3
info|2019-11-12 16:02:29.522074|[g:1][CONSENSUS]addRawPrepare,height=3,reqIdx=0,hash=1d5dc448...
info|2019-11-12 16:02:29.522407|[g:1][CONSENSUS][PBFT]checkTimeout Succ,view=5874,toView=5875,nodeIdx=3,changeCycle=0,myNode=db2b0552...,timecost=0.295
info|2019-11-12 16:02:29.524297|[g:1][CONSENSUS][PBFT]checkAndChangeView: Reach consensus,org_view=5874,org_changeCycle=0,cur_changeCycle=0,to_view=5875
info|2019-11-12 16:02:30.528629|[g:1][CONSENSUS]addRawPrepare,height=3,reqIdx=1,hash=2b72cfa3...
info|2019-11-12 16:02:30.528968|[g:1][CONSENSUS][PBFT]checkTimeout Succ,view=5875,toView=5876,nodeIdx=3,changeCycle=0,myNode=db2b0552...,timecost=0.303
info|2019-11-12 16:02:30.531082|[g:1][CONSENSUS][PBFT]checkAndChangeView: Reach consensus,org_view=5875,org_changeCycle=0,cur_changeCycle=0,to_view=5876
info|2019-11-12 16:02:31.538525|[g:1][CONSENSUS]addRawPrepare,height=3,reqIdx=2,hash=6eabb898...
info|2019-11-12 16:02:31.538808|[g:1][CONSENSUS][PBFT]checkTimeout Succ,view=5876,toView=5877,nodeIdx=3,changeCycle=0,myNode=db2b0552...,timecost=0.25
info|2019-11-12 16:02:31.539474|[g:1][CONSENSUS][PBFT]checkAndChangeView: Reach consensus,org_view=5876,org_changeCycle=0,cur_changeCycle=0,to_view=5877
info|2019-11-12 16:02:32.540632|[g:1][CONSENSUS][SEALER]++++++++++++++++ Generating seal on,blkNum=3,tx=0,nodeIdx=3,hash=6a0611ea...
info|2019-11-12 16:02:32.548859|[g:1][CONSENSUS][PBFT]checkTimeout Succ,view=5877,toView=5878,nodeIdx=3,changeCycle=0,myNode=db2b0552...,timecost=0.246
info|2019-11-12 16:02:32.549863|[g:1][CONSENSUS][PBFT]checkAndChangeView: Reach consensus,org_view=5877,org_changeCycle=0,cur_changeCycle=0,to_view=5878
info|2019-11-12 16:02:33.552498|[g:1][CONSENSUS]addRawPrepare,height=3,reqIdx=0,hash=9a0e6d96...
info|2019-11-12 16:02:33.552736|[g:1][CONSENSUS][PBFT]checkTimeout Succ,view=5878,toView=5879,nodeIdx=3,changeCycle=0,myNode=db2b0552...,timecost=0.214
info|2019-11-12 16:02:33.554552|[g:1][CONSENSUS][PBFT]checkAndChangeView: Reach consensus,org_view=5878,org_changeCycle=0,cur_changeCycle=0,to_view=5879
info|2019-11-12 16:02:34.560809|[g:1][CONSENSUS]addRawPrepare,height=3,reqIdx=1,hash=a342dd21...
info|2019-11-12 16:02:34.561147|[g:1][CONSENSUS][PBFT]checkTimeout Succ,view=5879,toView=5880,nodeIdx=3,changeCycle=0,myNode=db2b0552...,timecost=0.305
info|2019-11-12 16:02:34.564144|[g:1][CONSENSUS][PBFT]checkAndChangeView: Reach consensus,org_view=5879,org_changeCycle=0,cur_changeCycle=0,to_view=5880
info|2019-11-12 16:02:35.569403|[g:1][CONSENSUS]addRawPrepare,height=3,reqIdx=2,hash=436dd6c5...
info|2019-11-12 16:02:35.569735|[g:1][CONSENSUS][PBFT]checkTimeout Succ,view=5880,toView=5881,nodeIdx=3,changeCycle=0,myNode=db2b0552...,timecost=0.301
info|2019-11-12 16:02:35.572183|[g:1][CONSENSUS][PBFT]checkAndChangeView: Reach consensus,org_view=5880,org_changeCycle=0,cur_changeCycle=0,to_view=5881
info|2019-11-12 16:02:36.572510|[g:1][CONSENSUS][SEALER]++++++++++++++++ Generating seal on,blkNum=3,tx=0,nodeIdx=3,hash=ebb0d0a2...
info|2019-11-12 16:02:36.581210|[g:1][CONSENSUS][PBFT]checkTimeout Succ,view=5881,toView=5882,nodeIdx=3,changeCycle=0,myNode=db2b0552...,timecost=0.219
info|2019-11-12 16:02:36.582307|[g:1][CONSENSUS][PBFT]checkAndChangeView: Reach consensus,org_view=5881,org_changeCycle=0,cur_changeCycle=0,to_view=5882
info|2019-11-12 16:02:37.585895|[g:1][CONSENSUS]addRawPrepare,height=3,reqIdx=0,hash=c0fca417...
info|2019-11-12 16:02:37.586137|[g:1][CONSENSUS][PBFT]checkTimeout Succ,view=5882,toView=5883,nodeIdx=3,changeCycle=0,myNode=db2b0552...,timecost=0.215
info|2019-11-12 16:02:37.588136|[g:1][CONSENSUS][PBFT]checkAndChangeView: Reach consensus,org_view=5882,org_changeCycle=0,cur_changeCycle=0,to_view=5883
info|2019-11-12 16:02:38.598032|[g:1][CONSENSUS]addRawPrepare,height=3,reqIdx=1,hash=fe8639fd...
info|2019-11-12 16:02:38.598474|[g:1][CONSENSUS][PBFT]checkTimeout Succ,view=5883,toView=5884,nodeIdx=3,changeCycle=0,myNode=db2b0552...,timecost=0.42
info|2019-11-12 16:02:38.601902|[g:1][CONSENSUS][PBFT]checkAndChangeView: Reach consensus,org_view=5883,org_changeCycle=0,cur_changeCycle=0,to_view=5884
info|2019-11-12 16:02:39.209319|[P2P][Service] heartBeat,connected count=3
info|2019-11-12 16:02:39.606949|[g:1][CONSENSUS]addRawPrepare,height=3,reqIdx=2,hash=88f999af...
info|2019-11-12 16:02:39.607289|[g:1][CONSENSUS][PBFT]checkTimeout Succ,view=5884,toView=5885,nodeIdx=3,changeCycle=0,myNode=db2b0552...,timecost=0.304
info|2019-11-12 16:02:39.610413|[g:1][CONSENSUS][PBFT]checkAndChangeView: Reach consensus,org_view=5884,org_changeCycle=0,cur_changeCycle=0,to_view=5885
info|2019-11-12 16:02:40.610698|[g:1][CONSENSUS][SEALER]++++++++++++++++ Generating seal on,blkNum=3,tx=0,nodeIdx=3,hash=5341ac84...
info|2019-11-12 16:02:40.619150|[g:1][CONSENSUS][PBFT]checkTimeout Succ,view=5885,toView=5886,nodeIdx=3,changeCycle=0,myNode=db2b0552...,timecost=0.239
info|2019-11-12 16:02:40.620704|[g:1][CONSENSUS][PBFT]checkAndChangeView: Reach consensus,org_view=5885,org_changeCycle=0,cur_changeCycle=0,to_view=5886
info|2019-11-12 16:02:41.622612|[g:1][CONSENSUS]addRawPrepare,height=3,reqIdx=0,hash=d7855a8e...
info|2019-11-12 16:02:41.622850|[g:1][CONSENSUS][PBFT]checkTimeout Succ,view=5886,toView=5887,nodeIdx=3,changeCycle=0,myNode=db2b0552...,timecost=0.212
info|2019-11-12 16:02:41.623903|[g:1][CONSENSUS][PBFT]checkAndChangeView: Reach consensus,org_view=5886,org_changeCycle=0,cur_changeCycle=0,to_view=5887
info|2019-11-12 16:02:42.629853|[g:1][CONSENSUS]addRawPrepare,height=3,reqIdx=1,hash=1a419123...
info|2019-11-12 16:02:42.630080|[g:1][CONSENSUS][PBFT]checkTimeout Succ,view=5887,toView=5888,nodeIdx=3,changeCycle=0,myNode=db2b0552...,timecost=0.203
info|2019-11-12 16:02:42.630727|[g:1][CONSENSUS][PBFT]checkAndChangeView: Reach consensus,org_view=5887,org_changeCycle=0,cur_changeCycle=0,to_view=5888
info|2019-11-12 16:02:43.636874|[g:1][CONSENSUS]addRawPrepare,height=3,reqIdx=2,hash=8f8d728c...
info|2019-11-12 16:02:43.637209|[g:1][CONSENSUS][PBFT]checkTimeout Succ,view=5888,toView=5889,nodeIdx=3,changeCycle=0,myNode=db2b0552...,timecost=0.301
info|2019-11-12 16:02:43.639387|[g:1][CONSENSUS][PBFT]checkAndChangeView: Reach consensus,org_view=5888,org_changeCycle=0,cur_changeCycle=0,to_view=5889
info|2019-11-12 16:02:44.639805|[g:1][CONSENSUS][SEALER]++++++++++++++++ Generating seal on,blkNum=3,tx=0,nodeIdx=3,hash=bde42b76...
info|2019-11-12 16:02:44.648545|[g:1][CONSENSUS][PBFT]checkTimeout Succ,view=5889,toView=5890,nodeIdx=3,changeCycle=0,myNode=db2b0552...,timecost=0.223
info|2019-11-12 16:02:44.649345|[g:1][CONSENSUS][PBFT]checkAndChangeView: Reach consensus,org_view=5889,org_changeCycle=0,cur_changeCycle=0,to_view=5890
info|2019-11-12 16:02:45.651173|[g:1][CONSENSUS]addRawPrepare,height=3,reqIdx=0,hash=e40d7a6e...
info|2019-11-12 16:02:45.651533|[g:1][CONSENSUS][PBFT]checkTimeout Succ,view=5890,toView=5891,nodeIdx=3,changeCycle=0,myNode=db2b0552...,timecost=0.326
info|2019-11-12 16:02:45.654025|[g:1][CONSENSUS][PBFT]checkAndChangeView: Reach consensus,org_view=5890,org_changeCycle=0,cur_changeCycle=0,to_view=5891
info|2019-11-12 16:02:46.660154|[g:1][CONSENSUS]addRawPrepare,height=3,reqIdx=1,hash=0bae0b27...
info|2019-11-12 16:02:46.660491|[g:1][CONSENSUS][PBFT]checkTimeout Succ,view=5891,toView=5892,nodeIdx=3,changeCycle=0,myNode=db2b0552...,timecost=0.303
info|2019-11-12 16:02:46.662593|[g:1][CONSENSUS][PBFT]checkAndChangeView: Reach consensus,org_view=5891,org_changeCycle=0,cur_changeCycle=0,to_view=5892
info|2019-11-12 16:02:47.666588|[g:1][CONSENSUS]addRawPrepare,height=3,reqIdx=2,hash=91ea7456...
info|2019-11-12 16:02:47.666910|[g:1][CONSENSUS][PBFT]checkTimeout Succ,view=5892,toView=5893,nodeIdx=3,changeCycle=0,myNode=db2b0552...,timecost=0.29
info|2019-11-12 16:02:47.668150|[g:1][CONSENSUS][PBFT]checkAndChangeView: Reach consensus,org_view=5892,org_changeCycle=0,cur_changeCycle=0,to_view=5893
info|2019-11-12 16:02:48.669723|[g:1][CONSENSUS][SEALER]++++++++++++++++ Generating seal on,blkNum=3,tx=0,nodeIdx=3,hash=360d0784...
info|2019-11-12 16:02:48.678957|[g:1][CONSENSUS][PBFT]checkTimeout Succ,view=5893,toView=5894,nodeIdx=3,changeCycle=0,myNode=db2b0552...,timecost=0.219
info|2019-11-12 16:02:48.679898|[g:1][CONSENSUS][PBFT]checkAndChangeView: Reach consensus,org_view=5893,org_changeCycle=0,cur_changeCycle=0,to_view=5894
info|2019-11-12 16:02:49.209449|[P2P][Service] heartBeat,connected count=3
info|2019-11-12 16:02:49.681151|[g:1][CONSENSUS]addRawPrepare,height=3,reqIdx=0,hash=0e3f93c0...
info|2019-11-12 16:02:49.681548|[g:1][CONSENSUS][PBFT]checkTimeout Succ,view=5894,toView=5895,nodeIdx=3,changeCycle=0,myNode=db2b0552...,timecost=0.36
info|2019-11-12 16:02:49.684186|[g:1][CONSENSUS][PBFT]checkAndChangeView: Reach consensus,org_view=5894,org_changeCycle=0,cur_changeCycle=0,to_view=5895
info|2019-11-12 16:02:50.689906|[g:1][CONSENSUS]addRawPrepare,height=3,reqIdx=1,hash=353af65e...
info|2019-11-12 16:02:50.690266|[g:1][CONSENSUS][PBFT]checkTimeout Succ,view=5895,toView=5896,nodeIdx=3,changeCycle=0,myNode=db2b0552...,timecost=0.316
info|2019-11-12 16:02:50.692773|[g:1][CONSENSUS][PBFT]checkAndChangeView: Reach consensus,org_view=5895,org_changeCycle=0,cur_changeCycle=0,to_view=5896
info|2019-11-12 16:02:51.698962|[g:1][CONSENSUS]addRawPrepare,height=3,reqIdx=2,hash=07a6e3e5...
info|2019-11-12 16:02:51.699219|[g:1][CONSENSUS][PBFT]checkTimeout Succ,view=5896,toView=5897,nodeIdx=3,changeCycle=0,myNode=db2b0552...,timecost=0.234
info|2019-11-12 16:02:51.700969|[g:1][CONSENSUS][PBFT]checkAndChangeView: Reach consensus,org_view=5896,org_changeCycle=0,cur_changeCycle=0,to_view=5897
info|2019-11-12 16:02:52.701786|[g:1][CONSENSUS][SEALER]++++++++++++++++ Generating seal on,blkNum=3,tx=0,nodeIdx=3,hash=26f76f18...
info|2019-11-12 16:02:52.708609|[g:1][CONSENSUS][PBFT]checkTimeout Succ,view=5897,toView=5898,nodeIdx=3,changeCycle=0,myNode=db2b0552...,timecost=0.219
info|2019-11-12 16:02:52.709660|[g:1][CONSENSUS][PBFT]checkAndChangeView: Reach consensus,org_view=5897,org_changeCycle=0,cur_changeCycle=0,to_view=5898
info|2019-11-12 16:02:53.710913|[g:1][CONSENSUS]addRawPrepare,height=3,reqIdx=0,hash=a43adc25...
info|2019-11-12 16:02:53.711275|[g:1][CONSENSUS][PBFT]checkTimeout Succ,view=5898,toView=5899,nodeIdx=3,changeCycle=0,myNode=db2b0552...,timecost=0.319
info|2019-11-12 16:02:53.715087|[g:1][CONSENSUS][PBFT]checkAndChangeView: Reach consensus,org_view=5898,org_changeCycle=0,cur_changeCycle=0,to_view=5899
info|2019-11-12 16:02:54.722778|[g:1][CONSENSUS]addRawPrepare,height=3,reqIdx=1,hash=0c245a6a...
info|2019-11-12 16:02:54.723045|[g:1][CONSENSUS][PBFT]checkTimeout Succ,view=5899,toView=5900,nodeIdx=3,changeCycle=0,myNode=db2b0552...,timecost=0.232
info|2019-11-12 16:02:54.723651|[g:1][CONSENSUS][PBFT]checkAndChangeView: Reach consensus,org_view=5899,org_changeCycle=0,cur_changeCycle=0,to_view=5900
info|2019-11-12 16:02:55.728630|[g:1][CONSENSUS]addRawPrepare,height=3,reqIdx=2,hash=0f8993b9...
info|2019-11-12 16:02:55.728964|[g:1][CONSENSUS][PBFT]checkTimeout Succ,view=5900,toView=5901,nodeIdx=3,changeCycle=0,myNode=db2b0552...,timecost=0.302
info|2019-11-12 16:02:55.731367|[g:1][CONSENSUS][PBFT]checkAndChangeView: Reach consensus,org_view=5900,org_changeCycle=0,cur_changeCycle=0,to_view=5901
info|2019-11-12 16:02:56.733005|[g:1][CONSENSUS][SEALER]++++++++++++++++ Generating seal on,blkNum=3,tx=0,nodeIdx=3,hash=d3d6e48b...
info|2019-11-12 16:02:56.742131|[g:1][CONSENSUS][PBFT]checkTimeout Succ,view=5901,toView=5902,nodeIdx=3,changeCycle=0,myNode=db2b0552...,timecost=0.223
info|2019-11-12 16:02:56.743195|[g:1][CONSENSUS][PBFT]checkAndChangeView: Reach consensus,org_view=5901,org_changeCycle=0,cur_changeCycle=0,to_view=5902
info|2019-11-12 16:02:57.746209|[g:1][CONSENSUS]addRawPrepare,height=3,reqIdx=0,hash=f977bede...
info|2019-11-12 16:02:57.746545|[g:1][CONSENSUS][PBFT]checkTimeout Succ,view=5902,toView=5903,nodeIdx=3,changeCycle=0,myNode=db2b0552...,timecost=0.303
info|2019-11-12 16:02:57.748006|[g:1][CONSENSUS][PBFT]checkAndChangeView: Reach consensus,org_view=5902,org_changeCycle=0,cur_changeCycle=0,to_view=5903
info|2019-11-12 16:02:58.753435|[g:1][CONSENSUS]addRawPrepare,height=3,reqIdx=1,hash=6344882d...
info|2019-11-12 16:02:58.754345|[g:1][CONSENSUS][PBFT]checkTimeout Succ,view=5903,toView=5904,nodeIdx=3,changeCycle=0,myNode=db2b0552...,timecost=0.884
info|2019-11-12 16:02:58.754995|[g:1][CONSENSUS][PBFT]checkAndChangeView: Reach consensus,org_view=5903,org_changeCycle=0,cur_changeCycle=0,to_view=5904
info|2019-11-12 16:02:59.209749|[P2P][Service] heartBeat,connected count=3
info|2019-11-12 16:02:59.761034|[g:1][CONSENSUS]addRawPrepare,height=3,reqIdx=2,hash=4b60c1a3...
info|2019-11-12 16:02:59.761382|[g:1][CONSENSUS][PBFT]checkTimeout Succ,view=5904,toView=5905,nodeIdx=3,changeCycle=0,myNode=db2b0552...,timecost=0.311
info|2019-11-12 16:02:59.765216|[g:1][CONSENSUS][PBFT]checkAndChangeView: Reach consensus,org_view=5904,org_changeCycle=0,cur_changeCycle=0,to_view=5905
info|2019-11-12 16:03:00.768564|[g:1][CONSENSUS][SEALER]++++++++++++++++ Generating seal on,blkNum=3,tx=0,nodeIdx=3,hash=f64bbbb6...
info|2019-11-12 16:03:00.776240|[g:1][CONSENSUS][PBFT]checkTimeout Succ,view=5905,toView=5906,nodeIdx=3,changeCycle=0,myNode=db2b0552...,timecost=0.227
info|2019-11-12 16:03:00.777288|[g:1][CONSENSUS][PBFT]checkAndChangeView: Reach consensus,org_view=5905,org_changeCycle=0,cur_changeCycle=0,to_view=5906
info|2019-11-12 16:03:01.778685|[g:1][CONSENSUS]addRawPrepare,height=3,reqIdx=0,hash=606d3a49...
info|2019-11-12 16:03:01.778940|[g:1][CONSENSUS][PBFT]checkTimeout Succ,view=5906,toView=5907,nodeIdx=3,changeCycle=0,myNode=db2b0552...,timecost=0.226
info|2019-11-12 16:03:01.780182|[g:1][CONSENSUS][PBFT]checkAndChangeView: Reach consensus,org_view=5906,org_changeCycle=0,cur_changeCycle=0,to_view=5907
info|2019-11-12 16:03:02.789576|[g:1][CONSENSUS]addRawPrepare,height=3,reqIdx=1,hash=b15f333b...
info|2019-11-12 16:03:02.789818|[g:1][CONSENSUS][PBFT]checkTimeout Succ,view=5907,toView=5908,nodeIdx=3,changeCycle=0,myNode=db2b0552...,timecost=0.217
info|2019-11-12 16:03:02.792149|[g:1][CONSENSUS][PBFT]checkAndChangeView: Reach consensus,org_view=5907,org_changeCycle=0,cur_changeCycle=0,to_view=5908
info|2019-11-12 16:03:03.796870|[g:1][CONSENSUS]addRawPrepare,height=3,reqIdx=2,hash=d168a897...
info|2019-11-12 16:03:03.797130|[g:1][CONSENSUS][PBFT]checkTimeout Succ,view=5908,toView=5909,nodeIdx=3,changeCycle=0,myNode=db2b0552...,timecost=0.233
info|2019-11-12 16:03:03.801893|[g:1][CONSENSUS][PBFT]checkAndChangeView: Reach consensus,org_view=5908,org_changeCycle=0,cur_changeCycle=0,to_view=5909
info|2019-11-12 16:03:04.801524|[g:1][CONSENSUS][SEALER]++++++++++++++++ Generating seal on,blkNum=3,tx=0,nodeIdx=3,hash=98758547...
info|2019-11-12 16:03:04.811029|[g:1][CONSENSUS][PBFT]checkTimeout Succ,view=5909,toView=5910,nodeIdx=3,changeCycle=0,myNode=db2b0552...,timecost=0.286
info|2019-11-12 16:03:04.812071|[g:1][CONSENSUS][PBFT]checkAndChangeView: Reach consensus,org_view=5909,org_changeCycle=0,cur_changeCycle=0,to_view=5910
info|2019-11-12 16:03:05.812937|[g:1][CONSENSUS]addRawPrepare,height=3,reqIdx=0,hash=20457cf2...
info|2019-11-12 16:03:05.813365|[g:1][CONSENSUS][PBFT]checkTimeout Succ,view=5910,toView=5911,nodeIdx=3,changeCycle=0,myNode=db2b0552...,timecost=0.396
info|2019-11-12 16:03:05.815778|[g:1][CONSENSUS][PBFT]checkAndChangeView: Reach consensus,org_view=5910,org_changeCycle=0,cur_changeCycle=0,to_view=5911
info|2019-11-12 16:03:06.821389|[g:1][CONSENSUS]addRawPrepare,height=3,reqIdx=1,hash=e03cf2b7...
info|2019-11-12 16:03:06.821749|[g:1][CONSENSUS][PBFT]checkTimeout Succ,view=5911,toView=5912,nodeIdx=3,changeCycle=0,myNode=db2b0552...,timecost=0.316
info|2019-11-12 16:03:06.823725|[g:1][CONSENSUS][PBFT]checkAndChangeView: Reach consensus,org_view=5911,org_changeCycle=0,cur_changeCycle=0,to_view=5912
info|2019-11-12 16:03:07.831383|[g:1][CONSENSUS]addRawPrepare,height=3,reqIdx=2,hash=88fff899...
info|2019-11-12 16:03:07.831623|[g:1][CONSENSUS][PBFT]checkTimeout Succ,view=5912,toView=5913,nodeIdx=3,changeCycle=0,myNode=db2b0552...,timecost=0.215
info|2019-11-12 16:03:07.832733|[g:1][CONSENSUS][PBFT]checkAndChangeView: Reach consensus,org_view=5912,org_changeCycle=0,cur_changeCycle=0,to_view=5913
info|2019-11-12 16:03:08.833688|[g:1][CONSENSUS][SEALER]++++++++++++++++ Generating seal on,blkNum=3,tx=0,nodeIdx=3,hash=6bde7002...
info|2019-11-12 16:03:08.843051|[g:1][CONSENSUS][PBFT]checkTimeout Succ,view=5913,toView=5914,nodeIdx=3,changeCycle=0,myNode=db2b0552...,timecost=0.285
info|2019-11-12 16:03:08.844034|[g:1][CONSENSUS][PBFT]checkAndChangeView: Reach consensus,org_view=5913,org_changeCycle=0,cur_changeCycle=0,to_view=5914
info|2019-11-12 16:03:09.209959|[P2P][Service] heartBeat,connected count=3
info|2019-11-12 16:03:09.844939|[g:1][CONSENSUS]addRawPrepare,height=3,reqIdx=0,hash=4d8a61c0...
info|2019-11-12 16:03:09.845182|[g:1][CONSENSUS][PBFT]checkTimeout Succ,view=5914,toView=5915,nodeIdx=3,changeCycle=0,myNode=db2b0552...,timecost=0.217
info|2019-11-12 16:03:09.848457|[g:1][CONSENSUS][PBFT]checkAndChangeView: Reach consensus,org_view=5914,org_changeCycle=0,cur_changeCycle=0,to_view=5915
info|2019-11-12 16:03:10.852180|[g:1][CONSENSUS]addRawPrepare,height=3,reqIdx=1,hash=41afd611...
info|2019-11-12 16:03:10.852525|[g:1][CONSENSUS][PBFT]checkTimeout Succ,view=5915,toView=5916,nodeIdx=3,changeCycle=0,myNode=db2b0552...,timecost=0.307
info|2019-11-12 16:03:10.854944|[g:1][CONSENSUS][PBFT]checkAndChangeView: Reach consensus,org_view=5915,org_changeCycle=0,cur_changeCycle=0,to_view=5916
info|2019-11-12 16:03:11.859895|[g:1][CONSENSUS]addRawPrepare,height=3,reqIdx=2,hash=b0318302...
info|2019-11-12 16:03:11.860238|[g:1][CONSENSUS][PBFT]checkTimeout Succ,view=5916,toView=5917,nodeIdx=3,changeCycle=0,myNode=db2b0552...,timecost=0.308
info|2019-11-12 16:03:11.861829|[g:1][CONSENSUS][PBFT]checkAndChangeView: Reach consensus,org_view=5916,org_changeCycle=0,cur_changeCycle=0,to_view=5917
info|2019-11-12 16:03:12.864423|[g:1][CONSENSUS][SEALER]++++++++++++++++ Generating seal on,blkNum=3,tx=0,nodeIdx=3,hash=f3aeec64...
info|2019-11-12 16:03:12.875186|[g:1][CONSENSUS][PBFT]checkTimeout Succ,view=5917,toView=5918,nodeIdx=3,changeCycle=0,myNode=db2b0552...,timecost=0.221
info|2019-11-12 16:03:12.876050|[g:1][CONSENSUS][PBFT]checkAndChangeView: Reach consensus,org_view=5917,org_changeCycle=0,cur_changeCycle=0,to_view=5918
info|2019-11-12 16:03:13.877278|[g:1][CONSENSUS]addRawPrepare,height=3,reqIdx=0,hash=cf8c094d...
info|2019-11-12 16:03:13.877612|[g:1][CONSENSUS][PBFT]checkTimeout Succ,view=5918,toView=5919,nodeIdx=3,changeCycle=0,myNode=db2b0552...,timecost=0.302
info|2019-11-12 16:03:13.879615|[g:1][CONSENSUS][PBFT]checkAndChangeView: Reach consensus,org_view=5918,org_changeCycle=0,cur_changeCycle=0,to_view=5919
info|2019-11-12 16:03:14.886701|[g:1][CONSENSUS]addRawPrepare,height=3,reqIdx=1,hash=3734facf...
info|2019-11-12 16:03:14.889925|[g:1][CONSENSUS][PBFT]checkTimeout Succ,view=5919,toView=5920,nodeIdx=3,changeCycle=0,myNode=db2b0552...,timecost=3.192
info|2019-11-12 16:03:14.890323|[g:1][CONSENSUS][PBFT]checkAndChangeView: Reach consensus,org_view=5919,org_changeCycle=0,cur_changeCycle=0,to_view=5920
info|2019-11-12 16:03:15.894297|[g:1][CONSENSUS]addRawPrepare,height=3,reqIdx=2,hash=7d383990...
info|2019-11-12 16:03:15.894537|[g:1][CONSENSUS][PBFT]checkTimeout Succ,view=5920,toView=5921,nodeIdx=3,changeCycle=0,myNode=db2b0552...,timecost=0.213
info|2019-11-12 16:03:15.896202|[g:1][CONSENSUS][PBFT]checkAndChangeView: Reach consensus,org_view=5920,org_changeCycle=0,cur_changeCycle=0,to_view=5921
info|2019-11-12 16:03:16.896547|[g:1][CONSENSUS][SEALER]++++++++++++++++ Generating seal on,blkNum=3,tx=0,nodeIdx=3,hash=66244176...
info|2019-11-12 16:03:16.906362|[g:1][CONSENSUS][PBFT]checkTimeout Succ,view=5921,toView=5922,nodeIdx=3,changeCycle=0,myNode=db2b0552...,timecost=0.224
info|2019-11-12 16:03:16.907419|[g:1][CONSENSUS][PBFT]checkAndChangeView: Reach consensus,org_view=5921,org_changeCycle=0,cur_changeCycle=0,to_view=5922
info|2019-11-12 16:03:17.909161|[g:1][CONSENSUS]addRawPrepare,height=3,reqIdx=0,hash=e302e013...
info|2019-11-12 16:03:17.909412|[g:1][CONSENSUS][PBFT]checkTimeout Succ,view=5922,toView=5923,nodeIdx=3,changeCycle=0,myNode=db2b0552...,timecost=0.221
info|2019-11-12 16:03:17.912213|[g:1][CONSENSUS][PBFT]checkAndChangeView: Reach consensus,org_view=5922,org_changeCycle=0,cur_changeCycle=0,to_view=5923
info|2019-11-12 16:03:18.917855|[g:1][CONSENSUS]addRawPrepare,height=3,reqIdx=1,hash=e6e70764...
info|2019-11-12 16:03:18.918359|[g:1][CONSENSUS][PBFT]checkTimeout Succ,view=5923,toView=5924,nodeIdx=3,changeCycle=0,myNode=db2b0552...,timecost=0.458
info|2019-11-12 16:03:18.922723|[g:1][CONSENSUS][PBFT]checkAndChangeView: Reach consensus,org_view=5923,org_changeCycle=0,cur_changeCycle=0,to_view=5924
info|2019-11-12 16:03:19.210214|[P2P][Service] heartBeat,connected count=3
info|2019-11-12 16:03:19.927375|[g:1][CONSENSUS][PBFT]Trigger fast-viewchange,view=5924,toView=5924,minView=5925,INFO=,reqNum=2,curNum=2,GenIdx=0,Cview=5925,view=5924,fromIdx=0,fromNode=075f8c93...,fromIp=127.0.0.1:30300,hash=8b8d4d36...,nodeIdx=3,myNode=db2b0552...
info|2019-11-12 16:03:19.927642|[g:1][CONSENSUS][PBFT]checkAndChangeView: Reach consensus,org_view=5924,org_changeCycle=0,cur_changeCycle=0,to_view=5925
info|2019-11-12 16:03:19.927648|[g:1][CONSENSUS][PBFT]checkTimeout Succ,view=5925,toView=5925,nodeIdx=3,changeCycle=0,myNode=db2b0552...,timecost=0.225
info|2019-11-12 16:03:20.927930|[g:1][CONSENSUS][SEALER]++++++++++++++++ Generating seal on,blkNum=3,tx=0,nodeIdx=3,hash=406aebb3...
info|2019-11-12 16:03:20.936326|[g:1][CONSENSUS][PBFT]checkTimeout Succ,view=5925,toView=5926,nodeIdx=3,changeCycle=0,myNode=db2b0552...,timecost=0.221
info|2019-11-12 16:03:20.937572|[g:1][CONSENSUS][PBFT]checkAndChangeView: Reach consensus,org_view=5925,org_changeCycle=0,cur_changeCycle=0,to_view=5926
info|2019-11-12 16:03:21.939724|[g:1][CONSENSUS]addRawPrepare,height=3,reqIdx=0,hash=cf879297...
info|2019-11-12 16:03:21.940076|[g:1][CONSENSUS][PBFT]checkTimeout Succ,view=5926,toView=5927,nodeIdx=3,changeCycle=0,myNode=db2b0552...,timecost=0.377
info|2019-11-12 16:03:21.943706|[g:1][CONSENSUS][PBFT]checkAndChangeView: Reach consensus,org_view=5926,org_changeCycle=0,cur_changeCycle=0,to_view=5927
info|2019-11-12 16:03:22.949789|[g:1][CONSENSUS]addRawPrepare,height=3,reqIdx=1,hash=24f8750f...
info|2019-11-12 16:03:22.950066|[g:1][CONSENSUS][PBFT]checkTimeout Succ,view=5927,toView=5928,nodeIdx=3,changeCycle=0,myNode=db2b0552...,timecost=0.234
info|2019-11-12 16:03:22.953156|[g:1][CONSENSUS][PBFT]checkAndChangeView: Reach consensus,org_view=5927,org_changeCycle=0,cur_changeCycle=0,to_view=5928
info|2019-11-12 16:03:23.958269|[g:1][CONSENSUS]addRawPrepare,height=3,reqIdx=2,hash=d84cd58a...
info|2019-11-12 16:03:23.958686|[g:1][CONSENSUS][PBFT]checkTimeout Succ,view=5928,toView=5929,nodeIdx=3,changeCycle=0,myNode=db2b0552...,timecost=0.392
info|2019-11-12 16:03:23.959559|[g:1][CONSENSUS][PBFT]checkAndChangeView: Reach consensus,org_view=5928,org_changeCycle=0,cur_changeCycle=0,to_view=5929
info|2019-11-12 16:03:24.962646|[g:1][CONSENSUS][SEALER]++++++++++++++++ Generating seal on,blkNum=3,tx=0,nodeIdx=3,hash=31a7e110...
info|2019-11-12 16:03:24.972588|[g:1][CONSENSUS][PBFT]checkTimeout Succ,view=5929,toView=5930,nodeIdx=3,changeCycle=0,myNode=db2b0552...,timecost=0.237
info|2019-11-12 16:03:24.973832|[g:1][CONSENSUS][PBFT]checkAndChangeView: Reach consensus,org_view=5929,org_changeCycle=0,cur_changeCycle=0,to_view=5930
info|2019-11-12 16:03:25.975872|[g:1][CONSENSUS]addRawPrepare,height=3,reqIdx=0,hash=40ec413a...
info|2019-11-12 16:03:25.976112|[g:1][CONSENSUS][PBFT]checkTimeout Succ,view=5930,toView=5931,nodeIdx=3,changeCycle=0,myNode=db2b0552...,timecost=0.216
info|2019-11-12 16:03:25.977977|[g:1][CONSENSUS][PBFT]checkAndChangeView: Reach consensus,org_view=5930,org_changeCycle=0,cur_changeCycle=0,to_view=5931
info|2019-11-12 16:03:26.983249|[g:1][CONSENSUS]addRawPrepare,height=3,reqIdx=1,hash=2afb333a...
info|2019-11-12 16:03:26.983488|[g:1][CONSENSUS][PBFT]checkTimeout Succ,view=5931,toView=5932,nodeIdx=3,changeCycle=0,myNode=db2b0552...,timecost=0.214
info|2019-11-12 16:03:26.986531|[g:1][CONSENSUS][PBFT]checkAndChangeView: Reach consensus,org_view=5931,org_changeCycle=0,cur_changeCycle=0,to_view=5932
