
  .   ____          _            __ _ _
 /\\ / ___'_ __ _ _(_)_ __  __ _ \ \ \ \
( ( )\___ | '_ | '_| | '_ \/ _` | \ \ \ \
 \\/  ___)| |_)| | | | | || (_| |  ) ) ) )
  '  |____| .__|_| |_|_| |_\__, | / / / /
 =========|_|==============|___/=/_/_/_/
 :: Spring Boot ::        (v1.5.9.RELEASE)

十一月 13, 2019 12:00:25 下午 org.apache.catalina.core.StandardService startInternal
信息: Starting service [Tomcat]
十一月 13, 2019 12:00:25 下午 org.apache.catalina.core.StandardEngine startInternal
信息: Starting Servlet Engine: Apache Tomcat/8.5.23
十一月 13, 2019 12:00:25 下午 org.apache.catalina.core.ApplicationContext log
信息: Initializing Spring embedded WebApplicationContext
十一月 13, 2019 12:01:21 下午 org.apache.catalina.core.StandardService stopInternal
信息: Stopping service [Tomcat]

  .   ____          _            __ _ _
 /\\ / ___'_ __ _ _(_)_ __  __ _ \ \ \ \
( ( )\___ | '_ | '_| | '_ \/ _` | \ \ \ \
 \\/  ___)| |_)| | | | | || (_| |  ) ) ) )
  '  |____| .__|_| |_|_| |_\__, | / / / /
 =========|_|==============|___/=/_/_/_/
 :: Spring Boot ::        (v1.5.9.RELEASE)

十一月 13, 2019 12:05:10 下午 org.apache.catalina.core.StandardService startInternal
信息: Starting service [Tomcat]
十一月 13, 2019 12:05:11 下午 org.apache.catalina.core.StandardEngine startInternal
信息: Starting Servlet Engine: Apache Tomcat/8.5.23
十一月 13, 2019 12:05:11 下午 org.apache.catalina.core.ApplicationContext log
信息: Initializing Spring embedded WebApplicationContext
十一月 13, 2019 12:06:06 下午 org.apache.catalina.core.StandardService stopInternal
信息: Stopping service [Tomcat]
