info|2019-11-12 16:00:00.275456|[g:1][CONSENSUS]addRawPrepare,height=3,reqIdx=0,hash=82dc0475...
info|2019-11-12 16:00:00.275949|[g:1][CONSENSUS][PBFT]checkTimeout Succ,view=5726,toView=5727,nodeIdx=1,changeCycle=0,myNode=198b3eca...,timecost=0.367
info|2019-11-12 16:00:00.281472|[g:1][CONSENSUS][PBFT]checkAndChangeView: Reach consensus,org_view=5726,org_changeCycle=0,cur_changeCycle=0,to_view=5727
info|2019-11-12 16:00:01.281932|[g:1][CONSENSUS][SEALER]++++++++++++++++ Generating seal on,blkNum=3,tx=0,nodeIdx=1,hash=be25d6c2...
info|2019-11-12 16:00:01.292370|[g:1][CONSENSUS][PBFT]checkTimeout Succ,view=5727,toView=5728,nodeIdx=1,changeCycle=0,myNode=198b3eca...,timecost=0.285
info|2019-11-12 16:00:01.293501|[g:1][CONSENSUS][PBFT]checkAndChangeView: Reach consensus,org_view=5727,org_changeCycle=0,cur_changeCycle=0,to_view=5728
info|2019-11-12 16:00:02.294553|[g:1][CONSENSUS]addRawPrepare,height=3,reqIdx=2,hash=374b286f...
info|2019-11-12 16:00:02.294901|[g:1][CONSENSUS][PBFT]checkTimeout Succ,view=5728,toView=5729,nodeIdx=1,changeCycle=0,myNode=198b3eca...,timecost=0.309
info|2019-11-12 16:00:02.298337|[g:1][CONSENSUS][PBFT]checkAndChangeView: Reach consensus,org_view=5728,org_changeCycle=0,cur_changeCycle=0,to_view=5729
info|2019-11-12 16:00:03.305390|[g:1][CONSENSUS]addRawPrepare,height=3,reqIdx=3,hash=eccef031...
info|2019-11-12 16:00:03.305783|[g:1][CONSENSUS][PBFT]checkTimeout Succ,view=5729,toView=5730,nodeIdx=1,changeCycle=0,myNode=198b3eca...,timecost=0.295
info|2019-11-12 16:00:03.310040|[g:1][CONSENSUS][PBFT]checkAndChangeView: Reach consensus,org_view=5729,org_changeCycle=0,cur_changeCycle=0,to_view=5730
info|2019-11-12 16:00:04.310939|[g:1][CONSENSUS]addRawPrepare,height=3,reqIdx=0,hash=b1865c97...
info|2019-11-12 16:00:04.311270|[g:1][CONSENSUS][PBFT]checkTimeout Succ,view=5730,toView=5731,nodeIdx=1,changeCycle=0,myNode=198b3eca...,timecost=0.243
info|2019-11-12 16:00:04.317074|[g:1][CONSENSUS][PBFT]checkAndChangeView: Reach consensus,org_view=5730,org_changeCycle=0,cur_changeCycle=0,to_view=5731
info|2019-11-12 16:00:05.319311|[g:1][CONSENSUS][SEALER]++++++++++++++++ Generating seal on,blkNum=3,tx=0,nodeIdx=1,hash=c8e3ed06...
info|2019-11-12 16:00:05.329253|[g:1][CONSENSUS][PBFT]checkTimeout Succ,view=5731,toView=5732,nodeIdx=1,changeCycle=0,myNode=198b3eca...,timecost=0.222
info|2019-11-12 16:00:05.330308|[g:1][CONSENSUS][PBFT]checkAndChangeView: Reach consensus,org_view=5731,org_changeCycle=0,cur_changeCycle=0,to_view=5732
info|2019-11-12 16:00:06.330469|[g:1][CONSENSUS]addRawPrepare,height=3,reqIdx=2,hash=c7f03f7d...
info|2019-11-12 16:00:06.330924|[g:1][CONSENSUS][PBFT]checkTimeout Succ,view=5732,toView=5733,nodeIdx=1,changeCycle=0,myNode=198b3eca...,timecost=0.412
info|2019-11-12 16:00:06.337741|[g:1][CONSENSUS][PBFT]checkAndChangeView: Reach consensus,org_view=5732,org_changeCycle=0,cur_changeCycle=0,to_view=5733
info|2019-11-12 16:00:07.345974|[g:1][CONSENSUS]addRawPrepare,height=3,reqIdx=3,hash=362970be...
info|2019-11-12 16:00:07.346366|[g:1][CONSENSUS][PBFT]checkTimeout Succ,view=5733,toView=5734,nodeIdx=1,changeCycle=0,myNode=198b3eca...,timecost=0.293
info|2019-11-12 16:00:07.354992|[g:1][CONSENSUS][PBFT]checkAndChangeView: Reach consensus,org_view=5733,org_changeCycle=0,cur_changeCycle=0,to_view=5734
info|2019-11-12 16:00:08.361784|[g:1][CONSENSUS]addRawPrepare,height=3,reqIdx=0,hash=3c30e9a9...
info|2019-11-12 16:00:08.362016|[g:1][CONSENSUS][PBFT]checkTimeout Succ,view=5734,toView=5735,nodeIdx=1,changeCycle=0,myNode=198b3eca...,timecost=0.205
info|2019-11-12 16:00:08.364425|[g:1][CONSENSUS][PBFT]checkAndChangeView: Reach consensus,org_view=5734,org_changeCycle=0,cur_changeCycle=0,to_view=5735
info|2019-11-12 16:00:09.285992|[P2P][Service] heartBeat,connected count=3
info|2019-11-12 16:00:09.364714|[g:1][CONSENSUS][SEALER]++++++++++++++++ Generating seal on,blkNum=3,tx=0,nodeIdx=1,hash=22a0a294...
info|2019-11-12 16:00:09.371886|[g:1][CONSENSUS][PBFT]checkTimeout Succ,view=5735,toView=5736,nodeIdx=1,changeCycle=0,myNode=198b3eca...,timecost=0.446
info|2019-11-12 16:00:09.373007|[g:1][CONSENSUS][PBFT]checkAndChangeView: Reach consensus,org_view=5735,org_changeCycle=0,cur_changeCycle=0,to_view=5736
info|2019-11-12 16:00:10.373980|[g:1][CONSENSUS]addRawPrepare,height=3,reqIdx=2,hash=17dd7815...
info|2019-11-12 16:00:10.376871|[g:1][CONSENSUS][PBFT]checkTimeout Succ,view=5736,toView=5737,nodeIdx=1,changeCycle=0,myNode=198b3eca...,timecost=2.845
info|2019-11-12 16:00:10.379469|[g:1][CONSENSUS][PBFT]checkAndChangeView: Reach consensus,org_view=5736,org_changeCycle=0,cur_changeCycle=0,to_view=5737
info|2019-11-12 16:00:11.381810|[g:1][CONSENSUS]addRawPrepare,height=3,reqIdx=3,hash=405bf09c...
info|2019-11-12 16:00:11.382296|[g:1][CONSENSUS][PBFT]checkTimeout Succ,view=5737,toView=5738,nodeIdx=1,changeCycle=0,myNode=198b3eca...,timecost=0.363
info|2019-11-12 16:00:11.387642|[g:1][CONSENSUS][PBFT]checkAndChangeView: Reach consensus,org_view=5737,org_changeCycle=0,cur_changeCycle=0,to_view=5738
info|2019-11-12 16:00:12.389157|[g:1][CONSENSUS]addRawPrepare,height=3,reqIdx=0,hash=51326f8e...
info|2019-11-12 16:00:12.393140|[g:1][CONSENSUS][PBFT]checkTimeout Succ,view=5738,toView=5739,nodeIdx=1,changeCycle=0,myNode=198b3eca...,timecost=3.865
info|2019-11-12 16:00:12.395494|[g:1][CONSENSUS][PBFT]checkAndChangeView: Reach consensus,org_view=5738,org_changeCycle=0,cur_changeCycle=0,to_view=5739
info|2019-11-12 16:00:13.395615|[g:1][CONSENSUS][SEALER]++++++++++++++++ Generating seal on,blkNum=3,tx=0,nodeIdx=1,hash=d45c801a...
info|2019-11-12 16:00:13.405897|[g:1][CONSENSUS][PBFT]checkTimeout Succ,view=5739,toView=5740,nodeIdx=1,changeCycle=0,myNode=198b3eca...,timecost=0.226
info|2019-11-12 16:00:13.406885|[g:1][CONSENSUS][PBFT]checkAndChangeView: Reach consensus,org_view=5739,org_changeCycle=0,cur_changeCycle=0,to_view=5740
info|2019-11-12 16:00:14.407680|[g:1][CONSENSUS]addRawPrepare,height=3,reqIdx=2,hash=98032fcc...
info|2019-11-12 16:00:14.407911|[g:1][CONSENSUS][PBFT]checkTimeout Succ,view=5740,toView=5741,nodeIdx=1,changeCycle=0,myNode=198b3eca...,timecost=0.205
info|2019-11-12 16:00:14.410743|[g:1][CONSENSUS][PBFT]checkAndChangeView: Reach consensus,org_view=5740,org_changeCycle=0,cur_changeCycle=0,to_view=5741
info|2019-11-12 16:00:15.413305|[g:1][CONSENSUS]addRawPrepare,height=3,reqIdx=3,hash=296f107e...
info|2019-11-12 16:00:15.413872|[g:1][CONSENSUS][PBFT]checkTimeout Succ,view=5741,toView=5742,nodeIdx=1,changeCycle=0,myNode=198b3eca...,timecost=0.37
info|2019-11-12 16:00:15.419682|[g:1][CONSENSUS][PBFT]checkAndChangeView: Reach consensus,org_view=5741,org_changeCycle=0,cur_changeCycle=0,to_view=5742
info|2019-11-12 16:00:16.420812|[g:1][CONSENSUS]addRawPrepare,height=3,reqIdx=0,hash=cc78b39b...
info|2019-11-12 16:00:16.421297|[g:1][CONSENSUS][PBFT]checkTimeout Succ,view=5742,toView=5743,nodeIdx=1,changeCycle=0,myNode=198b3eca...,timecost=0.367
info|2019-11-12 16:00:16.426640|[g:1][CONSENSUS][PBFT]checkAndChangeView: Reach consensus,org_view=5742,org_changeCycle=0,cur_changeCycle=0,to_view=5743
info|2019-11-12 16:00:17.427666|[g:1][CONSENSUS][SEALER]++++++++++++++++ Generating seal on,blkNum=3,tx=0,nodeIdx=1,hash=d30cdc6c...
info|2019-11-12 16:00:17.436484|[g:1][CONSENSUS][PBFT]checkTimeout Succ,view=5743,toView=5744,nodeIdx=1,changeCycle=0,myNode=198b3eca...,timecost=0.227
info|2019-11-12 16:00:17.437526|[g:1][CONSENSUS][PBFT]checkAndChangeView: Reach consensus,org_view=5743,org_changeCycle=0,cur_changeCycle=0,to_view=5744
info|2019-11-12 16:00:18.441293|[g:1][CONSENSUS]addRawPrepare,height=3,reqIdx=2,hash=734c632e...
info|2019-11-12 16:00:18.441530|[g:1][CONSENSUS][PBFT]checkTimeout Succ,view=5744,toView=5745,nodeIdx=1,changeCycle=0,myNode=198b3eca...,timecost=0.211
info|2019-11-12 16:00:18.442448|[g:1][CONSENSUS][PBFT]checkAndChangeView: Reach consensus,org_view=5744,org_changeCycle=0,cur_changeCycle=0,to_view=5745
info|2019-11-12 16:00:19.286399|[P2P][Service] heartBeat,connected count=3
info|2019-11-12 16:00:19.446644|[g:1][CONSENSUS]addRawPrepare,height=3,reqIdx=3,hash=84f09e1b...
info|2019-11-12 16:00:19.447129|[g:1][CONSENSUS][PBFT]checkTimeout Succ,view=5745,toView=5746,nodeIdx=1,changeCycle=0,myNode=198b3eca...,timecost=0.365
info|2019-11-12 16:00:19.452982|[g:1][CONSENSUS][PBFT]checkAndChangeView: Reach consensus,org_view=5745,org_changeCycle=0,cur_changeCycle=0,to_view=5746
info|2019-11-12 16:00:20.453880|[g:1][CONSENSUS]addRawPrepare,height=3,reqIdx=0,hash=5e40dc7b...
info|2019-11-12 16:00:20.454374|[g:1][CONSENSUS][PBFT]checkTimeout Succ,view=5746,toView=5747,nodeIdx=1,changeCycle=0,myNode=198b3eca...,timecost=0.368
info|2019-11-12 16:00:20.460250|[g:1][CONSENSUS][PBFT]checkAndChangeView: Reach consensus,org_view=5746,org_changeCycle=0,cur_changeCycle=0,to_view=5747
info|2019-11-12 16:00:21.460840|[g:1][CONSENSUS][SEALER]++++++++++++++++ Generating seal on,blkNum=3,tx=0,nodeIdx=1,hash=3736b9fc...
info|2019-11-12 16:00:21.470432|[g:1][CONSENSUS][PBFT]checkTimeout Succ,view=5747,toView=5748,nodeIdx=1,changeCycle=0,myNode=198b3eca...,timecost=0.227
info|2019-11-12 16:00:21.471636|[g:1][CONSENSUS][PBFT]checkAndChangeView: Reach consensus,org_view=5747,org_changeCycle=0,cur_changeCycle=0,to_view=5748
info|2019-11-12 16:00:22.472065|[g:1][CONSENSUS]addRawPrepare,height=3,reqIdx=2,hash=861f2c68...
info|2019-11-12 16:00:22.472408|[g:1][CONSENSUS][PBFT]checkTimeout Succ,view=5748,toView=5749,nodeIdx=1,changeCycle=0,myNode=198b3eca...,timecost=0.307
info|2019-11-12 16:00:22.475159|[g:1][CONSENSUS][PBFT]checkAndChangeView: Reach consensus,org_view=5748,org_changeCycle=0,cur_changeCycle=0,to_view=5749
info|2019-11-12 16:00:23.477873|[g:1][CONSENSUS]addRawPrepare,height=3,reqIdx=3,hash=e12a93d3...
info|2019-11-12 16:00:23.479610|[g:1][CONSENSUS][PBFT]checkTimeout Succ,view=5749,toView=5750,nodeIdx=1,changeCycle=0,myNode=198b3eca...,timecost=0.378
info|2019-11-12 16:00:23.484997|[g:1][CONSENSUS][PBFT]checkAndChangeView: Reach consensus,org_view=5749,org_changeCycle=0,cur_changeCycle=0,to_view=5750
info|2019-11-12 16:00:24.484579|[g:1][CONSENSUS]addRawPrepare,height=3,reqIdx=0,hash=7473e868...
info|2019-11-12 16:00:24.485059|[g:1][CONSENSUS][PBFT]checkTimeout Succ,view=5750,toView=5751,nodeIdx=1,changeCycle=0,myNode=198b3eca...,timecost=0.364
info|2019-11-12 16:00:24.490614|[g:1][CONSENSUS][PBFT]checkAndChangeView: Reach consensus,org_view=5750,org_changeCycle=0,cur_changeCycle=0,to_view=5751
info|2019-11-12 16:00:25.491010|[g:1][CONSENSUS][SEALER]++++++++++++++++ Generating seal on,blkNum=3,tx=0,nodeIdx=1,hash=addadb42...
info|2019-11-12 16:00:25.500120|[g:1][CONSENSUS][PBFT]checkTimeout Succ,view=5751,toView=5752,nodeIdx=1,changeCycle=0,myNode=198b3eca...,timecost=0.23
info|2019-11-12 16:00:25.501224|[g:1][CONSENSUS][PBFT]checkAndChangeView: Reach consensus,org_view=5751,org_changeCycle=0,cur_changeCycle=0,to_view=5752
info|2019-11-12 16:00:26.502520|[g:1][CONSENSUS]addRawPrepare,height=3,reqIdx=2,hash=fabb0090...
info|2019-11-12 16:00:26.502866|[g:1][CONSENSUS][PBFT]checkTimeout Succ,view=5752,toView=5753,nodeIdx=1,changeCycle=0,myNode=198b3eca...,timecost=0.308
info|2019-11-12 16:00:26.506299|[g:1][CONSENSUS][PBFT]checkAndChangeView: Reach consensus,org_view=5752,org_changeCycle=0,cur_changeCycle=0,to_view=5753
info|2019-11-12 16:00:27.507937|[g:1][CONSENSUS]addRawPrepare,height=3,reqIdx=3,hash=beb171c5...
info|2019-11-12 16:00:27.508335|[g:1][CONSENSUS][PBFT]checkTimeout Succ,view=5753,toView=5754,nodeIdx=1,changeCycle=0,myNode=198b3eca...,timecost=0.295
info|2019-11-12 16:00:27.514653|[g:1][CONSENSUS][PBFT]checkAndChangeView: Reach consensus,org_view=5753,org_changeCycle=0,cur_changeCycle=0,to_view=5754
info|2019-11-12 16:00:28.523975|[g:1][CONSENSUS]addRawPrepare,height=3,reqIdx=0,hash=8a89a007...
info|2019-11-12 16:00:28.524223|[g:1][CONSENSUS][PBFT]checkTimeout Succ,view=5754,toView=5755,nodeIdx=1,changeCycle=0,myNode=198b3eca...,timecost=0.221
info|2019-11-12 16:00:28.528201|[g:1][CONSENSUS][PBFT]checkAndChangeView: Reach consensus,org_view=5754,org_changeCycle=0,cur_changeCycle=0,to_view=5755
info|2019-11-12 16:00:29.286597|[P2P][Service] heartBeat,connected count=3
info|2019-11-12 16:00:29.528654|[g:1][CONSENSUS][SEALER]++++++++++++++++ Generating seal on,blkNum=3,tx=0,nodeIdx=1,hash=7a0af014...
info|2019-11-12 16:00:29.537710|[g:1][CONSENSUS][PBFT]checkTimeout Succ,view=5755,toView=5756,nodeIdx=1,changeCycle=0,myNode=198b3eca...,timecost=0.226
info|2019-11-12 16:00:29.538947|[g:1][CONSENSUS][PBFT]checkAndChangeView: Reach consensus,org_view=5755,org_changeCycle=0,cur_changeCycle=0,to_view=5756
info|2019-11-12 16:00:30.539641|[g:1][CONSENSUS]addRawPrepare,height=3,reqIdx=2,hash=74035b2b...
info|2019-11-12 16:00:30.539992|[g:1][CONSENSUS][PBFT]checkTimeout Succ,view=5756,toView=5757,nodeIdx=1,changeCycle=0,myNode=198b3eca...,timecost=0.314
info|2019-11-12 16:00:30.543626|[g:1][CONSENSUS][PBFT]checkAndChangeView: Reach consensus,org_view=5756,org_changeCycle=0,cur_changeCycle=0,to_view=5757
info|2019-11-12 16:00:31.544133|[g:1][CONSENSUS]addRawPrepare,height=3,reqIdx=3,hash=12fb0582...
info|2019-11-12 16:00:31.544776|[g:1][CONSENSUS][PBFT]checkTimeout Succ,view=5757,toView=5758,nodeIdx=1,changeCycle=0,myNode=198b3eca...,timecost=0.543
info|2019-11-12 16:00:31.550755|[g:1][CONSENSUS][PBFT]checkAndChangeView: Reach consensus,org_view=5757,org_changeCycle=0,cur_changeCycle=0,to_view=5758
info|2019-11-12 16:00:32.549957|[g:1][CONSENSUS]addRawPrepare,height=3,reqIdx=0,hash=46fe5079...
info|2019-11-12 16:00:32.550255|[g:1][CONSENSUS][PBFT]checkTimeout Succ,view=5758,toView=5759,nodeIdx=1,changeCycle=0,myNode=198b3eca...,timecost=0.22
info|2019-11-12 16:00:32.554476|[g:1][CONSENSUS][PBFT]checkAndChangeView: Reach consensus,org_view=5758,org_changeCycle=0,cur_changeCycle=0,to_view=5759
info|2019-11-12 16:00:33.556666|[g:1][CONSENSUS][SEALER]++++++++++++++++ Generating seal on,blkNum=3,tx=0,nodeIdx=1,hash=1d9ae8d8...
info|2019-11-12 16:00:33.560750|[g:1][CONSENSUS][PBFT]checkTimeout Succ,view=5759,toView=5760,nodeIdx=1,changeCycle=0,myNode=198b3eca...,timecost=0.252
info|2019-11-12 16:00:33.565587|[g:1][CONSENSUS][PBFT]checkAndChangeView: Reach consensus,org_view=5759,org_changeCycle=0,cur_changeCycle=0,to_view=5760
info|2019-11-12 16:00:34.568527|[g:1][CONSENSUS][PBFT]Trigger fast-viewchange,view=5760,toView=5760,minView=5761,INFO=,reqNum=2,curNum=2,GenIdx=3,Cview=5761,view=5760,fromIdx=3,fromNode=db2b0552...,fromIp=127.0.0.1:30302,hash=8b8d4d36...,nodeIdx=1,myNode=198b3eca...
info|2019-11-12 16:00:34.568798|[g:1][CONSENSUS][PBFT]checkAndChangeView: Reach consensus,org_view=5760,org_changeCycle=0,cur_changeCycle=0,to_view=5761
info|2019-11-12 16:00:34.568805|[g:1][CONSENSUS][PBFT]checkTimeout Succ,view=5761,toView=5761,nodeIdx=1,changeCycle=0,myNode=198b3eca...,timecost=0.228
info|2019-11-12 16:00:35.572303|[g:1][CONSENSUS]addRawPrepare,height=3,reqIdx=3,hash=23e20fa1...
info|2019-11-12 16:00:35.572647|[g:1][CONSENSUS][PBFT]checkTimeout Succ,view=5761,toView=5762,nodeIdx=1,changeCycle=0,myNode=198b3eca...,timecost=0.209
info|2019-11-12 16:00:35.576933|[g:1][CONSENSUS][PBFT]checkAndChangeView: Reach consensus,org_view=5761,org_changeCycle=0,cur_changeCycle=0,to_view=5762
info|2019-11-12 16:00:36.578011|[g:1][CONSENSUS]addRawPrepare,height=3,reqIdx=0,hash=54a520b9...
info|2019-11-12 16:00:36.578318|[g:1][CONSENSUS][PBFT]checkTimeout Succ,view=5762,toView=5763,nodeIdx=1,changeCycle=0,myNode=198b3eca...,timecost=0.224
info|2019-11-12 16:00:36.582721|[g:1][CONSENSUS][PBFT]checkAndChangeView: Reach consensus,org_view=5762,org_changeCycle=0,cur_changeCycle=0,to_view=5763
info|2019-11-12 16:00:37.583763|[g:1][CONSENSUS][SEALER]++++++++++++++++ Generating seal on,blkNum=3,tx=0,nodeIdx=1,hash=6bcb2498...
info|2019-11-12 16:00:37.591036|[g:1][CONSENSUS][PBFT]checkTimeout Succ,view=5763,toView=5764,nodeIdx=1,changeCycle=0,myNode=198b3eca...,timecost=0.323
info|2019-11-12 16:00:37.592192|[g:1][CONSENSUS][PBFT]checkAndChangeView: Reach consensus,org_view=5763,org_changeCycle=0,cur_changeCycle=0,to_view=5764
info|2019-11-12 16:00:38.595178|[g:1][CONSENSUS]addRawPrepare,height=3,reqIdx=2,hash=fbf4d72e...
info|2019-11-12 16:00:38.595442|[g:1][CONSENSUS][PBFT]checkTimeout Succ,view=5764,toView=5765,nodeIdx=1,changeCycle=0,myNode=198b3eca...,timecost=0.226
info|2019-11-12 16:00:38.598337|[g:1][CONSENSUS][PBFT]checkAndChangeView: Reach consensus,org_view=5764,org_changeCycle=0,cur_changeCycle=0,to_view=5765
info|2019-11-12 16:00:39.286680|[P2P][Service] heartBeat,connected count=3
info|2019-11-12 16:00:39.600208|[g:1][CONSENSUS]addRawPrepare,height=3,reqIdx=3,hash=0e3e9ccb...
info|2019-11-12 16:00:39.600699|[g:1][CONSENSUS][PBFT]checkTimeout Succ,view=5765,toView=5766,nodeIdx=1,changeCycle=0,myNode=198b3eca...,timecost=0.368
info|2019-11-12 16:00:39.606770|[g:1][CONSENSUS][PBFT]checkAndChangeView: Reach consensus,org_view=5765,org_changeCycle=0,cur_changeCycle=0,to_view=5766
info|2019-11-12 16:00:40.608017|[g:1][CONSENSUS]addRawPrepare,height=3,reqIdx=0,hash=2416ce4b...
info|2019-11-12 16:00:40.608329|[g:1][CONSENSUS][PBFT]checkTimeout Succ,view=5766,toView=5767,nodeIdx=1,changeCycle=0,myNode=198b3eca...,timecost=0.222
info|2019-11-12 16:00:40.612072|[g:1][CONSENSUS][PBFT]checkAndChangeView: Reach consensus,org_view=5766,org_changeCycle=0,cur_changeCycle=0,to_view=5767
info|2019-11-12 16:00:41.613503|[g:1][CONSENSUS][SEALER]++++++++++++++++ Generating seal on,blkNum=3,tx=0,nodeIdx=1,hash=4f900148...
info|2019-11-12 16:00:41.624600|[g:1][CONSENSUS][PBFT]checkTimeout Succ,view=5767,toView=5768,nodeIdx=1,changeCycle=0,myNode=198b3eca...,timecost=0.301
info|2019-11-12 16:00:41.625874|[g:1][CONSENSUS][PBFT]checkAndChangeView: Reach consensus,org_view=5767,org_changeCycle=0,cur_changeCycle=0,to_view=5768
info|2019-11-12 16:00:42.625205|[g:1][CONSENSUS]addRawPrepare,height=3,reqIdx=2,hash=3ae2f71f...
info|2019-11-12 16:00:42.625467|[g:1][CONSENSUS][PBFT]checkTimeout Succ,view=5768,toView=5769,nodeIdx=1,changeCycle=0,myNode=198b3eca...,timecost=0.233
info|2019-11-12 16:00:42.627755|[g:1][CONSENSUS][PBFT]checkAndChangeView: Reach consensus,org_view=5768,org_changeCycle=0,cur_changeCycle=0,to_view=5769
info|2019-11-12 16:00:43.632817|[g:1][CONSENSUS]addRawPrepare,height=3,reqIdx=3,hash=e05e627b...
info|2019-11-12 16:00:43.633116|[g:1][CONSENSUS][PBFT]checkTimeout Succ,view=5769,toView=5770,nodeIdx=1,changeCycle=0,myNode=198b3eca...,timecost=0.22
info|2019-11-12 16:00:43.637945|[g:1][CONSENSUS][PBFT]checkAndChangeView: Reach consensus,org_view=5769,org_changeCycle=0,cur_changeCycle=0,to_view=5770
info|2019-11-12 16:00:44.639956|[g:1][CONSENSUS]addRawPrepare,height=3,reqIdx=0,hash=37421a93...
info|2019-11-12 16:00:44.640441|[g:1][CONSENSUS][PBFT]checkTimeout Succ,view=5770,toView=5771,nodeIdx=1,changeCycle=0,myNode=198b3eca...,timecost=0.388
info|2019-11-12 16:00:44.645645|[g:1][CONSENSUS][PBFT]checkAndChangeView: Reach consensus,org_view=5770,org_changeCycle=0,cur_changeCycle=0,to_view=5771
info|2019-11-12 16:00:45.646333|[g:1][CONSENSUS][SEALER]++++++++++++++++ Generating seal on,blkNum=3,tx=0,nodeIdx=1,hash=56a7b1d1...
info|2019-11-12 16:00:45.653468|[g:1][CONSENSUS][PBFT]checkTimeout Succ,view=5771,toView=5772,nodeIdx=1,changeCycle=0,myNode=198b3eca...,timecost=0.226
info|2019-11-12 16:00:45.654560|[g:1][CONSENSUS][PBFT]checkAndChangeView: Reach consensus,org_view=5771,org_changeCycle=0,cur_changeCycle=0,to_view=5772
info|2019-11-12 16:00:46.658282|[g:1][CONSENSUS][PBFT]Trigger fast-viewchange,view=5772,toView=5772,minView=5773,INFO=,reqNum=2,curNum=2,GenIdx=0,Cview=5773,view=5772,fromIdx=0,fromNode=075f8c93...,fromIp=127.0.0.1:30300,hash=8b8d4d36...,nodeIdx=1,myNode=198b3eca...
info|2019-11-12 16:00:46.658533|[g:1][CONSENSUS][PBFT]checkAndChangeView: Reach consensus,org_view=5772,org_changeCycle=0,cur_changeCycle=0,to_view=5773
info|2019-11-12 16:00:46.658539|[g:1][CONSENSUS][PBFT]checkTimeout Succ,view=5773,toView=5773,nodeIdx=1,changeCycle=0,myNode=198b3eca...,timecost=0.207
info|2019-11-12 16:00:47.660925|[g:1][CONSENSUS]addRawPrepare,height=3,reqIdx=3,hash=86fcf222...
info|2019-11-12 16:00:47.667141|[g:1][CONSENSUS][PBFT]checkTimeout Succ,view=5773,toView=5774,nodeIdx=1,changeCycle=0,myNode=198b3eca...,timecost=6.067
info|2019-11-12 16:00:47.670389|[g:1][CONSENSUS][PBFT]checkAndChangeView: Reach consensus,org_view=5773,org_changeCycle=0,cur_changeCycle=0,to_view=5774
info|2019-11-12 16:00:48.671404|[g:1][CONSENSUS]addRawPrepare,height=3,reqIdx=0,hash=65200c7f...
info|2019-11-12 16:00:48.671939|[g:1][CONSENSUS][PBFT]checkTimeout Succ,view=5774,toView=5775,nodeIdx=1,changeCycle=0,myNode=198b3eca...,timecost=0.405
info|2019-11-12 16:00:48.677901|[g:1][CONSENSUS][PBFT]checkAndChangeView: Reach consensus,org_view=5774,org_changeCycle=0,cur_changeCycle=0,to_view=5775
info|2019-11-12 16:00:49.286865|[P2P][Service] heartBeat,connected count=3
info|2019-11-12 16:00:49.678327|[g:1][CONSENSUS][SEALER]++++++++++++++++ Generating seal on,blkNum=3,tx=0,nodeIdx=1,hash=0c89d00d...
info|2019-11-12 16:00:49.686717|[g:1][CONSENSUS][PBFT]checkTimeout Succ,view=5775,toView=5776,nodeIdx=1,changeCycle=0,myNode=198b3eca...,timecost=0.284
info|2019-11-12 16:00:49.687738|[g:1][CONSENSUS][PBFT]checkAndChangeView: Reach consensus,org_view=5775,org_changeCycle=0,cur_changeCycle=0,to_view=5776
info|2019-11-12 16:00:50.689780|[g:1][CONSENSUS]addRawPrepare,height=3,reqIdx=2,hash=cfad7750...
info|2019-11-12 16:00:50.690118|[g:1][CONSENSUS][PBFT]checkTimeout Succ,view=5776,toView=5777,nodeIdx=1,changeCycle=0,myNode=198b3eca...,timecost=0.304
info|2019-11-12 16:00:50.691424|[g:1][CONSENSUS][PBFT]checkAndChangeView: Reach consensus,org_view=5776,org_changeCycle=0,cur_changeCycle=0,to_view=5777
info|2019-11-12 16:00:51.694354|[g:1][CONSENSUS]addRawPrepare,height=3,reqIdx=3,hash=7f59cc78...
info|2019-11-12 16:00:51.695036|[g:1][CONSENSUS][PBFT]checkTimeout Succ,view=5777,toView=5778,nodeIdx=1,changeCycle=0,myNode=198b3eca...,timecost=0.564
info|2019-11-12 16:00:51.700556|[g:1][CONSENSUS][PBFT]checkAndChangeView: Reach consensus,org_view=5777,org_changeCycle=0,cur_changeCycle=0,to_view=5778
info|2019-11-12 16:00:52.701466|[g:1][CONSENSUS]addRawPrepare,height=3,reqIdx=0,hash=6ea0692f...
info|2019-11-12 16:00:52.702099|[g:1][CONSENSUS][PBFT]checkTimeout Succ,view=5778,toView=5779,nodeIdx=1,changeCycle=0,myNode=198b3eca...,timecost=0.517
info|2019-11-12 16:00:52.707724|[g:1][CONSENSUS][PBFT]checkAndChangeView: Reach consensus,org_view=5778,org_changeCycle=0,cur_changeCycle=0,to_view=5779
info|2019-11-12 16:00:53.707711|[g:1][CONSENSUS][SEALER]++++++++++++++++ Generating seal on,blkNum=3,tx=0,nodeIdx=1,hash=996c71e0...
info|2019-11-12 16:00:53.717922|[g:1][CONSENSUS][PBFT]checkTimeout Succ,view=5779,toView=5780,nodeIdx=1,changeCycle=0,myNode=198b3eca...,timecost=0.275
info|2019-11-12 16:00:53.718911|[g:1][CONSENSUS][PBFT]checkAndChangeView: Reach consensus,org_view=5779,org_changeCycle=0,cur_changeCycle=0,to_view=5780
info|2019-11-12 16:00:54.720349|[g:1][CONSENSUS][PBFT]Trigger fast-viewchange,view=5780,toView=5780,minView=5781,INFO=,reqNum=2,curNum=2,GenIdx=3,Cview=5781,view=5780,fromIdx=3,fromNode=db2b0552...,fromIp=127.0.0.1:30302,hash=8b8d4d36...,nodeIdx=1,myNode=198b3eca...
info|2019-11-12 16:00:54.720668|[g:1][CONSENSUS][PBFT]checkAndChangeView: Reach consensus,org_view=5780,org_changeCycle=0,cur_changeCycle=0,to_view=5781
info|2019-11-12 16:00:54.720675|[g:1][CONSENSUS][PBFT]checkTimeout Succ,view=5781,toView=5781,nodeIdx=1,changeCycle=0,myNode=198b3eca...,timecost=0.287
info|2019-11-12 16:00:55.724234|[g:1][CONSENSUS]addRawPrepare,height=3,reqIdx=3,hash=97e4c738...
info|2019-11-12 16:00:55.724716|[g:1][CONSENSUS][PBFT]checkTimeout Succ,view=5781,toView=5782,nodeIdx=1,changeCycle=0,myNode=198b3eca...,timecost=0.363
info|2019-11-12 16:00:55.730365|[g:1][CONSENSUS][PBFT]checkAndChangeView: Reach consensus,org_view=5781,org_changeCycle=0,cur_changeCycle=0,to_view=5782
info|2019-11-12 16:00:56.732634|[g:1][CONSENSUS]addRawPrepare,height=3,reqIdx=0,hash=e0585967...
info|2019-11-12 16:00:56.733024|[g:1][CONSENSUS][PBFT]checkTimeout Succ,view=5782,toView=5783,nodeIdx=1,changeCycle=0,myNode=198b3eca...,timecost=0.225
info|2019-11-12 16:00:56.738228|[g:1][CONSENSUS][PBFT]checkAndChangeView: Reach consensus,org_view=5782,org_changeCycle=0,cur_changeCycle=0,to_view=5783
info|2019-11-12 16:00:57.739152|[g:1][CONSENSUS][SEALER]++++++++++++++++ Generating seal on,blkNum=3,tx=0,nodeIdx=1,hash=4443c62a...
info|2019-11-12 16:00:57.748600|[g:1][CONSENSUS][PBFT]checkTimeout Succ,view=5783,toView=5784,nodeIdx=1,changeCycle=0,myNode=198b3eca...,timecost=0.226
info|2019-11-12 16:00:57.749961|[g:1][CONSENSUS][PBFT]checkAndChangeView: Reach consensus,org_view=5783,org_changeCycle=0,cur_changeCycle=0,to_view=5784
info|2019-11-12 16:00:58.751626|[g:1][CONSENSUS]addRawPrepare,height=3,reqIdx=2,hash=16672acd...
info|2019-11-12 16:00:58.751903|[g:1][CONSENSUS][PBFT]checkTimeout Succ,view=5784,toView=5785,nodeIdx=1,changeCycle=0,myNode=198b3eca...,timecost=0.205
info|2019-11-12 16:00:58.754520|[g:1][CONSENSUS][PBFT]checkAndChangeView: Reach consensus,org_view=5784,org_changeCycle=0,cur_changeCycle=0,to_view=5785
info|2019-11-12 16:00:59.287211|[P2P][Service] heartBeat,connected count=3
info|2019-11-12 16:00:59.758470|[g:1][CONSENSUS]addRawPrepare,height=3,reqIdx=3,hash=4831e2c9...
info|2019-11-12 16:00:59.758887|[g:1][CONSENSUS][PBFT]checkTimeout Succ,view=5785,toView=5786,nodeIdx=1,changeCycle=0,myNode=198b3eca...,timecost=0.294
info|2019-11-12 16:00:59.764770|[g:1][CONSENSUS][PBFT]checkAndChangeView: Reach consensus,org_view=5785,org_changeCycle=0,cur_changeCycle=0,to_view=5786
info|2019-11-12 16:01:00.765571|[g:1][CONSENSUS]addRawPrepare,height=3,reqIdx=0,hash=bde3f78a...
info|2019-11-12 16:01:00.766061|[g:1][CONSENSUS][PBFT]checkTimeout Succ,view=5786,toView=5787,nodeIdx=1,changeCycle=0,myNode=198b3eca...,timecost=0.367
info|2019-11-12 16:01:00.770979|[g:1][CONSENSUS][PBFT]checkAndChangeView: Reach consensus,org_view=5786,org_changeCycle=0,cur_changeCycle=0,to_view=5787
info|2019-11-12 16:01:01.772412|[g:1][CONSENSUS][SEALER]++++++++++++++++ Generating seal on,blkNum=3,tx=0,nodeIdx=1,hash=b76bb929...
info|2019-11-12 16:01:01.781481|[g:1][CONSENSUS][PBFT]checkTimeout Succ,view=5787,toView=5788,nodeIdx=1,changeCycle=0,myNode=198b3eca...,timecost=0.223
info|2019-11-12 16:01:01.782742|[g:1][CONSENSUS][PBFT]checkAndChangeView: Reach consensus,org_view=5787,org_changeCycle=0,cur_changeCycle=0,to_view=5788
info|2019-11-12 16:01:02.784161|[g:1][CONSENSUS]addRawPrepare,height=3,reqIdx=2,hash=80285550...
info|2019-11-12 16:01:02.784504|[g:1][CONSENSUS][PBFT]checkTimeout Succ,view=5788,toView=5789,nodeIdx=1,changeCycle=0,myNode=198b3eca...,timecost=0.308
info|2019-11-12 16:01:02.787713|[g:1][CONSENSUS][PBFT]checkAndChangeView: Reach consensus,org_view=5788,org_changeCycle=0,cur_changeCycle=0,to_view=5789
info|2019-11-12 16:01:03.793806|[g:1][CONSENSUS]addRawPrepare,height=3,reqIdx=3,hash=70c5faa5...
info|2019-11-12 16:01:03.794088|[g:1][CONSENSUS][PBFT]checkTimeout Succ,view=5789,toView=5790,nodeIdx=1,changeCycle=0,myNode=198b3eca...,timecost=0.206
info|2019-11-12 16:01:03.798313|[g:1][CONSENSUS][PBFT]checkAndChangeView: Reach consensus,org_view=5789,org_changeCycle=0,cur_changeCycle=0,to_view=5790
info|2019-11-12 16:01:04.798432|[g:1][CONSENSUS]addRawPrepare,height=3,reqIdx=0,hash=a1af0553...
info|2019-11-12 16:01:04.798925|[g:1][CONSENSUS][PBFT]checkTimeout Succ,view=5790,toView=5791,nodeIdx=1,changeCycle=0,myNode=198b3eca...,timecost=0.365
info|2019-11-12 16:01:04.804160|[g:1][CONSENSUS][PBFT]checkAndChangeView: Reach consensus,org_view=5790,org_changeCycle=0,cur_changeCycle=0,to_view=5791
info|2019-11-12 16:01:05.804565|[g:1][CONSENSUS][SEALER]++++++++++++++++ Generating seal on,blkNum=3,tx=0,nodeIdx=1,hash=ea944ed9...
info|2019-11-12 16:01:05.814709|[g:1][CONSENSUS][PBFT]checkTimeout Succ,view=5791,toView=5792,nodeIdx=1,changeCycle=0,myNode=198b3eca...,timecost=0.234
info|2019-11-12 16:01:05.815775|[g:1][CONSENSUS][PBFT]checkAndChangeView: Reach consensus,org_view=5791,org_changeCycle=0,cur_changeCycle=0,to_view=5792
info|2019-11-12 16:01:06.817467|[g:1][CONSENSUS]addRawPrepare,height=3,reqIdx=2,hash=fc6ba673...
info|2019-11-12 16:01:06.817906|[g:1][CONSENSUS][PBFT]checkTimeout Succ,view=5792,toView=5793,nodeIdx=1,changeCycle=0,myNode=198b3eca...,timecost=0.388
info|2019-11-12 16:01:06.822919|[g:1][CONSENSUS][PBFT]checkAndChangeView: Reach consensus,org_view=5792,org_changeCycle=0,cur_changeCycle=0,to_view=5793
info|2019-11-12 16:01:07.825294|[g:1][CONSENSUS]addRawPrepare,height=3,reqIdx=3,hash=a5f95c2b...
info|2019-11-12 16:01:07.825778|[g:1][CONSENSUS][PBFT]checkTimeout Succ,view=5793,toView=5794,nodeIdx=1,changeCycle=0,myNode=198b3eca...,timecost=0.363
info|2019-11-12 16:01:07.830824|[g:1][CONSENSUS][PBFT]checkAndChangeView: Reach consensus,org_view=5793,org_changeCycle=0,cur_changeCycle=0,to_view=5794
info|2019-11-12 16:01:08.831685|[g:1][CONSENSUS]addRawPrepare,height=3,reqIdx=0,hash=2341d1c9...
info|2019-11-12 16:01:08.836278|[g:1][CONSENSUS][PBFT]checkTimeout Succ,view=5794,toView=5795,nodeIdx=1,changeCycle=0,myNode=198b3eca...,timecost=4.122
info|2019-11-12 16:01:08.838186|[g:1][CONSENSUS][PBFT]checkAndChangeView: Reach consensus,org_view=5794,org_changeCycle=0,cur_changeCycle=0,to_view=5795
info|2019-11-12 16:01:09.287433|[P2P][Service] heartBeat,connected count=3
info|2019-11-12 16:01:09.839071|[g:1][CONSENSUS][SEALER]++++++++++++++++ Generating seal on,blkNum=3,tx=0,nodeIdx=1,hash=e5b39da7...
info|2019-11-12 16:01:09.848100|[g:1][CONSENSUS][PBFT]checkTimeout Succ,view=5795,toView=5796,nodeIdx=1,changeCycle=0,myNode=198b3eca...,timecost=0.239
info|2019-11-12 16:01:09.849443|[g:1][CONSENSUS][PBFT]checkAndChangeView: Reach consensus,org_view=5795,org_changeCycle=0,cur_changeCycle=0,to_view=5796
info|2019-11-12 16:01:10.849251|[g:1][CONSENSUS]addRawPrepare,height=3,reqIdx=2,hash=929f8518...
info|2019-11-12 16:01:10.849596|[g:1][CONSENSUS][PBFT]checkTimeout Succ,view=5796,toView=5797,nodeIdx=1,changeCycle=0,myNode=198b3eca...,timecost=0.308
info|2019-11-12 16:01:10.852408|[g:1][CONSENSUS][PBFT]checkAndChangeView: Reach consensus,org_view=5796,org_changeCycle=0,cur_changeCycle=0,to_view=5797
info|2019-11-12 16:01:11.854418|[g:1][CONSENSUS]addRawPrepare,height=3,reqIdx=3,hash=ac860e63...
info|2019-11-12 16:01:11.854907|[g:1][CONSENSUS][PBFT]checkTimeout Succ,view=5797,toView=5798,nodeIdx=1,changeCycle=0,myNode=198b3eca...,timecost=0.365
info|2019-11-12 16:01:11.860499|[g:1][CONSENSUS][PBFT]checkAndChangeView: Reach consensus,org_view=5797,org_changeCycle=0,cur_changeCycle=0,to_view=5798
info|2019-11-12 16:01:12.860443|[g:1][CONSENSUS]addRawPrepare,height=3,reqIdx=0,hash=b2f5c932...
info|2019-11-12 16:01:12.860931|[g:1][CONSENSUS][PBFT]checkTimeout Succ,view=5798,toView=5799,nodeIdx=1,changeCycle=0,myNode=198b3eca...,timecost=0.367
info|2019-11-12 16:01:12.866279|[g:1][CONSENSUS][PBFT]checkAndChangeView: Reach consensus,org_view=5798,org_changeCycle=0,cur_changeCycle=0,to_view=5799
info|2019-11-12 16:01:13.866430|[g:1][CONSENSUS][SEALER]++++++++++++++++ Generating seal on,blkNum=3,tx=0,nodeIdx=1,hash=c8e7fb0d...
info|2019-11-12 16:01:13.875688|[g:1][CONSENSUS][PBFT]checkTimeout Succ,view=5799,toView=5800,nodeIdx=1,changeCycle=0,myNode=198b3eca...,timecost=0.276
info|2019-11-12 16:01:13.876698|[g:1][CONSENSUS][PBFT]checkAndChangeView: Reach consensus,org_view=5799,org_changeCycle=0,cur_changeCycle=0,to_view=5800
info|2019-11-12 16:01:14.879240|[g:1][CONSENSUS][PBFT]Trigger fast-viewchange,view=5800,toView=5800,minView=5801,INFO=,reqNum=2,curNum=2,GenIdx=3,Cview=5801,view=5800,fromIdx=3,fromNode=db2b0552...,fromIp=127.0.0.1:30302,hash=8b8d4d36...,nodeIdx=1,myNode=198b3eca...
info|2019-11-12 16:01:14.879942|[g:1][CONSENSUS][PBFT]checkAndChangeView: Reach consensus,org_view=5800,org_changeCycle=0,cur_changeCycle=0,to_view=5801
info|2019-11-12 16:01:14.879952|[g:1][CONSENSUS][PBFT]checkTimeout Succ,view=5801,toView=5801,nodeIdx=1,changeCycle=0,myNode=198b3eca...,timecost=0.215
info|2019-11-12 16:01:15.882679|[g:1][CONSENSUS]addRawPrepare,height=3,reqIdx=3,hash=c1fe7914...
info|2019-11-12 16:01:15.883172|[g:1][CONSENSUS][PBFT]checkTimeout Succ,view=5801,toView=5802,nodeIdx=1,changeCycle=0,myNode=198b3eca...,timecost=0.367
info|2019-11-12 16:01:15.888989|[g:1][CONSENSUS][PBFT]checkAndChangeView: Reach consensus,org_view=5801,org_changeCycle=0,cur_changeCycle=0,to_view=5802
info|2019-11-12 16:01:16.890272|[g:1][CONSENSUS]addRawPrepare,height=3,reqIdx=0,hash=b738bec2...
info|2019-11-12 16:01:16.890760|[g:1][CONSENSUS][PBFT]checkTimeout Succ,view=5802,toView=5803,nodeIdx=1,changeCycle=0,myNode=198b3eca...,timecost=0.367
info|2019-11-12 16:01:16.896686|[g:1][CONSENSUS][PBFT]checkAndChangeView: Reach consensus,org_view=5802,org_changeCycle=0,cur_changeCycle=0,to_view=5803
info|2019-11-12 16:01:17.896920|[g:1][CONSENSUS][SEALER]++++++++++++++++ Generating seal on,blkNum=3,tx=0,nodeIdx=1,hash=e54102f0...
info|2019-11-12 16:01:17.904476|[g:1][CONSENSUS][PBFT]checkTimeout Succ,view=5803,toView=5804,nodeIdx=1,changeCycle=0,myNode=198b3eca...,timecost=0.22
info|2019-11-12 16:01:17.905405|[g:1][CONSENSUS][PBFT]checkAndChangeView: Reach consensus,org_view=5803,org_changeCycle=0,cur_changeCycle=0,to_view=5804
info|2019-11-12 16:01:18.910670|[g:1][CONSENSUS]addRawPrepare,height=3,reqIdx=2,hash=aea32460...
info|2019-11-12 16:01:18.910909|[g:1][CONSENSUS][PBFT]checkTimeout Succ,view=5804,toView=5805,nodeIdx=1,changeCycle=0,myNode=198b3eca...,timecost=0.215
info|2019-11-12 16:01:18.913283|[g:1][CONSENSUS][PBFT]checkAndChangeView: Reach consensus,org_view=5804,org_changeCycle=0,cur_changeCycle=0,to_view=5805
info|2019-11-12 16:01:19.287762|[P2P][Service] heartBeat,connected count=3
info|2019-11-12 16:01:19.915253|[g:1][CONSENSUS]addRawPrepare,height=3,reqIdx=3,hash=135269c6...
info|2019-11-12 16:01:19.918744|[g:1][CONSENSUS][PBFT]checkTimeout Succ,view=5805,toView=5806,nodeIdx=1,changeCycle=0,myNode=198b3eca...,timecost=0.214
info|2019-11-12 16:01:19.920381|[g:1][CONSENSUS][PBFT]checkAndChangeView: Reach consensus,org_view=5805,org_changeCycle=0,cur_changeCycle=0,to_view=5806
info|2019-11-12 16:01:20.920966|[g:1][CONSENSUS]addRawPrepare,height=3,reqIdx=0,hash=13bc89d8...
info|2019-11-12 16:01:20.921369|[g:1][CONSENSUS][PBFT]checkTimeout Succ,view=5806,toView=5807,nodeIdx=1,changeCycle=0,myNode=198b3eca...,timecost=0.302
info|2019-11-12 16:01:20.925704|[g:1][CONSENSUS][PBFT]checkAndChangeView: Reach consensus,org_view=5806,org_changeCycle=0,cur_changeCycle=0,to_view=5807
info|2019-11-12 16:01:21.926390|[g:1][CONSENSUS][SEALER]++++++++++++++++ Generating seal on,blkNum=3,tx=0,nodeIdx=1,hash=fed8ea3c...
info|2019-11-12 16:01:21.935744|[g:1][CONSENSUS][PBFT]checkTimeout Succ,view=5807,toView=5808,nodeIdx=1,changeCycle=0,myNode=198b3eca...,timecost=0.226
info|2019-11-12 16:01:21.936865|[g:1][CONSENSUS][PBFT]checkAndChangeView: Reach consensus,org_view=5807,org_changeCycle=0,cur_changeCycle=0,to_view=5808
info|2019-11-12 16:01:22.938823|[g:1][CONSENSUS]addRawPrepare,height=3,reqIdx=2,hash=a0c4483a...
info|2019-11-12 16:01:22.939255|[g:1][CONSENSUS][PBFT]checkTimeout Succ,view=5808,toView=5809,nodeIdx=1,changeCycle=0,myNode=198b3eca...,timecost=0.388
info|2019-11-12 16:01:22.942443|[g:1][CONSENSUS][PBFT]checkAndChangeView: Reach consensus,org_view=5808,org_changeCycle=0,cur_changeCycle=0,to_view=5809
info|2019-11-12 16:01:23.946436|[g:1][CONSENSUS]addRawPrepare,height=3,reqIdx=3,hash=dc1d647e...
info|2019-11-12 16:01:23.946894|[g:1][CONSENSUS][PBFT]checkTimeout Succ,view=5809,toView=5810,nodeIdx=1,changeCycle=0,myNode=198b3eca...,timecost=0.349
info|2019-11-12 16:01:23.951833|[g:1][CONSENSUS][PBFT]checkAndChangeView: Reach consensus,org_view=5809,org_changeCycle=0,cur_changeCycle=0,to_view=5810
info|2019-11-12 16:01:24.952962|[g:1][CONSENSUS]addRawPrepare,height=3,reqIdx=0,hash=bde7c550...
info|2019-11-12 16:01:24.953453|[g:1][CONSENSUS][PBFT]checkTimeout Succ,view=5810,toView=5811,nodeIdx=1,changeCycle=0,myNode=198b3eca...,timecost=0.365
info|2019-11-12 16:01:24.959483|[g:1][CONSENSUS][PBFT]checkAndChangeView: Reach consensus,org_view=5810,org_changeCycle=0,cur_changeCycle=0,to_view=5811
info|2019-11-12 16:01:25.959678|[g:1][CONSENSUS][SEALER]++++++++++++++++ Generating seal on,blkNum=3,tx=0,nodeIdx=1,hash=df54098f...
info|2019-11-12 16:01:25.969273|[g:1][CONSENSUS][PBFT]checkTimeout Succ,view=5811,toView=5812,nodeIdx=1,changeCycle=0,myNode=198b3eca...,timecost=0.228
info|2019-11-12 16:01:25.970284|[g:1][CONSENSUS][PBFT]checkAndChangeView: Reach consensus,org_view=5811,org_changeCycle=0,cur_changeCycle=0,to_view=5812
info|2019-11-12 16:01:26.972643|[g:1][CONSENSUS]addRawPrepare,height=3,reqIdx=2,hash=c542705c...
info|2019-11-12 16:01:26.972982|[g:1][CONSENSUS][PBFT]checkTimeout Succ,view=5812,toView=5813,nodeIdx=1,changeCycle=0,myNode=198b3eca...,timecost=0.304
info|2019-11-12 16:01:26.974292|[g:1][CONSENSUS][PBFT]checkAndChangeView: Reach consensus,org_view=5812,org_changeCycle=0,cur_changeCycle=0,to_view=5813
info|2019-11-12 16:01:27.976891|[g:1][CONSENSUS]addRawPrepare,height=3,reqIdx=3,hash=077ab2e3...
info|2019-11-12 16:01:27.984021|[g:1][CONSENSUS][PBFT]checkTimeout Succ,view=5813,toView=5814,nodeIdx=1,changeCycle=0,myNode=198b3eca...,timecost=6.953
info|2019-11-12 16:01:27.987625|[g:1][CONSENSUS][PBFT]checkAndChangeView: Reach consensus,org_view=5813,org_changeCycle=0,cur_changeCycle=0,to_view=5814
info|2019-11-12 16:01:28.993205|[g:1][CONSENSUS]addRawPrepare,height=3,reqIdx=0,hash=bd2514ba...
info|2019-11-12 16:01:28.993558|[g:1][CONSENSUS][PBFT]checkTimeout Succ,view=5814,toView=5815,nodeIdx=1,changeCycle=0,myNode=198b3eca...,timecost=0.316
info|2019-11-12 16:01:28.998018|[g:1][CONSENSUS][PBFT]checkAndChangeView: Reach consensus,org_view=5814,org_changeCycle=0,cur_changeCycle=0,to_view=5815
info|2019-11-12 16:01:29.288049|[P2P][Service] heartBeat,connected count=3
info|2019-11-12 16:01:29.998450|[g:1][CONSENSUS][SEALER]++++++++++++++++ Generating seal on,blkNum=3,tx=0,nodeIdx=1,hash=ee1bbee2...
info|2019-11-12 16:01:30.008416|[g:1][CONSENSUS][PBFT]checkTimeout Succ,view=5815,toView=5816,nodeIdx=1,changeCycle=0,myNode=198b3eca...,timecost=0.337
info|2019-11-12 16:01:30.009522|[g:1][CONSENSUS][PBFT]checkAndChangeView: Reach consensus,org_view=5815,org_changeCycle=0,cur_changeCycle=0,to_view=5816
info|2019-11-12 16:01:31.010626|[g:1][CONSENSUS]addRawPrepare,height=3,reqIdx=2,hash=c13fe869...
info|2019-11-12 16:01:31.011021|[g:1][CONSENSUS][PBFT]checkTimeout Succ,view=5816,toView=5817,nodeIdx=1,changeCycle=0,myNode=198b3eca...,timecost=0.359
info|2019-11-12 16:01:31.014263|[g:1][CONSENSUS][PBFT]checkAndChangeView: Reach consensus,org_view=5816,org_changeCycle=0,cur_changeCycle=0,to_view=5817
info|2019-11-12 16:01:32.016334|[g:1][CONSENSUS]addRawPrepare,height=3,reqIdx=3,hash=6dcfa31c...
info|2019-11-12 16:01:32.017018|[g:1][CONSENSUS][PBFT]checkTimeout Succ,view=5817,toView=5818,nodeIdx=1,changeCycle=0,myNode=198b3eca...,timecost=0.565
info|2019-11-12 16:01:32.023297|[g:1][CONSENSUS][PBFT]checkAndChangeView: Reach consensus,org_view=5817,org_changeCycle=0,cur_changeCycle=0,to_view=5818
info|2019-11-12 16:01:33.024329|[g:1][CONSENSUS]addRawPrepare,height=3,reqIdx=0,hash=67f140de...
info|2019-11-12 16:01:33.024813|[g:1][CONSENSUS][PBFT]checkTimeout Succ,view=5818,toView=5819,nodeIdx=1,changeCycle=0,myNode=198b3eca...,timecost=0.366
info|2019-11-12 16:01:33.030506|[g:1][CONSENSUS][PBFT]checkAndChangeView: Reach consensus,org_view=5818,org_changeCycle=0,cur_changeCycle=0,to_view=5819
info|2019-11-12 16:01:34.032502|[g:1][CONSENSUS][SEALER]++++++++++++++++ Generating seal on,blkNum=3,tx=0,nodeIdx=1,hash=1b6a4bad...
info|2019-11-12 16:01:34.042957|[g:1][CONSENSUS][PBFT]checkTimeout Succ,view=5819,toView=5820,nodeIdx=1,changeCycle=0,myNode=198b3eca...,timecost=0.24
info|2019-11-12 16:01:34.044044|[g:1][CONSENSUS][PBFT]checkAndChangeView: Reach consensus,org_view=5819,org_changeCycle=0,cur_changeCycle=0,to_view=5820
info|2019-11-12 16:01:35.046420|[g:1][CONSENSUS][PBFT]Trigger fast-viewchange,view=5820,toView=5820,minView=5821,INFO=,reqNum=2,curNum=2,GenIdx=3,Cview=5821,view=5820,fromIdx=3,fromNode=db2b0552...,fromIp=127.0.0.1:30302,hash=8b8d4d36...,nodeIdx=1,myNode=198b3eca...
info|2019-11-12 16:01:35.046765|[g:1][CONSENSUS][PBFT]checkAndChangeView: Reach consensus,org_view=5820,org_changeCycle=0,cur_changeCycle=0,to_view=5821
info|2019-11-12 16:01:35.046774|[g:1][CONSENSUS][PBFT]checkTimeout Succ,view=5821,toView=5821,nodeIdx=1,changeCycle=0,myNode=198b3eca...,timecost=0.296
info|2019-11-12 16:01:36.050160|[g:1][CONSENSUS]addRawPrepare,height=3,reqIdx=3,hash=db9408c9...
info|2019-11-12 16:01:36.050639|[g:1][CONSENSUS][PBFT]checkTimeout Succ,view=5821,toView=5822,nodeIdx=1,changeCycle=0,myNode=198b3eca...,timecost=0.388
info|2019-11-12 16:01:36.055429|[g:1][CONSENSUS][PBFT]checkAndChangeView: Reach consensus,org_view=5821,org_changeCycle=0,cur_changeCycle=0,to_view=5822
info|2019-11-12 16:01:37.056646|[g:1][CONSENSUS]addRawPrepare,height=3,reqIdx=0,hash=90e3e4f2...
info|2019-11-12 16:01:37.057351|[g:1][CONSENSUS][PBFT]checkTimeout Succ,view=5822,toView=5823,nodeIdx=1,changeCycle=0,myNode=198b3eca...,timecost=0.59
info|2019-11-12 16:01:37.065641|[g:1][CONSENSUS][PBFT]checkAndChangeView: Reach consensus,org_view=5822,org_changeCycle=0,cur_changeCycle=0,to_view=5823
info|2019-11-12 16:01:38.066705|[g:1][CONSENSUS][SEALER]++++++++++++++++ Generating seal on,blkNum=3,tx=0,nodeIdx=1,hash=2ea27cb3...
info|2019-11-12 16:01:38.076888|[g:1][CONSENSUS][PBFT]checkTimeout Succ,view=5823,toView=5824,nodeIdx=1,changeCycle=0,myNode=198b3eca...,timecost=1.252
info|2019-11-12 16:01:38.078424|[g:1][CONSENSUS][PBFT]checkAndChangeView: Reach consensus,org_view=5823,org_changeCycle=0,cur_changeCycle=0,to_view=5824
info|2019-11-12 16:01:39.078444|[g:1][CONSENSUS]addRawPrepare,height=3,reqIdx=2,hash=6098f2c3...
info|2019-11-12 16:01:39.078973|[g:1][CONSENSUS][PBFT]checkTimeout Succ,view=5824,toView=5825,nodeIdx=1,changeCycle=0,myNode=198b3eca...,timecost=0.484
info|2019-11-12 16:01:39.084346|[g:1][CONSENSUS][PBFT]checkAndChangeView: Reach consensus,org_view=5824,org_changeCycle=0,cur_changeCycle=0,to_view=5825
info|2019-11-12 16:01:39.288157|[P2P][Service] heartBeat,connected count=3
info|2019-11-12 16:01:40.084692|[g:1][CONSENSUS]addRawPrepare,height=3,reqIdx=3,hash=bbb13e2c...
info|2019-11-12 16:01:40.085231|[g:1][CONSENSUS][PBFT]checkTimeout Succ,view=5825,toView=5826,nodeIdx=1,changeCycle=0,myNode=198b3eca...,timecost=0.391
info|2019-11-12 16:01:40.094477|[g:1][CONSENSUS][PBFT]checkAndChangeView: Reach consensus,org_view=5825,org_changeCycle=0,cur_changeCycle=0,to_view=5826
info|2019-11-12 16:01:41.105336|[g:1][CONSENSUS]addRawPrepare,height=3,reqIdx=0,hash=020d01fd...
info|2019-11-12 16:01:41.112371|[g:1][CONSENSUS][PBFT]checkTimeout Succ,view=5826,toView=5827,nodeIdx=1,changeCycle=0,myNode=198b3eca...,timecost=6.847
info|2019-11-12 16:01:41.116483|[g:1][CONSENSUS][PBFT]checkAndChangeView: Reach consensus,org_view=5826,org_changeCycle=0,cur_changeCycle=0,to_view=5827
info|2019-11-12 16:01:42.117829|[g:1][CONSENSUS][SEALER]++++++++++++++++ Generating seal on,blkNum=3,tx=0,nodeIdx=1,hash=a79a4d39...
info|2019-11-12 16:01:42.127924|[g:1][CONSENSUS][PBFT]checkTimeout Succ,view=5827,toView=5828,nodeIdx=1,changeCycle=0,myNode=198b3eca...,timecost=0.645
info|2019-11-12 16:01:42.128999|[g:1][CONSENSUS][PBFT]checkAndChangeView: Reach consensus,org_view=5827,org_changeCycle=0,cur_changeCycle=0,to_view=5828
info|2019-11-12 16:01:43.130282|[g:1][CONSENSUS]addRawPrepare,height=3,reqIdx=2,hash=f89c060d...
info|2019-11-12 16:01:43.130622|[g:1][CONSENSUS][PBFT]checkTimeout Succ,view=5828,toView=5829,nodeIdx=1,changeCycle=0,myNode=198b3eca...,timecost=0.304
info|2019-11-12 16:01:43.134247|[g:1][CONSENSUS][PBFT]checkAndChangeView: Reach consensus,org_view=5828,org_changeCycle=0,cur_changeCycle=0,to_view=5829
info|2019-11-12 16:01:44.138412|[g:1][CONSENSUS]addRawPrepare,height=3,reqIdx=3,hash=904ddf16...
info|2019-11-12 16:01:44.138800|[g:1][CONSENSUS][PBFT]checkTimeout Succ,view=5829,toView=5830,nodeIdx=1,changeCycle=0,myNode=198b3eca...,timecost=0.28
info|2019-11-12 16:01:44.143543|[g:1][CONSENSUS][PBFT]checkAndChangeView: Reach consensus,org_view=5829,org_changeCycle=0,cur_changeCycle=0,to_view=5830
info|2019-11-12 16:01:45.142743|[g:1][CONSENSUS]addRawPrepare,height=3,reqIdx=0,hash=8ba0f229...
info|2019-11-12 16:01:45.143195|[g:1][CONSENSUS][PBFT]checkTimeout Succ,view=5830,toView=5831,nodeIdx=1,changeCycle=0,myNode=198b3eca...,timecost=0.375
info|2019-11-12 16:01:45.149711|[g:1][CONSENSUS][PBFT]checkAndChangeView: Reach consensus,org_view=5830,org_changeCycle=0,cur_changeCycle=0,to_view=5831
info|2019-11-12 16:01:46.151150|[g:1][CONSENSUS][SEALER]++++++++++++++++ Generating seal on,blkNum=3,tx=0,nodeIdx=1,hash=8d5312b6...
info|2019-11-12 16:01:46.160991|[g:1][CONSENSUS][PBFT]checkTimeout Succ,view=5831,toView=5832,nodeIdx=1,changeCycle=0,myNode=198b3eca...,timecost=0.359
info|2019-11-12 16:01:46.162209|[g:1][CONSENSUS][PBFT]checkAndChangeView: Reach consensus,org_view=5831,org_changeCycle=0,cur_changeCycle=0,to_view=5832
info|2019-11-12 16:01:47.160162|[g:1][CONSENSUS]addRawPrepare,height=3,reqIdx=2,hash=eb156ab9...
info|2019-11-12 16:01:47.160630|[g:1][CONSENSUS][PBFT]checkTimeout Succ,view=5832,toView=5833,nodeIdx=1,changeCycle=0,myNode=198b3eca...,timecost=0.437
info|2019-11-12 16:01:47.164938|[g:1][CONSENSUS][PBFT]checkAndChangeView: Reach consensus,org_view=5832,org_changeCycle=0,cur_changeCycle=0,to_view=5833
info|2019-11-12 16:01:48.167395|[g:1][CONSENSUS]addRawPrepare,height=3,reqIdx=3,hash=ba2fc501...
info|2019-11-12 16:01:48.167729|[g:1][CONSENSUS][PBFT]checkTimeout Succ,view=5833,toView=5834,nodeIdx=1,changeCycle=0,myNode=198b3eca...,timecost=0.254
info|2019-11-12 16:01:48.171984|[g:1][CONSENSUS][PBFT]checkAndChangeView: Reach consensus,org_view=5833,org_changeCycle=0,cur_changeCycle=0,to_view=5834
info|2019-11-12 16:01:49.181053|[g:1][CONSENSUS]addRawPrepare,height=3,reqIdx=0,hash=1287a039...
info|2019-11-12 16:01:49.181292|[g:1][CONSENSUS][PBFT]checkTimeout Succ,view=5834,toView=5835,nodeIdx=1,changeCycle=0,myNode=198b3eca...,timecost=0.214
info|2019-11-12 16:01:49.184119|[g:1][CONSENSUS][PBFT]checkAndChangeView: Reach consensus,org_view=5834,org_changeCycle=0,cur_changeCycle=0,to_view=5835
info|2019-11-12 16:01:49.288351|[P2P][Service] heartBeat,connected count=3
info|2019-11-12 16:01:50.184877|[g:1][CONSENSUS][SEALER]++++++++++++++++ Generating seal on,blkNum=3,tx=0,nodeIdx=1,hash=8fddd32d...
info|2019-11-12 16:01:50.194339|[g:1][CONSENSUS][PBFT]checkTimeout Succ,view=5835,toView=5836,nodeIdx=1,changeCycle=0,myNode=198b3eca...,timecost=0.31
info|2019-11-12 16:01:50.195797|[g:1][CONSENSUS][PBFT]checkAndChangeView: Reach consensus,org_view=5835,org_changeCycle=0,cur_changeCycle=0,to_view=5836
info|2019-11-12 16:01:51.197119|[g:1][CONSENSUS]addRawPrepare,height=3,reqIdx=2,hash=97a7b024...
info|2019-11-12 16:01:51.197545|[g:1][CONSENSUS][PBFT]checkTimeout Succ,view=5836,toView=5837,nodeIdx=1,changeCycle=0,myNode=198b3eca...,timecost=0.382
info|2019-11-12 16:01:51.202795|[g:1][CONSENSUS][PBFT]checkAndChangeView: Reach consensus,org_view=5836,org_changeCycle=0,cur_changeCycle=0,to_view=5837
info|2019-11-12 16:01:52.204861|[g:1][CONSENSUS]addRawPrepare,height=3,reqIdx=3,hash=a9a0f6e6...
info|2019-11-12 16:01:52.205349|[g:1][CONSENSUS][PBFT]checkTimeout Succ,view=5837,toView=5838,nodeIdx=1,changeCycle=0,myNode=198b3eca...,timecost=0.366
info|2019-11-12 16:01:52.210685|[g:1][CONSENSUS][PBFT]checkAndChangeView: Reach consensus,org_view=5837,org_changeCycle=0,cur_changeCycle=0,to_view=5838
info|2019-11-12 16:01:53.213046|[g:1][CONSENSUS]addRawPrepare,height=3,reqIdx=0,hash=caf5243e...
info|2019-11-12 16:01:53.213616|[g:1][CONSENSUS][PBFT]checkTimeout Succ,view=5838,toView=5839,nodeIdx=1,changeCycle=0,myNode=198b3eca...,timecost=0.439
info|2019-11-12 16:01:53.220741|[g:1][CONSENSUS][PBFT]checkAndChangeView: Reach consensus,org_view=5838,org_changeCycle=0,cur_changeCycle=0,to_view=5839
info|2019-11-12 16:01:54.224242|[g:1][CONSENSUS][SEALER]++++++++++++++++ Generating seal on,blkNum=3,tx=0,nodeIdx=1,hash=b2673128...
info|2019-11-12 16:01:54.233691|[g:1][CONSENSUS][PBFT]checkTimeout Succ,view=5839,toView=5840,nodeIdx=1,changeCycle=0,myNode=198b3eca...,timecost=0.225
info|2019-11-12 16:01:54.234711|[g:1][CONSENSUS][PBFT]checkAndChangeView: Reach consensus,org_view=5839,org_changeCycle=0,cur_changeCycle=0,to_view=5840
info|2019-11-12 16:01:55.235956|[g:1][CONSENSUS][PBFT]Trigger fast-viewchange,view=5840,toView=5840,minView=5841,INFO=,reqNum=2,curNum=2,GenIdx=3,Cview=5841,view=5840,fromIdx=3,fromNode=db2b0552...,fromIp=127.0.0.1:30302,hash=8b8d4d36...,nodeIdx=1,myNode=198b3eca...
info|2019-11-12 16:01:55.236222|[g:1][CONSENSUS][PBFT]checkAndChangeView: Reach consensus,org_view=5840,org_changeCycle=0,cur_changeCycle=0,to_view=5841
info|2019-11-12 16:01:55.236228|[g:1][CONSENSUS][PBFT]checkTimeout Succ,view=5841,toView=5841,nodeIdx=1,changeCycle=0,myNode=198b3eca...,timecost=0.212
info|2019-11-12 16:01:56.240120|[g:1][CONSENSUS]addRawPrepare,height=3,reqIdx=3,hash=0ed8accc...
info|2019-11-12 16:01:56.240515|[g:1][CONSENSUS][PBFT]checkTimeout Succ,view=5841,toView=5842,nodeIdx=1,changeCycle=0,myNode=198b3eca...,timecost=0.292
info|2019-11-12 16:01:56.244804|[g:1][CONSENSUS][PBFT]checkAndChangeView: Reach consensus,org_view=5841,org_changeCycle=0,cur_changeCycle=0,to_view=5842
info|2019-11-12 16:01:57.246964|[g:1][CONSENSUS]addRawPrepare,height=3,reqIdx=0,hash=4e432cf8...
info|2019-11-12 16:01:57.247451|[g:1][CONSENSUS][PBFT]checkTimeout Succ,view=5842,toView=5843,nodeIdx=1,changeCycle=0,myNode=198b3eca...,timecost=0.369
info|2019-11-12 16:01:57.252315|[g:1][CONSENSUS][PBFT]checkAndChangeView: Reach consensus,org_view=5842,org_changeCycle=0,cur_changeCycle=0,to_view=5843
info|2019-11-12 16:01:58.253968|[g:1][CONSENSUS][SEALER]++++++++++++++++ Generating seal on,blkNum=3,tx=0,nodeIdx=1,hash=3eea3e6e...
info|2019-11-12 16:01:58.262242|[g:1][CONSENSUS][PBFT]checkTimeout Succ,view=5843,toView=5844,nodeIdx=1,changeCycle=0,myNode=198b3eca...,timecost=0.263
info|2019-11-12 16:01:58.263399|[g:1][CONSENSUS][PBFT]checkAndChangeView: Reach consensus,org_view=5843,org_changeCycle=0,cur_changeCycle=0,to_view=5844
info|2019-11-12 16:01:59.267618|[g:1][CONSENSUS]addRawPrepare,height=3,reqIdx=2,hash=110872de...
info|2019-11-12 16:01:59.267861|[g:1][CONSENSUS][PBFT]checkTimeout Succ,view=5844,toView=5845,nodeIdx=1,changeCycle=0,myNode=198b3eca...,timecost=0.216
info|2019-11-12 16:01:59.268952|[g:1][CONSENSUS][PBFT]checkAndChangeView: Reach consensus,org_view=5844,org_changeCycle=0,cur_changeCycle=0,to_view=5845
info|2019-11-12 16:01:59.288803|[P2P][Service] heartBeat,connected count=3
info|2019-11-12 16:02:00.271923|[g:1][CONSENSUS]addRawPrepare,height=3,reqIdx=3,hash=5f941043...
info|2019-11-12 16:02:00.272313|[g:1][CONSENSUS][PBFT]checkTimeout Succ,view=5845,toView=5846,nodeIdx=1,changeCycle=0,myNode=198b3eca...,timecost=0.294
info|2019-11-12 16:02:00.277453|[g:1][CONSENSUS][PBFT]checkAndChangeView: Reach consensus,org_view=5845,org_changeCycle=0,cur_changeCycle=0,to_view=5846
info|2019-11-12 16:02:01.279100|[g:1][CONSENSUS]addRawPrepare,height=3,reqIdx=0,hash=b9595ece...
info|2019-11-12 16:02:01.279690|[g:1][CONSENSUS][PBFT]checkTimeout Succ,view=5846,toView=5847,nodeIdx=1,changeCycle=0,myNode=198b3eca...,timecost=0.469
info|2019-11-12 16:02:01.287512|[g:1][CONSENSUS][PBFT]checkAndChangeView: Reach consensus,org_view=5846,org_changeCycle=0,cur_changeCycle=0,to_view=5847
info|2019-11-12 16:02:02.288415|[g:1][CONSENSUS][SEALER]++++++++++++++++ Generating seal on,blkNum=3,tx=0,nodeIdx=1,hash=a85505ec...
info|2019-11-12 16:02:02.296374|[g:1][CONSENSUS][PBFT]checkTimeout Succ,view=5847,toView=5848,nodeIdx=1,changeCycle=0,myNode=198b3eca...,timecost=0.223
info|2019-11-12 16:02:02.297352|[g:1][CONSENSUS][PBFT]checkAndChangeView: Reach consensus,org_view=5847,org_changeCycle=0,cur_changeCycle=0,to_view=5848
info|2019-11-12 16:02:03.299307|[g:1][CONSENSUS]addRawPrepare,height=3,reqIdx=2,hash=c95ef66b...
info|2019-11-12 16:02:03.299649|[g:1][CONSENSUS][PBFT]checkTimeout Succ,view=5848,toView=5849,nodeIdx=1,changeCycle=0,myNode=198b3eca...,timecost=0.305
info|2019-11-12 16:02:03.302593|[g:1][CONSENSUS][PBFT]checkAndChangeView: Reach consensus,org_view=5848,org_changeCycle=0,cur_changeCycle=0,to_view=5849
info|2019-11-12 16:02:04.304034|[g:1][CONSENSUS]addRawPrepare,height=3,reqIdx=3,hash=0f0ceb53...
info|2019-11-12 16:02:04.304559|[g:1][CONSENSUS][PBFT]checkTimeout Succ,view=5849,toView=5850,nodeIdx=1,changeCycle=0,myNode=198b3eca...,timecost=0.4
info|2019-11-12 16:02:04.310461|[g:1][CONSENSUS][PBFT]checkAndChangeView: Reach consensus,org_view=5849,org_changeCycle=0,cur_changeCycle=0,to_view=5850
info|2019-11-12 16:02:05.311188|[g:1][CONSENSUS]addRawPrepare,height=3,reqIdx=0,hash=8eed0116...
info|2019-11-12 16:02:05.311678|[g:1][CONSENSUS][PBFT]checkTimeout Succ,view=5850,toView=5851,nodeIdx=1,changeCycle=0,myNode=198b3eca...,timecost=0.386
info|2019-11-12 16:02:05.317154|[g:1][CONSENSUS][PBFT]checkAndChangeView: Reach consensus,org_view=5850,org_changeCycle=0,cur_changeCycle=0,to_view=5851
info|2019-11-12 16:02:06.318096|[g:1][CONSENSUS][SEALER]++++++++++++++++ Generating seal on,blkNum=3,tx=0,nodeIdx=1,hash=20c0abea...
info|2019-11-12 16:02:06.328040|[g:1][CONSENSUS][PBFT]checkTimeout Succ,view=5851,toView=5852,nodeIdx=1,changeCycle=0,myNode=198b3eca...,timecost=0.32
info|2019-11-12 16:02:06.329338|[g:1][CONSENSUS][PBFT]checkAndChangeView: Reach consensus,org_view=5851,org_changeCycle=0,cur_changeCycle=0,to_view=5852
info|2019-11-12 16:02:07.331134|[g:1][CONSENSUS]addRawPrepare,height=3,reqIdx=2,hash=b0d8a5b9...
info|2019-11-12 16:02:07.331471|[g:1][CONSENSUS][PBFT]checkTimeout Succ,view=5852,toView=5853,nodeIdx=1,changeCycle=0,myNode=198b3eca...,timecost=0.293
info|2019-11-12 16:02:07.333383|[g:1][CONSENSUS][PBFT]checkAndChangeView: Reach consensus,org_view=5852,org_changeCycle=0,cur_changeCycle=0,to_view=5853
info|2019-11-12 16:02:08.335931|[g:1][CONSENSUS]addRawPrepare,height=3,reqIdx=3,hash=6ec55dce...
info|2019-11-12 16:02:08.336417|[g:1][CONSENSUS][PBFT]checkTimeout Succ,view=5853,toView=5854,nodeIdx=1,changeCycle=0,myNode=198b3eca...,timecost=0.364
info|2019-11-12 16:02:08.341560|[g:1][CONSENSUS][PBFT]checkAndChangeView: Reach consensus,org_view=5853,org_changeCycle=0,cur_changeCycle=0,to_view=5854
info|2019-11-12 16:02:09.289147|[P2P][Service] heartBeat,connected count=3
info|2019-11-12 16:02:09.344412|[g:1][CONSENSUS]addRawPrepare,height=3,reqIdx=0,hash=ceb4a8c0...
info|2019-11-12 16:02:09.344791|[g:1][CONSENSUS][PBFT]checkTimeout Succ,view=5854,toView=5855,nodeIdx=1,changeCycle=0,myNode=198b3eca...,timecost=0.348
info|2019-11-12 16:02:09.347390|[g:1][CONSENSUS][PBFT]checkAndChangeView: Reach consensus,org_view=5854,org_changeCycle=0,cur_changeCycle=0,to_view=5855
info|2019-11-12 16:02:10.348689|[g:1][CONSENSUS][SEALER]++++++++++++++++ Generating seal on,blkNum=3,tx=0,nodeIdx=1,hash=3833aca8...
info|2019-11-12 16:02:10.358497|[g:1][CONSENSUS][PBFT]checkTimeout Succ,view=5855,toView=5856,nodeIdx=1,changeCycle=0,myNode=198b3eca...,timecost=0.269
info|2019-11-12 16:02:10.359627|[g:1][CONSENSUS][PBFT]checkAndChangeView: Reach consensus,org_view=5855,org_changeCycle=0,cur_changeCycle=0,to_view=5856
info|2019-11-12 16:02:11.360345|[g:1][CONSENSUS]addRawPrepare,height=3,reqIdx=2,hash=804c0484...
info|2019-11-12 16:02:11.364302|[g:1][CONSENSUS][PBFT]checkTimeout Succ,view=5856,toView=5857,nodeIdx=1,changeCycle=0,myNode=198b3eca...,timecost=3.903
info|2019-11-12 16:02:11.366765|[g:1][CONSENSUS][PBFT]checkAndChangeView: Reach consensus,org_view=5856,org_changeCycle=0,cur_changeCycle=0,to_view=5857
info|2019-11-12 16:02:12.369246|[g:1][CONSENSUS]addRawPrepare,height=3,reqIdx=3,hash=fc79c656...
info|2019-11-12 16:02:12.369731|[g:1][CONSENSUS][PBFT]checkTimeout Succ,view=5857,toView=5858,nodeIdx=1,changeCycle=0,myNode=198b3eca...,timecost=0.366
info|2019-11-12 16:02:12.375025|[g:1][CONSENSUS][PBFT]checkAndChangeView: Reach consensus,org_view=5857,org_changeCycle=0,cur_changeCycle=0,to_view=5858
info|2019-11-12 16:02:13.376671|[g:1][CONSENSUS]addRawPrepare,height=3,reqIdx=0,hash=e8067a30...
info|2019-11-12 16:02:13.377192|[g:1][CONSENSUS][PBFT]checkTimeout Succ,view=5858,toView=5859,nodeIdx=1,changeCycle=0,myNode=198b3eca...,timecost=0.369
info|2019-11-12 16:02:13.382274|[g:1][CONSENSUS][PBFT]checkAndChangeView: Reach consensus,org_view=5858,org_changeCycle=0,cur_changeCycle=0,to_view=5859
info|2019-11-12 16:02:14.384030|[g:1][CONSENSUS][SEALER]++++++++++++++++ Generating seal on,blkNum=3,tx=0,nodeIdx=1,hash=153a33e2...
info|2019-11-12 16:02:14.395508|[g:1][CONSENSUS][PBFT]checkTimeout Succ,view=5859,toView=5860,nodeIdx=1,changeCycle=0,myNode=198b3eca...,timecost=0.332
info|2019-11-12 16:02:14.396881|[g:1][CONSENSUS][PBFT]checkAndChangeView: Reach consensus,org_view=5859,org_changeCycle=0,cur_changeCycle=0,to_view=5860
info|2019-11-12 16:02:15.397944|[g:1][CONSENSUS]addRawPrepare,height=3,reqIdx=2,hash=edfdeeaf...
info|2019-11-12 16:02:15.400774|[g:1][CONSENSUS][PBFT]checkTimeout Succ,view=5860,toView=5861,nodeIdx=1,changeCycle=0,myNode=198b3eca...,timecost=2.775
info|2019-11-12 16:02:15.405184|[g:1][CONSENSUS][PBFT]checkAndChangeView: Reach consensus,org_view=5860,org_changeCycle=0,cur_changeCycle=0,to_view=5861
info|2019-11-12 16:02:16.406576|[g:1][CONSENSUS]addRawPrepare,height=3,reqIdx=3,hash=1666e4dd...
info|2019-11-12 16:02:16.407160|[g:1][CONSENSUS][PBFT]checkTimeout Succ,view=5861,toView=5862,nodeIdx=1,changeCycle=0,myNode=198b3eca...,timecost=0.454
info|2019-11-12 16:02:16.413899|[g:1][CONSENSUS][PBFT]checkAndChangeView: Reach consensus,org_view=5861,org_changeCycle=0,cur_changeCycle=0,to_view=5862
info|2019-11-12 16:02:17.416724|[g:1][CONSENSUS]addRawPrepare,height=3,reqIdx=0,hash=80297020...
info|2019-11-12 16:02:17.417201|[g:1][CONSENSUS][PBFT]checkTimeout Succ,view=5862,toView=5863,nodeIdx=1,changeCycle=0,myNode=198b3eca...,timecost=0.297
info|2019-11-12 16:02:17.422496|[g:1][CONSENSUS][PBFT]checkAndChangeView: Reach consensus,org_view=5862,org_changeCycle=0,cur_changeCycle=0,to_view=5863
info|2019-11-12 16:02:18.424128|[g:1][CONSENSUS][SEALER]++++++++++++++++ Generating seal on,blkNum=3,tx=0,nodeIdx=1,hash=0d6fab3a...
info|2019-11-12 16:02:18.433162|[g:1][CONSENSUS][PBFT]checkTimeout Succ,view=5863,toView=5864,nodeIdx=1,changeCycle=0,myNode=198b3eca...,timecost=0.221
info|2019-11-12 16:02:18.434214|[g:1][CONSENSUS][PBFT]checkAndChangeView: Reach consensus,org_view=5863,org_changeCycle=0,cur_changeCycle=0,to_view=5864
info|2019-11-12 16:02:19.289523|[P2P][Service] heartBeat,connected count=3
info|2019-11-12 16:02:19.439556|[g:1][CONSENSUS]addRawPrepare,height=3,reqIdx=2,hash=bae7c103...
info|2019-11-12 16:02:19.439908|[g:1][CONSENSUS][PBFT]checkTimeout Succ,view=5864,toView=5865,nodeIdx=1,changeCycle=0,myNode=198b3eca...,timecost=0.319
info|2019-11-12 16:02:19.441366|[g:1][CONSENSUS][PBFT]checkAndChangeView: Reach consensus,org_view=5864,org_changeCycle=0,cur_changeCycle=0,to_view=5865
info|2019-11-12 16:02:20.442771|[g:1][CONSENSUS]addRawPrepare,height=3,reqIdx=3,hash=4d0a3329...
info|2019-11-12 16:02:20.443325|[g:1][CONSENSUS][PBFT]checkTimeout Succ,view=5865,toView=5866,nodeIdx=1,changeCycle=0,myNode=198b3eca...,timecost=0.433
info|2019-11-12 16:02:20.448337|[g:1][CONSENSUS][PBFT]checkAndChangeView: Reach consensus,org_view=5865,org_changeCycle=0,cur_changeCycle=0,to_view=5866
info|2019-11-12 16:02:21.449765|[g:1][CONSENSUS]addRawPrepare,height=3,reqIdx=0,hash=cd93e3f3...
info|2019-11-12 16:02:21.450255|[g:1][CONSENSUS][PBFT]checkTimeout Succ,view=5866,toView=5867,nodeIdx=1,changeCycle=0,myNode=198b3eca...,timecost=0.37
info|2019-11-12 16:02:21.456532|[g:1][CONSENSUS][PBFT]checkAndChangeView: Reach consensus,org_view=5866,org_changeCycle=0,cur_changeCycle=0,to_view=5867
info|2019-11-12 16:02:22.456518|[g:1][CONSENSUS][SEALER]++++++++++++++++ Generating seal on,blkNum=3,tx=0,nodeIdx=1,hash=a9a98cb5...
info|2019-11-12 16:02:22.465214|[g:1][CONSENSUS][PBFT]checkTimeout Succ,view=5867,toView=5868,nodeIdx=1,changeCycle=0,myNode=198b3eca...,timecost=0.231
info|2019-11-12 16:02:22.466106|[g:1][CONSENSUS][PBFT]checkAndChangeView: Reach consensus,org_view=5867,org_changeCycle=0,cur_changeCycle=0,to_view=5868
info|2019-11-12 16:02:23.469413|[g:1][CONSENSUS]addRawPrepare,height=3,reqIdx=2,hash=dc19ae84...
info|2019-11-12 16:02:23.469654|[g:1][CONSENSUS][PBFT]checkTimeout Succ,view=5868,toView=5869,nodeIdx=1,changeCycle=0,myNode=198b3eca...,timecost=0.214
info|2019-11-12 16:02:23.471713|[g:1][CONSENSUS][PBFT]checkAndChangeView: Reach consensus,org_view=5868,org_changeCycle=0,cur_changeCycle=0,to_view=5869
info|2019-11-12 16:02:24.475958|[g:1][CONSENSUS]addRawPrepare,height=3,reqIdx=3,hash=22a55b35...
info|2019-11-12 16:02:24.476358|[g:1][CONSENSUS][PBFT]checkTimeout Succ,view=5869,toView=5870,nodeIdx=1,changeCycle=0,myNode=198b3eca...,timecost=0.298
info|2019-11-12 16:02:24.484555|[g:1][CONSENSUS][PBFT]checkAndChangeView: Reach consensus,org_view=5869,org_changeCycle=0,cur_changeCycle=0,to_view=5870
info|2019-11-12 16:02:25.484213|[g:1][CONSENSUS]addRawPrepare,height=3,reqIdx=0,hash=f359be24...
info|2019-11-12 16:02:25.484700|[g:1][CONSENSUS][PBFT]checkTimeout Succ,view=5870,toView=5871,nodeIdx=1,changeCycle=0,myNode=198b3eca...,timecost=0.366
info|2019-11-12 16:02:25.489787|[g:1][CONSENSUS][PBFT]checkAndChangeView: Reach consensus,org_view=5870,org_changeCycle=0,cur_changeCycle=0,to_view=5871
info|2019-11-12 16:02:26.491671|[g:1][CONSENSUS][SEALER]++++++++++++++++ Generating seal on,blkNum=3,tx=0,nodeIdx=1,hash=49f3bf50...
info|2019-11-12 16:02:26.499655|[g:1][CONSENSUS][PBFT]checkTimeout Succ,view=5871,toView=5872,nodeIdx=1,changeCycle=0,myNode=198b3eca...,timecost=0.231
info|2019-11-12 16:02:26.500636|[g:1][CONSENSUS][PBFT]checkAndChangeView: Reach consensus,org_view=5871,org_changeCycle=0,cur_changeCycle=0,to_view=5872
info|2019-11-12 16:02:27.502741|[g:1][CONSENSUS]addRawPrepare,height=3,reqIdx=2,hash=8b93001e...
info|2019-11-12 16:02:27.508441|[g:1][CONSENSUS][PBFT]checkTimeout Succ,view=5872,toView=5873,nodeIdx=1,changeCycle=0,myNode=198b3eca...,timecost=5.131
info|2019-11-12 16:02:27.510979|[g:1][CONSENSUS][PBFT]checkAndChangeView: Reach consensus,org_view=5872,org_changeCycle=0,cur_changeCycle=0,to_view=5873
info|2019-11-12 16:02:28.512091|[g:1][CONSENSUS]addRawPrepare,height=3,reqIdx=3,hash=6f5fb9c4...
info|2019-11-12 16:02:28.512376|[g:1][CONSENSUS][PBFT]checkTimeout Succ,view=5873,toView=5874,nodeIdx=1,changeCycle=0,myNode=198b3eca...,timecost=0.208
info|2019-11-12 16:02:28.515855|[g:1][CONSENSUS][PBFT]checkAndChangeView: Reach consensus,org_view=5873,org_changeCycle=0,cur_changeCycle=0,to_view=5874
info|2019-11-12 16:02:29.289726|[P2P][Service] heartBeat,connected count=3
info|2019-11-12 16:02:29.518061|[g:1][CONSENSUS]addRawPrepare,height=3,reqIdx=0,hash=1d5dc448...
info|2019-11-12 16:02:29.518544|[g:1][CONSENSUS][PBFT]checkTimeout Succ,view=5874,toView=5875,nodeIdx=1,changeCycle=0,myNode=198b3eca...,timecost=0.364
info|2019-11-12 16:02:29.524700|[g:1][CONSENSUS][PBFT]checkAndChangeView: Reach consensus,org_view=5874,org_changeCycle=0,cur_changeCycle=0,to_view=5875
info|2019-11-12 16:02:30.525991|[g:1][CONSENSUS][SEALER]++++++++++++++++ Generating seal on,blkNum=3,tx=0,nodeIdx=1,hash=2b72cfa3...
info|2019-11-12 16:02:30.534960|[g:1][CONSENSUS][PBFT]checkTimeout Succ,view=5875,toView=5876,nodeIdx=1,changeCycle=0,myNode=198b3eca...,timecost=0.225
info|2019-11-12 16:02:30.535962|[g:1][CONSENSUS][PBFT]checkAndChangeView: Reach consensus,org_view=5875,org_changeCycle=0,cur_changeCycle=0,to_view=5876
info|2019-11-12 16:02:31.537054|[g:1][CONSENSUS]addRawPrepare,height=3,reqIdx=2,hash=6eabb898...
info|2019-11-12 16:02:31.537455|[g:1][CONSENSUS][PBFT]checkTimeout Succ,view=5876,toView=5877,nodeIdx=1,changeCycle=0,myNode=198b3eca...,timecost=0.365
info|2019-11-12 16:02:31.540097|[g:1][CONSENSUS][PBFT]checkAndChangeView: Reach consensus,org_view=5876,org_changeCycle=0,cur_changeCycle=0,to_view=5877
info|2019-11-12 16:02:32.541801|[g:1][CONSENSUS]addRawPrepare,height=3,reqIdx=3,hash=6a0611ea...
info|2019-11-12 16:02:32.542292|[g:1][CONSENSUS][PBFT]checkTimeout Succ,view=5877,toView=5878,nodeIdx=1,changeCycle=0,myNode=198b3eca...,timecost=0.365
info|2019-11-12 16:02:32.547458|[g:1][CONSENSUS][PBFT]checkAndChangeView: Reach consensus,org_view=5877,org_changeCycle=0,cur_changeCycle=0,to_view=5878
info|2019-11-12 16:02:33.549856|[g:1][CONSENSUS]addRawPrepare,height=3,reqIdx=0,hash=9a0e6d96...
info|2019-11-12 16:02:33.554122|[g:1][CONSENSUS][PBFT]checkTimeout Succ,view=5878,toView=5879,nodeIdx=1,changeCycle=0,myNode=198b3eca...,timecost=4.058
info|2019-11-12 16:02:33.555990|[g:1][CONSENSUS][PBFT]checkAndChangeView: Reach consensus,org_view=5878,org_changeCycle=0,cur_changeCycle=0,to_view=5879
info|2019-11-12 16:02:34.557272|[g:1][CONSENSUS][SEALER]++++++++++++++++ Generating seal on,blkNum=3,tx=0,nodeIdx=1,hash=a342dd21...
info|2019-11-12 16:02:34.566651|[g:1][CONSENSUS][PBFT]checkTimeout Succ,view=5879,toView=5880,nodeIdx=1,changeCycle=0,myNode=198b3eca...,timecost=0.337
info|2019-11-12 16:02:34.567699|[g:1][CONSENSUS][PBFT]checkAndChangeView: Reach consensus,org_view=5879,org_changeCycle=0,cur_changeCycle=0,to_view=5880
info|2019-11-12 16:02:35.568601|[g:1][CONSENSUS]addRawPrepare,height=3,reqIdx=2,hash=436dd6c5...
info|2019-11-12 16:02:35.568942|[g:1][CONSENSUS][PBFT]checkTimeout Succ,view=5880,toView=5881,nodeIdx=1,changeCycle=0,myNode=198b3eca...,timecost=0.307
info|2019-11-12 16:02:35.571478|[g:1][CONSENSUS][PBFT]checkAndChangeView: Reach consensus,org_view=5880,org_changeCycle=0,cur_changeCycle=0,to_view=5881
info|2019-11-12 16:02:36.573663|[g:1][CONSENSUS]addRawPrepare,height=3,reqIdx=3,hash=ebb0d0a2...
info|2019-11-12 16:02:36.574149|[g:1][CONSENSUS][PBFT]checkTimeout Succ,view=5881,toView=5882,nodeIdx=1,changeCycle=0,myNode=198b3eca...,timecost=0.366
info|2019-11-12 16:02:36.579780|[g:1][CONSENSUS][PBFT]checkAndChangeView: Reach consensus,org_view=5881,org_changeCycle=0,cur_changeCycle=0,to_view=5882
info|2019-11-12 16:02:37.583543|[g:1][CONSENSUS]addRawPrepare,height=3,reqIdx=0,hash=c0fca417...
info|2019-11-12 16:02:37.588438|[g:1][CONSENSUS][PBFT]checkTimeout Succ,view=5882,toView=5883,nodeIdx=1,changeCycle=0,myNode=198b3eca...,timecost=1.634
info|2019-11-12 16:02:37.589645|[g:1][CONSENSUS][PBFT]checkAndChangeView: Reach consensus,org_view=5882,org_changeCycle=0,cur_changeCycle=0,to_view=5883
info|2019-11-12 16:02:38.591153|[g:1][CONSENSUS][SEALER]++++++++++++++++ Generating seal on,blkNum=3,tx=0,nodeIdx=1,hash=fe8639fd...
info|2019-11-12 16:02:38.604919|[g:1][CONSENSUS][PBFT]checkTimeout Succ,view=5883,toView=5884,nodeIdx=1,changeCycle=0,myNode=198b3eca...,timecost=0.228
info|2019-11-12 16:02:38.606016|[g:1][CONSENSUS][PBFT]checkAndChangeView: Reach consensus,org_view=5883,org_changeCycle=0,cur_changeCycle=0,to_view=5884
info|2019-11-12 16:02:39.290017|[P2P][Service] heartBeat,connected count=3
info|2019-11-12 16:02:39.608982|[g:1][CONSENSUS]addRawPrepare,height=3,reqIdx=2,hash=88f999af...
info|2019-11-12 16:02:39.609226|[g:1][CONSENSUS][PBFT]checkTimeout Succ,view=5884,toView=5885,nodeIdx=1,changeCycle=0,myNode=198b3eca...,timecost=0.217
info|2019-11-12 16:02:39.609589|[g:1][CONSENSUS][PBFT]checkAndChangeView: Reach consensus,org_view=5884,org_changeCycle=0,cur_changeCycle=0,to_view=5885
info|2019-11-12 16:02:40.611859|[g:1][CONSENSUS]addRawPrepare,height=3,reqIdx=3,hash=5341ac84...
info|2019-11-12 16:02:40.612433|[g:1][CONSENSUS][PBFT]checkTimeout Succ,view=5885,toView=5886,nodeIdx=1,changeCycle=0,myNode=198b3eca...,timecost=0.367
info|2019-11-12 16:02:40.617860|[g:1][CONSENSUS][PBFT]checkAndChangeView: Reach consensus,org_view=5885,org_changeCycle=0,cur_changeCycle=0,to_view=5886
info|2019-11-12 16:02:41.619425|[g:1][CONSENSUS]addRawPrepare,height=3,reqIdx=0,hash=d7855a8e...
info|2019-11-12 16:02:41.619907|[g:1][CONSENSUS][PBFT]checkTimeout Succ,view=5886,toView=5887,nodeIdx=1,changeCycle=0,myNode=198b3eca...,timecost=0.363
info|2019-11-12 16:02:41.625073|[g:1][CONSENSUS][PBFT]checkAndChangeView: Reach consensus,org_view=5886,org_changeCycle=0,cur_changeCycle=0,to_view=5887
info|2019-11-12 16:02:42.625645|[g:1][CONSENSUS][SEALER]++++++++++++++++ Generating seal on,blkNum=3,tx=0,nodeIdx=1,hash=1a419123...
info|2019-11-12 16:02:42.633866|[g:1][CONSENSUS][PBFT]checkTimeout Succ,view=5887,toView=5888,nodeIdx=1,changeCycle=0,myNode=198b3eca...,timecost=0.237
info|2019-11-12 16:02:42.635148|[g:1][CONSENSUS][PBFT]checkAndChangeView: Reach consensus,org_view=5887,org_changeCycle=0,cur_changeCycle=0,to_view=5888
info|2019-11-12 16:02:43.635963|[g:1][CONSENSUS]addRawPrepare,height=3,reqIdx=2,hash=8f8d728c...
info|2019-11-12 16:02:43.636303|[g:1][CONSENSUS][PBFT]checkTimeout Succ,view=5888,toView=5889,nodeIdx=1,changeCycle=0,myNode=198b3eca...,timecost=0.304
info|2019-11-12 16:02:43.638374|[g:1][CONSENSUS][PBFT]checkAndChangeView: Reach consensus,org_view=5888,org_changeCycle=0,cur_changeCycle=0,to_view=5889
info|2019-11-12 16:02:44.640962|[g:1][CONSENSUS]addRawPrepare,height=3,reqIdx=3,hash=bde42b76...
info|2019-11-12 16:02:44.641446|[g:1][CONSENSUS][PBFT]checkTimeout Succ,view=5889,toView=5890,nodeIdx=1,changeCycle=0,myNode=198b3eca...,timecost=0.365
info|2019-11-12 16:02:44.646966|[g:1][CONSENSUS][PBFT]checkAndChangeView: Reach consensus,org_view=5889,org_changeCycle=0,cur_changeCycle=0,to_view=5890
info|2019-11-12 16:02:45.648636|[g:1][CONSENSUS]addRawPrepare,height=3,reqIdx=0,hash=e40d7a6e...
info|2019-11-12 16:02:45.649151|[g:1][CONSENSUS][PBFT]checkTimeout Succ,view=5890,toView=5891,nodeIdx=1,changeCycle=0,myNode=198b3eca...,timecost=0.366
info|2019-11-12 16:02:45.654901|[g:1][CONSENSUS][PBFT]checkAndChangeView: Reach consensus,org_view=5890,org_changeCycle=0,cur_changeCycle=0,to_view=5891
info|2019-11-12 16:02:46.656496|[g:1][CONSENSUS][SEALER]++++++++++++++++ Generating seal on,blkNum=3,tx=0,nodeIdx=1,hash=0bae0b27...
info|2019-11-12 16:02:46.664838|[g:1][CONSENSUS][PBFT]checkTimeout Succ,view=5891,toView=5892,nodeIdx=1,changeCycle=0,myNode=198b3eca...,timecost=0.221
info|2019-11-12 16:02:46.665821|[g:1][CONSENSUS][PBFT]checkAndChangeView: Reach consensus,org_view=5891,org_changeCycle=0,cur_changeCycle=0,to_view=5892
info|2019-11-12 16:02:47.665796|[g:1][CONSENSUS]addRawPrepare,height=3,reqIdx=2,hash=91ea7456...
info|2019-11-12 16:02:47.666137|[g:1][CONSENSUS][PBFT]checkTimeout Succ,view=5892,toView=5893,nodeIdx=1,changeCycle=0,myNode=198b3eca...,timecost=0.306
info|2019-11-12 16:02:47.668804|[g:1][CONSENSUS][PBFT]checkAndChangeView: Reach consensus,org_view=5892,org_changeCycle=0,cur_changeCycle=0,to_view=5893
info|2019-11-12 16:02:48.673169|[g:1][CONSENSUS]addRawPrepare,height=3,reqIdx=3,hash=360d0784...
info|2019-11-12 16:02:48.673467|[g:1][CONSENSUS][PBFT]checkTimeout Succ,view=5893,toView=5894,nodeIdx=1,changeCycle=0,myNode=198b3eca...,timecost=0.211
info|2019-11-12 16:02:48.677761|[g:1][CONSENSUS][PBFT]checkAndChangeView: Reach consensus,org_view=5893,org_changeCycle=0,cur_changeCycle=0,to_view=5894
info|2019-11-12 16:02:49.290305|[P2P][Service] heartBeat,connected count=3
info|2019-11-12 16:02:49.678651|[g:1][CONSENSUS]addRawPrepare,height=3,reqIdx=0,hash=0e3f93c0...
info|2019-11-12 16:02:49.679142|[g:1][CONSENSUS][PBFT]checkTimeout Succ,view=5894,toView=5895,nodeIdx=1,changeCycle=0,myNode=198b3eca...,timecost=0.364
info|2019-11-12 16:02:49.685534|[g:1][CONSENSUS][PBFT]checkAndChangeView: Reach consensus,org_view=5894,org_changeCycle=0,cur_changeCycle=0,to_view=5895
info|2019-11-12 16:02:50.686138|[g:1][CONSENSUS][SEALER]++++++++++++++++ Generating seal on,blkNum=3,tx=0,nodeIdx=1,hash=353af65e...
info|2019-11-12 16:02:50.695310|[g:1][CONSENSUS][PBFT]checkTimeout Succ,view=5895,toView=5896,nodeIdx=1,changeCycle=0,myNode=198b3eca...,timecost=0.224
info|2019-11-12 16:02:50.696263|[g:1][CONSENSUS][PBFT]checkAndChangeView: Reach consensus,org_view=5895,org_changeCycle=0,cur_changeCycle=0,to_view=5896
info|2019-11-12 16:02:51.697704|[g:1][CONSENSUS]addRawPrepare,height=3,reqIdx=2,hash=07a6e3e5...
info|2019-11-12 16:02:51.698043|[g:1][CONSENSUS][PBFT]checkTimeout Succ,view=5896,toView=5897,nodeIdx=1,changeCycle=0,myNode=198b3eca...,timecost=0.305
info|2019-11-12 16:02:51.700205|[g:1][CONSENSUS][PBFT]checkAndChangeView: Reach consensus,org_view=5896,org_changeCycle=0,cur_changeCycle=0,to_view=5897
info|2019-11-12 16:02:52.703050|[g:1][CONSENSUS]addRawPrepare,height=3,reqIdx=3,hash=26f76f18...
info|2019-11-12 16:02:52.703325|[g:1][CONSENSUS][PBFT]checkTimeout Succ,view=5897,toView=5898,nodeIdx=1,changeCycle=0,myNode=198b3eca...,timecost=0.202
info|2019-11-12 16:02:52.707122|[g:1][CONSENSUS][PBFT]checkAndChangeView: Reach consensus,org_view=5897,org_changeCycle=0,cur_changeCycle=0,to_view=5898
info|2019-11-12 16:02:53.709095|[g:1][CONSENSUS]addRawPrepare,height=3,reqIdx=0,hash=a43adc25...
info|2019-11-12 16:02:53.714156|[g:1][CONSENSUS][PBFT]checkTimeout Succ,view=5898,toView=5899,nodeIdx=1,changeCycle=0,myNode=198b3eca...,timecost=4.94
info|2019-11-12 16:02:53.716590|[g:1][CONSENSUS][PBFT]checkAndChangeView: Reach consensus,org_view=5898,org_changeCycle=0,cur_changeCycle=0,to_view=5899
info|2019-11-12 16:02:54.717204|[g:1][CONSENSUS][SEALER]++++++++++++++++ Generating seal on,blkNum=3,tx=0,nodeIdx=1,hash=0c245a6a...
info|2019-11-12 16:02:54.726988|[g:1][CONSENSUS][PBFT]checkTimeout Succ,view=5899,toView=5900,nodeIdx=1,changeCycle=0,myNode=198b3eca...,timecost=0.307
info|2019-11-12 16:02:54.728028|[g:1][CONSENSUS][PBFT]checkAndChangeView: Reach consensus,org_view=5899,org_changeCycle=0,cur_changeCycle=0,to_view=5900
info|2019-11-12 16:02:55.727827|[g:1][CONSENSUS]addRawPrepare,height=3,reqIdx=2,hash=0f8993b9...
info|2019-11-12 16:02:55.728174|[g:1][CONSENSUS][PBFT]checkTimeout Succ,view=5900,toView=5901,nodeIdx=1,changeCycle=0,myNode=198b3eca...,timecost=0.31
info|2019-11-12 16:02:55.730171|[g:1][CONSENSUS][PBFT]checkAndChangeView: Reach consensus,org_view=5900,org_changeCycle=0,cur_changeCycle=0,to_view=5901
info|2019-11-12 16:02:56.734168|[g:1][CONSENSUS]addRawPrepare,height=3,reqIdx=3,hash=d3d6e48b...
info|2019-11-12 16:02:56.734651|[g:1][CONSENSUS][PBFT]checkTimeout Succ,view=5901,toView=5902,nodeIdx=1,changeCycle=0,myNode=198b3eca...,timecost=0.363
info|2019-11-12 16:02:56.740104|[g:1][CONSENSUS][PBFT]checkAndChangeView: Reach consensus,org_view=5901,org_changeCycle=0,cur_changeCycle=0,to_view=5902
info|2019-11-12 16:02:57.743386|[g:1][CONSENSUS]addRawPrepare,height=3,reqIdx=0,hash=f977bede...
info|2019-11-12 16:02:57.743871|[g:1][CONSENSUS][PBFT]checkTimeout Succ,view=5902,toView=5903,nodeIdx=1,changeCycle=0,myNode=198b3eca...,timecost=0.366
info|2019-11-12 16:02:57.749418|[g:1][CONSENSUS][PBFT]checkAndChangeView: Reach consensus,org_view=5902,org_changeCycle=0,cur_changeCycle=0,to_view=5903
info|2019-11-12 16:02:58.749422|[g:1][CONSENSUS][SEALER]++++++++++++++++ Generating seal on,blkNum=3,tx=0,nodeIdx=1,hash=6344882d...
info|2019-11-12 16:02:58.758333|[g:1][CONSENSUS][PBFT]checkTimeout Succ,view=5903,toView=5904,nodeIdx=1,changeCycle=0,myNode=198b3eca...,timecost=0.227
info|2019-11-12 16:02:58.759540|[g:1][CONSENSUS][PBFT]checkAndChangeView: Reach consensus,org_view=5903,org_changeCycle=0,cur_changeCycle=0,to_view=5904
info|2019-11-12 16:02:59.290517|[P2P][Service] heartBeat,connected count=3
info|2019-11-12 16:02:59.762954|[g:1][CONSENSUS]addRawPrepare,height=3,reqIdx=2,hash=4b60c1a3...
info|2019-11-12 16:02:59.763197|[g:1][CONSENSUS][PBFT]checkTimeout Succ,view=5904,toView=5905,nodeIdx=1,changeCycle=0,myNode=198b3eca...,timecost=0.215
info|2019-11-12 16:02:59.763508|[g:1][CONSENSUS][PBFT]checkAndChangeView: Reach consensus,org_view=5904,org_changeCycle=0,cur_changeCycle=0,to_view=5905
info|2019-11-12 16:03:00.769544|[g:1][CONSENSUS]addRawPrepare,height=3,reqIdx=3,hash=f64bbbb6...
info|2019-11-12 16:03:00.769930|[g:1][CONSENSUS][PBFT]checkTimeout Succ,view=5905,toView=5906,nodeIdx=1,changeCycle=0,myNode=198b3eca...,timecost=0.288
info|2019-11-12 16:03:00.774577|[g:1][CONSENSUS][PBFT]checkAndChangeView: Reach consensus,org_view=5905,org_changeCycle=0,cur_changeCycle=0,to_view=5906
info|2019-11-12 16:03:01.775924|[g:1][CONSENSUS]addRawPrepare,height=3,reqIdx=0,hash=606d3a49...
info|2019-11-12 16:03:01.776416|[g:1][CONSENSUS][PBFT]checkTimeout Succ,view=5906,toView=5907,nodeIdx=1,changeCycle=0,myNode=198b3eca...,timecost=0.361
info|2019-11-12 16:03:01.782198|[g:1][CONSENSUS][PBFT]checkAndChangeView: Reach consensus,org_view=5906,org_changeCycle=0,cur_changeCycle=0,to_view=5907
info|2019-11-12 16:03:02.785256|[g:1][CONSENSUS][SEALER]++++++++++++++++ Generating seal on,blkNum=3,tx=0,nodeIdx=1,hash=b15f333b...
info|2019-11-12 16:03:02.794704|[g:1][CONSENSUS][PBFT]checkTimeout Succ,view=5907,toView=5908,nodeIdx=1,changeCycle=0,myNode=198b3eca...,timecost=0.251
info|2019-11-12 16:03:02.796061|[g:1][CONSENSUS][PBFT]checkAndChangeView: Reach consensus,org_view=5907,org_changeCycle=0,cur_changeCycle=0,to_view=5908
info|2019-11-12 16:03:03.796242|[g:1][CONSENSUS]addRawPrepare,height=3,reqIdx=2,hash=d168a897...
info|2019-11-12 16:03:03.796511|[g:1][CONSENSUS][PBFT]checkTimeout Succ,view=5908,toView=5909,nodeIdx=1,changeCycle=0,myNode=198b3eca...,timecost=0.237
info|2019-11-12 16:03:03.802844|[g:1][CONSENSUS][PBFT]checkAndChangeView: Reach consensus,org_view=5908,org_changeCycle=0,cur_changeCycle=0,to_view=5909
info|2019-11-12 16:03:04.802682|[g:1][CONSENSUS]addRawPrepare,height=3,reqIdx=3,hash=98758547...
info|2019-11-12 16:03:04.803213|[g:1][CONSENSUS][PBFT]checkTimeout Succ,view=5909,toView=5910,nodeIdx=1,changeCycle=0,myNode=198b3eca...,timecost=0.41
info|2019-11-12 16:03:04.809870|[g:1][CONSENSUS][PBFT]checkAndChangeView: Reach consensus,org_view=5909,org_changeCycle=0,cur_changeCycle=0,to_view=5910
info|2019-11-12 16:03:05.810465|[g:1][CONSENSUS]addRawPrepare,height=3,reqIdx=0,hash=20457cf2...
info|2019-11-12 16:03:05.810951|[g:1][CONSENSUS][PBFT]checkTimeout Succ,view=5910,toView=5911,nodeIdx=1,changeCycle=0,myNode=198b3eca...,timecost=0.366
info|2019-11-12 16:03:05.816347|[g:1][CONSENSUS][PBFT]checkAndChangeView: Reach consensus,org_view=5910,org_changeCycle=0,cur_changeCycle=0,to_view=5911
info|2019-11-12 16:03:06.816186|[g:1][CONSENSUS][SEALER]++++++++++++++++ Generating seal on,blkNum=3,tx=0,nodeIdx=1,hash=e03cf2b7...
info|2019-11-12 16:03:06.826764|[g:1][CONSENSUS][PBFT]checkTimeout Succ,view=5911,toView=5912,nodeIdx=1,changeCycle=0,myNode=198b3eca...,timecost=0.406
info|2019-11-12 16:03:06.827737|[g:1][CONSENSUS][PBFT]checkAndChangeView: Reach consensus,org_view=5911,org_changeCycle=0,cur_changeCycle=0,to_view=5912
info|2019-11-12 16:03:07.830768|[g:1][CONSENSUS]addRawPrepare,height=3,reqIdx=2,hash=88fff899...
info|2019-11-12 16:03:07.831013|[g:1][CONSENSUS][PBFT]checkTimeout Succ,view=5912,toView=5913,nodeIdx=1,changeCycle=0,myNode=198b3eca...,timecost=0.217
info|2019-11-12 16:03:07.833540|[g:1][CONSENSUS][PBFT]checkAndChangeView: Reach consensus,org_view=5912,org_changeCycle=0,cur_changeCycle=0,to_view=5913
info|2019-11-12 16:03:08.834841|[g:1][CONSENSUS]addRawPrepare,height=3,reqIdx=3,hash=6bde7002...
info|2019-11-12 16:03:08.835328|[g:1][CONSENSUS][PBFT]checkTimeout Succ,view=5913,toView=5914,nodeIdx=1,changeCycle=0,myNode=198b3eca...,timecost=0.364
info|2019-11-12 16:03:08.840919|[g:1][CONSENSUS][PBFT]checkAndChangeView: Reach consensus,org_view=5913,org_changeCycle=0,cur_changeCycle=0,to_view=5914
info|2019-11-12 16:03:09.290679|[P2P][Service] heartBeat,connected count=3
info|2019-11-12 16:03:09.843559|[g:1][CONSENSUS]addRawPrepare,height=3,reqIdx=0,hash=4d8a61c0...
info|2019-11-12 16:03:09.843935|[g:1][CONSENSUS][PBFT]checkTimeout Succ,view=5914,toView=5915,nodeIdx=1,changeCycle=0,myNode=198b3eca...,timecost=0.302
info|2019-11-12 16:03:09.847947|[g:1][CONSENSUS][PBFT]checkAndChangeView: Reach consensus,org_view=5914,org_changeCycle=0,cur_changeCycle=0,to_view=5915
info|2019-11-12 16:03:10.848274|[g:1][CONSENSUS][SEALER]++++++++++++++++ Generating seal on,blkNum=3,tx=0,nodeIdx=1,hash=41afd611...
info|2019-11-12 16:03:10.857071|[g:1][CONSENSUS][PBFT]checkTimeout Succ,view=5915,toView=5916,nodeIdx=1,changeCycle=0,myNode=198b3eca...,timecost=0.221
info|2019-11-12 16:03:10.858129|[g:1][CONSENSUS][PBFT]checkAndChangeView: Reach consensus,org_view=5915,org_changeCycle=0,cur_changeCycle=0,to_view=5916
info|2019-11-12 16:03:11.859089|[g:1][CONSENSUS]addRawPrepare,height=3,reqIdx=2,hash=b0318302...
info|2019-11-12 16:03:11.860825|[g:1][CONSENSUS][PBFT]checkTimeout Succ,view=5916,toView=5917,nodeIdx=1,changeCycle=0,myNode=198b3eca...,timecost=1.701
info|2019-11-12 16:03:11.863019|[g:1][CONSENSUS][PBFT]checkAndChangeView: Reach consensus,org_view=5916,org_changeCycle=0,cur_changeCycle=0,to_view=5917
info|2019-11-12 16:03:12.868197|[g:1][CONSENSUS]addRawPrepare,height=3,reqIdx=3,hash=f3aeec64...
info|2019-11-12 16:03:12.873805|[g:1][CONSENSUS][PBFT]checkTimeout Succ,view=5917,toView=5918,nodeIdx=1,changeCycle=0,myNode=198b3eca...,timecost=1.409
info|2019-11-12 16:03:12.874460|[g:1][CONSENSUS][PBFT]checkAndChangeView: Reach consensus,org_view=5917,org_changeCycle=0,cur_changeCycle=0,to_view=5918
info|2019-11-12 16:03:13.875137|[g:1][CONSENSUS]addRawPrepare,height=3,reqIdx=0,hash=cf8c094d...
info|2019-11-12 16:03:13.879241|[g:1][CONSENSUS][PBFT]checkTimeout Succ,view=5918,toView=5919,nodeIdx=1,changeCycle=0,myNode=198b3eca...,timecost=3.973
info|2019-11-12 16:03:13.881117|[g:1][CONSENSUS][PBFT]checkAndChangeView: Reach consensus,org_view=5918,org_changeCycle=0,cur_changeCycle=0,to_view=5919
info|2019-11-12 16:03:14.882074|[g:1][CONSENSUS][SEALER]++++++++++++++++ Generating seal on,blkNum=3,tx=0,nodeIdx=1,hash=3734facf...
info|2019-11-12 16:03:14.891914|[g:1][CONSENSUS][PBFT]checkTimeout Succ,view=5919,toView=5920,nodeIdx=1,changeCycle=0,myNode=198b3eca...,timecost=0.225
info|2019-11-12 16:03:14.892936|[g:1][CONSENSUS][PBFT]checkAndChangeView: Reach consensus,org_view=5919,org_changeCycle=0,cur_changeCycle=0,to_view=5920
info|2019-11-12 16:03:15.893321|[g:1][CONSENSUS]addRawPrepare,height=3,reqIdx=2,hash=7d383990...
info|2019-11-12 16:03:15.893742|[g:1][CONSENSUS][PBFT]checkTimeout Succ,view=5920,toView=5921,nodeIdx=1,changeCycle=0,myNode=198b3eca...,timecost=0.387
info|2019-11-12 16:03:15.896631|[g:1][CONSENSUS][PBFT]checkAndChangeView: Reach consensus,org_view=5920,org_changeCycle=0,cur_changeCycle=0,to_view=5921
info|2019-11-12 16:03:16.897770|[g:1][CONSENSUS]addRawPrepare,height=3,reqIdx=3,hash=66244176...
info|2019-11-12 16:03:16.898254|[g:1][CONSENSUS][PBFT]checkTimeout Succ,view=5921,toView=5922,nodeIdx=1,changeCycle=0,myNode=198b3eca...,timecost=0.366
info|2019-11-12 16:03:16.904886|[g:1][CONSENSUS][PBFT]checkAndChangeView: Reach consensus,org_view=5921,org_changeCycle=0,cur_changeCycle=0,to_view=5922
info|2019-11-12 16:03:17.906555|[g:1][CONSENSUS]addRawPrepare,height=3,reqIdx=0,hash=e302e013...
info|2019-11-12 16:03:17.911512|[g:1][CONSENSUS][PBFT]checkTimeout Succ,view=5922,toView=5923,nodeIdx=1,changeCycle=0,myNode=198b3eca...,timecost=3.101
info|2019-11-12 16:03:17.913286|[g:1][CONSENSUS][PBFT]checkAndChangeView: Reach consensus,org_view=5922,org_changeCycle=0,cur_changeCycle=0,to_view=5923
info|2019-11-12 16:03:18.914585|[g:1][CONSENSUS][SEALER]++++++++++++++++ Generating seal on,blkNum=3,tx=0,nodeIdx=1,hash=e6e70764...
info|2019-11-12 16:03:18.924937|[g:1][CONSENSUS][PBFT]checkTimeout Succ,view=5923,toView=5924,nodeIdx=1,changeCycle=0,myNode=198b3eca...,timecost=0.231
info|2019-11-12 16:03:18.926103|[g:1][CONSENSUS][PBFT]checkAndChangeView: Reach consensus,org_view=5923,org_changeCycle=0,cur_changeCycle=0,to_view=5924
info|2019-11-12 16:03:19.290801|[P2P][Service] heartBeat,connected count=3
info|2019-11-12 16:03:19.925971|[g:1][CONSENSUS]addRawPrepare,height=3,reqIdx=2,hash=c7c7fe3b...
info|2019-11-12 16:03:19.926244|[g:1][CONSENSUS][PBFT]checkTimeout Succ,view=5924,toView=5925,nodeIdx=1,changeCycle=0,myNode=198b3eca...,timecost=0.243
info|2019-11-12 16:03:19.929800|[g:1][CONSENSUS][PBFT]checkAndChangeView: Reach consensus,org_view=5924,org_changeCycle=0,cur_changeCycle=0,to_view=5925
info|2019-11-12 16:03:20.929300|[g:1][CONSENSUS]addRawPrepare,height=3,reqIdx=3,hash=406aebb3...
info|2019-11-12 16:03:20.929882|[g:1][CONSENSUS][PBFT]checkTimeout Succ,view=5925,toView=5926,nodeIdx=1,changeCycle=0,myNode=198b3eca...,timecost=0.393
info|2019-11-12 16:03:20.935124|[g:1][CONSENSUS][PBFT]checkAndChangeView: Reach consensus,org_view=5925,org_changeCycle=0,cur_changeCycle=0,to_view=5926
info|2019-11-12 16:03:21.937759|[g:1][CONSENSUS]addRawPrepare,height=3,reqIdx=0,hash=cf879297...
info|2019-11-12 16:03:21.938371|[g:1][CONSENSUS][PBFT]checkTimeout Succ,view=5926,toView=5927,nodeIdx=1,changeCycle=0,myNode=198b3eca...,timecost=0.466
info|2019-11-12 16:03:21.945091|[g:1][CONSENSUS][PBFT]checkAndChangeView: Reach consensus,org_view=5926,org_changeCycle=0,cur_changeCycle=0,to_view=5927
info|2019-11-12 16:03:22.946574|[g:1][CONSENSUS][SEALER]++++++++++++++++ Generating seal on,blkNum=3,tx=0,nodeIdx=1,hash=24f8750f...
info|2019-11-12 16:03:22.955621|[g:1][CONSENSUS][PBFT]checkTimeout Succ,view=5927,toView=5928,nodeIdx=1,changeCycle=0,myNode=198b3eca...,timecost=0.303
info|2019-11-12 16:03:22.956654|[g:1][CONSENSUS][PBFT]checkAndChangeView: Reach consensus,org_view=5927,org_changeCycle=0,cur_changeCycle=0,to_view=5928
info|2019-11-12 16:03:23.956794|[g:1][CONSENSUS]addRawPrepare,height=3,reqIdx=2,hash=d84cd58a...
info|2019-11-12 16:03:23.957138|[g:1][CONSENSUS][PBFT]checkTimeout Succ,view=5928,toView=5929,nodeIdx=1,changeCycle=0,myNode=198b3eca...,timecost=0.308
info|2019-11-12 16:03:23.960658|[g:1][CONSENSUS][PBFT]checkAndChangeView: Reach consensus,org_view=5928,org_changeCycle=0,cur_changeCycle=0,to_view=5929
info|2019-11-12 16:03:24.964942|[g:1][CONSENSUS]addRawPrepare,height=3,reqIdx=3,hash=31a7e110...
info|2019-11-12 16:03:24.965217|[g:1][CONSENSUS][PBFT]checkTimeout Succ,view=5929,toView=5930,nodeIdx=1,changeCycle=0,myNode=198b3eca...,timecost=0.203
info|2019-11-12 16:03:24.970295|[g:1][CONSENSUS][PBFT]checkAndChangeView: Reach consensus,org_view=5929,org_changeCycle=0,cur_changeCycle=0,to_view=5930
info|2019-11-12 16:03:25.974347|[g:1][CONSENSUS]addRawPrepare,height=3,reqIdx=0,hash=40ec413a...
info|2019-11-12 16:03:25.974676|[g:1][CONSENSUS][PBFT]checkTimeout Succ,view=5930,toView=5931,nodeIdx=1,changeCycle=0,myNode=198b3eca...,timecost=0.252
info|2019-11-12 16:03:25.978653|[g:1][CONSENSUS][PBFT]checkAndChangeView: Reach consensus,org_view=5930,org_changeCycle=0,cur_changeCycle=0,to_view=5931
info|2019-11-12 16:03:26.980209|[g:1][CONSENSUS][SEALER]++++++++++++++++ Generating seal on,blkNum=3,tx=0,nodeIdx=1,hash=2afb333a...
info|2019-11-12 16:03:26.989826|[g:1][CONSENSUS][PBFT]checkTimeout Succ,view=5931,toView=5932,nodeIdx=1,changeCycle=0,myNode=198b3eca...,timecost=0.268
info|2019-11-12 16:03:26.991684|[g:1][CONSENSUS][PBFT]checkAndChangeView: Reach consensus,org_view=5931,org_changeCycle=0,cur_changeCycle=0,to_view=5932
