info|2019-11-12 23:00:00.820629|[g:1][CONSENSUS]addRawPrepare,height=3,reqIdx=2,hash=a98faaa6...
info|2019-11-12 23:00:00.823811|[g:1][CONSENSUS][PBFT]checkTimeout Succ,view=16800,toView=16801,nodeIdx=1,changeCycle=0,myNode=198b3eca...,timecost=3.153
info|2019-11-12 23:00:00.828953|[g:1][CONSENSUS][PBFT]checkAndChangeView: Reach consensus,org_view=16800,org_changeCycle=0,cur_changeCycle=0,to_view=16801
info|2019-11-12 23:00:01.830549|[g:1][CONSENSUS]addRawPrepare,height=3,reqIdx=3,hash=262df6f5...
info|2019-11-12 23:00:01.837849|[g:1][CONSENSUS][PBFT]checkTimeout Succ,view=16801,toView=16802,nodeIdx=1,changeCycle=0,myNode=198b3eca...,timecost=2.658
info|2019-11-12 23:00:01.839108|[g:1][CONSENSUS][PBFT]checkAndChangeView: Reach consensus,org_view=16801,org_changeCycle=0,cur_changeCycle=0,to_view=16802
info|2019-11-12 23:00:02.839604|[g:1][CONSENSUS]addRawPrepare,height=3,reqIdx=0,hash=453a36e7...
info|2019-11-12 23:00:02.840024|[g:1][CONSENSUS][PBFT]checkTimeout Succ,view=16802,toView=16803,nodeIdx=1,changeCycle=0,myNode=198b3eca...,timecost=0.297
info|2019-11-12 23:00:02.846034|[g:1][CONSENSUS][PBFT]checkAndChangeView: Reach consensus,org_view=16802,org_changeCycle=0,cur_changeCycle=0,to_view=16803
info|2019-11-12 23:00:03.166773|[P2P][Service] heartBeat,connected count=3
info|2019-11-12 23:00:03.848588|[g:1][CONSENSUS][SEALER]++++++++++++++++ Generating seal on,blkNum=3,tx=0,nodeIdx=1,hash=f277d412...
info|2019-11-12 23:00:03.857083|[g:1][CONSENSUS][PBFT]checkTimeout Succ,view=16803,toView=16804,nodeIdx=1,changeCycle=0,myNode=198b3eca...,timecost=0.224
info|2019-11-12 23:00:03.858084|[g:1][CONSENSUS][PBFT]checkAndChangeView: Reach consensus,org_view=16803,org_changeCycle=0,cur_changeCycle=0,to_view=16804
info|2019-11-12 23:00:04.859206|[g:1][CONSENSUS]addRawPrepare,height=3,reqIdx=2,hash=0c258784...
info|2019-11-12 23:00:04.859584|[g:1][CONSENSUS][PBFT]checkTimeout Succ,view=16804,toView=16805,nodeIdx=1,changeCycle=0,myNode=198b3eca...,timecost=0.332
info|2019-11-12 23:00:04.862399|[g:1][CONSENSUS][PBFT]checkAndChangeView: Reach consensus,org_view=16804,org_changeCycle=0,cur_changeCycle=0,to_view=16805
info|2019-11-12 23:00:05.867961|[g:1][CONSENSUS]addRawPrepare,height=3,reqIdx=3,hash=ce1088e8...
info|2019-11-12 23:00:05.868411|[g:1][CONSENSUS][PBFT]checkTimeout Succ,view=16805,toView=16806,nodeIdx=1,changeCycle=0,myNode=198b3eca...,timecost=0.353
info|2019-11-12 23:00:05.874921|[g:1][CONSENSUS][PBFT]checkAndChangeView: Reach consensus,org_view=16805,org_changeCycle=0,cur_changeCycle=0,to_view=16806
info|2019-11-12 23:00:06.873127|[g:1][CONSENSUS]addRawPrepare,height=3,reqIdx=0,hash=5760088e...
info|2019-11-12 23:00:06.873408|[g:1][CONSENSUS][PBFT]checkTimeout Succ,view=16806,toView=16807,nodeIdx=1,changeCycle=0,myNode=198b3eca...,timecost=0.206
info|2019-11-12 23:00:06.877809|[g:1][CONSENSUS][PBFT]checkAndChangeView: Reach consensus,org_view=16806,org_changeCycle=0,cur_changeCycle=0,to_view=16807
info|2019-11-12 23:00:07.878296|[g:1][CONSENSUS][SEALER]++++++++++++++++ Generating seal on,blkNum=3,tx=0,nodeIdx=1,hash=d0844b28...
info|2019-11-12 23:00:07.893980|[g:1][CONSENSUS][PBFT]checkTimeout Succ,view=16807,toView=16808,nodeIdx=1,changeCycle=0,myNode=198b3eca...,timecost=0.244
info|2019-11-12 23:00:07.895177|[g:1][CONSENSUS][PBFT]checkAndChangeView: Reach consensus,org_view=16807,org_changeCycle=0,cur_changeCycle=0,to_view=16808
info|2019-11-12 23:00:08.896179|[g:1][CONSENSUS]addRawPrepare,height=3,reqIdx=2,hash=62a2d4af...
info|2019-11-12 23:00:08.896584|[g:1][CONSENSUS][PBFT]checkTimeout Succ,view=16808,toView=16809,nodeIdx=1,changeCycle=0,myNode=198b3eca...,timecost=0.562
info|2019-11-12 23:00:08.903441|[g:1][CONSENSUS][PBFT]checkAndChangeView: Reach consensus,org_view=16808,org_changeCycle=0,cur_changeCycle=0,to_view=16809
info|2019-11-12 23:00:09.921490|[g:1][CONSENSUS]addRawPrepare,height=3,reqIdx=3,hash=74bd1843...
info|2019-11-12 23:00:09.922032|[g:1][CONSENSUS][PBFT]checkTimeout Succ,view=16809,toView=16810,nodeIdx=1,changeCycle=0,myNode=198b3eca...,timecost=0.378
info|2019-11-12 23:00:09.927379|[g:1][CONSENSUS][PBFT]checkAndChangeView: Reach consensus,org_view=16809,org_changeCycle=0,cur_changeCycle=0,to_view=16810
info|2019-11-12 23:00:10.931233|[g:1][CONSENSUS]addRawPrepare,height=3,reqIdx=0,hash=2e268a37...
info|2019-11-12 23:00:10.932202|[g:1][CONSENSUS][PBFT]checkTimeout Succ,view=16810,toView=16811,nodeIdx=1,changeCycle=0,myNode=198b3eca...,timecost=0.8
info|2019-11-12 23:00:10.937864|[g:1][CONSENSUS][PBFT]checkAndChangeView: Reach consensus,org_view=16810,org_changeCycle=0,cur_changeCycle=0,to_view=16811
info|2019-11-12 23:00:11.937369|[g:1][CONSENSUS][SEALER]++++++++++++++++ Generating seal on,blkNum=3,tx=0,nodeIdx=1,hash=e7cac1c4...
info|2019-11-12 23:00:11.947872|[g:1][CONSENSUS][PBFT]checkTimeout Succ,view=16811,toView=16812,nodeIdx=1,changeCycle=0,myNode=198b3eca...,timecost=0.389
info|2019-11-12 23:00:11.951669|[g:1][CONSENSUS][PBFT]checkAndChangeView: Reach consensus,org_view=16811,org_changeCycle=0,cur_changeCycle=0,to_view=16812
info|2019-11-12 23:00:12.950433|[g:1][CONSENSUS]addRawPrepare,height=3,reqIdx=2,hash=a1f66448...
info|2019-11-12 23:00:12.955852|[g:1][CONSENSUS][PBFT]checkTimeout Succ,view=16812,toView=16813,nodeIdx=1,changeCycle=0,myNode=198b3eca...,timecost=4.461
info|2019-11-12 23:00:12.956942|[g:1][CONSENSUS][PBFT]checkAndChangeView: Reach consensus,org_view=16812,org_changeCycle=0,cur_changeCycle=0,to_view=16813
info|2019-11-12 23:00:13.167051|[P2P][Service] heartBeat,connected count=3
info|2019-11-12 23:00:13.959251|[g:1][CONSENSUS]addRawPrepare,height=3,reqIdx=3,hash=f53af340...
info|2019-11-12 23:00:13.959644|[g:1][CONSENSUS][PBFT]checkTimeout Succ,view=16813,toView=16814,nodeIdx=1,changeCycle=0,myNode=198b3eca...,timecost=0.294
info|2019-11-12 23:00:13.967528|[g:1][CONSENSUS][PBFT]checkAndChangeView: Reach consensus,org_view=16813,org_changeCycle=0,cur_changeCycle=0,to_view=16814
info|2019-11-12 23:00:14.969754|[g:1][CONSENSUS]addRawPrepare,height=3,reqIdx=0,hash=6e30200e...
info|2019-11-12 23:00:14.975377|[g:1][CONSENSUS][PBFT]checkTimeout Succ,view=16814,toView=16815,nodeIdx=1,changeCycle=0,myNode=198b3eca...,timecost=3.132
info|2019-11-12 23:00:14.976775|[g:1][CONSENSUS][PBFT]checkAndChangeView: Reach consensus,org_view=16814,org_changeCycle=0,cur_changeCycle=0,to_view=16815
info|2019-11-12 23:00:15.977141|[g:1][CONSENSUS][SEALER]++++++++++++++++ Generating seal on,blkNum=3,tx=0,nodeIdx=1,hash=f045e649...
info|2019-11-12 23:00:15.988715|[g:1][CONSENSUS][PBFT]checkTimeout Succ,view=16815,toView=16816,nodeIdx=1,changeCycle=0,myNode=198b3eca...,timecost=0.227
info|2019-11-12 23:00:15.990267|[g:1][CONSENSUS][PBFT]checkAndChangeView: Reach consensus,org_view=16815,org_changeCycle=0,cur_changeCycle=0,to_view=16816
info|2019-11-12 23:00:16.990165|[g:1][CONSENSUS]addRawPrepare,height=3,reqIdx=2,hash=8bcb42f0...
info|2019-11-12 23:00:16.990420|[g:1][CONSENSUS][PBFT]checkTimeout Succ,view=16816,toView=16817,nodeIdx=1,changeCycle=0,myNode=198b3eca...,timecost=0.223
info|2019-11-12 23:00:16.993256|[g:1][CONSENSUS][PBFT]checkAndChangeView: Reach consensus,org_view=16816,org_changeCycle=0,cur_changeCycle=0,to_view=16817
info|2019-11-12 23:00:17.997265|[g:1][CONSENSUS]addRawPrepare,height=3,reqIdx=3,hash=b405f688...
info|2019-11-12 23:00:17.997700|[g:1][CONSENSUS][PBFT]checkTimeout Succ,view=16817,toView=16818,nodeIdx=1,changeCycle=0,myNode=198b3eca...,timecost=0.302
info|2019-11-12 23:00:18.006826|[g:1][CONSENSUS][PBFT]checkAndChangeView: Reach consensus,org_view=16817,org_changeCycle=0,cur_changeCycle=0,to_view=16818
info|2019-11-12 23:00:19.015881|[g:1][CONSENSUS]addRawPrepare,height=3,reqIdx=0,hash=98cb9464...
info|2019-11-12 23:00:19.020748|[g:1][CONSENSUS][PBFT]checkTimeout Succ,view=16818,toView=16819,nodeIdx=1,changeCycle=0,myNode=198b3eca...,timecost=4.663
info|2019-11-12 23:00:19.022802|[g:1][CONSENSUS][PBFT]checkAndChangeView: Reach consensus,org_view=16818,org_changeCycle=0,cur_changeCycle=0,to_view=16819
info|2019-11-12 23:00:20.024402|[g:1][CONSENSUS][SEALER]++++++++++++++++ Generating seal on,blkNum=3,tx=0,nodeIdx=1,hash=5a0758cc...
info|2019-11-12 23:00:20.034793|[g:1][CONSENSUS][PBFT]checkTimeout Succ,view=16819,toView=16820,nodeIdx=1,changeCycle=0,myNode=198b3eca...,timecost=0.874
info|2019-11-12 23:00:20.038111|[g:1][CONSENSUS][PBFT]checkAndChangeView: Reach consensus,org_view=16819,org_changeCycle=0,cur_changeCycle=0,to_view=16820
info|2019-11-12 23:00:21.036361|[g:1][CONSENSUS]addRawPrepare,height=3,reqIdx=2,hash=60a067ad...
info|2019-11-12 23:00:21.041339|[g:1][CONSENSUS][PBFT]checkTimeout Succ,view=16820,toView=16821,nodeIdx=1,changeCycle=0,myNode=198b3eca...,timecost=4.891
info|2019-11-12 23:00:21.042724|[g:1][CONSENSUS][PBFT]checkAndChangeView: Reach consensus,org_view=16820,org_changeCycle=0,cur_changeCycle=0,to_view=16821
info|2019-11-12 23:00:22.042727|[g:1][CONSENSUS]addRawPrepare,height=3,reqIdx=3,hash=0b2d5fc8...
info|2019-11-12 23:00:22.045979|[g:1][CONSENSUS][PBFT]checkTimeout Succ,view=16821,toView=16822,nodeIdx=1,changeCycle=0,myNode=198b3eca...,timecost=3.09
info|2019-11-12 23:00:22.050978|[g:1][CONSENSUS][PBFT]checkAndChangeView: Reach consensus,org_view=16821,org_changeCycle=0,cur_changeCycle=0,to_view=16822
info|2019-11-12 23:00:23.053062|[g:1][CONSENSUS]addRawPrepare,height=3,reqIdx=0,hash=26f3f7a5...
info|2019-11-12 23:00:23.053593|[g:1][CONSENSUS][PBFT]checkTimeout Succ,view=16822,toView=16823,nodeIdx=1,changeCycle=0,myNode=198b3eca...,timecost=0.397
info|2019-11-12 23:00:23.063359|[g:1][CONSENSUS][PBFT]checkAndChangeView: Reach consensus,org_view=16822,org_changeCycle=0,cur_changeCycle=0,to_view=16823
info|2019-11-12 23:00:23.167481|[P2P][Service] heartBeat,connected count=3
info|2019-11-12 23:00:24.063471|[g:1][CONSENSUS][SEALER]++++++++++++++++ Generating seal on,blkNum=3,tx=0,nodeIdx=1,hash=eef3d25b...
info|2019-11-12 23:00:24.077163|[g:1][CONSENSUS][PBFT]checkTimeout Succ,view=16823,toView=16824,nodeIdx=1,changeCycle=0,myNode=198b3eca...,timecost=0.233
info|2019-11-12 23:00:24.078252|[g:1][CONSENSUS][PBFT]checkAndChangeView: Reach consensus,org_view=16823,org_changeCycle=0,cur_changeCycle=0,to_view=16824
info|2019-11-12 23:00:25.078068|[g:1][CONSENSUS]addRawPrepare,height=3,reqIdx=2,hash=37aa023c...
info|2019-11-12 23:00:25.078443|[g:1][CONSENSUS][PBFT]checkTimeout Succ,view=16824,toView=16825,nodeIdx=1,changeCycle=0,myNode=198b3eca...,timecost=0.345
info|2019-11-12 23:00:25.081255|[g:1][CONSENSUS][PBFT]checkAndChangeView: Reach consensus,org_view=16824,org_changeCycle=0,cur_changeCycle=0,to_view=16825
info|2019-11-12 23:00:26.084221|[g:1][CONSENSUS]addRawPrepare,height=3,reqIdx=3,hash=796d0673...
info|2019-11-12 23:00:26.091522|[g:1][CONSENSUS][PBFT]checkTimeout Succ,view=16825,toView=16826,nodeIdx=1,changeCycle=0,myNode=198b3eca...,timecost=7.085
info|2019-11-12 23:00:26.095948|[g:1][CONSENSUS][PBFT]checkAndChangeView: Reach consensus,org_view=16825,org_changeCycle=0,cur_changeCycle=0,to_view=16826
info|2019-11-12 23:00:27.115241|[g:1][CONSENSUS]addRawPrepare,height=3,reqIdx=0,hash=dc5823ab...
info|2019-11-12 23:00:27.115687|[g:1][CONSENSUS][PBFT]checkTimeout Succ,view=16826,toView=16827,nodeIdx=1,changeCycle=0,myNode=198b3eca...,timecost=0.231
info|2019-11-12 23:00:27.123675|[g:1][CONSENSUS][PBFT]checkAndChangeView: Reach consensus,org_view=16826,org_changeCycle=0,cur_changeCycle=0,to_view=16827
info|2019-11-12 23:00:28.123800|[g:1][CONSENSUS][SEALER]++++++++++++++++ Generating seal on,blkNum=3,tx=0,nodeIdx=1,hash=ffcd20e0...
info|2019-11-12 23:00:28.142933|[g:1][CONSENSUS][PBFT]checkTimeout Succ,view=16827,toView=16828,nodeIdx=1,changeCycle=0,myNode=198b3eca...,timecost=0.224
info|2019-11-12 23:00:28.145245|[g:1][CONSENSUS][PBFT]checkAndChangeView: Reach consensus,org_view=16827,org_changeCycle=0,cur_changeCycle=0,to_view=16828
info|2019-11-12 23:00:29.153417|[g:1][CONSENSUS]addRawPrepare,height=3,reqIdx=2,hash=f7369a92...
info|2019-11-12 23:00:29.153690|[g:1][CONSENSUS][PBFT]checkTimeout Succ,view=16828,toView=16829,nodeIdx=1,changeCycle=0,myNode=198b3eca...,timecost=0.245
info|2019-11-12 23:00:29.156750|[g:1][CONSENSUS][PBFT]checkAndChangeView: Reach consensus,org_view=16828,org_changeCycle=0,cur_changeCycle=0,to_view=16829
info|2019-11-12 23:00:30.157338|[g:1][CONSENSUS]addRawPrepare,height=3,reqIdx=3,hash=64f0521b...
info|2019-11-12 23:00:30.157854|[g:1][CONSENSUS][PBFT]checkTimeout Succ,view=16829,toView=16830,nodeIdx=1,changeCycle=0,myNode=198b3eca...,timecost=0.372
info|2019-11-12 23:00:30.162000|[g:1][CONSENSUS][PBFT]checkAndChangeView: Reach consensus,org_view=16829,org_changeCycle=0,cur_changeCycle=0,to_view=16830
info|2019-11-12 23:00:31.165920|[g:1][CONSENSUS]addRawPrepare,height=3,reqIdx=0,hash=56105ba4...
info|2019-11-12 23:00:31.166361|[g:1][CONSENSUS][PBFT]checkTimeout Succ,view=16830,toView=16831,nodeIdx=1,changeCycle=0,myNode=198b3eca...,timecost=0.301
info|2019-11-12 23:00:31.173076|[g:1][CONSENSUS][PBFT]checkAndChangeView: Reach consensus,org_view=16830,org_changeCycle=0,cur_changeCycle=0,to_view=16831
info|2019-11-12 23:00:32.173183|[g:1][CONSENSUS][SEALER]++++++++++++++++ Generating seal on,blkNum=3,tx=0,nodeIdx=1,hash=c425ef28...
info|2019-11-12 23:00:32.181148|[g:1][CONSENSUS][PBFT]checkTimeout Succ,view=16831,toView=16832,nodeIdx=1,changeCycle=0,myNode=198b3eca...,timecost=0.227
info|2019-11-12 23:00:32.182141|[g:1][CONSENSUS][PBFT]checkAndChangeView: Reach consensus,org_view=16831,org_changeCycle=0,cur_changeCycle=0,to_view=16832
info|2019-11-12 23:00:33.167946|[P2P][Service] heartBeat,connected count=3
info|2019-11-12 23:00:33.189243|[g:1][CONSENSUS]addRawPrepare,height=3,reqIdx=2,hash=10534228...
info|2019-11-12 23:00:33.189495|[g:1][CONSENSUS][PBFT]checkTimeout Succ,view=16832,toView=16833,nodeIdx=1,changeCycle=0,myNode=198b3eca...,timecost=0.225
info|2019-11-12 23:00:33.190931|[g:1][CONSENSUS][PBFT]checkAndChangeView: Reach consensus,org_view=16832,org_changeCycle=0,cur_changeCycle=0,to_view=16833
info|2019-11-12 23:00:34.194415|[g:1][CONSENSUS]addRawPrepare,height=3,reqIdx=3,hash=24991aca...
info|2019-11-12 23:00:34.195527|[g:1][CONSENSUS][PBFT]checkTimeout Succ,view=16833,toView=16834,nodeIdx=1,changeCycle=0,myNode=198b3eca...,timecost=0.219
info|2019-11-12 23:00:34.201247|[g:1][CONSENSUS][PBFT]checkAndChangeView: Reach consensus,org_view=16833,org_changeCycle=0,cur_changeCycle=0,to_view=16834
info|2019-11-12 23:00:35.203833|[g:1][CONSENSUS]addRawPrepare,height=3,reqIdx=0,hash=8b52ee88...
info|2019-11-12 23:00:35.209136|[g:1][CONSENSUS][PBFT]checkTimeout Succ,view=16834,toView=16835,nodeIdx=1,changeCycle=0,myNode=198b3eca...,timecost=1.507
info|2019-11-12 23:00:35.209984|[g:1][CONSENSUS][PBFT]checkAndChangeView: Reach consensus,org_view=16834,org_changeCycle=0,cur_changeCycle=0,to_view=16835
info|2019-11-12 23:00:36.210826|[g:1][CONSENSUS][SEALER]++++++++++++++++ Generating seal on,blkNum=3,tx=0,nodeIdx=1,hash=7836389f...
info|2019-11-12 23:00:36.220507|[g:1][CONSENSUS][PBFT]checkTimeout Succ,view=16835,toView=16836,nodeIdx=1,changeCycle=0,myNode=198b3eca...,timecost=0.249
info|2019-11-12 23:00:36.221616|[g:1][CONSENSUS][PBFT]checkAndChangeView: Reach consensus,org_view=16835,org_changeCycle=0,cur_changeCycle=0,to_view=16836
info|2019-11-12 23:00:37.224951|[g:1][CONSENSUS]addRawPrepare,height=3,reqIdx=2,hash=02aa5c9d...
info|2019-11-12 23:00:37.225374|[g:1][CONSENSUS][PBFT]checkTimeout Succ,view=16836,toView=16837,nodeIdx=1,changeCycle=0,myNode=198b3eca...,timecost=0.4
info|2019-11-12 23:00:37.227178|[g:1][CONSENSUS][PBFT]checkAndChangeView: Reach consensus,org_view=16836,org_changeCycle=0,cur_changeCycle=0,to_view=16837
info|2019-11-12 23:00:38.231848|[g:1][CONSENSUS]addRawPrepare,height=3,reqIdx=3,hash=3365dbae...
info|2019-11-12 23:00:38.232334|[g:1][CONSENSUS][PBFT]checkTimeout Succ,view=16837,toView=16838,nodeIdx=1,changeCycle=0,myNode=198b3eca...,timecost=0.364
info|2019-11-12 23:00:38.239181|[g:1][CONSENSUS][PBFT]checkAndChangeView: Reach consensus,org_view=16837,org_changeCycle=0,cur_changeCycle=0,to_view=16838
info|2019-11-12 23:00:39.244002|[g:1][CONSENSUS]addRawPrepare,height=3,reqIdx=0,hash=1fa98da8...
info|2019-11-12 23:00:39.244457|[g:1][CONSENSUS][PBFT]checkTimeout Succ,view=16838,toView=16839,nodeIdx=1,changeCycle=0,myNode=198b3eca...,timecost=0.3
info|2019-11-12 23:00:39.249509|[g:1][CONSENSUS][PBFT]checkAndChangeView: Reach consensus,org_view=16838,org_changeCycle=0,cur_changeCycle=0,to_view=16839
info|2019-11-12 23:00:40.250925|[g:1][CONSENSUS][SEALER]++++++++++++++++ Generating seal on,blkNum=3,tx=0,nodeIdx=1,hash=c6336dfc...
info|2019-11-12 23:00:40.262522|[g:1][CONSENSUS][PBFT]checkTimeout Succ,view=16839,toView=16840,nodeIdx=1,changeCycle=0,myNode=198b3eca...,timecost=0.258
info|2019-11-12 23:00:40.263517|[g:1][CONSENSUS][PBFT]checkAndChangeView: Reach consensus,org_view=16839,org_changeCycle=0,cur_changeCycle=0,to_view=16840
info|2019-11-12 23:00:41.267823|[g:1][CONSENSUS]addRawPrepare,height=3,reqIdx=2,hash=ab328429...
info|2019-11-12 23:00:41.272607|[g:1][CONSENSUS][PBFT]checkTimeout Succ,view=16840,toView=16841,nodeIdx=1,changeCycle=0,myNode=198b3eca...,timecost=4.707
info|2019-11-12 23:00:41.273725|[g:1][CONSENSUS][PBFT]checkAndChangeView: Reach consensus,org_view=16840,org_changeCycle=0,cur_changeCycle=0,to_view=16841
info|2019-11-12 23:00:42.277375|[g:1][CONSENSUS]addRawPrepare,height=3,reqIdx=3,hash=59c34665...
info|2019-11-12 23:00:42.277881|[g:1][CONSENSUS][PBFT]checkTimeout Succ,view=16841,toView=16842,nodeIdx=1,changeCycle=0,myNode=198b3eca...,timecost=0.411
info|2019-11-12 23:00:42.282681|[g:1][CONSENSUS][PBFT]checkAndChangeView: Reach consensus,org_view=16841,org_changeCycle=0,cur_changeCycle=0,to_view=16842
info|2019-11-12 23:00:43.168339|[P2P][Service] heartBeat,connected count=3
info|2019-11-12 23:00:43.286077|[g:1][CONSENSUS]addRawPrepare,height=3,reqIdx=0,hash=593bac2f...
info|2019-11-12 23:00:43.286502|[g:1][CONSENSUS][PBFT]checkTimeout Succ,view=16842,toView=16843,nodeIdx=1,changeCycle=0,myNode=198b3eca...,timecost=0.302
info|2019-11-12 23:00:43.292822|[g:1][CONSENSUS][PBFT]checkAndChangeView: Reach consensus,org_view=16842,org_changeCycle=0,cur_changeCycle=0,to_view=16843
info|2019-11-12 23:00:44.293208|[g:1][CONSENSUS][SEALER]++++++++++++++++ Generating seal on,blkNum=3,tx=0,nodeIdx=1,hash=7a3901a8...
info|2019-11-12 23:00:44.306801|[g:1][CONSENSUS][PBFT]checkTimeout Succ,view=16843,toView=16844,nodeIdx=1,changeCycle=0,myNode=198b3eca...,timecost=0.885
info|2019-11-12 23:00:44.308633|[g:1][CONSENSUS][PBFT]checkAndChangeView: Reach consensus,org_view=16843,org_changeCycle=0,cur_changeCycle=0,to_view=16844
info|2019-11-12 23:00:45.309564|[g:1][CONSENSUS]addRawPrepare,height=3,reqIdx=2,hash=6ed702b0...
info|2019-11-12 23:00:45.309898|[g:1][CONSENSUS][PBFT]checkTimeout Succ,view=16844,toView=16845,nodeIdx=1,changeCycle=0,myNode=198b3eca...,timecost=0.308
info|2019-11-12 23:00:45.313473|[g:1][CONSENSUS][PBFT]checkAndChangeView: Reach consensus,org_view=16844,org_changeCycle=0,cur_changeCycle=0,to_view=16845
info|2019-11-12 23:00:46.315829|[g:1][CONSENSUS]addRawPrepare,height=3,reqIdx=3,hash=3ec8ab2c...
info|2019-11-12 23:00:46.316291|[g:1][CONSENSUS][PBFT]checkTimeout Succ,view=16845,toView=16846,nodeIdx=1,changeCycle=0,myNode=198b3eca...,timecost=0.355
info|2019-11-12 23:00:46.320704|[g:1][CONSENSUS][PBFT]checkAndChangeView: Reach consensus,org_view=16845,org_changeCycle=0,cur_changeCycle=0,to_view=16846
info|2019-11-12 23:00:47.325478|[g:1][CONSENSUS]addRawPrepare,height=3,reqIdx=0,hash=370f4f69...
info|2019-11-12 23:00:47.330719|[g:1][CONSENSUS][PBFT]checkTimeout Succ,view=16846,toView=16847,nodeIdx=1,changeCycle=0,myNode=198b3eca...,timecost=1.325
info|2019-11-12 23:00:47.331513|[g:1][CONSENSUS][PBFT]checkAndChangeView: Reach consensus,org_view=16846,org_changeCycle=0,cur_changeCycle=0,to_view=16847
info|2019-11-12 23:00:48.331865|[g:1][CONSENSUS][SEALER]++++++++++++++++ Generating seal on,blkNum=3,tx=0,nodeIdx=1,hash=8f36a923...
info|2019-11-12 23:00:48.342251|[g:1][CONSENSUS][PBFT]checkTimeout Succ,view=16847,toView=16848,nodeIdx=1,changeCycle=0,myNode=198b3eca...,timecost=0.239
info|2019-11-12 23:00:48.343411|[g:1][CONSENSUS][PBFT]checkAndChangeView: Reach consensus,org_view=16847,org_changeCycle=0,cur_changeCycle=0,to_view=16848
info|2019-11-12 23:00:49.345328|[g:1][CONSENSUS]addRawPrepare,height=3,reqIdx=2,hash=04e5956e...
info|2019-11-12 23:00:49.345691|[g:1][CONSENSUS][PBFT]checkTimeout Succ,view=16848,toView=16849,nodeIdx=1,changeCycle=0,myNode=198b3eca...,timecost=0.321
info|2019-11-12 23:00:49.350970|[g:1][CONSENSUS][PBFT]checkAndChangeView: Reach consensus,org_view=16848,org_changeCycle=0,cur_changeCycle=0,to_view=16849
info|2019-11-12 23:00:50.356301|[g:1][CONSENSUS]addRawPrepare,height=3,reqIdx=3,hash=3adc6877...
info|2019-11-12 23:00:50.356622|[g:1][CONSENSUS][PBFT]checkTimeout Succ,view=16849,toView=16850,nodeIdx=1,changeCycle=0,myNode=198b3eca...,timecost=0.212
info|2019-11-12 23:00:50.361791|[g:1][CONSENSUS][PBFT]checkAndChangeView: Reach consensus,org_view=16849,org_changeCycle=0,cur_changeCycle=0,to_view=16850
info|2019-11-12 23:00:51.361432|[g:1][CONSENSUS]addRawPrepare,height=3,reqIdx=0,hash=4c520e6e...
info|2019-11-12 23:00:51.361914|[g:1][CONSENSUS][PBFT]checkTimeout Succ,view=16850,toView=16851,nodeIdx=1,changeCycle=0,myNode=198b3eca...,timecost=0.385
info|2019-11-12 23:00:51.367957|[g:1][CONSENSUS][PBFT]checkAndChangeView: Reach consensus,org_view=16850,org_changeCycle=0,cur_changeCycle=0,to_view=16851
info|2019-11-12 23:00:52.369371|[g:1][CONSENSUS][SEALER]++++++++++++++++ Generating seal on,blkNum=3,tx=0,nodeIdx=1,hash=e272a798...
info|2019-11-12 23:00:52.380992|[g:1][CONSENSUS][PBFT]checkTimeout Succ,view=16851,toView=16852,nodeIdx=1,changeCycle=0,myNode=198b3eca...,timecost=0.407
info|2019-11-12 23:00:52.382109|[g:1][CONSENSUS][PBFT]checkAndChangeView: Reach consensus,org_view=16851,org_changeCycle=0,cur_changeCycle=0,to_view=16852
info|2019-11-12 23:00:53.168708|[P2P][Service] heartBeat,connected count=3
info|2019-11-12 23:00:53.383491|[g:1][CONSENSUS][PBFT]Trigger fast-viewchange,view=16852,toView=16852,minView=16853,INFO=,reqNum=2,curNum=2,GenIdx=3,Cview=16853,view=16852,fromIdx=3,fromNode=db2b0552...,fromIp=127.0.0.1:30302,hash=8b8d4d36...,nodeIdx=1,myNode=198b3eca...
info|2019-11-12 23:00:53.383731|[g:1][CONSENSUS][PBFT]checkAndChangeView: Reach consensus,org_view=16852,org_changeCycle=0,cur_changeCycle=0,to_view=16853
info|2019-11-12 23:00:53.383737|[g:1][CONSENSUS][PBFT]checkTimeout Succ,view=16853,toView=16853,nodeIdx=1,changeCycle=0,myNode=198b3eca...,timecost=0.205
info|2019-11-12 23:00:54.388737|[g:1][CONSENSUS]addRawPrepare,height=3,reqIdx=3,hash=748a573c...
info|2019-11-12 23:00:54.389220|[g:1][CONSENSUS][PBFT]checkTimeout Succ,view=16853,toView=16854,nodeIdx=1,changeCycle=0,myNode=198b3eca...,timecost=0.38
info|2019-11-12 23:00:54.394662|[g:1][CONSENSUS][PBFT]checkAndChangeView: Reach consensus,org_view=16853,org_changeCycle=0,cur_changeCycle=0,to_view=16854
info|2019-11-12 23:00:55.393953|[g:1][CONSENSUS]addRawPrepare,height=3,reqIdx=0,hash=e2344201...
info|2019-11-12 23:00:55.394492|[g:1][CONSENSUS][PBFT]checkTimeout Succ,view=16854,toView=16855,nodeIdx=1,changeCycle=0,myNode=198b3eca...,timecost=0.44
info|2019-11-12 23:00:55.401037|[g:1][CONSENSUS][PBFT]checkAndChangeView: Reach consensus,org_view=16854,org_changeCycle=0,cur_changeCycle=0,to_view=16855
info|2019-11-12 23:00:56.402709|[g:1][CONSENSUS][SEALER]++++++++++++++++ Generating seal on,blkNum=3,tx=0,nodeIdx=1,hash=07fe88d7...
info|2019-11-12 23:00:56.413914|[g:1][CONSENSUS][PBFT]checkTimeout Succ,view=16855,toView=16856,nodeIdx=1,changeCycle=0,myNode=198b3eca...,timecost=0.228
info|2019-11-12 23:00:56.415170|[g:1][CONSENSUS][PBFT]checkAndChangeView: Reach consensus,org_view=16855,org_changeCycle=0,cur_changeCycle=0,to_view=16856
info|2019-11-12 23:00:57.413338|[g:1][CONSENSUS]addRawPrepare,height=3,reqIdx=2,hash=e431a7f5...
info|2019-11-12 23:00:57.413681|[g:1][CONSENSUS][PBFT]checkTimeout Succ,view=16856,toView=16857,nodeIdx=1,changeCycle=0,myNode=198b3eca...,timecost=0.308
info|2019-11-12 23:00:57.416518|[g:1][CONSENSUS][PBFT]checkAndChangeView: Reach consensus,org_view=16856,org_changeCycle=0,cur_changeCycle=0,to_view=16857
info|2019-11-12 23:00:58.421357|[g:1][CONSENSUS]addRawPrepare,height=3,reqIdx=3,hash=b1498683...
info|2019-11-12 23:00:58.422288|[g:1][CONSENSUS][PBFT]checkTimeout Succ,view=16857,toView=16858,nodeIdx=1,changeCycle=0,myNode=198b3eca...,timecost=0.607
info|2019-11-12 23:00:58.429143|[g:1][CONSENSUS][PBFT]checkAndChangeView: Reach consensus,org_view=16857,org_changeCycle=0,cur_changeCycle=0,to_view=16858
info|2019-11-12 23:00:59.429356|[g:1][CONSENSUS]addRawPrepare,height=3,reqIdx=0,hash=aed0e7e5...
info|2019-11-12 23:00:59.429746|[g:1][CONSENSUS][PBFT]checkTimeout Succ,view=16858,toView=16859,nodeIdx=1,changeCycle=0,myNode=198b3eca...,timecost=0.294
info|2019-11-12 23:00:59.434568|[g:1][CONSENSUS][PBFT]checkAndChangeView: Reach consensus,org_view=16858,org_changeCycle=0,cur_changeCycle=0,to_view=16859
info|2019-11-12 23:01:00.435812|[g:1][CONSENSUS][SEALER]++++++++++++++++ Generating seal on,blkNum=3,tx=0,nodeIdx=1,hash=d0f9c334...
info|2019-11-12 23:01:00.448470|[g:1][CONSENSUS][PBFT]checkTimeout Succ,view=16859,toView=16860,nodeIdx=1,changeCycle=0,myNode=198b3eca...,timecost=0.23
info|2019-11-12 23:01:00.449614|[g:1][CONSENSUS][PBFT]checkAndChangeView: Reach consensus,org_view=16859,org_changeCycle=0,cur_changeCycle=0,to_view=16860
info|2019-11-12 23:01:01.448664|[g:1][CONSENSUS]addRawPrepare,height=3,reqIdx=2,hash=5a74ae3a...
info|2019-11-12 23:01:01.454511|[g:1][CONSENSUS][PBFT]checkTimeout Succ,view=16860,toView=16861,nodeIdx=1,changeCycle=0,myNode=198b3eca...,timecost=5.81
info|2019-11-12 23:01:01.511175|[g:1][CONSENSUS][PBFT]checkAndChangeView: Reach consensus,org_view=16860,org_changeCycle=0,cur_changeCycle=0,to_view=16861
info|2019-11-12 23:01:02.518075|[g:1][CONSENSUS]addRawPrepare,height=3,reqIdx=3,hash=afe4ac6a...
info|2019-11-12 23:01:02.518773|[g:1][CONSENSUS][PBFT]checkTimeout Succ,view=16861,toView=16862,nodeIdx=1,changeCycle=0,myNode=198b3eca...,timecost=0.607
info|2019-11-12 23:01:02.524851|[g:1][CONSENSUS][PBFT]checkAndChangeView: Reach consensus,org_view=16861,org_changeCycle=0,cur_changeCycle=0,to_view=16862
info|2019-11-12 23:01:03.169139|[P2P][Service] heartBeat,connected count=3
info|2019-11-12 23:01:03.525811|[g:1][CONSENSUS]addRawPrepare,height=3,reqIdx=0,hash=8cd48c14...
info|2019-11-12 23:01:03.528831|[g:1][CONSENSUS][PBFT]checkTimeout Succ,view=16862,toView=16863,nodeIdx=1,changeCycle=0,myNode=198b3eca...,timecost=2.946
info|2019-11-12 23:01:03.529566|[g:1][CONSENSUS][PBFT]checkAndChangeView: Reach consensus,org_view=16862,org_changeCycle=0,cur_changeCycle=0,to_view=16863
info|2019-11-12 23:01:04.533272|[g:1][CONSENSUS][SEALER]++++++++++++++++ Generating seal on,blkNum=3,tx=0,nodeIdx=1,hash=56cf340e...
info|2019-11-12 23:01:04.544458|[g:1][CONSENSUS][PBFT]checkTimeout Succ,view=16863,toView=16864,nodeIdx=1,changeCycle=0,myNode=198b3eca...,timecost=0.231
info|2019-11-12 23:01:04.545660|[g:1][CONSENSUS][PBFT]checkAndChangeView: Reach consensus,org_view=16863,org_changeCycle=0,cur_changeCycle=0,to_view=16864
info|2019-11-12 23:01:05.547267|[g:1][CONSENSUS]addRawPrepare,height=3,reqIdx=2,hash=8d04bf1c...
info|2019-11-12 23:01:05.547560|[g:1][CONSENSUS][PBFT]checkTimeout Succ,view=16864,toView=16865,nodeIdx=1,changeCycle=0,myNode=198b3eca...,timecost=0.259
info|2019-11-12 23:01:05.548860|[g:1][CONSENSUS][PBFT]checkAndChangeView: Reach consensus,org_view=16864,org_changeCycle=0,cur_changeCycle=0,to_view=16865
info|2019-11-12 23:01:06.552291|[g:1][CONSENSUS]addRawPrepare,height=3,reqIdx=3,hash=1e1e2d45...
info|2019-11-12 23:01:06.561299|[g:1][CONSENSUS][PBFT]checkTimeout Succ,view=16865,toView=16866,nodeIdx=1,changeCycle=0,myNode=198b3eca...,timecost=2.976
info|2019-11-12 23:01:06.563605|[g:1][CONSENSUS][PBFT]checkAndChangeView: Reach consensus,org_view=16865,org_changeCycle=0,cur_changeCycle=0,to_view=16866
info|2019-11-12 23:01:07.566123|[g:1][CONSENSUS]addRawPrepare,height=3,reqIdx=0,hash=4d1e12d7...
info|2019-11-12 23:01:07.566532|[g:1][CONSENSUS][PBFT]checkTimeout Succ,view=16866,toView=16867,nodeIdx=1,changeCycle=0,myNode=198b3eca...,timecost=0.301
info|2019-11-12 23:01:07.581480|[g:1][CONSENSUS][PBFT]checkAndChangeView: Reach consensus,org_view=16866,org_changeCycle=0,cur_changeCycle=0,to_view=16867
info|2019-11-12 23:01:08.582249|[g:1][CONSENSUS][SEALER]++++++++++++++++ Generating seal on,blkNum=3,tx=0,nodeIdx=1,hash=0d26ae02...
info|2019-11-12 23:01:08.594145|[g:1][CONSENSUS][PBFT]checkTimeout Succ,view=16867,toView=16868,nodeIdx=1,changeCycle=0,myNode=198b3eca...,timecost=0.232
info|2019-11-12 23:01:08.595186|[g:1][CONSENSUS][PBFT]checkAndChangeView: Reach consensus,org_view=16867,org_changeCycle=0,cur_changeCycle=0,to_view=16868
info|2019-11-12 23:01:09.595660|[g:1][CONSENSUS]addRawPrepare,height=3,reqIdx=2,hash=9f33c7e8...
info|2019-11-12 23:01:09.596040|[g:1][CONSENSUS][PBFT]checkTimeout Succ,view=16868,toView=16869,nodeIdx=1,changeCycle=0,myNode=198b3eca...,timecost=0.353
info|2019-11-12 23:01:09.599520|[g:1][CONSENSUS][PBFT]checkAndChangeView: Reach consensus,org_view=16868,org_changeCycle=0,cur_changeCycle=0,to_view=16869
info|2019-11-12 23:01:10.602872|[g:1][CONSENSUS]addRawPrepare,height=3,reqIdx=3,hash=1b609c31...
info|2019-11-12 23:01:10.603449|[g:1][CONSENSUS][PBFT]checkTimeout Succ,view=16869,toView=16870,nodeIdx=1,changeCycle=0,myNode=198b3eca...,timecost=0.211
info|2019-11-12 23:01:10.611167|[g:1][CONSENSUS][PBFT]checkAndChangeView: Reach consensus,org_view=16869,org_changeCycle=0,cur_changeCycle=0,to_view=16870
info|2019-11-12 23:01:11.614753|[g:1][CONSENSUS]addRawPrepare,height=3,reqIdx=0,hash=486c57a6...
info|2019-11-12 23:01:11.615126|[g:1][CONSENSUS][PBFT]checkTimeout Succ,view=16870,toView=16871,nodeIdx=1,changeCycle=0,myNode=198b3eca...,timecost=0.297
info|2019-11-12 23:01:11.619028|[g:1][CONSENSUS][PBFT]checkAndChangeView: Reach consensus,org_view=16870,org_changeCycle=0,cur_changeCycle=0,to_view=16871
info|2019-11-12 23:01:12.620970|[g:1][CONSENSUS][SEALER]++++++++++++++++ Generating seal on,blkNum=3,tx=0,nodeIdx=1,hash=5858ba9e...
info|2019-11-12 23:01:12.631717|[g:1][CONSENSUS][PBFT]checkTimeout Succ,view=16871,toView=16872,nodeIdx=1,changeCycle=0,myNode=198b3eca...,timecost=0.394
info|2019-11-12 23:01:12.632690|[g:1][CONSENSUS][PBFT]checkAndChangeView: Reach consensus,org_view=16871,org_changeCycle=0,cur_changeCycle=0,to_view=16872
info|2019-11-12 23:01:13.169235|[P2P][Service] heartBeat,connected count=3
info|2019-11-12 23:01:13.635827|[g:1][CONSENSUS][PBFT]Trigger fast-viewchange,view=16872,toView=16872,minView=16873,INFO=,reqNum=2,curNum=2,GenIdx=3,Cview=16873,view=16872,fromIdx=3,fromNode=db2b0552...,fromIp=127.0.0.1:30302,hash=8b8d4d36...,nodeIdx=1,myNode=198b3eca...
info|2019-11-12 23:01:13.636269|[g:1][CONSENSUS][PBFT]checkAndChangeView: Reach consensus,org_view=16872,org_changeCycle=0,cur_changeCycle=0,to_view=16873
info|2019-11-12 23:01:13.638243|[g:1][CONSENSUS][PBFT]checkTimeout Succ,view=16873,toView=16873,nodeIdx=1,changeCycle=0,myNode=198b3eca...,timecost=2.269
info|2019-11-12 23:01:14.643050|[g:1][CONSENSUS]addRawPrepare,height=3,reqIdx=3,hash=e5ab52f3...
info|2019-11-12 23:01:14.652704|[g:1][CONSENSUS][PBFT]checkTimeout Succ,view=16873,toView=16874,nodeIdx=1,changeCycle=0,myNode=198b3eca...,timecost=1.616
info|2019-11-12 23:01:14.653703|[g:1][CONSENSUS][PBFT]checkAndChangeView: Reach consensus,org_view=16873,org_changeCycle=0,cur_changeCycle=0,to_view=16874
info|2019-11-12 23:01:15.653949|[g:1][CONSENSUS]addRawPrepare,height=3,reqIdx=0,hash=0e100883...
info|2019-11-12 23:01:15.654755|[g:1][CONSENSUS][PBFT]checkTimeout Succ,view=16874,toView=16875,nodeIdx=1,changeCycle=0,myNode=198b3eca...,timecost=0.51
info|2019-11-12 23:01:15.661367|[g:1][CONSENSUS][PBFT]checkAndChangeView: Reach consensus,org_view=16874,org_changeCycle=0,cur_changeCycle=0,to_view=16875
info|2019-11-12 23:01:16.666005|[g:1][CONSENSUS][SEALER]++++++++++++++++ Generating seal on,blkNum=3,tx=0,nodeIdx=1,hash=f8e8484a...
info|2019-11-12 23:01:16.682698|[g:1][CONSENSUS][PBFT]checkTimeout Succ,view=16875,toView=16876,nodeIdx=1,changeCycle=0,myNode=198b3eca...,timecost=0.427
info|2019-11-12 23:01:16.683705|[g:1][CONSENSUS][PBFT]checkAndChangeView: Reach consensus,org_view=16875,org_changeCycle=0,cur_changeCycle=0,to_view=16876
info|2019-11-12 23:01:17.688304|[g:1][CONSENSUS]addRawPrepare,height=3,reqIdx=2,hash=19377961...
info|2019-11-12 23:01:17.688598|[g:1][CONSENSUS][PBFT]checkTimeout Succ,view=16876,toView=16877,nodeIdx=1,changeCycle=0,myNode=198b3eca...,timecost=0.263
info|2019-11-12 23:01:17.694926|[g:1][CONSENSUS][PBFT]checkAndChangeView: Reach consensus,org_view=16876,org_changeCycle=0,cur_changeCycle=0,to_view=16877
info|2019-11-12 23:01:18.698762|[g:1][CONSENSUS]addRawPrepare,height=3,reqIdx=3,hash=b3a4dbc9...
info|2019-11-12 23:01:18.699240|[g:1][CONSENSUS][PBFT]checkTimeout Succ,view=16877,toView=16878,nodeIdx=1,changeCycle=0,myNode=198b3eca...,timecost=0.357
info|2019-11-12 23:01:18.705258|[g:1][CONSENSUS][PBFT]checkAndChangeView: Reach consensus,org_view=16877,org_changeCycle=0,cur_changeCycle=0,to_view=16878
info|2019-11-12 23:01:19.707143|[g:1][CONSENSUS]addRawPrepare,height=3,reqIdx=0,hash=84bfb56f...
info|2019-11-12 23:01:19.714115|[g:1][CONSENSUS][PBFT]checkTimeout Succ,view=16878,toView=16879,nodeIdx=1,changeCycle=0,myNode=198b3eca...,timecost=1.893
info|2019-11-12 23:01:19.716731|[g:1][CONSENSUS][PBFT]checkAndChangeView: Reach consensus,org_view=16878,org_changeCycle=0,cur_changeCycle=0,to_view=16879
info|2019-11-12 23:01:20.719284|[g:1][CONSENSUS][SEALER]++++++++++++++++ Generating seal on,blkNum=3,tx=0,nodeIdx=1,hash=7c882fd5...
info|2019-11-12 23:01:20.735636|[g:1][CONSENSUS][PBFT]checkTimeout Succ,view=16879,toView=16880,nodeIdx=1,changeCycle=0,myNode=198b3eca...,timecost=0.449
info|2019-11-12 23:01:20.744665|[g:1][CONSENSUS][PBFT]checkAndChangeView: Reach consensus,org_view=16879,org_changeCycle=0,cur_changeCycle=0,to_view=16880
info|2019-11-12 23:01:21.739596|[g:1][CONSENSUS]addRawPrepare,height=3,reqIdx=2,hash=0c04d148...
info|2019-11-12 23:01:21.740254|[g:1][CONSENSUS][PBFT]checkTimeout Succ,view=16880,toView=16881,nodeIdx=1,changeCycle=0,myNode=198b3eca...,timecost=0.585
info|2019-11-12 23:01:21.781177|[g:1][CONSENSUS][PBFT]checkAndChangeView: Reach consensus,org_view=16880,org_changeCycle=0,cur_changeCycle=0,to_view=16881
info|2019-11-12 23:01:22.808291|[g:1][CONSENSUS]addRawPrepare,height=3,reqIdx=3,hash=512ddb0a...
info|2019-11-12 23:01:22.808656|[g:1][CONSENSUS][PBFT]checkTimeout Succ,view=16881,toView=16882,nodeIdx=1,changeCycle=0,myNode=198b3eca...,timecost=0.237
info|2019-11-12 23:01:22.814648|[g:1][CONSENSUS][PBFT]checkAndChangeView: Reach consensus,org_view=16881,org_changeCycle=0,cur_changeCycle=0,to_view=16882
info|2019-11-12 23:01:23.169412|[P2P][Service] heartBeat,connected count=3
info|2019-11-12 23:01:23.814248|[g:1][CONSENSUS]addRawPrepare,height=3,reqIdx=0,hash=a6619978...
info|2019-11-12 23:01:23.814524|[g:1][CONSENSUS][PBFT]checkTimeout Succ,view=16882,toView=16883,nodeIdx=1,changeCycle=0,myNode=198b3eca...,timecost=0.204
info|2019-11-12 23:01:23.819735|[g:1][CONSENSUS][PBFT]checkAndChangeView: Reach consensus,org_view=16882,org_changeCycle=0,cur_changeCycle=0,to_view=16883
info|2019-11-12 23:01:24.822139|[g:1][CONSENSUS][SEALER]++++++++++++++++ Generating seal on,blkNum=3,tx=0,nodeIdx=1,hash=78b9c937...
info|2019-11-12 23:01:24.832356|[g:1][CONSENSUS][PBFT]checkTimeout Succ,view=16883,toView=16884,nodeIdx=1,changeCycle=0,myNode=198b3eca...,timecost=0.263
info|2019-11-12 23:01:24.833557|[g:1][CONSENSUS][PBFT]checkAndChangeView: Reach consensus,org_view=16883,org_changeCycle=0,cur_changeCycle=0,to_view=16884
