info|2019-11-12 16:00:00.277877|[g:1][CONSENSUS]addRawPrepare,height=3,reqIdx=0,hash=82dc0475...
info|2019-11-12 16:00:00.278219|[g:1][CONSENSUS][PBFT]checkTimeout Succ,view=5726,toView=5727,nodeIdx=2,changeCycle=0,myNode=4e86727a...,timecost=0.305
info|2019-11-12 16:00:00.281066|[g:1][CONSENSUS][PBFT]checkAndChangeView: Reach consensus,org_view=5726,org_changeCycle=0,cur_changeCycle=0,to_view=5727
info|2019-11-12 16:00:01.283078|[g:1][CONSENSUS]addRawPrepare,height=3,reqIdx=1,hash=be25d6c2...
info|2019-11-12 16:00:01.283563|[g:1][CONSENSUS][PBFT]checkTimeout Succ,view=5727,toView=5728,nodeIdx=2,changeCycle=0,myNode=4e86727a...,timecost=0.364
info|2019-11-12 16:00:01.290454|[g:1][CONSENSUS][PBFT]checkAndChangeView: Reach consensus,org_view=5727,org_changeCycle=0,cur_changeCycle=0,to_view=5728
info|2019-11-12 16:00:02.291558|[g:1][CONSENSUS][SEALER]++++++++++++++++ Generating seal on,blkNum=3,tx=0,nodeIdx=2,hash=374b286f...
info|2019-11-12 16:00:02.300430|[g:1][CONSENSUS][PBFT]checkTimeout Succ,view=5728,toView=5729,nodeIdx=2,changeCycle=0,myNode=4e86727a...,timecost=0.242
info|2019-11-12 16:00:02.301582|[g:1][CONSENSUS][PBFT]checkAndChangeView: Reach consensus,org_view=5728,org_changeCycle=0,cur_changeCycle=0,to_view=5729
info|2019-11-12 16:00:03.306585|[g:1][CONSENSUS]addRawPrepare,height=3,reqIdx=3,hash=eccef031...
info|2019-11-12 16:00:03.306929|[g:1][CONSENSUS][PBFT]checkTimeout Succ,view=5729,toView=5730,nodeIdx=2,changeCycle=0,myNode=4e86727a...,timecost=0.306
info|2019-11-12 16:00:03.309350|[g:1][CONSENSUS][PBFT]checkAndChangeView: Reach consensus,org_view=5729,org_changeCycle=0,cur_changeCycle=0,to_view=5730
info|2019-11-12 16:00:04.312235|[g:1][CONSENSUS]addRawPrepare,height=3,reqIdx=0,hash=b1865c97...
info|2019-11-12 16:00:04.312508|[g:1][CONSENSUS][PBFT]checkTimeout Succ,view=5730,toView=5731,nodeIdx=2,changeCycle=0,myNode=4e86727a...,timecost=0.242
info|2019-11-12 16:00:04.318819|[g:1][CONSENSUS][PBFT]checkAndChangeView: Reach consensus,org_view=5730,org_changeCycle=0,cur_changeCycle=0,to_view=5731
info|2019-11-12 16:00:05.320830|[g:1][CONSENSUS]addRawPrepare,height=3,reqIdx=1,hash=c8e3ed06...
info|2019-11-12 16:00:05.321381|[g:1][CONSENSUS][PBFT]checkTimeout Succ,view=5731,toView=5732,nodeIdx=2,changeCycle=0,myNode=4e86727a...,timecost=0.428
info|2019-11-12 16:00:05.327501|[g:1][CONSENSUS][PBFT]checkAndChangeView: Reach consensus,org_view=5731,org_changeCycle=0,cur_changeCycle=0,to_view=5732
info|2019-11-12 16:00:06.327479|[g:1][CONSENSUS][SEALER]++++++++++++++++ Generating seal on,blkNum=3,tx=0,nodeIdx=2,hash=c7f03f7d...
info|2019-11-12 16:00:06.342331|[g:1][CONSENSUS][PBFT]checkTimeout Succ,view=5732,toView=5733,nodeIdx=2,changeCycle=0,myNode=4e86727a...,timecost=0.245
info|2019-11-12 16:00:06.344208|[g:1][CONSENSUS][PBFT]checkAndChangeView: Reach consensus,org_view=5732,org_changeCycle=0,cur_changeCycle=0,to_view=5733
info|2019-11-12 16:00:07.347470|[g:1][CONSENSUS]addRawPrepare,height=3,reqIdx=3,hash=362970be...
info|2019-11-12 16:00:07.347818|[g:1][CONSENSUS][PBFT]checkTimeout Succ,view=5733,toView=5734,nodeIdx=2,changeCycle=0,myNode=4e86727a...,timecost=0.311
info|2019-11-12 16:00:07.351403|[g:1][CONSENSUS][PBFT]checkAndChangeView: Reach consensus,org_view=5733,org_changeCycle=0,cur_changeCycle=0,to_view=5734
info|2019-11-12 16:00:08.359373|[g:1][CONSENSUS]addRawPrepare,height=3,reqIdx=0,hash=3c30e9a9...
info|2019-11-12 16:00:08.359657|[g:1][CONSENSUS][PBFT]checkTimeout Succ,view=5734,toView=5735,nodeIdx=2,changeCycle=0,myNode=4e86727a...,timecost=0.208
info|2019-11-12 16:00:08.363937|[g:1][CONSENSUS][PBFT]checkAndChangeView: Reach consensus,org_view=5734,org_changeCycle=0,cur_changeCycle=0,to_view=5735
info|2019-11-12 16:00:09.261038|[P2P][Service] heartBeat,connected count=3
info|2019-11-12 16:00:09.365810|[g:1][CONSENSUS]addRawPrepare,height=3,reqIdx=1,hash=22a0a294...
info|2019-11-12 16:00:09.366215|[g:1][CONSENSUS][PBFT]checkTimeout Succ,view=5735,toView=5736,nodeIdx=2,changeCycle=0,myNode=4e86727a...,timecost=0.294
info|2019-11-12 16:00:09.370499|[g:1][CONSENSUS][PBFT]checkAndChangeView: Reach consensus,org_view=5735,org_changeCycle=0,cur_changeCycle=0,to_view=5736
info|2019-11-12 16:00:10.370648|[g:1][CONSENSUS][SEALER]++++++++++++++++ Generating seal on,blkNum=3,tx=0,nodeIdx=2,hash=17dd7815...
info|2019-11-12 16:00:10.381874|[g:1][CONSENSUS][PBFT]checkTimeout Succ,view=5736,toView=5737,nodeIdx=2,changeCycle=0,myNode=4e86727a...,timecost=0.246
info|2019-11-12 16:00:10.383012|[g:1][CONSENSUS][PBFT]checkAndChangeView: Reach consensus,org_view=5736,org_changeCycle=0,cur_changeCycle=0,to_view=5737
info|2019-11-12 16:00:11.383386|[g:1][CONSENSUS]addRawPrepare,height=3,reqIdx=3,hash=405bf09c...
info|2019-11-12 16:00:11.383734|[g:1][CONSENSUS][PBFT]checkTimeout Succ,view=5737,toView=5738,nodeIdx=2,changeCycle=0,myNode=4e86727a...,timecost=0.311
info|2019-11-12 16:00:11.386735|[g:1][CONSENSUS][PBFT]checkAndChangeView: Reach consensus,org_view=5737,org_changeCycle=0,cur_changeCycle=0,to_view=5738
info|2019-11-12 16:00:12.390492|[g:1][CONSENSUS]addRawPrepare,height=3,reqIdx=0,hash=51326f8e...
info|2019-11-12 16:00:12.390832|[g:1][CONSENSUS][PBFT]checkTimeout Succ,view=5738,toView=5739,nodeIdx=2,changeCycle=0,myNode=4e86727a...,timecost=0.306
info|2019-11-12 16:00:12.394968|[g:1][CONSENSUS][PBFT]checkAndChangeView: Reach consensus,org_view=5738,org_changeCycle=0,cur_changeCycle=0,to_view=5739
info|2019-11-12 16:00:13.397836|[g:1][CONSENSUS]addRawPrepare,height=3,reqIdx=1,hash=d45c801a...
info|2019-11-12 16:00:13.398482|[g:1][CONSENSUS][PBFT]checkTimeout Succ,view=5739,toView=5740,nodeIdx=2,changeCycle=0,myNode=4e86727a...,timecost=0.349
info|2019-11-12 16:00:13.404398|[g:1][CONSENSUS][PBFT]checkAndChangeView: Reach consensus,org_view=5739,org_changeCycle=0,cur_changeCycle=0,to_view=5740
info|2019-11-12 16:00:14.404740|[g:1][CONSENSUS][SEALER]++++++++++++++++ Generating seal on,blkNum=3,tx=0,nodeIdx=2,hash=98032fcc...
info|2019-11-12 16:00:14.413149|[g:1][CONSENSUS][PBFT]checkTimeout Succ,view=5740,toView=5741,nodeIdx=2,changeCycle=0,myNode=4e86727a...,timecost=0.466
info|2019-11-12 16:00:14.414386|[g:1][CONSENSUS][PBFT]checkAndChangeView: Reach consensus,org_view=5740,org_changeCycle=0,cur_changeCycle=0,to_view=5741
info|2019-11-12 16:00:15.416495|[g:1][CONSENSUS]addRawPrepare,height=3,reqIdx=3,hash=296f107e...
info|2019-11-12 16:00:15.416838|[g:1][CONSENSUS][PBFT]checkTimeout Succ,view=5741,toView=5742,nodeIdx=2,changeCycle=0,myNode=4e86727a...,timecost=0.308
info|2019-11-12 16:00:15.418263|[g:1][CONSENSUS][PBFT]checkAndChangeView: Reach consensus,org_view=5741,org_changeCycle=0,cur_changeCycle=0,to_view=5742
info|2019-11-12 16:00:16.422387|[g:1][CONSENSUS]addRawPrepare,height=3,reqIdx=0,hash=cc78b39b...
info|2019-11-12 16:00:16.422729|[g:1][CONSENSUS][PBFT]checkTimeout Succ,view=5742,toView=5743,nodeIdx=2,changeCycle=0,myNode=4e86727a...,timecost=0.305
info|2019-11-12 16:00:16.426266|[g:1][CONSENSUS][PBFT]checkAndChangeView: Reach consensus,org_view=5742,org_changeCycle=0,cur_changeCycle=0,to_view=5743
info|2019-11-12 16:00:17.428889|[g:1][CONSENSUS]addRawPrepare,height=3,reqIdx=1,hash=d30cdc6c...
info|2019-11-12 16:00:17.429378|[g:1][CONSENSUS][PBFT]checkTimeout Succ,view=5743,toView=5744,nodeIdx=2,changeCycle=0,myNode=4e86727a...,timecost=0.364
info|2019-11-12 16:00:17.435128|[g:1][CONSENSUS][PBFT]checkAndChangeView: Reach consensus,org_view=5743,org_changeCycle=0,cur_changeCycle=0,to_view=5744
info|2019-11-12 16:00:18.435470|[g:1][CONSENSUS][SEALER]++++++++++++++++ Generating seal on,blkNum=3,tx=0,nodeIdx=2,hash=734c632e...
info|2019-11-12 16:00:18.445684|[g:1][CONSENSUS][PBFT]checkTimeout Succ,view=5744,toView=5745,nodeIdx=2,changeCycle=0,myNode=4e86727a...,timecost=0.232
info|2019-11-12 16:00:18.446616|[g:1][CONSENSUS][PBFT]checkAndChangeView: Reach consensus,org_view=5744,org_changeCycle=0,cur_changeCycle=0,to_view=5745
info|2019-11-12 16:00:19.261398|[P2P][Service] heartBeat,connected count=3
info|2019-11-12 16:00:19.449181|[g:1][CONSENSUS]addRawPrepare,height=3,reqIdx=3,hash=84f09e1b...
info|2019-11-12 16:00:19.449524|[g:1][CONSENSUS][PBFT]checkTimeout Succ,view=5745,toView=5746,nodeIdx=2,changeCycle=0,myNode=4e86727a...,timecost=0.308
info|2019-11-12 16:00:19.451233|[g:1][CONSENSUS][PBFT]checkAndChangeView: Reach consensus,org_view=5745,org_changeCycle=0,cur_changeCycle=0,to_view=5746
info|2019-11-12 16:00:20.455675|[g:1][CONSENSUS]addRawPrepare,height=3,reqIdx=0,hash=5e40dc7b...
info|2019-11-12 16:00:20.458867|[g:1][CONSENSUS][PBFT]checkTimeout Succ,view=5746,toView=5747,nodeIdx=2,changeCycle=0,myNode=4e86727a...,timecost=2.739
info|2019-11-12 16:00:20.460927|[g:1][CONSENSUS][PBFT]checkAndChangeView: Reach consensus,org_view=5746,org_changeCycle=0,cur_changeCycle=0,to_view=5747
info|2019-11-12 16:00:21.462326|[g:1][CONSENSUS]addRawPrepare,height=3,reqIdx=1,hash=3736b9fc...
info|2019-11-12 16:00:21.462842|[g:1][CONSENSUS][PBFT]checkTimeout Succ,view=5747,toView=5748,nodeIdx=2,changeCycle=0,myNode=4e86727a...,timecost=0.371
info|2019-11-12 16:00:21.469326|[g:1][CONSENSUS][PBFT]checkAndChangeView: Reach consensus,org_view=5747,org_changeCycle=0,cur_changeCycle=0,to_view=5748
info|2019-11-12 16:00:22.469252|[g:1][CONSENSUS][SEALER]++++++++++++++++ Generating seal on,blkNum=3,tx=0,nodeIdx=2,hash=861f2c68...
info|2019-11-12 16:00:22.478169|[g:1][CONSENSUS][PBFT]checkTimeout Succ,view=5748,toView=5749,nodeIdx=2,changeCycle=0,myNode=4e86727a...,timecost=0.229
info|2019-11-12 16:00:22.479250|[g:1][CONSENSUS][PBFT]checkAndChangeView: Reach consensus,org_view=5748,org_changeCycle=0,cur_changeCycle=0,to_view=5749
info|2019-11-12 16:00:23.480469|[g:1][CONSENSUS]addRawPrepare,height=3,reqIdx=3,hash=e12a93d3...
info|2019-11-12 16:00:23.480815|[g:1][CONSENSUS][PBFT]checkTimeout Succ,view=5749,toView=5750,nodeIdx=2,changeCycle=0,myNode=4e86727a...,timecost=0.308
info|2019-11-12 16:00:23.483533|[g:1][CONSENSUS][PBFT]checkAndChangeView: Reach consensus,org_view=5749,org_changeCycle=0,cur_changeCycle=0,to_view=5750
info|2019-11-12 16:00:24.486263|[g:1][CONSENSUS]addRawPrepare,height=3,reqIdx=0,hash=7473e868...
info|2019-11-12 16:00:24.486608|[g:1][CONSENSUS][PBFT]checkTimeout Succ,view=5750,toView=5751,nodeIdx=2,changeCycle=0,myNode=4e86727a...,timecost=0.309
info|2019-11-12 16:00:24.490222|[g:1][CONSENSUS][PBFT]checkAndChangeView: Reach consensus,org_view=5750,org_changeCycle=0,cur_changeCycle=0,to_view=5751
info|2019-11-12 16:00:25.492163|[g:1][CONSENSUS]addRawPrepare,height=3,reqIdx=1,hash=addadb42...
info|2019-11-12 16:00:25.496524|[g:1][CONSENSUS][PBFT]checkTimeout Succ,view=5751,toView=5752,nodeIdx=2,changeCycle=0,myNode=4e86727a...,timecost=4.238
info|2019-11-12 16:00:25.498622|[g:1][CONSENSUS][PBFT]checkAndChangeView: Reach consensus,org_view=5751,org_changeCycle=0,cur_changeCycle=0,to_view=5752
info|2019-11-12 16:00:26.499566|[g:1][CONSENSUS][SEALER]++++++++++++++++ Generating seal on,blkNum=3,tx=0,nodeIdx=2,hash=fabb0090...
info|2019-11-12 16:00:26.508510|[g:1][CONSENSUS][PBFT]checkTimeout Succ,view=5752,toView=5753,nodeIdx=2,changeCycle=0,myNode=4e86727a...,timecost=0.438
info|2019-11-12 16:00:26.509712|[g:1][CONSENSUS][PBFT]checkAndChangeView: Reach consensus,org_view=5752,org_changeCycle=0,cur_changeCycle=0,to_view=5753
info|2019-11-12 16:00:27.510738|[g:1][CONSENSUS]addRawPrepare,height=3,reqIdx=3,hash=beb171c5...
info|2019-11-12 16:00:27.512780|[g:1][CONSENSUS][PBFT]checkTimeout Succ,view=5753,toView=5754,nodeIdx=2,changeCycle=0,myNode=4e86727a...,timecost=2.013
info|2019-11-12 16:00:27.515937|[g:1][CONSENSUS][PBFT]checkAndChangeView: Reach consensus,org_view=5753,org_changeCycle=0,cur_changeCycle=0,to_view=5754
info|2019-11-12 16:00:28.522943|[g:1][CONSENSUS]addRawPrepare,height=3,reqIdx=0,hash=8a89a007...
info|2019-11-12 16:00:28.523169|[g:1][CONSENSUS][PBFT]checkTimeout Succ,view=5754,toView=5755,nodeIdx=2,changeCycle=0,myNode=4e86727a...,timecost=0.202
info|2019-11-12 16:00:28.527653|[g:1][CONSENSUS][PBFT]checkAndChangeView: Reach consensus,org_view=5754,org_changeCycle=0,cur_changeCycle=0,to_view=5755
info|2019-11-12 16:00:29.261766|[P2P][Service] heartBeat,connected count=3
info|2019-11-12 16:00:29.529768|[g:1][CONSENSUS]addRawPrepare,height=3,reqIdx=1,hash=7a0af014...
info|2019-11-12 16:00:29.530184|[g:1][CONSENSUS][PBFT]checkTimeout Succ,view=5755,toView=5756,nodeIdx=2,changeCycle=0,myNode=4e86727a...,timecost=0.297
info|2019-11-12 16:00:29.535565|[g:1][CONSENSUS][PBFT]checkAndChangeView: Reach consensus,org_view=5755,org_changeCycle=0,cur_changeCycle=0,to_view=5756
info|2019-11-12 16:00:30.536794|[g:1][CONSENSUS][SEALER]++++++++++++++++ Generating seal on,blkNum=3,tx=0,nodeIdx=2,hash=74035b2b...
info|2019-11-12 16:00:30.546275|[g:1][CONSENSUS][PBFT]checkTimeout Succ,view=5756,toView=5757,nodeIdx=2,changeCycle=0,myNode=4e86727a...,timecost=0.23
info|2019-11-12 16:00:30.547672|[g:1][CONSENSUS][PBFT]checkAndChangeView: Reach consensus,org_view=5756,org_changeCycle=0,cur_changeCycle=0,to_view=5757
info|2019-11-12 16:00:31.545743|[g:1][CONSENSUS]addRawPrepare,height=3,reqIdx=3,hash=12fb0582...
info|2019-11-12 16:00:31.546018|[g:1][CONSENSUS][PBFT]checkTimeout Succ,view=5757,toView=5758,nodeIdx=2,changeCycle=0,myNode=4e86727a...,timecost=0.241
info|2019-11-12 16:00:31.548725|[g:1][CONSENSUS][PBFT]checkAndChangeView: Reach consensus,org_view=5757,org_changeCycle=0,cur_changeCycle=0,to_view=5758
info|2019-11-12 16:00:32.552840|[g:1][CONSENSUS]addRawPrepare,height=3,reqIdx=0,hash=46fe5079...
info|2019-11-12 16:00:32.553090|[g:1][CONSENSUS][PBFT]checkTimeout Succ,view=5758,toView=5759,nodeIdx=2,changeCycle=0,myNode=4e86727a...,timecost=0.221
info|2019-11-12 16:00:32.555474|[g:1][CONSENSUS][PBFT]checkAndChangeView: Reach consensus,org_view=5758,org_changeCycle=0,cur_changeCycle=0,to_view=5759
info|2019-11-12 16:00:33.564374|[g:1][CONSENSUS][PBFT]Trigger fast-viewchange,view=5759,toView=5759,minView=5760,INFO=,reqNum=2,curNum=2,GenIdx=3,Cview=5760,view=5759,fromIdx=0,fromNode=075f8c93...,fromIp=127.0.0.1:30300,hash=8b8d4d36...,nodeIdx=2,myNode=4e86727a...
info|2019-11-12 16:00:33.564599|[g:1][CONSENSUS][PBFT]checkAndChangeView: Reach consensus,org_view=5759,org_changeCycle=0,cur_changeCycle=0,to_view=5760
info|2019-11-12 16:00:33.564605|[g:1][CONSENSUS][PBFT]checkTimeout Succ,view=5760,toView=5760,nodeIdx=2,changeCycle=0,myNode=4e86727a...,timecost=0.22
info|2019-11-12 16:00:34.564957|[g:1][CONSENSUS][SEALER]++++++++++++++++ Generating seal on,blkNum=3,tx=0,nodeIdx=2,hash=fd558ad6...
info|2019-11-12 16:00:34.572037|[g:1][CONSENSUS][PBFT]checkTimeout Succ,view=5760,toView=5761,nodeIdx=2,changeCycle=0,myNode=4e86727a...,timecost=0.233
info|2019-11-12 16:00:34.573421|[g:1][CONSENSUS][PBFT]checkAndChangeView: Reach consensus,org_view=5760,org_changeCycle=0,cur_changeCycle=0,to_view=5761
info|2019-11-12 16:00:35.573384|[g:1][CONSENSUS]addRawPrepare,height=3,reqIdx=3,hash=23e20fa1...
info|2019-11-12 16:00:35.573867|[g:1][CONSENSUS][PBFT]checkTimeout Succ,view=5761,toView=5762,nodeIdx=2,changeCycle=0,myNode=4e86727a...,timecost=0.462
info|2019-11-12 16:00:35.576309|[g:1][CONSENSUS][PBFT]checkAndChangeView: Reach consensus,org_view=5761,org_changeCycle=0,cur_changeCycle=0,to_view=5762
info|2019-11-12 16:00:36.579013|[g:1][CONSENSUS]addRawPrepare,height=3,reqIdx=0,hash=54a520b9...
info|2019-11-12 16:00:36.579548|[g:1][CONSENSUS][PBFT]checkTimeout Succ,view=5762,toView=5763,nodeIdx=2,changeCycle=0,myNode=4e86727a...,timecost=0.511
info|2019-11-12 16:00:36.583169|[g:1][CONSENSUS][PBFT]checkAndChangeView: Reach consensus,org_view=5762,org_changeCycle=0,cur_changeCycle=0,to_view=5763
info|2019-11-12 16:00:37.584492|[g:1][CONSENSUS]addRawPrepare,height=3,reqIdx=1,hash=6bcb2498...
info|2019-11-12 16:00:37.584790|[g:1][CONSENSUS][PBFT]checkTimeout Succ,view=5763,toView=5764,nodeIdx=2,changeCycle=0,myNode=4e86727a...,timecost=0.22
info|2019-11-12 16:00:37.588411|[g:1][CONSENSUS][PBFT]checkAndChangeView: Reach consensus,org_view=5763,org_changeCycle=0,cur_changeCycle=0,to_view=5764
info|2019-11-12 16:00:38.589931|[g:1][CONSENSUS][SEALER]++++++++++++++++ Generating seal on,blkNum=3,tx=0,nodeIdx=2,hash=fbf4d72e...
info|2019-11-12 16:00:38.600041|[g:1][CONSENSUS][PBFT]checkTimeout Succ,view=5764,toView=5765,nodeIdx=2,changeCycle=0,myNode=4e86727a...,timecost=0.253
info|2019-11-12 16:00:38.601255|[g:1][CONSENSUS][PBFT]checkAndChangeView: Reach consensus,org_view=5764,org_changeCycle=0,cur_changeCycle=0,to_view=5765
info|2019-11-12 16:00:39.261946|[P2P][Service] heartBeat,connected count=3
info|2019-11-12 16:00:39.601813|[g:1][CONSENSUS]addRawPrepare,height=3,reqIdx=3,hash=0e3e9ccb...
info|2019-11-12 16:00:39.602174|[g:1][CONSENSUS][PBFT]checkTimeout Succ,view=5765,toView=5766,nodeIdx=2,changeCycle=0,myNode=4e86727a...,timecost=0.32
info|2019-11-12 16:00:39.606282|[g:1][CONSENSUS][PBFT]checkAndChangeView: Reach consensus,org_view=5765,org_changeCycle=0,cur_changeCycle=0,to_view=5766
info|2019-11-12 16:00:40.610088|[g:1][CONSENSUS]addRawPrepare,height=3,reqIdx=0,hash=2416ce4b...
info|2019-11-12 16:00:40.610429|[g:1][CONSENSUS][PBFT]checkTimeout Succ,view=5766,toView=5767,nodeIdx=2,changeCycle=0,myNode=4e86727a...,timecost=0.318
info|2019-11-12 16:00:40.613031|[g:1][CONSENSUS][PBFT]checkAndChangeView: Reach consensus,org_view=5766,org_changeCycle=0,cur_changeCycle=0,to_view=5767
info|2019-11-12 16:00:41.615090|[g:1][CONSENSUS]addRawPrepare,height=3,reqIdx=1,hash=4f900148...
info|2019-11-12 16:00:41.620795|[g:1][CONSENSUS][PBFT]checkTimeout Succ,view=5767,toView=5768,nodeIdx=2,changeCycle=0,myNode=4e86727a...,timecost=5.553
info|2019-11-12 16:00:41.622891|[g:1][CONSENSUS][PBFT]checkAndChangeView: Reach consensus,org_view=5767,org_changeCycle=0,cur_changeCycle=0,to_view=5768
info|2019-11-12 16:00:42.623087|[g:1][CONSENSUS][SEALER]++++++++++++++++ Generating seal on,blkNum=3,tx=0,nodeIdx=2,hash=3ae2f71f...
info|2019-11-12 16:00:42.630874|[g:1][CONSENSUS][PBFT]checkTimeout Succ,view=5768,toView=5769,nodeIdx=2,changeCycle=0,myNode=4e86727a...,timecost=0.25
info|2019-11-12 16:00:42.632124|[g:1][CONSENSUS][PBFT]checkAndChangeView: Reach consensus,org_view=5768,org_changeCycle=0,cur_changeCycle=0,to_view=5769
info|2019-11-12 16:00:43.635264|[g:1][CONSENSUS]addRawPrepare,height=3,reqIdx=3,hash=e05e627b...
info|2019-11-12 16:00:43.637420|[g:1][CONSENSUS][PBFT]checkTimeout Succ,view=5769,toView=5770,nodeIdx=2,changeCycle=0,myNode=4e86727a...,timecost=2.105
info|2019-11-12 16:00:43.638739|[g:1][CONSENSUS][PBFT]checkAndChangeView: Reach consensus,org_view=5769,org_changeCycle=0,cur_changeCycle=0,to_view=5770
info|2019-11-12 16:00:44.641567|[g:1][CONSENSUS]addRawPrepare,height=3,reqIdx=0,hash=37421a93...
info|2019-11-12 16:00:44.641877|[g:1][CONSENSUS][PBFT]checkTimeout Succ,view=5770,toView=5771,nodeIdx=2,changeCycle=0,myNode=4e86727a...,timecost=0.243
info|2019-11-12 16:00:44.644612|[g:1][CONSENSUS][PBFT]checkAndChangeView: Reach consensus,org_view=5770,org_changeCycle=0,cur_changeCycle=0,to_view=5771
info|2019-11-12 16:00:45.647497|[g:1][CONSENSUS]addRawPrepare,height=3,reqIdx=1,hash=56a7b1d1...
info|2019-11-12 16:00:45.647891|[g:1][CONSENSUS][PBFT]checkTimeout Succ,view=5771,toView=5772,nodeIdx=2,changeCycle=0,myNode=4e86727a...,timecost=0.294
info|2019-11-12 16:00:45.652208|[g:1][CONSENSUS][PBFT]checkAndChangeView: Reach consensus,org_view=5771,org_changeCycle=0,cur_changeCycle=0,to_view=5772
info|2019-11-12 16:00:46.652888|[g:1][CONSENSUS][SEALER]++++++++++++++++ Generating seal on,blkNum=3,tx=0,nodeIdx=2,hash=accfb4a2...
info|2019-11-12 16:00:46.661314|[g:1][CONSENSUS][PBFT]checkTimeout Succ,view=5772,toView=5773,nodeIdx=2,changeCycle=0,myNode=4e86727a...,timecost=0.225
info|2019-11-12 16:00:46.662539|[g:1][CONSENSUS][PBFT]checkAndChangeView: Reach consensus,org_view=5772,org_changeCycle=0,cur_changeCycle=0,to_view=5773
info|2019-11-12 16:00:47.662440|[g:1][CONSENSUS]addRawPrepare,height=3,reqIdx=3,hash=86fcf222...
info|2019-11-12 16:00:47.662875|[g:1][CONSENSUS][PBFT]checkTimeout Succ,view=5773,toView=5774,nodeIdx=2,changeCycle=0,myNode=4e86727a...,timecost=0.391
info|2019-11-12 16:00:47.669499|[g:1][CONSENSUS][PBFT]checkAndChangeView: Reach consensus,org_view=5773,org_changeCycle=0,cur_changeCycle=0,to_view=5774
info|2019-11-12 16:00:48.674466|[g:1][CONSENSUS]addRawPrepare,height=3,reqIdx=0,hash=65200c7f...
info|2019-11-12 16:00:48.674800|[g:1][CONSENSUS][PBFT]checkTimeout Succ,view=5774,toView=5775,nodeIdx=2,changeCycle=0,myNode=4e86727a...,timecost=0.25
info|2019-11-12 16:00:48.676119|[g:1][CONSENSUS][PBFT]checkAndChangeView: Reach consensus,org_view=5774,org_changeCycle=0,cur_changeCycle=0,to_view=5775
info|2019-11-12 16:00:49.262149|[P2P][Service] heartBeat,connected count=3
info|2019-11-12 16:00:49.679478|[g:1][CONSENSUS]addRawPrepare,height=3,reqIdx=1,hash=0c89d00d...
info|2019-11-12 16:00:49.680212|[g:1][CONSENSUS][PBFT]checkTimeout Succ,view=5775,toView=5776,nodeIdx=2,changeCycle=0,myNode=4e86727a...,timecost=0.606
info|2019-11-12 16:00:49.685584|[g:1][CONSENSUS][PBFT]checkAndChangeView: Reach consensus,org_view=5775,org_changeCycle=0,cur_changeCycle=0,to_view=5776
info|2019-11-12 16:00:50.685564|[g:1][CONSENSUS][SEALER]++++++++++++++++ Generating seal on,blkNum=3,tx=0,nodeIdx=2,hash=cfad7750...
info|2019-11-12 16:00:50.693939|[g:1][CONSENSUS][PBFT]checkTimeout Succ,view=5776,toView=5777,nodeIdx=2,changeCycle=0,myNode=4e86727a...,timecost=0.218
info|2019-11-12 16:00:50.694931|[g:1][CONSENSUS][PBFT]checkAndChangeView: Reach consensus,org_view=5776,org_changeCycle=0,cur_changeCycle=0,to_view=5777
info|2019-11-12 16:00:51.697243|[g:1][CONSENSUS]addRawPrepare,height=3,reqIdx=3,hash=7f59cc78...
info|2019-11-12 16:00:51.697512|[g:1][CONSENSUS][PBFT]checkTimeout Succ,view=5777,toView=5778,nodeIdx=2,changeCycle=0,myNode=4e86727a...,timecost=0.238
info|2019-11-12 16:00:51.698777|[g:1][CONSENSUS][PBFT]checkAndChangeView: Reach consensus,org_view=5777,org_changeCycle=0,cur_changeCycle=0,to_view=5778
info|2019-11-12 16:00:52.704255|[g:1][CONSENSUS]addRawPrepare,height=3,reqIdx=0,hash=6ea0692f...
info|2019-11-12 16:00:52.704598|[g:1][CONSENSUS][PBFT]checkTimeout Succ,view=5778,toView=5779,nodeIdx=2,changeCycle=0,myNode=4e86727a...,timecost=0.309
info|2019-11-12 16:00:52.707035|[g:1][CONSENSUS][PBFT]checkAndChangeView: Reach consensus,org_view=5778,org_changeCycle=0,cur_changeCycle=0,to_view=5779
info|2019-11-12 16:00:53.709380|[g:1][CONSENSUS]addRawPrepare,height=3,reqIdx=1,hash=996c71e0...
info|2019-11-12 16:00:53.714854|[g:1][CONSENSUS][PBFT]checkTimeout Succ,view=5779,toView=5780,nodeIdx=2,changeCycle=0,myNode=4e86727a...,timecost=5.347
info|2019-11-12 16:00:53.716562|[g:1][CONSENSUS][PBFT]checkAndChangeView: Reach consensus,org_view=5779,org_changeCycle=0,cur_changeCycle=0,to_view=5780
info|2019-11-12 16:00:54.716619|[g:1][CONSENSUS][SEALER]++++++++++++++++ Generating seal on,blkNum=3,tx=0,nodeIdx=2,hash=a2bef835...
info|2019-11-12 16:00:54.723913|[g:1][CONSENSUS][PBFT]checkTimeout Succ,view=5780,toView=5781,nodeIdx=2,changeCycle=0,myNode=4e86727a...,timecost=0.219
info|2019-11-12 16:00:54.725027|[g:1][CONSENSUS][PBFT]checkAndChangeView: Reach consensus,org_view=5780,org_changeCycle=0,cur_changeCycle=0,to_view=5781
info|2019-11-12 16:00:55.725887|[g:1][CONSENSUS]addRawPrepare,height=3,reqIdx=3,hash=97e4c738...
info|2019-11-12 16:00:55.726231|[g:1][CONSENSUS][PBFT]checkTimeout Succ,view=5781,toView=5782,nodeIdx=2,changeCycle=0,myNode=4e86727a...,timecost=0.309
info|2019-11-12 16:00:55.728824|[g:1][CONSENSUS][PBFT]checkAndChangeView: Reach consensus,org_view=5781,org_changeCycle=0,cur_changeCycle=0,to_view=5782
info|2019-11-12 16:00:56.735350|[g:1][CONSENSUS][PBFT]Trigger fast-viewchange,view=5782,toView=5782,minView=5783,INFO=,reqNum=2,curNum=2,GenIdx=3,Cview=5783,view=5782,fromIdx=3,fromNode=db2b0552...,fromIp=127.0.0.1:30302,hash=8b8d4d36...,nodeIdx=2,myNode=4e86727a...
info|2019-11-12 16:00:56.735635|[g:1][CONSENSUS][PBFT]checkAndChangeView: Reach consensus,org_view=5782,org_changeCycle=0,cur_changeCycle=0,to_view=5783
info|2019-11-12 16:00:56.735642|[g:1][CONSENSUS][PBFT]checkTimeout Succ,view=5783,toView=5783,nodeIdx=2,changeCycle=0,myNode=4e86727a...,timecost=0.226
info|2019-11-12 16:00:57.740301|[g:1][CONSENSUS]addRawPrepare,height=3,reqIdx=1,hash=4443c62a...
info|2019-11-12 16:00:57.740792|[g:1][CONSENSUS][PBFT]checkTimeout Succ,view=5783,toView=5784,nodeIdx=2,changeCycle=0,myNode=4e86727a...,timecost=0.368
info|2019-11-12 16:00:57.746626|[g:1][CONSENSUS][PBFT]checkAndChangeView: Reach consensus,org_view=5783,org_changeCycle=0,cur_changeCycle=0,to_view=5784
info|2019-11-12 16:00:58.747747|[g:1][CONSENSUS][SEALER]++++++++++++++++ Generating seal on,blkNum=3,tx=0,nodeIdx=2,hash=16672acd...
info|2019-11-12 16:00:58.758775|[g:1][CONSENSUS][PBFT]checkTimeout Succ,view=5784,toView=5785,nodeIdx=2,changeCycle=0,myNode=4e86727a...,timecost=0.369
info|2019-11-12 16:00:58.759451|[g:1][CONSENSUS][PBFT]checkAndChangeView: Reach consensus,org_view=5784,org_changeCycle=0,cur_changeCycle=0,to_view=5785
info|2019-11-12 16:00:59.262315|[P2P][Service] heartBeat,connected count=3
info|2019-11-12 16:00:59.759898|[g:1][CONSENSUS]addRawPrepare,height=3,reqIdx=3,hash=4831e2c9...
info|2019-11-12 16:00:59.760244|[g:1][CONSENSUS][PBFT]checkTimeout Succ,view=5785,toView=5786,nodeIdx=2,changeCycle=0,myNode=4e86727a...,timecost=0.311
info|2019-11-12 16:00:59.764088|[g:1][CONSENSUS][PBFT]checkAndChangeView: Reach consensus,org_view=5785,org_changeCycle=0,cur_changeCycle=0,to_view=5786
info|2019-11-12 16:01:00.768281|[g:1][CONSENSUS]addRawPrepare,height=3,reqIdx=0,hash=bde3f78a...
info|2019-11-12 16:01:00.768503|[g:1][CONSENSUS][PBFT]checkTimeout Succ,view=5786,toView=5787,nodeIdx=2,changeCycle=0,myNode=4e86727a...,timecost=0.199
info|2019-11-12 16:01:00.769639|[g:1][CONSENSUS][PBFT]checkAndChangeView: Reach consensus,org_view=5786,org_changeCycle=0,cur_changeCycle=0,to_view=5787
info|2019-11-12 16:01:01.773557|[g:1][CONSENSUS]addRawPrepare,height=3,reqIdx=1,hash=b76bb929...
info|2019-11-12 16:01:01.774043|[g:1][CONSENSUS][PBFT]checkTimeout Succ,view=5787,toView=5788,nodeIdx=2,changeCycle=0,myNode=4e86727a...,timecost=0.364
info|2019-11-12 16:01:01.779982|[g:1][CONSENSUS][PBFT]checkAndChangeView: Reach consensus,org_view=5787,org_changeCycle=0,cur_changeCycle=0,to_view=5788
info|2019-11-12 16:01:02.781377|[g:1][CONSENSUS][SEALER]++++++++++++++++ Generating seal on,blkNum=3,tx=0,nodeIdx=2,hash=80285550...
info|2019-11-12 16:01:02.790136|[g:1][CONSENSUS][PBFT]checkTimeout Succ,view=5788,toView=5789,nodeIdx=2,changeCycle=0,myNode=4e86727a...,timecost=0.22
info|2019-11-12 16:01:02.791037|[g:1][CONSENSUS][PBFT]checkAndChangeView: Reach consensus,org_view=5788,org_changeCycle=0,cur_changeCycle=0,to_view=5789
info|2019-11-12 16:01:03.794878|[g:1][CONSENSUS]addRawPrepare,height=3,reqIdx=3,hash=70c5faa5...
info|2019-11-12 16:01:03.795117|[g:1][CONSENSUS][PBFT]checkTimeout Succ,view=5789,toView=5790,nodeIdx=2,changeCycle=0,myNode=4e86727a...,timecost=0.214
info|2019-11-12 16:01:03.797586|[g:1][CONSENSUS][PBFT]checkAndChangeView: Reach consensus,org_view=5789,org_changeCycle=0,cur_changeCycle=0,to_view=5790
info|2019-11-12 16:01:04.799950|[g:1][CONSENSUS]addRawPrepare,height=3,reqIdx=0,hash=a1af0553...
info|2019-11-12 16:01:04.800297|[g:1][CONSENSUS][PBFT]checkTimeout Succ,view=5790,toView=5791,nodeIdx=2,changeCycle=0,myNode=4e86727a...,timecost=0.311
info|2019-11-12 16:01:04.803526|[g:1][CONSENSUS][PBFT]checkAndChangeView: Reach consensus,org_view=5790,org_changeCycle=0,cur_changeCycle=0,to_view=5791
info|2019-11-12 16:01:05.805758|[g:1][CONSENSUS]addRawPrepare,height=3,reqIdx=1,hash=ea944ed9...
info|2019-11-12 16:01:05.806253|[g:1][CONSENSUS][PBFT]checkTimeout Succ,view=5791,toView=5792,nodeIdx=2,changeCycle=0,myNode=4e86727a...,timecost=0.369
info|2019-11-12 16:01:05.813110|[g:1][CONSENSUS][PBFT]checkAndChangeView: Reach consensus,org_view=5791,org_changeCycle=0,cur_changeCycle=0,to_view=5792
info|2019-11-12 16:01:06.814274|[g:1][CONSENSUS][SEALER]++++++++++++++++ Generating seal on,blkNum=3,tx=0,nodeIdx=2,hash=fc6ba673...
info|2019-11-12 16:01:06.824819|[g:1][CONSENSUS][PBFT]checkTimeout Succ,view=5792,toView=5793,nodeIdx=2,changeCycle=0,myNode=4e86727a...,timecost=0.222
info|2019-11-12 16:01:06.825809|[g:1][CONSENSUS][PBFT]checkAndChangeView: Reach consensus,org_view=5792,org_changeCycle=0,cur_changeCycle=0,to_view=5793
info|2019-11-12 16:01:07.826998|[g:1][CONSENSUS]addRawPrepare,height=3,reqIdx=3,hash=a5f95c2b...
info|2019-11-12 16:01:07.827354|[g:1][CONSENSUS][PBFT]checkTimeout Succ,view=5793,toView=5794,nodeIdx=2,changeCycle=0,myNode=4e86727a...,timecost=0.312
info|2019-11-12 16:01:07.831356|[g:1][CONSENSUS][PBFT]checkAndChangeView: Reach consensus,org_view=5793,org_changeCycle=0,cur_changeCycle=0,to_view=5794
info|2019-11-12 16:01:08.834605|[g:1][CONSENSUS]addRawPrepare,height=3,reqIdx=0,hash=2341d1c9...
info|2019-11-12 16:01:08.834842|[g:1][CONSENSUS][PBFT]checkTimeout Succ,view=5794,toView=5795,nodeIdx=2,changeCycle=0,myNode=4e86727a...,timecost=0.209
info|2019-11-12 16:01:08.836694|[g:1][CONSENSUS][PBFT]checkAndChangeView: Reach consensus,org_view=5794,org_changeCycle=0,cur_changeCycle=0,to_view=5795
info|2019-11-12 16:01:09.262461|[P2P][Service] heartBeat,connected count=3
info|2019-11-12 16:01:09.840458|[g:1][CONSENSUS]addRawPrepare,height=3,reqIdx=1,hash=e5b39da7...
info|2019-11-12 16:01:09.840941|[g:1][CONSENSUS][PBFT]checkTimeout Succ,view=5795,toView=5796,nodeIdx=2,changeCycle=0,myNode=4e86727a...,timecost=0.364
info|2019-11-12 16:01:09.846353|[g:1][CONSENSUS][PBFT]checkAndChangeView: Reach consensus,org_view=5795,org_changeCycle=0,cur_changeCycle=0,to_view=5796
info|2019-11-12 16:01:10.846219|[g:1][CONSENSUS][SEALER]++++++++++++++++ Generating seal on,blkNum=3,tx=0,nodeIdx=2,hash=929f8518...
info|2019-11-12 16:01:10.854674|[g:1][CONSENSUS][PBFT]checkTimeout Succ,view=5796,toView=5797,nodeIdx=2,changeCycle=0,myNode=4e86727a...,timecost=0.22
info|2019-11-12 16:01:10.855532|[g:1][CONSENSUS][PBFT]checkAndChangeView: Reach consensus,org_view=5796,org_changeCycle=0,cur_changeCycle=0,to_view=5797
info|2019-11-12 16:01:11.856079|[g:1][CONSENSUS]addRawPrepare,height=3,reqIdx=3,hash=ac860e63...
info|2019-11-12 16:01:11.856439|[g:1][CONSENSUS][PBFT]checkTimeout Succ,view=5797,toView=5798,nodeIdx=2,changeCycle=0,myNode=4e86727a...,timecost=0.319
info|2019-11-12 16:01:11.859818|[g:1][CONSENSUS][PBFT]checkAndChangeView: Reach consensus,org_view=5797,org_changeCycle=0,cur_changeCycle=0,to_view=5798
info|2019-11-12 16:01:12.861870|[g:1][CONSENSUS]addRawPrepare,height=3,reqIdx=0,hash=b2f5c932...
info|2019-11-12 16:01:12.862285|[g:1][CONSENSUS][PBFT]checkTimeout Succ,view=5798,toView=5799,nodeIdx=2,changeCycle=0,myNode=4e86727a...,timecost=0.379
info|2019-11-12 16:01:12.865368|[g:1][CONSENSUS][PBFT]checkAndChangeView: Reach consensus,org_view=5798,org_changeCycle=0,cur_changeCycle=0,to_view=5799
info|2019-11-12 16:01:13.867912|[g:1][CONSENSUS]addRawPrepare,height=3,reqIdx=1,hash=c8e7fb0d...
info|2019-11-12 16:01:13.868492|[g:1][CONSENSUS][PBFT]checkTimeout Succ,view=5799,toView=5800,nodeIdx=2,changeCycle=0,myNode=4e86727a...,timecost=0.436
info|2019-11-12 16:01:13.874439|[g:1][CONSENSUS][PBFT]checkAndChangeView: Reach consensus,org_view=5799,org_changeCycle=0,cur_changeCycle=0,to_view=5800
info|2019-11-12 16:01:14.874669|[g:1][CONSENSUS][SEALER]++++++++++++++++ Generating seal on,blkNum=3,tx=0,nodeIdx=2,hash=76885bf8...
info|2019-11-12 16:01:14.882891|[g:1][CONSENSUS][PBFT]checkTimeout Succ,view=5800,toView=5801,nodeIdx=2,changeCycle=0,myNode=4e86727a...,timecost=0.29
info|2019-11-12 16:01:14.883863|[g:1][CONSENSUS][PBFT]checkAndChangeView: Reach consensus,org_view=5800,org_changeCycle=0,cur_changeCycle=0,to_view=5801
info|2019-11-12 16:01:15.884335|[g:1][CONSENSUS]addRawPrepare,height=3,reqIdx=3,hash=c1fe7914...
info|2019-11-12 16:01:15.884683|[g:1][CONSENSUS][PBFT]checkTimeout Succ,view=5801,toView=5802,nodeIdx=2,changeCycle=0,myNode=4e86727a...,timecost=0.311
info|2019-11-12 16:01:15.887671|[g:1][CONSENSUS][PBFT]checkAndChangeView: Reach consensus,org_view=5801,org_changeCycle=0,cur_changeCycle=0,to_view=5802
info|2019-11-12 16:01:16.892608|[g:1][CONSENSUS]addRawPrepare,height=3,reqIdx=0,hash=b738bec2...
info|2019-11-12 16:01:16.892931|[g:1][CONSENSUS][PBFT]checkTimeout Succ,view=5802,toView=5803,nodeIdx=2,changeCycle=0,myNode=4e86727a...,timecost=0.289
info|2019-11-12 16:01:16.895349|[g:1][CONSENSUS][PBFT]checkAndChangeView: Reach consensus,org_view=5802,org_changeCycle=0,cur_changeCycle=0,to_view=5803
info|2019-11-12 16:01:17.898206|[g:1][CONSENSUS]addRawPrepare,height=3,reqIdx=1,hash=e54102f0...
info|2019-11-12 16:01:17.898595|[g:1][CONSENSUS][PBFT]checkTimeout Succ,view=5803,toView=5804,nodeIdx=2,changeCycle=0,myNode=4e86727a...,timecost=0.275
info|2019-11-12 16:01:17.903491|[g:1][CONSENSUS][PBFT]checkAndChangeView: Reach consensus,org_view=5803,org_changeCycle=0,cur_changeCycle=0,to_view=5804
info|2019-11-12 16:01:18.904456|[g:1][CONSENSUS][SEALER]++++++++++++++++ Generating seal on,blkNum=3,tx=0,nodeIdx=2,hash=aea32460...
info|2019-11-12 16:01:18.914789|[g:1][CONSENSUS][PBFT]checkTimeout Succ,view=5804,toView=5805,nodeIdx=2,changeCycle=0,myNode=4e86727a...,timecost=0.228
info|2019-11-12 16:01:18.916204|[g:1][CONSENSUS][PBFT]checkAndChangeView: Reach consensus,org_view=5804,org_changeCycle=0,cur_changeCycle=0,to_view=5805
info|2019-11-12 16:01:19.262591|[P2P][Service] heartBeat,connected count=3
info|2019-11-12 16:01:19.916544|[g:1][CONSENSUS]addRawPrepare,height=3,reqIdx=3,hash=135269c6...
info|2019-11-12 16:01:19.920705|[g:1][CONSENSUS][PBFT]checkTimeout Succ,view=5805,toView=5806,nodeIdx=2,changeCycle=0,myNode=4e86727a...,timecost=4.068
info|2019-11-12 16:01:19.921520|[g:1][CONSENSUS][PBFT]checkAndChangeView: Reach consensus,org_view=5805,org_changeCycle=0,cur_changeCycle=0,to_view=5806
info|2019-11-12 16:01:20.923411|[g:1][CONSENSUS][PBFT]Trigger fast-viewchange,view=5806,toView=5806,minView=5807,INFO=,reqNum=2,curNum=2,GenIdx=3,Cview=5807,view=5806,fromIdx=3,fromNode=db2b0552...,fromIp=127.0.0.1:30302,hash=8b8d4d36...,nodeIdx=2,myNode=4e86727a...
info|2019-11-12 16:01:20.924484|[g:1][CONSENSUS][PBFT]checkAndChangeView: Reach consensus,org_view=5806,org_changeCycle=0,cur_changeCycle=0,to_view=5807
info|2019-11-12 16:01:20.924496|[g:1][CONSENSUS][PBFT]checkTimeout Succ,view=5807,toView=5807,nodeIdx=2,changeCycle=0,myNode=4e86727a...,timecost=1.044
info|2019-11-12 16:01:21.927524|[g:1][CONSENSUS]addRawPrepare,height=3,reqIdx=1,hash=fed8ea3c...
info|2019-11-12 16:01:21.928444|[g:1][CONSENSUS][PBFT]checkTimeout Succ,view=5807,toView=5808,nodeIdx=2,changeCycle=0,myNode=4e86727a...,timecost=0.803
info|2019-11-12 16:01:21.934300|[g:1][CONSENSUS][PBFT]checkAndChangeView: Reach consensus,org_view=5807,org_changeCycle=0,cur_changeCycle=0,to_view=5808
info|2019-11-12 16:01:22.934212|[g:1][CONSENSUS][SEALER]++++++++++++++++ Generating seal on,blkNum=3,tx=0,nodeIdx=2,hash=a0c4483a...
info|2019-11-12 16:01:22.944400|[g:1][CONSENSUS][PBFT]checkTimeout Succ,view=5808,toView=5809,nodeIdx=2,changeCycle=0,myNode=4e86727a...,timecost=0.23
info|2019-11-12 16:01:22.945354|[g:1][CONSENSUS][PBFT]checkAndChangeView: Reach consensus,org_view=5808,org_changeCycle=0,cur_changeCycle=0,to_view=5809
info|2019-11-12 16:01:23.949364|[g:1][CONSENSUS]addRawPrepare,height=3,reqIdx=3,hash=dc1d647e...
info|2019-11-12 16:01:23.949596|[g:1][CONSENSUS][PBFT]checkTimeout Succ,view=5809,toView=5810,nodeIdx=2,changeCycle=0,myNode=4e86727a...,timecost=0.205
info|2019-11-12 16:01:23.949899|[g:1][CONSENSUS][PBFT]checkAndChangeView: Reach consensus,org_view=5809,org_changeCycle=0,cur_changeCycle=0,to_view=5810
info|2019-11-12 16:01:24.954938|[g:1][CONSENSUS]addRawPrepare,height=3,reqIdx=0,hash=bde7c550...
info|2019-11-12 16:01:24.955262|[g:1][CONSENSUS][PBFT]checkTimeout Succ,view=5810,toView=5811,nodeIdx=2,changeCycle=0,myNode=4e86727a...,timecost=0.29
info|2019-11-12 16:01:24.958816|[g:1][CONSENSUS][PBFT]checkAndChangeView: Reach consensus,org_view=5810,org_changeCycle=0,cur_changeCycle=0,to_view=5811
info|2019-11-12 16:01:25.960829|[g:1][CONSENSUS]addRawPrepare,height=3,reqIdx=1,hash=df54098f...
info|2019-11-12 16:01:25.961319|[g:1][CONSENSUS][PBFT]checkTimeout Succ,view=5811,toView=5812,nodeIdx=2,changeCycle=0,myNode=4e86727a...,timecost=0.368
info|2019-11-12 16:01:25.967322|[g:1][CONSENSUS][PBFT]checkAndChangeView: Reach consensus,org_view=5811,org_changeCycle=0,cur_changeCycle=0,to_view=5812
info|2019-11-12 16:01:26.968403|[g:1][CONSENSUS][SEALER]++++++++++++++++ Generating seal on,blkNum=3,tx=0,nodeIdx=2,hash=c542705c...
info|2019-11-12 16:01:26.977214|[g:1][CONSENSUS][PBFT]checkTimeout Succ,view=5812,toView=5813,nodeIdx=2,changeCycle=0,myNode=4e86727a...,timecost=0.229
info|2019-11-12 16:01:26.978349|[g:1][CONSENSUS][PBFT]checkAndChangeView: Reach consensus,org_view=5812,org_changeCycle=0,cur_changeCycle=0,to_view=5813
info|2019-11-12 16:01:27.980090|[g:1][CONSENSUS]addRawPrepare,height=3,reqIdx=3,hash=077ab2e3...
info|2019-11-12 16:01:27.981403|[g:1][CONSENSUS][PBFT]checkTimeout Succ,view=5813,toView=5814,nodeIdx=2,changeCycle=0,myNode=4e86727a...,timecost=1.264
info|2019-11-12 16:01:27.985643|[g:1][CONSENSUS][PBFT]checkAndChangeView: Reach consensus,org_view=5813,org_changeCycle=0,cur_changeCycle=0,to_view=5814
info|2019-11-12 16:01:28.991989|[g:1][CONSENSUS]addRawPrepare,height=3,reqIdx=0,hash=bd2514ba...
info|2019-11-12 16:01:28.992399|[g:1][CONSENSUS][PBFT]checkTimeout Succ,view=5814,toView=5815,nodeIdx=2,changeCycle=0,myNode=4e86727a...,timecost=0.301
info|2019-11-12 16:01:28.998922|[g:1][CONSENSUS][PBFT]checkAndChangeView: Reach consensus,org_view=5814,org_changeCycle=0,cur_changeCycle=0,to_view=5815
info|2019-11-12 16:01:29.262739|[P2P][Service] heartBeat,connected count=3
info|2019-11-12 16:01:29.999733|[g:1][CONSENSUS]addRawPrepare,height=3,reqIdx=1,hash=ee1bbee2...
info|2019-11-12 16:01:30.000244|[g:1][CONSENSUS][PBFT]checkTimeout Succ,view=5815,toView=5816,nodeIdx=2,changeCycle=0,myNode=4e86727a...,timecost=0.37
info|2019-11-12 16:01:30.007027|[g:1][CONSENSUS][PBFT]checkAndChangeView: Reach consensus,org_view=5815,org_changeCycle=0,cur_changeCycle=0,to_view=5816
info|2019-11-12 16:01:31.007630|[g:1][CONSENSUS][SEALER]++++++++++++++++ Generating seal on,blkNum=3,tx=0,nodeIdx=2,hash=c13fe869...
info|2019-11-12 16:01:31.016463|[g:1][CONSENSUS][PBFT]checkTimeout Succ,view=5816,toView=5817,nodeIdx=2,changeCycle=0,myNode=4e86727a...,timecost=0.222
info|2019-11-12 16:01:31.017651|[g:1][CONSENSUS][PBFT]checkAndChangeView: Reach consensus,org_view=5816,org_changeCycle=0,cur_changeCycle=0,to_view=5817
info|2019-11-12 16:01:32.018360|[g:1][CONSENSUS]addRawPrepare,height=3,reqIdx=3,hash=6dcfa31c...
info|2019-11-12 16:01:32.018795|[g:1][CONSENSUS][PBFT]checkTimeout Succ,view=5817,toView=5818,nodeIdx=2,changeCycle=0,myNode=4e86727a...,timecost=0.388
info|2019-11-12 16:01:32.022793|[g:1][CONSENSUS][PBFT]checkAndChangeView: Reach consensus,org_view=5817,org_changeCycle=0,cur_changeCycle=0,to_view=5818
info|2019-11-12 16:01:33.027512|[g:1][CONSENSUS]addRawPrepare,height=3,reqIdx=0,hash=67f140de...
info|2019-11-12 16:01:33.027831|[g:1][CONSENSUS][PBFT]checkTimeout Succ,view=5818,toView=5819,nodeIdx=2,changeCycle=0,myNode=4e86727a...,timecost=0.286
info|2019-11-12 16:01:33.029808|[g:1][CONSENSUS][PBFT]checkAndChangeView: Reach consensus,org_view=5818,org_changeCycle=0,cur_changeCycle=0,to_view=5819
info|2019-11-12 16:01:34.037771|[g:1][CONSENSUS]addRawPrepare,height=3,reqIdx=1,hash=1b6a4bad...
info|2019-11-12 16:01:34.038024|[g:1][CONSENSUS][PBFT]checkTimeout Succ,view=5819,toView=5820,nodeIdx=2,changeCycle=0,myNode=4e86727a...,timecost=0.222
info|2019-11-12 16:01:34.041062|[g:1][CONSENSUS][PBFT]checkAndChangeView: Reach consensus,org_view=5819,org_changeCycle=0,cur_changeCycle=0,to_view=5820
info|2019-11-12 16:01:35.041318|[g:1][CONSENSUS][SEALER]++++++++++++++++ Generating seal on,blkNum=3,tx=0,nodeIdx=2,hash=e9c1b336...
info|2019-11-12 16:01:35.050427|[g:1][CONSENSUS][PBFT]checkTimeout Succ,view=5820,toView=5821,nodeIdx=2,changeCycle=0,myNode=4e86727a...,timecost=0.224
info|2019-11-12 16:01:35.051461|[g:1][CONSENSUS][PBFT]checkAndChangeView: Reach consensus,org_view=5820,org_changeCycle=0,cur_changeCycle=0,to_view=5821
info|2019-11-12 16:01:36.051566|[g:1][CONSENSUS]addRawPrepare,height=3,reqIdx=3,hash=db9408c9...
info|2019-11-12 16:01:36.051918|[g:1][CONSENSUS][PBFT]checkTimeout Succ,view=5821,toView=5822,nodeIdx=2,changeCycle=0,myNode=4e86727a...,timecost=0.313
info|2019-11-12 16:01:36.054729|[g:1][CONSENSUS][PBFT]checkAndChangeView: Reach consensus,org_view=5821,org_changeCycle=0,cur_changeCycle=0,to_view=5822
info|2019-11-12 16:01:37.061121|[g:1][CONSENSUS]addRawPrepare,height=3,reqIdx=0,hash=90e3e4f2...
info|2019-11-12 16:01:37.063299|[g:1][CONSENSUS][PBFT]checkTimeout Succ,view=5822,toView=5823,nodeIdx=2,changeCycle=0,myNode=4e86727a...,timecost=1.699
info|2019-11-12 16:01:37.064085|[g:1][CONSENSUS][PBFT]checkAndChangeView: Reach consensus,org_view=5822,org_changeCycle=0,cur_changeCycle=0,to_view=5823
info|2019-11-12 16:01:38.067447|[g:1][CONSENSUS]addRawPrepare,height=3,reqIdx=1,hash=2ea27cb3...
info|2019-11-12 16:01:38.067749|[g:1][CONSENSUS][PBFT]checkTimeout Succ,view=5823,toView=5824,nodeIdx=2,changeCycle=0,myNode=4e86727a...,timecost=0.222
info|2019-11-12 16:01:38.073035|[g:1][CONSENSUS][PBFT]checkAndChangeView: Reach consensus,org_view=5823,org_changeCycle=0,cur_changeCycle=0,to_view=5824
info|2019-11-12 16:01:39.074233|[g:1][CONSENSUS][SEALER]++++++++++++++++ Generating seal on,blkNum=3,tx=0,nodeIdx=2,hash=6098f2c3...
info|2019-11-12 16:01:39.085921|[g:1][CONSENSUS][PBFT]checkTimeout Succ,view=5824,toView=5825,nodeIdx=2,changeCycle=0,myNode=4e86727a...,timecost=0.222
info|2019-11-12 16:01:39.086929|[g:1][CONSENSUS][PBFT]checkAndChangeView: Reach consensus,org_view=5824,org_changeCycle=0,cur_changeCycle=0,to_view=5825
info|2019-11-12 16:01:39.262916|[P2P][Service] heartBeat,connected count=3
info|2019-11-12 16:01:40.088885|[g:1][CONSENSUS]addRawPrepare,height=3,reqIdx=3,hash=bbb13e2c...
info|2019-11-12 16:01:40.094708|[g:1][CONSENSUS][PBFT]checkTimeout Succ,view=5825,toView=5826,nodeIdx=2,changeCycle=0,myNode=4e86727a...,timecost=3.231
info|2019-11-12 16:01:40.097567|[g:1][CONSENSUS][PBFT]checkAndChangeView: Reach consensus,org_view=5825,org_changeCycle=0,cur_changeCycle=0,to_view=5826
info|2019-11-12 16:01:41.106888|[g:1][CONSENSUS]addRawPrepare,height=3,reqIdx=0,hash=020d01fd...
info|2019-11-12 16:01:41.107407|[g:1][CONSENSUS][PBFT]checkTimeout Succ,view=5826,toView=5827,nodeIdx=2,changeCycle=0,myNode=4e86727a...,timecost=3.049
info|2019-11-12 16:01:41.114059|[g:1][CONSENSUS][PBFT]checkAndChangeView: Reach consensus,org_view=5826,org_changeCycle=0,cur_changeCycle=0,to_view=5827
info|2019-11-12 16:01:42.119085|[g:1][CONSENSUS]addRawPrepare,height=3,reqIdx=1,hash=a79a4d39...
info|2019-11-12 16:01:42.119579|[g:1][CONSENSUS][PBFT]checkTimeout Succ,view=5827,toView=5828,nodeIdx=2,changeCycle=0,myNode=4e86727a...,timecost=0.363
info|2019-11-12 16:01:42.126046|[g:1][CONSENSUS][PBFT]checkAndChangeView: Reach consensus,org_view=5827,org_changeCycle=0,cur_changeCycle=0,to_view=5828
info|2019-11-12 16:01:43.126223|[g:1][CONSENSUS][SEALER]++++++++++++++++ Generating seal on,blkNum=3,tx=0,nodeIdx=2,hash=f89c060d...
info|2019-11-12 16:01:43.135763|[g:1][CONSENSUS][PBFT]checkTimeout Succ,view=5828,toView=5829,nodeIdx=2,changeCycle=0,myNode=4e86727a...,timecost=0.229
info|2019-11-12 16:01:43.136837|[g:1][CONSENSUS][PBFT]checkAndChangeView: Reach consensus,org_view=5828,org_changeCycle=0,cur_changeCycle=0,to_view=5829
info|2019-11-12 16:01:44.140047|[g:1][CONSENSUS]addRawPrepare,height=3,reqIdx=3,hash=904ddf16...
info|2019-11-12 16:01:44.140370|[g:1][CONSENSUS][PBFT]checkTimeout Succ,view=5829,toView=5830,nodeIdx=2,changeCycle=0,myNode=4e86727a...,timecost=0.287
info|2019-11-12 16:01:44.143985|[g:1][CONSENSUS][PBFT]checkAndChangeView: Reach consensus,org_view=5829,org_changeCycle=0,cur_changeCycle=0,to_view=5830
info|2019-11-12 16:01:45.144223|[g:1][CONSENSUS]addRawPrepare,height=3,reqIdx=0,hash=8ba0f229...
info|2019-11-12 16:01:45.144644|[g:1][CONSENSUS][PBFT]checkTimeout Succ,view=5830,toView=5831,nodeIdx=2,changeCycle=0,myNode=4e86727a...,timecost=0.376
info|2019-11-12 16:01:45.151495|[g:1][CONSENSUS][PBFT]checkAndChangeView: Reach consensus,org_view=5830,org_changeCycle=0,cur_changeCycle=0,to_view=5831
info|2019-11-12 16:01:46.152000|[g:1][CONSENSUS]addRawPrepare,height=3,reqIdx=1,hash=8d5312b6...
info|2019-11-12 16:01:46.152375|[g:1][CONSENSUS][PBFT]checkTimeout Succ,view=5831,toView=5832,nodeIdx=2,changeCycle=0,myNode=4e86727a...,timecost=0.26
info|2019-11-12 16:01:46.157144|[g:1][CONSENSUS][PBFT]checkAndChangeView: Reach consensus,org_view=5831,org_changeCycle=0,cur_changeCycle=0,to_view=5832
info|2019-11-12 16:01:47.158207|[g:1][CONSENSUS][SEALER]++++++++++++++++ Generating seal on,blkNum=3,tx=0,nodeIdx=2,hash=eb156ab9...
info|2019-11-12 16:01:47.169571|[g:1][CONSENSUS][PBFT]checkTimeout Succ,view=5832,toView=5833,nodeIdx=2,changeCycle=0,myNode=4e86727a...,timecost=0.467
info|2019-11-12 16:01:47.172030|[g:1][CONSENSUS][PBFT]checkAndChangeView: Reach consensus,org_view=5832,org_changeCycle=0,cur_changeCycle=0,to_view=5833
info|2019-11-12 16:01:48.168433|[g:1][CONSENSUS]addRawPrepare,height=3,reqIdx=3,hash=ba2fc501...
info|2019-11-12 16:01:48.168849|[g:1][CONSENSUS][PBFT]checkTimeout Succ,view=5833,toView=5834,nodeIdx=2,changeCycle=0,myNode=4e86727a...,timecost=0.389
info|2019-11-12 16:01:48.173489|[g:1][CONSENSUS][PBFT]checkAndChangeView: Reach consensus,org_view=5833,org_changeCycle=0,cur_changeCycle=0,to_view=5834
info|2019-11-12 16:01:49.178818|[g:1][CONSENSUS]addRawPrepare,height=3,reqIdx=0,hash=1287a039...
info|2019-11-12 16:01:49.179220|[g:1][CONSENSUS][PBFT]checkTimeout Succ,view=5834,toView=5835,nodeIdx=2,changeCycle=0,myNode=4e86727a...,timecost=0.314
info|2019-11-12 16:01:49.183716|[g:1][CONSENSUS][PBFT]checkAndChangeView: Reach consensus,org_view=5834,org_changeCycle=0,cur_changeCycle=0,to_view=5835
info|2019-11-12 16:01:49.263177|[P2P][Service] heartBeat,connected count=3
info|2019-11-12 16:01:50.186576|[g:1][CONSENSUS]addRawPrepare,height=3,reqIdx=1,hash=8fddd32d...
info|2019-11-12 16:01:50.187064|[g:1][CONSENSUS][PBFT]checkTimeout Succ,view=5835,toView=5836,nodeIdx=2,changeCycle=0,myNode=4e86727a...,timecost=0.355
info|2019-11-12 16:01:50.193123|[g:1][CONSENSUS][PBFT]checkAndChangeView: Reach consensus,org_view=5835,org_changeCycle=0,cur_changeCycle=0,to_view=5836
info|2019-11-12 16:01:51.194058|[g:1][CONSENSUS][SEALER]++++++++++++++++ Generating seal on,blkNum=3,tx=0,nodeIdx=2,hash=97a7b024...
info|2019-11-12 16:01:51.204805|[g:1][CONSENSUS][PBFT]checkTimeout Succ,view=5836,toView=5837,nodeIdx=2,changeCycle=0,myNode=4e86727a...,timecost=0.225
info|2019-11-12 16:01:51.206075|[g:1][CONSENSUS][PBFT]checkAndChangeView: Reach consensus,org_view=5836,org_changeCycle=0,cur_changeCycle=0,to_view=5837
info|2019-11-12 16:01:52.206371|[g:1][CONSENSUS]addRawPrepare,height=3,reqIdx=3,hash=a9a0f6e6...
info|2019-11-12 16:01:52.206851|[g:1][CONSENSUS][PBFT]checkTimeout Succ,view=5837,toView=5838,nodeIdx=2,changeCycle=0,myNode=4e86727a...,timecost=0.438
info|2019-11-12 16:01:52.211125|[g:1][CONSENSUS][PBFT]checkAndChangeView: Reach consensus,org_view=5837,org_changeCycle=0,cur_changeCycle=0,to_view=5838
info|2019-11-12 16:01:53.216577|[g:1][CONSENSUS]addRawPrepare,height=3,reqIdx=0,hash=caf5243e...
info|2019-11-12 16:01:53.219472|[g:1][CONSENSUS][PBFT]checkTimeout Succ,view=5838,toView=5839,nodeIdx=2,changeCycle=0,myNode=4e86727a...,timecost=1.105
info|2019-11-12 16:01:53.220139|[g:1][CONSENSUS][PBFT]checkAndChangeView: Reach consensus,org_view=5838,org_changeCycle=0,cur_changeCycle=0,to_view=5839
info|2019-11-12 16:01:54.227410|[g:1][CONSENSUS]addRawPrepare,height=3,reqIdx=1,hash=b2673128...
info|2019-11-12 16:01:54.227696|[g:1][CONSENSUS][PBFT]checkTimeout Succ,view=5839,toView=5840,nodeIdx=2,changeCycle=0,myNode=4e86727a...,timecost=0.252
info|2019-11-12 16:01:54.231325|[g:1][CONSENSUS][PBFT]checkAndChangeView: Reach consensus,org_view=5839,org_changeCycle=0,cur_changeCycle=0,to_view=5840
info|2019-11-12 16:01:55.231569|[g:1][CONSENSUS][SEALER]++++++++++++++++ Generating seal on,blkNum=3,tx=0,nodeIdx=2,hash=288b7851...
info|2019-11-12 16:01:55.239451|[g:1][CONSENSUS][PBFT]checkTimeout Succ,view=5840,toView=5841,nodeIdx=2,changeCycle=0,myNode=4e86727a...,timecost=0.222
info|2019-11-12 16:01:55.240498|[g:1][CONSENSUS][PBFT]checkAndChangeView: Reach consensus,org_view=5840,org_changeCycle=0,cur_changeCycle=0,to_view=5841
info|2019-11-12 16:01:56.241524|[g:1][CONSENSUS]addRawPrepare,height=3,reqIdx=3,hash=0ed8accc...
info|2019-11-12 16:01:56.241892|[g:1][CONSENSUS][PBFT]checkTimeout Succ,view=5841,toView=5842,nodeIdx=2,changeCycle=0,myNode=4e86727a...,timecost=0.322
info|2019-11-12 16:01:56.245865|[g:1][CONSENSUS][PBFT]checkAndChangeView: Reach consensus,org_view=5841,org_changeCycle=0,cur_changeCycle=0,to_view=5842
info|2019-11-12 16:01:57.250422|[g:1][CONSENSUS][PBFT]Trigger fast-viewchange,view=5842,toView=5842,minView=5843,INFO=,reqNum=2,curNum=2,GenIdx=3,Cview=5843,view=5842,fromIdx=3,fromNode=db2b0552...,fromIp=127.0.0.1:30302,hash=8b8d4d36...,nodeIdx=2,myNode=4e86727a...
info|2019-11-12 16:01:57.253108|[g:1][CONSENSUS][PBFT]checkAndChangeView: Reach consensus,org_view=5842,org_changeCycle=0,cur_changeCycle=0,to_view=5843
info|2019-11-12 16:01:57.253199|[g:1][CONSENSUS][PBFT]checkTimeout Succ,view=5843,toView=5843,nodeIdx=2,changeCycle=0,myNode=4e86727a...,timecost=1.652
info|2019-11-12 16:01:58.254727|[g:1][CONSENSUS]addRawPrepare,height=3,reqIdx=1,hash=3eea3e6e...
info|2019-11-12 16:01:58.255027|[g:1][CONSENSUS][PBFT]checkTimeout Succ,view=5843,toView=5844,nodeIdx=2,changeCycle=0,myNode=4e86727a...,timecost=0.222
info|2019-11-12 16:01:58.259244|[g:1][CONSENSUS][PBFT]checkAndChangeView: Reach consensus,org_view=5843,org_changeCycle=0,cur_changeCycle=0,to_view=5844
info|2019-11-12 16:01:59.261212|[g:1][CONSENSUS][SEALER]++++++++++++++++ Generating seal on,blkNum=3,tx=0,nodeIdx=2,hash=110872de...
info|2019-11-12 16:01:59.263886|[P2P][Service] heartBeat,connected count=3
info|2019-11-12 16:01:59.271965|[g:1][CONSENSUS][PBFT]checkTimeout Succ,view=5844,toView=5845,nodeIdx=2,changeCycle=0,myNode=4e86727a...,timecost=0.223
info|2019-11-12 16:01:59.272955|[g:1][CONSENSUS][PBFT]checkAndChangeView: Reach consensus,org_view=5844,org_changeCycle=0,cur_changeCycle=0,to_view=5845
info|2019-11-12 16:02:00.274669|[g:1][CONSENSUS][PBFT]Trigger fast-viewchange,view=5845,toView=5845,minView=5846,INFO=,reqNum=2,curNum=2,GenIdx=0,Cview=5846,view=5845,fromIdx=0,fromNode=075f8c93...,fromIp=127.0.0.1:30300,hash=8b8d4d36...,nodeIdx=2,myNode=4e86727a...
info|2019-11-12 16:02:00.274932|[g:1][CONSENSUS][PBFT]checkAndChangeView: Reach consensus,org_view=5845,org_changeCycle=0,cur_changeCycle=0,to_view=5846
info|2019-11-12 16:02:00.274938|[g:1][CONSENSUS][PBFT]checkTimeout Succ,view=5846,toView=5846,nodeIdx=2,changeCycle=0,myNode=4e86727a...,timecost=0.22
info|2019-11-12 16:02:01.280740|[g:1][CONSENSUS]addRawPrepare,height=3,reqIdx=0,hash=b9595ece...
info|2019-11-12 16:02:01.281082|[g:1][CONSENSUS][PBFT]checkTimeout Succ,view=5846,toView=5847,nodeIdx=2,changeCycle=0,myNode=4e86727a...,timecost=0.327
info|2019-11-12 16:02:01.284192|[g:1][CONSENSUS][PBFT]checkAndChangeView: Reach consensus,org_view=5846,org_changeCycle=0,cur_changeCycle=0,to_view=5847
info|2019-11-12 16:02:02.289560|[g:1][CONSENSUS]addRawPrepare,height=3,reqIdx=1,hash=a85505ec...
info|2019-11-12 16:02:02.290259|[g:1][CONSENSUS][PBFT]checkTimeout Succ,view=5847,toView=5848,nodeIdx=2,changeCycle=0,myNode=4e86727a...,timecost=0.579
info|2019-11-12 16:02:02.295392|[g:1][CONSENSUS][PBFT]checkAndChangeView: Reach consensus,org_view=5847,org_changeCycle=0,cur_changeCycle=0,to_view=5848
info|2019-11-12 16:02:03.295337|[g:1][CONSENSUS][SEALER]++++++++++++++++ Generating seal on,blkNum=3,tx=0,nodeIdx=2,hash=c95ef66b...
info|2019-11-12 16:02:03.304325|[g:1][CONSENSUS][PBFT]checkTimeout Succ,view=5848,toView=5849,nodeIdx=2,changeCycle=0,myNode=4e86727a...,timecost=0.22
info|2019-11-12 16:02:03.305430|[g:1][CONSENSUS][PBFT]checkAndChangeView: Reach consensus,org_view=5848,org_changeCycle=0,cur_changeCycle=0,to_view=5849
info|2019-11-12 16:02:04.305866|[g:1][CONSENSUS]addRawPrepare,height=3,reqIdx=3,hash=0f0ceb53...
info|2019-11-12 16:02:04.306209|[g:1][CONSENSUS][PBFT]checkTimeout Succ,view=5849,toView=5850,nodeIdx=2,changeCycle=0,myNode=4e86727a...,timecost=0.306
info|2019-11-12 16:02:04.308877|[g:1][CONSENSUS][PBFT]checkAndChangeView: Reach consensus,org_view=5849,org_changeCycle=0,cur_changeCycle=0,to_view=5850
info|2019-11-12 16:02:05.312719|[g:1][CONSENSUS]addRawPrepare,height=3,reqIdx=0,hash=8eed0116...
info|2019-11-12 16:02:05.313057|[g:1][CONSENSUS][PBFT]checkTimeout Succ,view=5850,toView=5851,nodeIdx=2,changeCycle=0,myNode=4e86727a...,timecost=0.307
info|2019-11-12 16:02:05.315949|[g:1][CONSENSUS][PBFT]checkAndChangeView: Reach consensus,org_view=5850,org_changeCycle=0,cur_changeCycle=0,to_view=5851
info|2019-11-12 16:02:06.319192|[g:1][CONSENSUS]addRawPrepare,height=3,reqIdx=1,hash=20c0abea...
info|2019-11-12 16:02:06.319683|[g:1][CONSENSUS][PBFT]checkTimeout Succ,view=5851,toView=5852,nodeIdx=2,changeCycle=0,myNode=4e86727a...,timecost=0.297
info|2019-11-12 16:02:06.325480|[g:1][CONSENSUS][PBFT]checkAndChangeView: Reach consensus,org_view=5851,org_changeCycle=0,cur_changeCycle=0,to_view=5852
info|2019-11-12 16:02:07.326311|[g:1][CONSENSUS][SEALER]++++++++++++++++ Generating seal on,blkNum=3,tx=0,nodeIdx=2,hash=b0d8a5b9...
info|2019-11-12 16:02:07.335385|[g:1][CONSENSUS][PBFT]checkTimeout Succ,view=5852,toView=5853,nodeIdx=2,changeCycle=0,myNode=4e86727a...,timecost=0.233
info|2019-11-12 16:02:07.336404|[g:1][CONSENSUS][PBFT]checkAndChangeView: Reach consensus,org_view=5852,org_changeCycle=0,cur_changeCycle=0,to_view=5853
info|2019-11-12 16:02:08.337432|[g:1][CONSENSUS]addRawPrepare,height=3,reqIdx=3,hash=6ec55dce...
info|2019-11-12 16:02:08.337776|[g:1][CONSENSUS][PBFT]checkTimeout Succ,view=5853,toView=5854,nodeIdx=2,changeCycle=0,myNode=4e86727a...,timecost=0.308
info|2019-11-12 16:02:08.340790|[g:1][CONSENSUS][PBFT]checkAndChangeView: Reach consensus,org_view=5853,org_changeCycle=0,cur_changeCycle=0,to_view=5854
info|2019-11-12 16:02:09.264218|[P2P][Service] heartBeat,connected count=3
info|2019-11-12 16:02:09.342999|[g:1][CONSENSUS]addRawPrepare,height=3,reqIdx=0,hash=ceb4a8c0...
info|2019-11-12 16:02:09.343531|[g:1][CONSENSUS][PBFT]checkTimeout Succ,view=5854,toView=5855,nodeIdx=2,changeCycle=0,myNode=4e86727a...,timecost=0.408
info|2019-11-12 16:02:09.348746|[g:1][CONSENSUS][PBFT]checkAndChangeView: Reach consensus,org_view=5854,org_changeCycle=0,cur_changeCycle=0,to_view=5855
info|2019-11-12 16:02:10.350180|[g:1][CONSENSUS]addRawPrepare,height=3,reqIdx=1,hash=3833aca8...
info|2019-11-12 16:02:10.354590|[g:1][CONSENSUS][PBFT]checkTimeout Succ,view=5855,toView=5856,nodeIdx=2,changeCycle=0,myNode=4e86727a...,timecost=4.261
info|2019-11-12 16:02:10.357041|[g:1][CONSENSUS][PBFT]checkAndChangeView: Reach consensus,org_view=5855,org_changeCycle=0,cur_changeCycle=0,to_view=5856
info|2019-11-12 16:02:11.357419|[g:1][CONSENSUS][SEALER]++++++++++++++++ Generating seal on,blkNum=3,tx=0,nodeIdx=2,hash=804c0484...
info|2019-11-12 16:02:11.369435|[g:1][CONSENSUS][PBFT]checkTimeout Succ,view=5856,toView=5857,nodeIdx=2,changeCycle=0,myNode=4e86727a...,timecost=0.229
info|2019-11-12 16:02:11.370697|[g:1][CONSENSUS][PBFT]checkAndChangeView: Reach consensus,org_view=5856,org_changeCycle=0,cur_changeCycle=0,to_view=5857
info|2019-11-12 16:02:12.370894|[g:1][CONSENSUS]addRawPrepare,height=3,reqIdx=3,hash=fc79c656...
info|2019-11-12 16:02:12.371294|[g:1][CONSENSUS][PBFT]checkTimeout Succ,view=5857,toView=5858,nodeIdx=2,changeCycle=0,myNode=4e86727a...,timecost=0.366
info|2019-11-12 16:02:12.373803|[g:1][CONSENSUS][PBFT]checkAndChangeView: Reach consensus,org_view=5857,org_changeCycle=0,cur_changeCycle=0,to_view=5858
info|2019-11-12 16:02:13.380929|[g:1][CONSENSUS][PBFT]Trigger fast-viewchange,view=5858,toView=5858,minView=5859,INFO=,reqNum=2,curNum=2,GenIdx=3,Cview=5859,view=5858,fromIdx=3,fromNode=db2b0552...,fromIp=127.0.0.1:30302,hash=8b8d4d36...,nodeIdx=2,myNode=4e86727a...
info|2019-11-12 16:02:13.381229|[g:1][CONSENSUS][PBFT]checkAndChangeView: Reach consensus,org_view=5858,org_changeCycle=0,cur_changeCycle=0,to_view=5859
info|2019-11-12 16:02:13.381235|[g:1][CONSENSUS][PBFT]checkTimeout Succ,view=5859,toView=5859,nodeIdx=2,changeCycle=0,myNode=4e86727a...,timecost=0.207
info|2019-11-12 16:02:14.385399|[g:1][CONSENSUS]addRawPrepare,height=3,reqIdx=1,hash=153a33e2...
info|2019-11-12 16:02:14.385950|[g:1][CONSENSUS][PBFT]checkTimeout Succ,view=5859,toView=5860,nodeIdx=2,changeCycle=0,myNode=4e86727a...,timecost=0.419
info|2019-11-12 16:02:14.393033|[g:1][CONSENSUS][PBFT]checkAndChangeView: Reach consensus,org_view=5859,org_changeCycle=0,cur_changeCycle=0,to_view=5860
info|2019-11-12 16:02:15.394394|[g:1][CONSENSUS][SEALER]++++++++++++++++ Generating seal on,blkNum=3,tx=0,nodeIdx=2,hash=edfdeeaf...
info|2019-11-12 16:02:15.407260|[g:1][CONSENSUS][PBFT]checkTimeout Succ,view=5860,toView=5861,nodeIdx=2,changeCycle=0,myNode=4e86727a...,timecost=0.224
info|2019-11-12 16:02:15.408161|[g:1][CONSENSUS][PBFT]checkAndChangeView: Reach consensus,org_view=5860,org_changeCycle=0,cur_changeCycle=0,to_view=5861
info|2019-11-12 16:02:16.408021|[g:1][CONSENSUS]addRawPrepare,height=3,reqIdx=3,hash=1666e4dd...
info|2019-11-12 16:02:16.408368|[g:1][CONSENSUS][PBFT]checkTimeout Succ,view=5861,toView=5862,nodeIdx=2,changeCycle=0,myNode=4e86727a...,timecost=0.311
info|2019-11-12 16:02:16.412229|[g:1][CONSENSUS][PBFT]checkAndChangeView: Reach consensus,org_view=5861,org_changeCycle=0,cur_changeCycle=0,to_view=5862
info|2019-11-12 16:02:17.418251|[g:1][CONSENSUS]addRawPrepare,height=3,reqIdx=0,hash=80297020...
info|2019-11-12 16:02:17.418677|[g:1][CONSENSUS][PBFT]checkTimeout Succ,view=5862,toView=5863,nodeIdx=2,changeCycle=0,myNode=4e86727a...,timecost=0.387
info|2019-11-12 16:02:17.423120|[g:1][CONSENSUS][PBFT]checkAndChangeView: Reach consensus,org_view=5862,org_changeCycle=0,cur_changeCycle=0,to_view=5863
info|2019-11-12 16:02:18.426482|[g:1][CONSENSUS]addRawPrepare,height=3,reqIdx=1,hash=0d6fab3a...
info|2019-11-12 16:02:18.427006|[g:1][CONSENSUS][PBFT]checkTimeout Succ,view=5863,toView=5864,nodeIdx=2,changeCycle=0,myNode=4e86727a...,timecost=0.397
info|2019-11-12 16:02:18.431808|[g:1][CONSENSUS][PBFT]checkAndChangeView: Reach consensus,org_view=5863,org_changeCycle=0,cur_changeCycle=0,to_view=5864
info|2019-11-12 16:02:19.264388|[P2P][Service] heartBeat,connected count=3
info|2019-11-12 16:02:19.433329|[g:1][CONSENSUS][SEALER]++++++++++++++++ Generating seal on,blkNum=3,tx=0,nodeIdx=2,hash=bae7c103...
info|2019-11-12 16:02:19.444575|[g:1][CONSENSUS][PBFT]checkTimeout Succ,view=5864,toView=5865,nodeIdx=2,changeCycle=0,myNode=4e86727a...,timecost=0.251
info|2019-11-12 16:02:19.445495|[g:1][CONSENSUS][PBFT]checkAndChangeView: Reach consensus,org_view=5864,org_changeCycle=0,cur_changeCycle=0,to_view=5865
info|2019-11-12 16:02:20.444199|[g:1][CONSENSUS]addRawPrepare,height=3,reqIdx=3,hash=4d0a3329...
info|2019-11-12 16:02:20.444540|[g:1][CONSENSUS][PBFT]checkTimeout Succ,view=5865,toView=5866,nodeIdx=2,changeCycle=0,myNode=4e86727a...,timecost=0.308
info|2019-11-12 16:02:20.447472|[g:1][CONSENSUS][PBFT]checkAndChangeView: Reach consensus,org_view=5865,org_changeCycle=0,cur_changeCycle=0,to_view=5866
info|2019-11-12 16:02:21.452337|[g:1][CONSENSUS]addRawPrepare,height=3,reqIdx=0,hash=cd93e3f3...
info|2019-11-12 16:02:21.455660|[g:1][CONSENSUS][PBFT]checkTimeout Succ,view=5866,toView=5867,nodeIdx=2,changeCycle=0,myNode=4e86727a...,timecost=0.968
info|2019-11-12 16:02:21.456074|[g:1][CONSENSUS][PBFT]checkAndChangeView: Reach consensus,org_view=5866,org_changeCycle=0,cur_changeCycle=0,to_view=5867
info|2019-11-12 16:02:22.457766|[g:1][CONSENSUS]addRawPrepare,height=3,reqIdx=1,hash=a9a98cb5...
info|2019-11-12 16:02:22.458321|[g:1][CONSENSUS][PBFT]checkTimeout Succ,view=5867,toView=5868,nodeIdx=2,changeCycle=0,myNode=4e86727a...,timecost=0.369
info|2019-11-12 16:02:22.464131|[g:1][CONSENSUS][PBFT]checkAndChangeView: Reach consensus,org_view=5867,org_changeCycle=0,cur_changeCycle=0,to_view=5868
info|2019-11-12 16:02:23.464823|[g:1][CONSENSUS][SEALER]++++++++++++++++ Generating seal on,blkNum=3,tx=0,nodeIdx=2,hash=dc19ae84...
info|2019-11-12 16:02:23.474830|[g:1][CONSENSUS][PBFT]checkTimeout Succ,view=5868,toView=5869,nodeIdx=2,changeCycle=0,myNode=4e86727a...,timecost=0.225
info|2019-11-12 16:02:23.475822|[g:1][CONSENSUS][PBFT]checkAndChangeView: Reach consensus,org_view=5868,org_changeCycle=0,cur_changeCycle=0,to_view=5869
info|2019-11-12 16:02:24.478005|[g:1][CONSENSUS]addRawPrepare,height=3,reqIdx=3,hash=22a55b35...
info|2019-11-12 16:02:24.478318|[g:1][CONSENSUS][PBFT]checkTimeout Succ,view=5869,toView=5870,nodeIdx=2,changeCycle=0,myNode=4e86727a...,timecost=0.281
info|2019-11-12 16:02:24.481250|[g:1][CONSENSUS][PBFT]checkAndChangeView: Reach consensus,org_view=5869,org_changeCycle=0,cur_changeCycle=0,to_view=5870
info|2019-11-12 16:02:25.485594|[g:1][CONSENSUS]addRawPrepare,height=3,reqIdx=0,hash=f359be24...
info|2019-11-12 16:02:25.485934|[g:1][CONSENSUS][PBFT]checkTimeout Succ,view=5870,toView=5871,nodeIdx=2,changeCycle=0,myNode=4e86727a...,timecost=0.305
info|2019-11-12 16:02:25.489190|[g:1][CONSENSUS][PBFT]checkAndChangeView: Reach consensus,org_view=5870,org_changeCycle=0,cur_changeCycle=0,to_view=5871
info|2019-11-12 16:02:26.492842|[g:1][CONSENSUS]addRawPrepare,height=3,reqIdx=1,hash=49f3bf50...
info|2019-11-12 16:02:26.493234|[g:1][CONSENSUS][PBFT]checkTimeout Succ,view=5871,toView=5872,nodeIdx=2,changeCycle=0,myNode=4e86727a...,timecost=0.294
info|2019-11-12 16:02:26.496756|[g:1][CONSENSUS][PBFT]checkAndChangeView: Reach consensus,org_view=5871,org_changeCycle=0,cur_changeCycle=0,to_view=5872
info|2019-11-12 16:02:27.497590|[g:1][CONSENSUS][SEALER]++++++++++++++++ Generating seal on,blkNum=3,tx=0,nodeIdx=2,hash=8b93001e...
info|2019-11-12 16:02:27.512004|[g:1][CONSENSUS][PBFT]checkTimeout Succ,view=5872,toView=5873,nodeIdx=2,changeCycle=0,myNode=4e86727a...,timecost=0.256
info|2019-11-12 16:02:27.513067|[g:1][CONSENSUS][PBFT]checkAndChangeView: Reach consensus,org_view=5872,org_changeCycle=0,cur_changeCycle=0,to_view=5873
info|2019-11-12 16:02:28.513070|[g:1][CONSENSUS]addRawPrepare,height=3,reqIdx=3,hash=6f5fb9c4...
info|2019-11-12 16:02:28.513313|[g:1][CONSENSUS][PBFT]checkTimeout Succ,view=5873,toView=5874,nodeIdx=2,changeCycle=0,myNode=4e86727a...,timecost=0.217
info|2019-11-12 16:02:28.516341|[g:1][CONSENSUS][PBFT]checkAndChangeView: Reach consensus,org_view=5873,org_changeCycle=0,cur_changeCycle=0,to_view=5874
info|2019-11-12 16:02:29.264786|[P2P][Service] heartBeat,connected count=3
info|2019-11-12 16:02:29.520508|[g:1][CONSENSUS]addRawPrepare,height=3,reqIdx=0,hash=1d5dc448...
info|2019-11-12 16:02:29.520845|[g:1][CONSENSUS][PBFT]checkTimeout Succ,view=5874,toView=5875,nodeIdx=2,changeCycle=0,myNode=4e86727a...,timecost=0.297
info|2019-11-12 16:02:29.523998|[g:1][CONSENSUS][PBFT]checkAndChangeView: Reach consensus,org_view=5874,org_changeCycle=0,cur_changeCycle=0,to_view=5875
info|2019-11-12 16:02:30.527135|[g:1][CONSENSUS]addRawPrepare,height=3,reqIdx=1,hash=2b72cfa3...
info|2019-11-12 16:02:30.527663|[g:1][CONSENSUS][PBFT]checkTimeout Succ,view=5875,toView=5876,nodeIdx=2,changeCycle=0,myNode=4e86727a...,timecost=0.406
info|2019-11-12 16:02:30.533806|[g:1][CONSENSUS][PBFT]checkAndChangeView: Reach consensus,org_view=5875,org_changeCycle=0,cur_changeCycle=0,to_view=5876
info|2019-11-12 16:02:31.534076|[g:1][CONSENSUS][SEALER]++++++++++++++++ Generating seal on,blkNum=3,tx=0,nodeIdx=2,hash=6eabb898...
info|2019-11-12 16:02:31.542311|[g:1][CONSENSUS][PBFT]checkTimeout Succ,view=5876,toView=5877,nodeIdx=2,changeCycle=0,myNode=4e86727a...,timecost=0.22
info|2019-11-12 16:02:31.543335|[g:1][CONSENSUS][PBFT]checkAndChangeView: Reach consensus,org_view=5876,org_changeCycle=0,cur_changeCycle=0,to_view=5877
info|2019-11-12 16:02:32.543381|[g:1][CONSENSUS]addRawPrepare,height=3,reqIdx=3,hash=6a0611ea...
info|2019-11-12 16:02:32.543726|[g:1][CONSENSUS][PBFT]checkTimeout Succ,view=5877,toView=5878,nodeIdx=2,changeCycle=0,myNode=4e86727a...,timecost=0.309
info|2019-11-12 16:02:32.547130|[g:1][CONSENSUS][PBFT]checkAndChangeView: Reach consensus,org_view=5877,org_changeCycle=0,cur_changeCycle=0,to_view=5878
info|2019-11-12 16:02:33.551837|[g:1][CONSENSUS]addRawPrepare,height=3,reqIdx=0,hash=9a0e6d96...
info|2019-11-12 16:02:33.552165|[g:1][CONSENSUS][PBFT]checkTimeout Succ,view=5878,toView=5879,nodeIdx=2,changeCycle=0,myNode=4e86727a...,timecost=0.286
info|2019-11-12 16:02:33.555008|[g:1][CONSENSUS][PBFT]checkAndChangeView: Reach consensus,org_view=5878,org_changeCycle=0,cur_changeCycle=0,to_view=5879
info|2019-11-12 16:02:34.558356|[g:1][CONSENSUS]addRawPrepare,height=3,reqIdx=1,hash=a342dd21...
info|2019-11-12 16:02:34.562570|[g:1][CONSENSUS][PBFT]checkTimeout Succ,view=5879,toView=5880,nodeIdx=2,changeCycle=0,myNode=4e86727a...,timecost=4.087
info|2019-11-12 16:02:34.564792|[g:1][CONSENSUS][PBFT]checkAndChangeView: Reach consensus,org_view=5879,org_changeCycle=0,cur_changeCycle=0,to_view=5880
info|2019-11-12 16:02:35.565600|[g:1][CONSENSUS][SEALER]++++++++++++++++ Generating seal on,blkNum=3,tx=0,nodeIdx=2,hash=436dd6c5...
info|2019-11-12 16:02:35.573959|[g:1][CONSENSUS][PBFT]checkTimeout Succ,view=5880,toView=5881,nodeIdx=2,changeCycle=0,myNode=4e86727a...,timecost=0.222
info|2019-11-12 16:02:35.574937|[g:1][CONSENSUS][PBFT]checkAndChangeView: Reach consensus,org_view=5880,org_changeCycle=0,cur_changeCycle=0,to_view=5881
info|2019-11-12 16:02:36.575174|[g:1][CONSENSUS]addRawPrepare,height=3,reqIdx=3,hash=ebb0d0a2...
info|2019-11-12 16:02:36.575609|[g:1][CONSENSUS][PBFT]checkTimeout Succ,view=5881,toView=5882,nodeIdx=2,changeCycle=0,myNode=4e86727a...,timecost=0.392
info|2019-11-12 16:02:36.579438|[g:1][CONSENSUS][PBFT]checkAndChangeView: Reach consensus,org_view=5881,org_changeCycle=0,cur_changeCycle=0,to_view=5882
info|2019-11-12 16:02:37.584380|[g:1][CONSENSUS]addRawPrepare,height=3,reqIdx=0,hash=c0fca417...
info|2019-11-12 16:02:37.584629|[g:1][CONSENSUS][PBFT]checkTimeout Succ,view=5882,toView=5883,nodeIdx=2,changeCycle=0,myNode=4e86727a...,timecost=0.222
info|2019-11-12 16:02:37.587611|[g:1][CONSENSUS][PBFT]checkAndChangeView: Reach consensus,org_view=5882,org_changeCycle=0,cur_changeCycle=0,to_view=5883
info|2019-11-12 16:02:38.593212|[g:1][CONSENSUS]addRawPrepare,height=3,reqIdx=1,hash=fe8639fd...
info|2019-11-12 16:02:38.601316|[g:1][CONSENSUS][PBFT]checkTimeout Succ,view=5883,toView=5884,nodeIdx=2,changeCycle=0,myNode=4e86727a...,timecost=7.978
info|2019-11-12 16:02:38.603412|[g:1][CONSENSUS][PBFT]checkAndChangeView: Reach consensus,org_view=5883,org_changeCycle=0,cur_changeCycle=0,to_view=5884
info|2019-11-12 16:02:39.265071|[P2P][Service] heartBeat,connected count=3
info|2019-11-12 16:02:39.604363|[g:1][CONSENSUS][SEALER]++++++++++++++++ Generating seal on,blkNum=3,tx=0,nodeIdx=2,hash=88f999af...
info|2019-11-12 16:02:39.612910|[g:1][CONSENSUS][PBFT]checkTimeout Succ,view=5884,toView=5885,nodeIdx=2,changeCycle=0,myNode=4e86727a...,timecost=0.223
info|2019-11-12 16:02:39.613826|[g:1][CONSENSUS][PBFT]checkAndChangeView: Reach consensus,org_view=5884,org_changeCycle=0,cur_changeCycle=0,to_view=5885
info|2019-11-12 16:02:40.613628|[g:1][CONSENSUS]addRawPrepare,height=3,reqIdx=3,hash=5341ac84...
info|2019-11-12 16:02:40.613977|[g:1][CONSENSUS][PBFT]checkTimeout Succ,view=5885,toView=5886,nodeIdx=2,changeCycle=0,myNode=4e86727a...,timecost=0.353
info|2019-11-12 16:02:40.617406|[g:1][CONSENSUS][PBFT]checkAndChangeView: Reach consensus,org_view=5885,org_changeCycle=0,cur_changeCycle=0,to_view=5886
info|2019-11-12 16:02:41.621227|[g:1][CONSENSUS]addRawPrepare,height=3,reqIdx=0,hash=d7855a8e...
info|2019-11-12 16:02:41.621617|[g:1][CONSENSUS][PBFT]checkTimeout Succ,view=5886,toView=5887,nodeIdx=2,changeCycle=0,myNode=4e86727a...,timecost=0.353
info|2019-11-12 16:02:41.624588|[g:1][CONSENSUS][PBFT]checkAndChangeView: Reach consensus,org_view=5886,org_changeCycle=0,cur_changeCycle=0,to_view=5887
info|2019-11-12 16:02:42.626819|[g:1][CONSENSUS]addRawPrepare,height=3,reqIdx=1,hash=1a419123...
info|2019-11-12 16:02:42.627339|[g:1][CONSENSUS][PBFT]checkTimeout Succ,view=5887,toView=5888,nodeIdx=2,changeCycle=0,myNode=4e86727a...,timecost=0.397
info|2019-11-12 16:02:42.632642|[g:1][CONSENSUS][PBFT]checkAndChangeView: Reach consensus,org_view=5887,org_changeCycle=0,cur_changeCycle=0,to_view=5888
info|2019-11-12 16:02:43.632351|[g:1][CONSENSUS][SEALER]++++++++++++++++ Generating seal on,blkNum=3,tx=0,nodeIdx=2,hash=8f8d728c...
info|2019-11-12 16:02:43.641062|[g:1][CONSENSUS][PBFT]checkTimeout Succ,view=5888,toView=5889,nodeIdx=2,changeCycle=0,myNode=4e86727a...,timecost=0.219
info|2019-11-12 16:02:43.642072|[g:1][CONSENSUS][PBFT]checkAndChangeView: Reach consensus,org_view=5888,org_changeCycle=0,cur_changeCycle=0,to_view=5889
info|2019-11-12 16:02:44.644776|[g:1][CONSENSUS]addRawPrepare,height=3,reqIdx=3,hash=bde42b76...
info|2019-11-12 16:02:44.646192|[g:1][CONSENSUS][PBFT]checkTimeout Succ,view=5889,toView=5890,nodeIdx=2,changeCycle=0,myNode=4e86727a...,timecost=1.384
info|2019-11-12 16:02:44.646685|[g:1][CONSENSUS][PBFT]checkAndChangeView: Reach consensus,org_view=5889,org_changeCycle=0,cur_changeCycle=0,to_view=5890
info|2019-11-12 16:02:45.650328|[g:1][CONSENSUS]addRawPrepare,height=3,reqIdx=0,hash=e40d7a6e...
info|2019-11-12 16:02:45.650688|[g:1][CONSENSUS][PBFT]checkTimeout Succ,view=5890,toView=5891,nodeIdx=2,changeCycle=0,myNode=4e86727a...,timecost=0.319
info|2019-11-12 16:02:45.654540|[g:1][CONSENSUS][PBFT]checkAndChangeView: Reach consensus,org_view=5890,org_changeCycle=0,cur_changeCycle=0,to_view=5891
info|2019-11-12 16:02:46.657647|[g:1][CONSENSUS]addRawPrepare,height=3,reqIdx=1,hash=0bae0b27...
info|2019-11-12 16:02:46.658139|[g:1][CONSENSUS][PBFT]checkTimeout Succ,view=5891,toView=5892,nodeIdx=2,changeCycle=0,myNode=4e86727a...,timecost=0.368
info|2019-11-12 16:02:46.662935|[g:1][CONSENSUS][PBFT]checkAndChangeView: Reach consensus,org_view=5891,org_changeCycle=0,cur_changeCycle=0,to_view=5892
info|2019-11-12 16:02:47.663466|[g:1][CONSENSUS][SEALER]++++++++++++++++ Generating seal on,blkNum=3,tx=0,nodeIdx=2,hash=91ea7456...
info|2019-11-12 16:02:47.670850|[g:1][CONSENSUS][PBFT]checkTimeout Succ,view=5892,toView=5893,nodeIdx=2,changeCycle=0,myNode=4e86727a...,timecost=0.219
info|2019-11-12 16:02:47.671752|[g:1][CONSENSUS][PBFT]checkAndChangeView: Reach consensus,org_view=5892,org_changeCycle=0,cur_changeCycle=0,to_view=5893
info|2019-11-12 16:02:48.674140|[g:1][CONSENSUS]addRawPrepare,height=3,reqIdx=3,hash=360d0784...
info|2019-11-12 16:02:48.674381|[g:1][CONSENSUS][PBFT]checkTimeout Succ,view=5893,toView=5894,nodeIdx=2,changeCycle=0,myNode=4e86727a...,timecost=0.215
info|2019-11-12 16:02:48.676829|[g:1][CONSENSUS][PBFT]checkAndChangeView: Reach consensus,org_view=5893,org_changeCycle=0,cur_changeCycle=0,to_view=5894
info|2019-11-12 16:02:49.265238|[P2P][Service] heartBeat,connected count=3
info|2019-11-12 16:02:49.682821|[g:1][CONSENSUS]addRawPrepare,height=3,reqIdx=0,hash=0e3f93c0...
info|2019-11-12 16:02:49.683068|[g:1][CONSENSUS][PBFT]checkTimeout Succ,view=5894,toView=5895,nodeIdx=2,changeCycle=0,myNode=4e86727a...,timecost=0.219
info|2019-11-12 16:02:49.683510|[g:1][CONSENSUS][PBFT]checkAndChangeView: Reach consensus,org_view=5894,org_changeCycle=0,cur_changeCycle=0,to_view=5895
info|2019-11-12 16:02:50.687364|[g:1][CONSENSUS]addRawPrepare,height=3,reqIdx=1,hash=353af65e...
info|2019-11-12 16:02:50.687853|[g:1][CONSENSUS][PBFT]checkTimeout Succ,view=5895,toView=5896,nodeIdx=2,changeCycle=0,myNode=4e86727a...,timecost=0.368
info|2019-11-12 16:02:50.693160|[g:1][CONSENSUS][PBFT]checkAndChangeView: Reach consensus,org_view=5895,org_changeCycle=0,cur_changeCycle=0,to_view=5896
info|2019-11-12 16:02:51.695168|[g:1][CONSENSUS][SEALER]++++++++++++++++ Generating seal on,blkNum=3,tx=0,nodeIdx=2,hash=07a6e3e5...
info|2019-11-12 16:02:51.703248|[g:1][CONSENSUS][PBFT]checkTimeout Succ,view=5896,toView=5897,nodeIdx=2,changeCycle=0,myNode=4e86727a...,timecost=0.273
info|2019-11-12 16:02:51.704279|[g:1][CONSENSUS][PBFT]checkAndChangeView: Reach consensus,org_view=5896,org_changeCycle=0,cur_changeCycle=0,to_view=5897
info|2019-11-12 16:02:52.703933|[g:1][CONSENSUS]addRawPrepare,height=3,reqIdx=3,hash=26f76f18...
info|2019-11-12 16:02:52.704174|[g:1][CONSENSUS][PBFT]checkTimeout Succ,view=5897,toView=5898,nodeIdx=2,changeCycle=0,myNode=4e86727a...,timecost=0.215
info|2019-11-12 16:02:52.706467|[g:1][CONSENSUS][PBFT]checkAndChangeView: Reach consensus,org_view=5897,org_changeCycle=0,cur_changeCycle=0,to_view=5898
info|2019-11-12 16:02:53.711950|[g:1][CONSENSUS]addRawPrepare,height=3,reqIdx=0,hash=a43adc25...
info|2019-11-12 16:02:53.712388|[g:1][CONSENSUS][PBFT]checkTimeout Succ,view=5898,toView=5899,nodeIdx=2,changeCycle=0,myNode=4e86727a...,timecost=0.405
info|2019-11-12 16:02:53.715425|[g:1][CONSENSUS][PBFT]checkAndChangeView: Reach consensus,org_view=5898,org_changeCycle=0,cur_changeCycle=0,to_view=5899
info|2019-11-12 16:02:54.718450|[g:1][CONSENSUS]addRawPrepare,height=3,reqIdx=1,hash=0c245a6a...
info|2019-11-12 16:02:54.718944|[g:1][CONSENSUS][PBFT]checkTimeout Succ,view=5899,toView=5900,nodeIdx=2,changeCycle=0,myNode=4e86727a...,timecost=0.363
info|2019-11-12 16:02:54.725602|[g:1][CONSENSUS][PBFT]checkAndChangeView: Reach consensus,org_view=5899,org_changeCycle=0,cur_changeCycle=0,to_view=5900
info|2019-11-12 16:02:55.725326|[g:1][CONSENSUS][SEALER]++++++++++++++++ Generating seal on,blkNum=3,tx=0,nodeIdx=2,hash=0f8993b9...
info|2019-11-12 16:02:55.733342|[g:1][CONSENSUS][PBFT]checkTimeout Succ,view=5900,toView=5901,nodeIdx=2,changeCycle=0,myNode=4e86727a...,timecost=0.224
info|2019-11-12 16:02:55.734205|[g:1][CONSENSUS][PBFT]checkAndChangeView: Reach consensus,org_view=5900,org_changeCycle=0,cur_changeCycle=0,to_view=5901
info|2019-11-12 16:02:56.736297|[g:1][CONSENSUS]addRawPrepare,height=3,reqIdx=3,hash=d3d6e48b...
info|2019-11-12 16:02:56.736658|[g:1][CONSENSUS][PBFT]checkTimeout Succ,view=5901,toView=5902,nodeIdx=2,changeCycle=0,myNode=4e86727a...,timecost=0.321
info|2019-11-12 16:02:56.739397|[g:1][CONSENSUS][PBFT]checkAndChangeView: Reach consensus,org_view=5901,org_changeCycle=0,cur_changeCycle=0,to_view=5902
info|2019-11-12 16:02:57.744988|[g:1][CONSENSUS]addRawPrepare,height=3,reqIdx=0,hash=f977bede...
info|2019-11-12 16:02:57.745333|[g:1][CONSENSUS][PBFT]checkTimeout Succ,view=5902,toView=5903,nodeIdx=2,changeCycle=0,myNode=4e86727a...,timecost=0.307
info|2019-11-12 16:02:57.748749|[g:1][CONSENSUS][PBFT]checkAndChangeView: Reach consensus,org_view=5902,org_changeCycle=0,cur_changeCycle=0,to_view=5903
info|2019-11-12 16:02:58.750566|[g:1][CONSENSUS]addRawPrepare,height=3,reqIdx=1,hash=6344882d...
info|2019-11-12 16:02:58.751054|[g:1][CONSENSUS][PBFT]checkTimeout Succ,view=5903,toView=5904,nodeIdx=2,changeCycle=0,myNode=4e86727a...,timecost=0.366
info|2019-11-12 16:02:58.756562|[g:1][CONSENSUS][PBFT]checkAndChangeView: Reach consensus,org_view=5903,org_changeCycle=0,cur_changeCycle=0,to_view=5904
info|2019-11-12 16:02:59.265539|[P2P][Service] heartBeat,connected count=3
info|2019-11-12 16:02:59.758123|[g:1][CONSENSUS][SEALER]++++++++++++++++ Generating seal on,blkNum=3,tx=0,nodeIdx=2,hash=4b60c1a3...
info|2019-11-12 16:02:59.766565|[g:1][CONSENSUS][PBFT]checkTimeout Succ,view=5904,toView=5905,nodeIdx=2,changeCycle=0,myNode=4e86727a...,timecost=0.221
info|2019-11-12 16:02:59.767675|[g:1][CONSENSUS][PBFT]checkAndChangeView: Reach consensus,org_view=5904,org_changeCycle=0,cur_changeCycle=0,to_view=5905
info|2019-11-12 16:03:00.770848|[g:1][CONSENSUS]addRawPrepare,height=3,reqIdx=3,hash=f64bbbb6...
info|2019-11-12 16:03:00.771110|[g:1][CONSENSUS][PBFT]checkTimeout Succ,view=5905,toView=5906,nodeIdx=2,changeCycle=0,myNode=4e86727a...,timecost=0.226
info|2019-11-12 16:03:00.773242|[g:1][CONSENSUS][PBFT]checkAndChangeView: Reach consensus,org_view=5905,org_changeCycle=0,cur_changeCycle=0,to_view=5906
info|2019-11-12 16:03:01.777427|[g:1][CONSENSUS]addRawPrepare,height=3,reqIdx=0,hash=606d3a49...
info|2019-11-12 16:03:01.778010|[g:1][CONSENSUS][PBFT]checkTimeout Succ,view=5906,toView=5907,nodeIdx=2,changeCycle=0,myNode=4e86727a...,timecost=0.549
info|2019-11-12 16:03:01.781100|[g:1][CONSENSUS][PBFT]checkAndChangeView: Reach consensus,org_view=5906,org_changeCycle=0,cur_changeCycle=0,to_view=5907
info|2019-11-12 16:03:02.787541|[g:1][CONSENSUS]addRawPrepare,height=3,reqIdx=1,hash=b15f333b...
info|2019-11-12 16:03:02.792381|[g:1][CONSENSUS][PBFT]checkTimeout Succ,view=5907,toView=5908,nodeIdx=2,changeCycle=0,myNode=4e86727a...,timecost=4.679
info|2019-11-12 16:03:02.793582|[g:1][CONSENSUS][PBFT]checkAndChangeView: Reach consensus,org_view=5907,org_changeCycle=0,cur_changeCycle=0,to_view=5908
info|2019-11-12 16:03:03.793682|[g:1][CONSENSUS][SEALER]++++++++++++++++ Generating seal on,blkNum=3,tx=0,nodeIdx=2,hash=d168a897...
info|2019-11-12 16:03:03.804208|[g:1][CONSENSUS][PBFT]checkTimeout Succ,view=5908,toView=5909,nodeIdx=2,changeCycle=0,myNode=4e86727a...,timecost=0.243
info|2019-11-12 16:03:03.805328|[g:1][CONSENSUS][PBFT]checkAndChangeView: Reach consensus,org_view=5908,org_changeCycle=0,cur_changeCycle=0,to_view=5909
info|2019-11-12 16:03:04.805900|[g:1][CONSENSUS]addRawPrepare,height=3,reqIdx=3,hash=98758547...
info|2019-11-12 16:03:04.806241|[g:1][CONSENSUS][PBFT]checkTimeout Succ,view=5909,toView=5910,nodeIdx=2,changeCycle=0,myNode=4e86727a...,timecost=0.306
info|2019-11-12 16:03:04.809072|[g:1][CONSENSUS][PBFT]checkAndChangeView: Reach consensus,org_view=5909,org_changeCycle=0,cur_changeCycle=0,to_view=5910
info|2019-11-12 16:03:05.812136|[g:1][CONSENSUS]addRawPrepare,height=3,reqIdx=0,hash=20457cf2...
info|2019-11-12 16:03:05.812479|[g:1][CONSENSUS][PBFT]checkTimeout Succ,view=5910,toView=5911,nodeIdx=2,changeCycle=0,myNode=4e86727a...,timecost=0.308
info|2019-11-12 16:03:05.815419|[g:1][CONSENSUS][PBFT]checkAndChangeView: Reach consensus,org_view=5910,org_changeCycle=0,cur_changeCycle=0,to_view=5911
info|2019-11-12 16:03:06.817351|[g:1][CONSENSUS]addRawPrepare,height=3,reqIdx=1,hash=e03cf2b7...
info|2019-11-12 16:03:06.817942|[g:1][CONSENSUS][PBFT]checkTimeout Succ,view=5911,toView=5912,nodeIdx=2,changeCycle=0,myNode=4e86727a...,timecost=0.373
info|2019-11-12 16:03:06.824531|[g:1][CONSENSUS][PBFT]checkAndChangeView: Reach consensus,org_view=5911,org_changeCycle=0,cur_changeCycle=0,to_view=5912
info|2019-11-12 16:03:07.825937|[g:1][CONSENSUS][SEALER]++++++++++++++++ Generating seal on,blkNum=3,tx=0,nodeIdx=2,hash=88fff899...
info|2019-11-12 16:03:07.835735|[g:1][CONSENSUS][PBFT]checkTimeout Succ,view=5912,toView=5913,nodeIdx=2,changeCycle=0,myNode=4e86727a...,timecost=0.225
info|2019-11-12 16:03:07.836996|[g:1][CONSENSUS][PBFT]checkAndChangeView: Reach consensus,org_view=5912,org_changeCycle=0,cur_changeCycle=0,to_view=5913
info|2019-11-12 16:03:08.836339|[g:1][CONSENSUS]addRawPrepare,height=3,reqIdx=3,hash=6bde7002...
info|2019-11-12 16:03:08.839551|[g:1][CONSENSUS][PBFT]checkTimeout Succ,view=5913,toView=5914,nodeIdx=2,changeCycle=0,myNode=4e86727a...,timecost=3.168
info|2019-11-12 16:03:08.840443|[g:1][CONSENSUS][PBFT]checkAndChangeView: Reach consensus,org_view=5913,org_changeCycle=0,cur_changeCycle=0,to_view=5914
info|2019-11-12 16:03:09.265759|[P2P][Service] heartBeat,connected count=3
info|2019-11-12 16:03:09.846469|[g:1][CONSENSUS][PBFT]Trigger fast-viewchange,view=5914,toView=5914,minView=5915,INFO=,reqNum=2,curNum=2,GenIdx=3,Cview=5915,view=5914,fromIdx=3,fromNode=db2b0552...,fromIp=127.0.0.1:30302,hash=8b8d4d36...,nodeIdx=2,myNode=4e86727a...
info|2019-11-12 16:03:09.846710|[g:1][CONSENSUS][PBFT]checkAndChangeView: Reach consensus,org_view=5914,org_changeCycle=0,cur_changeCycle=0,to_view=5915
info|2019-11-12 16:03:09.846715|[g:1][CONSENSUS][PBFT]checkTimeout Succ,view=5915,toView=5915,nodeIdx=2,changeCycle=0,myNode=4e86727a...,timecost=0.203
info|2019-11-12 16:03:10.849418|[g:1][CONSENSUS]addRawPrepare,height=3,reqIdx=1,hash=41afd611...
info|2019-11-12 16:03:10.849908|[g:1][CONSENSUS][PBFT]checkTimeout Succ,view=5915,toView=5916,nodeIdx=2,changeCycle=0,myNode=4e86727a...,timecost=0.366
info|2019-11-12 16:03:10.855521|[g:1][CONSENSUS][PBFT]checkAndChangeView: Reach consensus,org_view=5915,org_changeCycle=0,cur_changeCycle=0,to_view=5916
info|2019-11-12 16:03:11.856404|[g:1][CONSENSUS][SEALER]++++++++++++++++ Generating seal on,blkNum=3,tx=0,nodeIdx=2,hash=b0318302...
info|2019-11-12 16:03:11.865052|[g:1][CONSENSUS][PBFT]checkTimeout Succ,view=5916,toView=5917,nodeIdx=2,changeCycle=0,myNode=4e86727a...,timecost=0.224
info|2019-11-12 16:03:11.866109|[g:1][CONSENSUS][PBFT]checkAndChangeView: Reach consensus,org_view=5916,org_changeCycle=0,cur_changeCycle=0,to_view=5917
info|2019-11-12 16:03:12.869101|[g:1][CONSENSUS]addRawPrepare,height=3,reqIdx=3,hash=f3aeec64...
info|2019-11-12 16:03:12.869449|[g:1][CONSENSUS][PBFT]checkTimeout Succ,view=5917,toView=5918,nodeIdx=2,changeCycle=0,myNode=4e86727a...,timecost=0.313
info|2019-11-12 16:03:12.873007|[g:1][CONSENSUS][PBFT]checkAndChangeView: Reach consensus,org_view=5917,org_changeCycle=0,cur_changeCycle=0,to_view=5918
info|2019-11-12 16:03:13.876476|[g:1][CONSENSUS]addRawPrepare,height=3,reqIdx=0,hash=cf8c094d...
info|2019-11-12 16:03:13.876818|[g:1][CONSENSUS][PBFT]checkTimeout Succ,view=5918,toView=5919,nodeIdx=2,changeCycle=0,myNode=4e86727a...,timecost=0.307
info|2019-11-12 16:03:13.880438|[g:1][CONSENSUS][PBFT]checkAndChangeView: Reach consensus,org_view=5918,org_changeCycle=0,cur_changeCycle=0,to_view=5919
info|2019-11-12 16:03:14.884894|[g:1][CONSENSUS]addRawPrepare,height=3,reqIdx=1,hash=3734facf...
info|2019-11-12 16:03:14.885362|[g:1][CONSENSUS][PBFT]checkTimeout Succ,view=5919,toView=5920,nodeIdx=2,changeCycle=0,myNode=4e86727a...,timecost=0.3
info|2019-11-12 16:03:14.890761|[g:1][CONSENSUS][PBFT]checkAndChangeView: Reach consensus,org_view=5919,org_changeCycle=0,cur_changeCycle=0,to_view=5920
info|2019-11-12 16:03:15.890154|[g:1][CONSENSUS][SEALER]++++++++++++++++ Generating seal on,blkNum=3,tx=0,nodeIdx=2,hash=7d383990...
info|2019-11-12 16:03:15.898209|[g:1][CONSENSUS][PBFT]checkTimeout Succ,view=5920,toView=5921,nodeIdx=2,changeCycle=0,myNode=4e86727a...,timecost=0.222
info|2019-11-12 16:03:15.899081|[g:1][CONSENSUS][PBFT]checkAndChangeView: Reach consensus,org_view=5920,org_changeCycle=0,cur_changeCycle=0,to_view=5921
info|2019-11-12 16:03:16.899251|[g:1][CONSENSUS]addRawPrepare,height=3,reqIdx=3,hash=66244176...
info|2019-11-12 16:03:16.901515|[g:1][CONSENSUS][PBFT]checkTimeout Succ,view=5921,toView=5922,nodeIdx=2,changeCycle=0,myNode=4e86727a...,timecost=2.231
info|2019-11-12 16:03:16.904534|[g:1][CONSENSUS][PBFT]checkAndChangeView: Reach consensus,org_view=5921,org_changeCycle=0,cur_changeCycle=0,to_view=5922
info|2019-11-12 16:03:17.910285|[g:1][CONSENSUS]addRawPrepare,height=3,reqIdx=0,hash=e302e013...
info|2019-11-12 16:03:17.910512|[g:1][CONSENSUS][PBFT]checkTimeout Succ,view=5922,toView=5923,nodeIdx=2,changeCycle=0,myNode=4e86727a...,timecost=0.202
info|2019-11-12 16:03:17.911940|[g:1][CONSENSUS][PBFT]checkAndChangeView: Reach consensus,org_view=5922,org_changeCycle=0,cur_changeCycle=0,to_view=5923
info|2019-11-12 16:03:18.915841|[g:1][CONSENSUS]addRawPrepare,height=3,reqIdx=1,hash=e6e70764...
info|2019-11-12 16:03:18.916544|[g:1][CONSENSUS][PBFT]checkTimeout Succ,view=5923,toView=5924,nodeIdx=2,changeCycle=0,myNode=4e86727a...,timecost=0.578
info|2019-11-12 16:03:18.923229|[g:1][CONSENSUS][PBFT]checkAndChangeView: Reach consensus,org_view=5923,org_changeCycle=0,cur_changeCycle=0,to_view=5924
info|2019-11-12 16:03:19.266115|[P2P][Service] heartBeat,connected count=3
info|2019-11-12 16:03:19.923623|[g:1][CONSENSUS][SEALER]++++++++++++++++ Generating seal on,blkNum=3,tx=0,nodeIdx=2,hash=c7c7fe3b...
info|2019-11-12 16:03:19.931708|[g:1][CONSENSUS][PBFT]checkTimeout Succ,view=5924,toView=5925,nodeIdx=2,changeCycle=0,myNode=4e86727a...,timecost=0.241
info|2019-11-12 16:03:19.932689|[g:1][CONSENSUS][PBFT]checkAndChangeView: Reach consensus,org_view=5924,org_changeCycle=0,cur_changeCycle=0,to_view=5925
info|2019-11-12 16:03:20.930895|[g:1][CONSENSUS]addRawPrepare,height=3,reqIdx=3,hash=406aebb3...
info|2019-11-12 16:03:20.931239|[g:1][CONSENSUS][PBFT]checkTimeout Succ,view=5925,toView=5926,nodeIdx=2,changeCycle=0,myNode=4e86727a...,timecost=0.306
info|2019-11-12 16:03:20.933730|[g:1][CONSENSUS][PBFT]checkAndChangeView: Reach consensus,org_view=5925,org_changeCycle=0,cur_changeCycle=0,to_view=5926
info|2019-11-12 16:03:21.941283|[g:1][CONSENSUS]addRawPrepare,height=3,reqIdx=0,hash=cf879297...
info|2019-11-12 16:03:21.941708|[g:1][CONSENSUS][PBFT]checkTimeout Succ,view=5926,toView=5927,nodeIdx=2,changeCycle=0,myNode=4e86727a...,timecost=0.334
info|2019-11-12 16:03:21.942497|[g:1][CONSENSUS][PBFT]checkAndChangeView: Reach consensus,org_view=5926,org_changeCycle=0,cur_changeCycle=0,to_view=5927
info|2019-11-12 16:03:22.948239|[g:1][CONSENSUS]addRawPrepare,height=3,reqIdx=1,hash=24f8750f...
info|2019-11-12 16:03:22.953441|[g:1][CONSENSUS][PBFT]checkTimeout Succ,view=5927,toView=5928,nodeIdx=2,changeCycle=0,myNode=4e86727a...,timecost=4.681
info|2019-11-12 16:03:22.954484|[g:1][CONSENSUS][PBFT]checkAndChangeView: Reach consensus,org_view=5927,org_changeCycle=0,cur_changeCycle=0,to_view=5928
info|2019-11-12 16:03:23.954351|[g:1][CONSENSUS][SEALER]++++++++++++++++ Generating seal on,blkNum=3,tx=0,nodeIdx=2,hash=d84cd58a...
info|2019-11-12 16:03:23.962504|[g:1][CONSENSUS][PBFT]checkTimeout Succ,view=5928,toView=5929,nodeIdx=2,changeCycle=0,myNode=4e86727a...,timecost=0.38
info|2019-11-12 16:03:23.963644|[g:1][CONSENSUS][PBFT]checkAndChangeView: Reach consensus,org_view=5928,org_changeCycle=0,cur_changeCycle=0,to_view=5929
info|2019-11-12 16:03:24.967161|[g:1][CONSENSUS][PBFT]Trigger fast-viewchange,view=5929,toView=5929,minView=5930,INFO=,reqNum=2,curNum=2,GenIdx=0,Cview=5930,view=5929,fromIdx=0,fromNode=075f8c93...,fromIp=127.0.0.1:30300,hash=8b8d4d36...,nodeIdx=2,myNode=4e86727a...
info|2019-11-12 16:03:24.967401|[g:1][CONSENSUS][PBFT]checkAndChangeView: Reach consensus,org_view=5929,org_changeCycle=0,cur_changeCycle=0,to_view=5930
info|2019-11-12 16:03:24.967407|[g:1][CONSENSUS][PBFT]checkTimeout Succ,view=5930,toView=5930,nodeIdx=2,changeCycle=0,myNode=4e86727a...,timecost=0.205
info|2019-11-12 16:03:25.975250|[g:1][CONSENSUS]addRawPrepare,height=3,reqIdx=0,hash=40ec413a...
info|2019-11-12 16:03:25.975492|[g:1][CONSENSUS][PBFT]checkTimeout Succ,view=5930,toView=5931,nodeIdx=2,changeCycle=0,myNode=4e86727a...,timecost=0.217
info|2019-11-12 16:03:25.977362|[g:1][CONSENSUS][PBFT]checkAndChangeView: Reach consensus,org_view=5930,org_changeCycle=0,cur_changeCycle=0,to_view=5931
info|2019-11-12 16:03:26.981159|[g:1][CONSENSUS]addRawPrepare,height=3,reqIdx=1,hash=2afb333a...
info|2019-11-12 16:03:26.981552|[g:1][CONSENSUS][PBFT]checkTimeout Succ,view=5931,toView=5932,nodeIdx=2,changeCycle=0,myNode=4e86727a...,timecost=0.293
info|2019-11-12 16:03:26.988075|[g:1][CONSENSUS][PBFT]checkAndChangeView: Reach consensus,org_view=5931,org_changeCycle=0,cur_changeCycle=0,to_view=5932
