info|2019-11-12 23:00:00.817539|[g:1][CONSENSUS][SEALER]++++++++++++++++ Generating seal on,blkNum=3,tx=0,nodeIdx=2,hash=a98faaa6...
info|2019-11-12 23:00:00.833309|[g:1][CONSENSUS][PBFT]checkTimeout Succ,view=16800,toView=16801,nodeIdx=2,changeCycle=0,myNode=4e86727a...,timecost=0.621
info|2019-11-12 23:00:00.835833|[g:1][CONSENSUS][PBFT]checkAndChangeView: Reach consensus,org_view=16800,org_changeCycle=0,cur_changeCycle=0,to_view=16801
info|2019-11-12 23:00:01.833889|[g:1][CONSENSUS]addRawPrepare,height=3,reqIdx=3,hash=262df6f5...
info|2019-11-12 23:00:01.834848|[g:1][CONSENSUS][PBFT]checkTimeout Succ,view=16801,toView=16802,nodeIdx=2,changeCycle=0,myNode=4e86727a...,timecost=0.906
info|2019-11-12 23:00:01.837129|[g:1][CONSENSUS][PBFT]checkAndChangeView: Reach consensus,org_view=16801,org_changeCycle=0,cur_changeCycle=0,to_view=16802
info|2019-11-12 23:00:02.843170|[g:1][CONSENSUS]addRawPrepare,height=3,reqIdx=0,hash=453a36e7...
info|2019-11-12 23:00:02.844476|[g:1][CONSENSUS][PBFT]checkTimeout Succ,view=16802,toView=16803,nodeIdx=2,changeCycle=0,myNode=4e86727a...,timecost=0.848
info|2019-11-12 23:00:02.847128|[g:1][CONSENSUS][PBFT]checkAndChangeView: Reach consensus,org_view=16802,org_changeCycle=0,cur_changeCycle=0,to_view=16803
info|2019-11-12 23:00:03.178333|[P2P][Service] heartBeat,connected count=3
info|2019-11-12 23:00:03.849854|[g:1][CONSENSUS]addRawPrepare,height=3,reqIdx=1,hash=f277d412...
info|2019-11-12 23:00:03.850251|[g:1][CONSENSUS][PBFT]checkTimeout Succ,view=16803,toView=16804,nodeIdx=2,changeCycle=0,myNode=4e86727a...,timecost=0.294
info|2019-11-12 23:00:03.855484|[g:1][CONSENSUS][PBFT]checkAndChangeView: Reach consensus,org_view=16803,org_changeCycle=0,cur_changeCycle=0,to_view=16804
info|2019-11-12 23:00:04.855326|[g:1][CONSENSUS][SEALER]++++++++++++++++ Generating seal on,blkNum=3,tx=0,nodeIdx=2,hash=0c258784...
info|2019-11-12 23:00:04.867605|[g:1][CONSENSUS][PBFT]checkTimeout Succ,view=16804,toView=16805,nodeIdx=2,changeCycle=0,myNode=4e86727a...,timecost=0.273
info|2019-11-12 23:00:04.868665|[g:1][CONSENSUS][PBFT]checkAndChangeView: Reach consensus,org_view=16804,org_changeCycle=0,cur_changeCycle=0,to_view=16805
info|2019-11-12 23:00:05.869690|[g:1][CONSENSUS]addRawPrepare,height=3,reqIdx=3,hash=ce1088e8...
info|2019-11-12 23:00:05.870059|[g:1][CONSENSUS][PBFT]checkTimeout Succ,view=16805,toView=16806,nodeIdx=2,changeCycle=0,myNode=4e86727a...,timecost=0.34
info|2019-11-12 23:00:05.874216|[g:1][CONSENSUS][PBFT]checkAndChangeView: Reach consensus,org_view=16805,org_changeCycle=0,cur_changeCycle=0,to_view=16806
info|2019-11-12 23:00:06.875385|[g:1][CONSENSUS][PBFT]Trigger fast-viewchange,view=16806,toView=16806,minView=16807,INFO=,reqNum=2,curNum=2,GenIdx=3,Cview=16807,view=16806,fromIdx=3,fromNode=db2b0552...,fromIp=127.0.0.1:30302,hash=8b8d4d36...,nodeIdx=2,myNode=4e86727a...
info|2019-11-12 23:00:06.875633|[g:1][CONSENSUS][PBFT]checkAndChangeView: Reach consensus,org_view=16806,org_changeCycle=0,cur_changeCycle=0,to_view=16807
info|2019-11-12 23:00:06.875639|[g:1][CONSENSUS][PBFT]checkTimeout Succ,view=16807,toView=16807,nodeIdx=2,changeCycle=0,myNode=4e86727a...,timecost=0.207
info|2019-11-12 23:00:07.879966|[g:1][CONSENSUS]addRawPrepare,height=3,reqIdx=1,hash=d0844b28...
info|2019-11-12 23:00:07.880731|[g:1][CONSENSUS][PBFT]checkTimeout Succ,view=16807,toView=16808,nodeIdx=2,changeCycle=0,myNode=4e86727a...,timecost=0.554
info|2019-11-12 23:00:07.890894|[g:1][CONSENSUS][PBFT]checkAndChangeView: Reach consensus,org_view=16807,org_changeCycle=0,cur_changeCycle=0,to_view=16808
info|2019-11-12 23:00:08.892873|[g:1][CONSENSUS][SEALER]++++++++++++++++ Generating seal on,blkNum=3,tx=0,nodeIdx=2,hash=62a2d4af...
info|2019-11-12 23:00:08.912544|[g:1][CONSENSUS][PBFT]checkTimeout Succ,view=16808,toView=16809,nodeIdx=2,changeCycle=0,myNode=4e86727a...,timecost=0.686
info|2019-11-12 23:00:08.922740|[g:1][CONSENSUS][PBFT]checkAndChangeView: Reach consensus,org_view=16808,org_changeCycle=0,cur_changeCycle=0,to_view=16809
info|2019-11-12 23:00:09.924328|[g:1][CONSENSUS]addRawPrepare,height=3,reqIdx=3,hash=74bd1843...
info|2019-11-12 23:00:09.924621|[g:1][CONSENSUS][PBFT]checkTimeout Succ,view=16809,toView=16810,nodeIdx=2,changeCycle=0,myNode=4e86727a...,timecost=0.257
info|2019-11-12 23:00:09.926311|[g:1][CONSENSUS][PBFT]checkAndChangeView: Reach consensus,org_view=16809,org_changeCycle=0,cur_changeCycle=0,to_view=16810
info|2019-11-12 23:00:10.933740|[g:1][CONSENSUS]addRawPrepare,height=3,reqIdx=0,hash=2e268a37...
info|2019-11-12 23:00:10.933977|[g:1][CONSENSUS][PBFT]checkTimeout Succ,view=16810,toView=16811,nodeIdx=2,changeCycle=0,myNode=4e86727a...,timecost=0.209
info|2019-11-12 23:00:10.936044|[g:1][CONSENSUS][PBFT]checkAndChangeView: Reach consensus,org_view=16810,org_changeCycle=0,cur_changeCycle=0,to_view=16811
info|2019-11-12 23:00:11.938750|[g:1][CONSENSUS]addRawPrepare,height=3,reqIdx=1,hash=e7cac1c4...
info|2019-11-12 23:00:11.939416|[g:1][CONSENSUS][PBFT]checkTimeout Succ,view=16811,toView=16812,nodeIdx=2,changeCycle=0,myNode=4e86727a...,timecost=0.246
info|2019-11-12 23:00:11.945109|[g:1][CONSENSUS][PBFT]checkAndChangeView: Reach consensus,org_view=16811,org_changeCycle=0,cur_changeCycle=0,to_view=16812
info|2019-11-12 23:00:12.946002|[g:1][CONSENSUS][SEALER]++++++++++++++++ Generating seal on,blkNum=3,tx=0,nodeIdx=2,hash=a1f66448...
info|2019-11-12 23:00:12.958044|[g:1][CONSENSUS][PBFT]checkTimeout Succ,view=16812,toView=16813,nodeIdx=2,changeCycle=0,myNode=4e86727a...,timecost=0.38
info|2019-11-12 23:00:12.959286|[g:1][CONSENSUS][PBFT]checkAndChangeView: Reach consensus,org_view=16812,org_changeCycle=0,cur_changeCycle=0,to_view=16813
info|2019-11-12 23:00:13.178676|[P2P][Service] heartBeat,connected count=3
info|2019-11-12 23:00:13.960430|[g:1][CONSENSUS]addRawPrepare,height=3,reqIdx=3,hash=f53af340...
info|2019-11-12 23:00:13.960769|[g:1][CONSENSUS][PBFT]checkTimeout Succ,view=16813,toView=16814,nodeIdx=2,changeCycle=0,myNode=4e86727a...,timecost=0.314
info|2019-11-12 23:00:13.963955|[g:1][CONSENSUS][PBFT]checkAndChangeView: Reach consensus,org_view=16813,org_changeCycle=0,cur_changeCycle=0,to_view=16814
info|2019-11-12 23:00:14.971058|[g:1][CONSENSUS]addRawPrepare,height=3,reqIdx=0,hash=6e30200e...
info|2019-11-12 23:00:14.971387|[g:1][CONSENSUS][PBFT]checkTimeout Succ,view=16814,toView=16815,nodeIdx=2,changeCycle=0,myNode=4e86727a...,timecost=0.279
info|2019-11-12 23:00:14.974646|[g:1][CONSENSUS][PBFT]checkAndChangeView: Reach consensus,org_view=16814,org_changeCycle=0,cur_changeCycle=0,to_view=16815
info|2019-11-12 23:00:15.979341|[g:1][CONSENSUS]addRawPrepare,height=3,reqIdx=1,hash=f045e649...
info|2019-11-12 23:00:15.979627|[g:1][CONSENSUS][PBFT]checkTimeout Succ,view=16815,toView=16816,nodeIdx=2,changeCycle=0,myNode=4e86727a...,timecost=0.209
info|2019-11-12 23:00:15.985587|[g:1][CONSENSUS][PBFT]checkAndChangeView: Reach consensus,org_view=16815,org_changeCycle=0,cur_changeCycle=0,to_view=16816
info|2019-11-12 23:00:16.987828|[g:1][CONSENSUS][SEALER]++++++++++++++++ Generating seal on,blkNum=3,tx=0,nodeIdx=2,hash=8bcb42f0...
info|2019-11-12 23:00:16.996230|[g:1][CONSENSUS][PBFT]checkTimeout Succ,view=16816,toView=16817,nodeIdx=2,changeCycle=0,myNode=4e86727a...,timecost=0.227
info|2019-11-12 23:00:16.999318|[g:1][CONSENSUS][PBFT]checkAndChangeView: Reach consensus,org_view=16816,org_changeCycle=0,cur_changeCycle=0,to_view=16817
info|2019-11-12 23:00:18.005122|[g:1][CONSENSUS]addRawPrepare,height=3,reqIdx=3,hash=b405f688...
info|2019-11-12 23:00:18.006302|[g:1][CONSENSUS][PBFT]checkTimeout Succ,view=16817,toView=16818,nodeIdx=2,changeCycle=0,myNode=4e86727a...,timecost=1.1
info|2019-11-12 23:00:18.009327|[g:1][CONSENSUS][PBFT]checkAndChangeView: Reach consensus,org_view=16817,org_changeCycle=0,cur_changeCycle=0,to_view=16818
info|2019-11-12 23:00:19.018539|[g:1][CONSENSUS]addRawPrepare,height=3,reqIdx=0,hash=98cb9464...
info|2019-11-12 23:00:19.021629|[g:1][CONSENSUS][PBFT]checkTimeout Succ,view=16818,toView=16819,nodeIdx=2,changeCycle=0,myNode=4e86727a...,timecost=1.805
info|2019-11-12 23:00:19.023223|[g:1][CONSENSUS][PBFT]checkAndChangeView: Reach consensus,org_view=16818,org_changeCycle=0,cur_changeCycle=0,to_view=16819
info|2019-11-12 23:00:20.025344|[g:1][CONSENSUS]addRawPrepare,height=3,reqIdx=1,hash=5a0758cc...
info|2019-11-12 23:00:20.025736|[g:1][CONSENSUS][PBFT]checkTimeout Succ,view=16819,toView=16820,nodeIdx=2,changeCycle=0,myNode=4e86727a...,timecost=0.293
info|2019-11-12 23:00:20.029821|[g:1][CONSENSUS][PBFT]checkAndChangeView: Reach consensus,org_view=16819,org_changeCycle=0,cur_changeCycle=0,to_view=16820
info|2019-11-12 23:00:21.031924|[g:1][CONSENSUS][SEALER]++++++++++++++++ Generating seal on,blkNum=3,tx=0,nodeIdx=2,hash=60a067ad...
info|2019-11-12 23:00:21.043681|[g:1][CONSENSUS][PBFT]checkTimeout Succ,view=16820,toView=16821,nodeIdx=2,changeCycle=0,myNode=4e86727a...,timecost=0.225
info|2019-11-12 23:00:21.044981|[g:1][CONSENSUS][PBFT]checkAndChangeView: Reach consensus,org_view=16820,org_changeCycle=0,cur_changeCycle=0,to_view=16821
info|2019-11-12 23:00:22.045294|[g:1][CONSENSUS]addRawPrepare,height=3,reqIdx=3,hash=0b2d5fc8...
info|2019-11-12 23:00:22.045548|[g:1][CONSENSUS][PBFT]checkTimeout Succ,view=16821,toView=16822,nodeIdx=2,changeCycle=0,myNode=4e86727a...,timecost=0.223
info|2019-11-12 23:00:22.047149|[g:1][CONSENSUS][PBFT]checkAndChangeView: Reach consensus,org_view=16821,org_changeCycle=0,cur_changeCycle=0,to_view=16822
info|2019-11-12 23:00:23.054935|[g:1][CONSENSUS]addRawPrepare,height=3,reqIdx=0,hash=26f3f7a5...
info|2019-11-12 23:00:23.061253|[g:1][CONSENSUS][PBFT]checkTimeout Succ,view=16822,toView=16823,nodeIdx=2,changeCycle=0,myNode=4e86727a...,timecost=6.28
info|2019-11-12 23:00:23.061819|[g:1][CONSENSUS][PBFT]checkAndChangeView: Reach consensus,org_view=16822,org_changeCycle=0,cur_changeCycle=0,to_view=16823
info|2019-11-12 23:00:23.178796|[P2P][Service] heartBeat,connected count=3
info|2019-11-12 23:00:24.068836|[g:1][CONSENSUS]addRawPrepare,height=3,reqIdx=1,hash=eef3d25b...
info|2019-11-12 23:00:24.069392|[g:1][CONSENSUS][PBFT]checkTimeout Succ,view=16823,toView=16824,nodeIdx=2,changeCycle=0,myNode=4e86727a...,timecost=0.43
info|2019-11-12 23:00:24.074966|[g:1][CONSENSUS][PBFT]checkAndChangeView: Reach consensus,org_view=16823,org_changeCycle=0,cur_changeCycle=0,to_view=16824
info|2019-11-12 23:00:25.075348|[g:1][CONSENSUS][SEALER]++++++++++++++++ Generating seal on,blkNum=3,tx=0,nodeIdx=2,hash=37aa023c...
info|2019-11-12 23:00:25.086315|[g:1][CONSENSUS][PBFT]checkTimeout Succ,view=16824,toView=16825,nodeIdx=2,changeCycle=0,myNode=4e86727a...,timecost=0.317
info|2019-11-12 23:00:25.088348|[g:1][CONSENSUS][PBFT]checkAndChangeView: Reach consensus,org_view=16824,org_changeCycle=0,cur_changeCycle=0,to_view=16825
info|2019-11-12 23:00:26.087408|[g:1][CONSENSUS]addRawPrepare,height=3,reqIdx=3,hash=796d0673...
info|2019-11-12 23:00:26.090740|[g:1][CONSENSUS][PBFT]checkTimeout Succ,view=16825,toView=16826,nodeIdx=2,changeCycle=0,myNode=4e86727a...,timecost=3.248
info|2019-11-12 23:00:26.098872|[g:1][CONSENSUS][PBFT]checkAndChangeView: Reach consensus,org_view=16825,org_changeCycle=0,cur_changeCycle=0,to_view=16826
info|2019-11-12 23:00:27.120711|[g:1][CONSENSUS]addRawPrepare,height=3,reqIdx=0,hash=dc5823ab...
info|2019-11-12 23:00:27.124597|[g:1][CONSENSUS][PBFT]checkTimeout Succ,view=16826,toView=16827,nodeIdx=2,changeCycle=0,myNode=4e86727a...,timecost=3.315
info|2019-11-12 23:00:27.125209|[g:1][CONSENSUS][PBFT]checkAndChangeView: Reach consensus,org_view=16826,org_changeCycle=0,cur_changeCycle=0,to_view=16827
info|2019-11-12 23:00:28.126685|[g:1][CONSENSUS]addRawPrepare,height=3,reqIdx=1,hash=ffcd20e0...
info|2019-11-12 23:00:28.138513|[g:1][CONSENSUS][PBFT]checkTimeout Succ,view=16827,toView=16828,nodeIdx=2,changeCycle=0,myNode=4e86727a...,timecost=6.254
info|2019-11-12 23:00:28.146807|[g:1][CONSENSUS][PBFT]checkAndChangeView: Reach consensus,org_view=16827,org_changeCycle=0,cur_changeCycle=0,to_view=16828
info|2019-11-12 23:00:29.147685|[g:1][CONSENSUS][SEALER]++++++++++++++++ Generating seal on,blkNum=3,tx=0,nodeIdx=2,hash=f7369a92...
info|2019-11-12 23:00:29.159373|[g:1][CONSENSUS][PBFT]checkTimeout Succ,view=16828,toView=16829,nodeIdx=2,changeCycle=0,myNode=4e86727a...,timecost=0.394
info|2019-11-12 23:00:29.160713|[g:1][CONSENSUS][PBFT]checkAndChangeView: Reach consensus,org_view=16828,org_changeCycle=0,cur_changeCycle=0,to_view=16829
info|2019-11-12 23:00:30.158615|[g:1][CONSENSUS]addRawPrepare,height=3,reqIdx=3,hash=64f0521b...
info|2019-11-12 23:00:30.158868|[g:1][CONSENSUS][PBFT]checkTimeout Succ,view=16829,toView=16830,nodeIdx=2,changeCycle=0,myNode=4e86727a...,timecost=0.224
info|2019-11-12 23:00:30.162758|[g:1][CONSENSUS][PBFT]checkAndChangeView: Reach consensus,org_view=16829,org_changeCycle=0,cur_changeCycle=0,to_view=16830
info|2019-11-12 23:00:31.167895|[g:1][CONSENSUS]addRawPrepare,height=3,reqIdx=0,hash=56105ba4...
info|2019-11-12 23:00:31.171567|[g:1][CONSENSUS][PBFT]checkTimeout Succ,view=16830,toView=16831,nodeIdx=2,changeCycle=0,myNode=4e86727a...,timecost=3.624
info|2019-11-12 23:00:31.172999|[g:1][CONSENSUS][PBFT]checkAndChangeView: Reach consensus,org_view=16830,org_changeCycle=0,cur_changeCycle=0,to_view=16831
info|2019-11-12 23:00:32.174490|[g:1][CONSENSUS]addRawPrepare,height=3,reqIdx=1,hash=c425ef28...
info|2019-11-12 23:00:32.174892|[g:1][CONSENSUS][PBFT]checkTimeout Succ,view=16831,toView=16832,nodeIdx=2,changeCycle=0,myNode=4e86727a...,timecost=0.298
info|2019-11-12 23:00:32.179161|[g:1][CONSENSUS][PBFT]checkAndChangeView: Reach consensus,org_view=16831,org_changeCycle=0,cur_changeCycle=0,to_view=16832
info|2019-11-12 23:00:33.178923|[P2P][Service] heartBeat,connected count=3
info|2019-11-12 23:00:33.180587|[g:1][CONSENSUS][SEALER]++++++++++++++++ Generating seal on,blkNum=3,tx=0,nodeIdx=2,hash=10534228...
info|2019-11-12 23:00:33.193635|[g:1][CONSENSUS][PBFT]checkTimeout Succ,view=16832,toView=16833,nodeIdx=2,changeCycle=0,myNode=4e86727a...,timecost=0.224
info|2019-11-12 23:00:33.194604|[g:1][CONSENSUS][PBFT]checkAndChangeView: Reach consensus,org_view=16832,org_changeCycle=0,cur_changeCycle=0,to_view=16833
info|2019-11-12 23:00:34.196987|[g:1][CONSENSUS]addRawPrepare,height=3,reqIdx=3,hash=24991aca...
info|2019-11-12 23:00:34.197230|[g:1][CONSENSUS][PBFT]checkTimeout Succ,view=16833,toView=16834,nodeIdx=2,changeCycle=0,myNode=4e86727a...,timecost=0.216
info|2019-11-12 23:00:34.199199|[g:1][CONSENSUS][PBFT]checkAndChangeView: Reach consensus,org_view=16833,org_changeCycle=0,cur_changeCycle=0,to_view=16834
info|2019-11-12 23:00:35.204946|[g:1][CONSENSUS]addRawPrepare,height=3,reqIdx=0,hash=8b52ee88...
info|2019-11-12 23:00:35.205250|[g:1][CONSENSUS][PBFT]checkTimeout Succ,view=16834,toView=16835,nodeIdx=2,changeCycle=0,myNode=4e86727a...,timecost=0.223
info|2019-11-12 23:00:35.208318|[g:1][CONSENSUS][PBFT]checkAndChangeView: Reach consensus,org_view=16834,org_changeCycle=0,cur_changeCycle=0,to_view=16835
info|2019-11-12 23:00:36.212428|[g:1][CONSENSUS]addRawPrepare,height=3,reqIdx=1,hash=7836389f...
info|2019-11-12 23:00:36.212824|[g:1][CONSENSUS][PBFT]checkTimeout Succ,view=16835,toView=16836,nodeIdx=2,changeCycle=0,myNode=4e86727a...,timecost=0.293
info|2019-11-12 23:00:36.218197|[g:1][CONSENSUS][PBFT]checkAndChangeView: Reach consensus,org_view=16835,org_changeCycle=0,cur_changeCycle=0,to_view=16836
info|2019-11-12 23:00:37.221447|[g:1][CONSENSUS][SEALER]++++++++++++++++ Generating seal on,blkNum=3,tx=0,nodeIdx=2,hash=02aa5c9d...
info|2019-11-12 23:00:37.230870|[g:1][CONSENSUS][PBFT]checkTimeout Succ,view=16836,toView=16837,nodeIdx=2,changeCycle=0,myNode=4e86727a...,timecost=0.228
info|2019-11-12 23:00:37.231910|[g:1][CONSENSUS][PBFT]checkAndChangeView: Reach consensus,org_view=16836,org_changeCycle=0,cur_changeCycle=0,to_view=16837
info|2019-11-12 23:00:38.233483|[g:1][CONSENSUS]addRawPrepare,height=3,reqIdx=3,hash=3365dbae...
info|2019-11-12 23:00:38.237614|[g:1][CONSENSUS][PBFT]checkTimeout Succ,view=16837,toView=16838,nodeIdx=2,changeCycle=0,myNode=4e86727a...,timecost=3.998
info|2019-11-12 23:00:38.240417|[g:1][CONSENSUS][PBFT]checkAndChangeView: Reach consensus,org_view=16837,org_changeCycle=0,cur_changeCycle=0,to_view=16838
info|2019-11-12 23:00:39.245379|[g:1][CONSENSUS]addRawPrepare,height=3,reqIdx=0,hash=1fa98da8...
info|2019-11-12 23:00:39.245890|[g:1][CONSENSUS][PBFT]checkTimeout Succ,view=16838,toView=16839,nodeIdx=2,changeCycle=0,myNode=4e86727a...,timecost=0.477
info|2019-11-12 23:00:39.250260|[g:1][CONSENSUS][PBFT]checkAndChangeView: Reach consensus,org_view=16838,org_changeCycle=0,cur_changeCycle=0,to_view=16839
info|2019-11-12 23:00:40.255075|[g:1][CONSENSUS]addRawPrepare,height=3,reqIdx=1,hash=c6336dfc...
info|2019-11-12 23:00:40.260281|[g:1][CONSENSUS][PBFT]checkTimeout Succ,view=16839,toView=16840,nodeIdx=2,changeCycle=0,myNode=4e86727a...,timecost=1.632
info|2019-11-12 23:00:40.264512|[g:1][CONSENSUS][PBFT]checkAndChangeView: Reach consensus,org_view=16839,org_changeCycle=0,cur_changeCycle=0,to_view=16840
info|2019-11-12 23:00:41.265270|[g:1][CONSENSUS][SEALER]++++++++++++++++ Generating seal on,blkNum=3,tx=0,nodeIdx=2,hash=ab328429...
info|2019-11-12 23:00:41.276826|[g:1][CONSENSUS][PBFT]checkTimeout Succ,view=16840,toView=16841,nodeIdx=2,changeCycle=0,myNode=4e86727a...,timecost=0.259
info|2019-11-12 23:00:41.278391|[g:1][CONSENSUS][PBFT]checkAndChangeView: Reach consensus,org_view=16840,org_changeCycle=0,cur_changeCycle=0,to_view=16841
info|2019-11-12 23:00:42.279587|[g:1][CONSENSUS]addRawPrepare,height=3,reqIdx=3,hash=59c34665...
info|2019-11-12 23:00:42.279830|[g:1][CONSENSUS][PBFT]checkTimeout Succ,view=16841,toView=16842,nodeIdx=2,changeCycle=0,myNode=4e86727a...,timecost=0.217
info|2019-11-12 23:00:42.281019|[g:1][CONSENSUS][PBFT]checkAndChangeView: Reach consensus,org_view=16841,org_changeCycle=0,cur_changeCycle=0,to_view=16842
info|2019-11-12 23:00:43.179088|[P2P][Service] heartBeat,connected count=3
info|2019-11-12 23:00:43.288162|[g:1][CONSENSUS]addRawPrepare,height=3,reqIdx=0,hash=593bac2f...
info|2019-11-12 23:00:43.288428|[g:1][CONSENSUS][PBFT]checkTimeout Succ,view=16842,toView=16843,nodeIdx=2,changeCycle=0,myNode=4e86727a...,timecost=0.229
info|2019-11-12 23:00:43.291548|[g:1][CONSENSUS][PBFT]checkAndChangeView: Reach consensus,org_view=16842,org_changeCycle=0,cur_changeCycle=0,to_view=16843
info|2019-11-12 23:00:44.295433|[g:1][CONSENSUS]addRawPrepare,height=3,reqIdx=1,hash=7a3901a8...
info|2019-11-12 23:00:44.295830|[g:1][CONSENSUS][PBFT]checkTimeout Succ,view=16843,toView=16844,nodeIdx=2,changeCycle=0,myNode=4e86727a...,timecost=0.296
info|2019-11-12 23:00:44.301680|[g:1][CONSENSUS][PBFT]checkAndChangeView: Reach consensus,org_view=16843,org_changeCycle=0,cur_changeCycle=0,to_view=16844
info|2019-11-12 23:00:45.303777|[g:1][CONSENSUS][SEALER]++++++++++++++++ Generating seal on,blkNum=3,tx=0,nodeIdx=2,hash=6ed702b0...
info|2019-11-12 23:00:45.316527|[g:1][CONSENSUS][PBFT]checkTimeout Succ,view=16844,toView=16845,nodeIdx=2,changeCycle=0,myNode=4e86727a...,timecost=0.257
info|2019-11-12 23:00:45.320667|[g:1][CONSENSUS][PBFT]checkAndChangeView: Reach consensus,org_view=16844,org_changeCycle=0,cur_changeCycle=0,to_view=16845
info|2019-11-12 23:00:46.317147|[g:1][CONSENSUS]addRawPrepare,height=3,reqIdx=3,hash=3ec8ab2c...
info|2019-11-12 23:00:46.317494|[g:1][CONSENSUS][PBFT]checkTimeout Succ,view=16845,toView=16846,nodeIdx=2,changeCycle=0,myNode=4e86727a...,timecost=0.311
info|2019-11-12 23:00:46.323206|[g:1][CONSENSUS][PBFT]checkAndChangeView: Reach consensus,org_view=16845,org_changeCycle=0,cur_changeCycle=0,to_view=16846
info|2019-11-12 23:00:47.326445|[g:1][CONSENSUS]addRawPrepare,height=3,reqIdx=0,hash=370f4f69...
info|2019-11-12 23:00:47.326794|[g:1][CONSENSUS][PBFT]checkTimeout Succ,view=16846,toView=16847,nodeIdx=2,changeCycle=0,myNode=4e86727a...,timecost=0.315
info|2019-11-12 23:00:47.329970|[g:1][CONSENSUS][PBFT]checkAndChangeView: Reach consensus,org_view=16846,org_changeCycle=0,cur_changeCycle=0,to_view=16847
info|2019-11-12 23:00:48.333687|[g:1][CONSENSUS]addRawPrepare,height=3,reqIdx=1,hash=8f36a923...
info|2019-11-12 23:00:48.334566|[g:1][CONSENSUS][PBFT]checkTimeout Succ,view=16847,toView=16848,nodeIdx=2,changeCycle=0,myNode=4e86727a...,timecost=0.759
info|2019-11-12 23:00:48.340988|[g:1][CONSENSUS][PBFT]checkAndChangeView: Reach consensus,org_view=16847,org_changeCycle=0,cur_changeCycle=0,to_view=16848
info|2019-11-12 23:00:49.341616|[g:1][CONSENSUS][SEALER]++++++++++++++++ Generating seal on,blkNum=3,tx=0,nodeIdx=2,hash=04e5956e...
info|2019-11-12 23:00:49.357382|[g:1][CONSENSUS][PBFT]checkTimeout Succ,view=16848,toView=16849,nodeIdx=2,changeCycle=0,myNode=4e86727a...,timecost=0.612
info|2019-11-12 23:00:49.359217|[g:1][CONSENSUS][PBFT]checkAndChangeView: Reach consensus,org_view=16848,org_changeCycle=0,cur_changeCycle=0,to_view=16849
info|2019-11-12 23:00:50.357338|[g:1][CONSENSUS]addRawPrepare,height=3,reqIdx=3,hash=3adc6877...
info|2019-11-12 23:00:50.357581|[g:1][CONSENSUS][PBFT]checkTimeout Succ,view=16849,toView=16850,nodeIdx=2,changeCycle=0,myNode=4e86727a...,timecost=0.217
info|2019-11-12 23:00:50.360308|[g:1][CONSENSUS][PBFT]checkAndChangeView: Reach consensus,org_view=16849,org_changeCycle=0,cur_changeCycle=0,to_view=16850
info|2019-11-12 23:00:51.363994|[g:1][CONSENSUS]addRawPrepare,height=3,reqIdx=0,hash=4c520e6e...
info|2019-11-12 23:00:51.364239|[g:1][CONSENSUS][PBFT]checkTimeout Succ,view=16850,toView=16851,nodeIdx=2,changeCycle=0,myNode=4e86727a...,timecost=0.221
info|2019-11-12 23:00:51.364642|[g:1][CONSENSUS][PBFT]checkAndChangeView: Reach consensus,org_view=16850,org_changeCycle=0,cur_changeCycle=0,to_view=16851
info|2019-11-12 23:00:52.371084|[g:1][CONSENSUS]addRawPrepare,height=3,reqIdx=1,hash=e272a798...
info|2019-11-12 23:00:52.372591|[g:1][CONSENSUS][PBFT]checkTimeout Succ,view=16851,toView=16852,nodeIdx=2,changeCycle=0,myNode=4e86727a...,timecost=1.282
info|2019-11-12 23:00:52.378390|[g:1][CONSENSUS][PBFT]checkAndChangeView: Reach consensus,org_view=16851,org_changeCycle=0,cur_changeCycle=0,to_view=16852
info|2019-11-12 23:00:53.179841|[P2P][Service] heartBeat,connected count=3
info|2019-11-12 23:00:53.380037|[g:1][CONSENSUS][SEALER]++++++++++++++++ Generating seal on,blkNum=3,tx=0,nodeIdx=2,hash=ede10f01...
info|2019-11-12 23:00:53.390770|[g:1][CONSENSUS][PBFT]checkTimeout Succ,view=16852,toView=16853,nodeIdx=2,changeCycle=0,myNode=4e86727a...,timecost=0.692
info|2019-11-12 23:00:53.392565|[g:1][CONSENSUS][PBFT]checkAndChangeView: Reach consensus,org_view=16852,org_changeCycle=0,cur_changeCycle=0,to_view=16853
info|2019-11-12 23:00:54.390758|[g:1][CONSENSUS]addRawPrepare,height=3,reqIdx=3,hash=748a573c...
info|2019-11-12 23:00:54.391063|[g:1][CONSENSUS][PBFT]checkTimeout Succ,view=16853,toView=16854,nodeIdx=2,changeCycle=0,myNode=4e86727a...,timecost=0.281
info|2019-11-12 23:00:54.392164|[g:1][CONSENSUS][PBFT]checkAndChangeView: Reach consensus,org_view=16853,org_changeCycle=0,cur_changeCycle=0,to_view=16854
info|2019-11-12 23:00:55.397201|[g:1][CONSENSUS][PBFT]Trigger fast-viewchange,view=16854,toView=16854,minView=16855,INFO=,reqNum=2,curNum=2,GenIdx=3,Cview=16855,view=16854,fromIdx=3,fromNode=db2b0552...,fromIp=127.0.0.1:30302,hash=8b8d4d36...,nodeIdx=2,myNode=4e86727a...
info|2019-11-12 23:00:55.397505|[g:1][CONSENSUS][PBFT]checkAndChangeView: Reach consensus,org_view=16854,org_changeCycle=0,cur_changeCycle=0,to_view=16855
info|2019-11-12 23:00:55.397517|[g:1][CONSENSUS][PBFT]checkTimeout Succ,view=16855,toView=16855,nodeIdx=2,changeCycle=0,myNode=4e86727a...,timecost=0.252
info|2019-11-12 23:00:56.403762|[g:1][CONSENSUS]addRawPrepare,height=3,reqIdx=1,hash=07fe88d7...
info|2019-11-12 23:00:56.404117|[g:1][CONSENSUS][PBFT]checkTimeout Succ,view=16855,toView=16856,nodeIdx=2,changeCycle=0,myNode=4e86727a...,timecost=0.216
info|2019-11-12 23:00:56.409347|[g:1][CONSENSUS][PBFT]checkAndChangeView: Reach consensus,org_view=16855,org_changeCycle=0,cur_changeCycle=0,to_view=16856
info|2019-11-12 23:00:57.410187|[g:1][CONSENSUS][SEALER]++++++++++++++++ Generating seal on,blkNum=3,tx=0,nodeIdx=2,hash=e431a7f5...
info|2019-11-12 23:00:57.420061|[g:1][CONSENSUS][PBFT]checkTimeout Succ,view=16856,toView=16857,nodeIdx=2,changeCycle=0,myNode=4e86727a...,timecost=0.566
info|2019-11-12 23:00:57.421378|[g:1][CONSENSUS][PBFT]checkAndChangeView: Reach consensus,org_view=16856,org_changeCycle=0,cur_changeCycle=0,to_view=16857
info|2019-11-12 23:00:58.423629|[g:1][CONSENSUS]addRawPrepare,height=3,reqIdx=3,hash=b1498683...
info|2019-11-12 23:00:58.427557|[g:1][CONSENSUS][PBFT]checkTimeout Succ,view=16857,toView=16858,nodeIdx=2,changeCycle=0,myNode=4e86727a...,timecost=3.843
info|2019-11-12 23:00:58.428640|[g:1][CONSENSUS][PBFT]checkAndChangeView: Reach consensus,org_view=16857,org_changeCycle=0,cur_changeCycle=0,to_view=16858
info|2019-11-12 23:00:59.430565|[g:1][CONSENSUS]addRawPrepare,height=3,reqIdx=0,hash=aed0e7e5...
info|2019-11-12 23:00:59.430811|[g:1][CONSENSUS][PBFT]checkTimeout Succ,view=16858,toView=16859,nodeIdx=2,changeCycle=0,myNode=4e86727a...,timecost=0.219
info|2019-11-12 23:00:59.435486|[g:1][CONSENSUS][PBFT]checkAndChangeView: Reach consensus,org_view=16858,org_changeCycle=0,cur_changeCycle=0,to_view=16859
info|2019-11-12 23:01:00.436998|[g:1][CONSENSUS]addRawPrepare,height=3,reqIdx=1,hash=d0f9c334...
info|2019-11-12 23:01:00.437430|[g:1][CONSENSUS][PBFT]checkTimeout Succ,view=16859,toView=16860,nodeIdx=2,changeCycle=0,myNode=4e86727a...,timecost=0.3
info|2019-11-12 23:01:00.444929|[g:1][CONSENSUS][PBFT]checkAndChangeView: Reach consensus,org_view=16859,org_changeCycle=0,cur_changeCycle=0,to_view=16860
info|2019-11-12 23:01:01.444880|[g:1][CONSENSUS][SEALER]++++++++++++++++ Generating seal on,blkNum=3,tx=0,nodeIdx=2,hash=5a74ae3a...
info|2019-11-12 23:01:01.509651|[g:1][CONSENSUS][PBFT]checkTimeout Succ,view=16860,toView=16861,nodeIdx=2,changeCycle=0,myNode=4e86727a...,timecost=0.247
info|2019-11-12 23:01:01.518972|[g:1][CONSENSUS][PBFT]checkAndChangeView: Reach consensus,org_view=16860,org_changeCycle=0,cur_changeCycle=0,to_view=16861
info|2019-11-12 23:01:02.520841|[g:1][CONSENSUS]addRawPrepare,height=3,reqIdx=3,hash=afe4ac6a...
info|2019-11-12 23:01:02.521154|[g:1][CONSENSUS][PBFT]checkTimeout Succ,view=16861,toView=16862,nodeIdx=2,changeCycle=0,myNode=4e86727a...,timecost=0.285
info|2019-11-12 23:01:02.523499|[g:1][CONSENSUS][PBFT]checkAndChangeView: Reach consensus,org_view=16861,org_changeCycle=0,cur_changeCycle=0,to_view=16862
info|2019-11-12 23:01:03.179933|[P2P][Service] heartBeat,connected count=3
info|2019-11-12 23:01:03.526891|[g:1][CONSENSUS]addRawPrepare,height=3,reqIdx=0,hash=8cd48c14...
info|2019-11-12 23:01:03.527164|[g:1][CONSENSUS][PBFT]checkTimeout Succ,view=16862,toView=16863,nodeIdx=2,changeCycle=0,myNode=4e86727a...,timecost=0.243
info|2019-11-12 23:01:03.530505|[g:1][CONSENSUS][PBFT]checkAndChangeView: Reach consensus,org_view=16862,org_changeCycle=0,cur_changeCycle=0,to_view=16863
info|2019-11-12 23:01:04.534443|[g:1][CONSENSUS]addRawPrepare,height=3,reqIdx=1,hash=56cf340e...
info|2019-11-12 23:01:04.534935|[g:1][CONSENSUS][PBFT]checkTimeout Succ,view=16863,toView=16864,nodeIdx=2,changeCycle=0,myNode=4e86727a...,timecost=0.368
info|2019-11-12 23:01:04.541760|[g:1][CONSENSUS][PBFT]checkAndChangeView: Reach consensus,org_view=16863,org_changeCycle=0,cur_changeCycle=0,to_view=16864
info|2019-11-12 23:01:05.543225|[g:1][CONSENSUS][SEALER]++++++++++++++++ Generating seal on,blkNum=3,tx=0,nodeIdx=2,hash=8d04bf1c...
info|2019-11-12 23:01:05.553186|[g:1][CONSENSUS][PBFT]checkTimeout Succ,view=16864,toView=16865,nodeIdx=2,changeCycle=0,myNode=4e86727a...,timecost=0.251
info|2019-11-12 23:01:05.555125|[g:1][CONSENSUS][PBFT]checkAndChangeView: Reach consensus,org_view=16864,org_changeCycle=0,cur_changeCycle=0,to_view=16865
info|2019-11-12 23:01:06.556031|[g:1][CONSENSUS]addRawPrepare,height=3,reqIdx=3,hash=1e1e2d45...
info|2019-11-12 23:01:06.558079|[g:1][CONSENSUS][PBFT]checkTimeout Succ,view=16865,toView=16866,nodeIdx=2,changeCycle=0,myNode=4e86727a...,timecost=1.923
info|2019-11-12 23:01:06.563175|[g:1][CONSENSUS][PBFT]checkAndChangeView: Reach consensus,org_view=16865,org_changeCycle=0,cur_changeCycle=0,to_view=16866
info|2019-11-12 23:01:07.567726|[g:1][CONSENSUS]addRawPrepare,height=3,reqIdx=0,hash=4d1e12d7...
info|2019-11-12 23:01:07.568077|[g:1][CONSENSUS][PBFT]checkTimeout Succ,view=16866,toView=16867,nodeIdx=2,changeCycle=0,myNode=4e86727a...,timecost=0.313
info|2019-11-12 23:01:07.574059|[g:1][CONSENSUS][PBFT]checkAndChangeView: Reach consensus,org_view=16866,org_changeCycle=0,cur_changeCycle=0,to_view=16867
info|2019-11-12 23:01:08.584422|[g:1][CONSENSUS]addRawPrepare,height=3,reqIdx=1,hash=0d26ae02...
info|2019-11-12 23:01:08.592211|[g:1][CONSENSUS][PBFT]checkTimeout Succ,view=16867,toView=16868,nodeIdx=2,changeCycle=0,myNode=4e86727a...,timecost=3.076
info|2019-11-12 23:01:08.593017|[g:1][CONSENSUS][PBFT]checkAndChangeView: Reach consensus,org_view=16867,org_changeCycle=0,cur_changeCycle=0,to_view=16868
info|2019-11-12 23:01:09.593643|[g:1][CONSENSUS][SEALER]++++++++++++++++ Generating seal on,blkNum=3,tx=0,nodeIdx=2,hash=9f33c7e8...
info|2019-11-12 23:01:09.603048|[g:1][CONSENSUS][PBFT]checkTimeout Succ,view=16868,toView=16869,nodeIdx=2,changeCycle=0,myNode=4e86727a...,timecost=0.962
info|2019-11-12 23:01:09.603840|[g:1][CONSENSUS][PBFT]checkAndChangeView: Reach consensus,org_view=16868,org_changeCycle=0,cur_changeCycle=0,to_view=16869
info|2019-11-12 23:01:10.604330|[g:1][CONSENSUS]addRawPrepare,height=3,reqIdx=3,hash=1b609c31...
info|2019-11-12 23:01:10.604581|[g:1][CONSENSUS][PBFT]checkTimeout Succ,view=16869,toView=16870,nodeIdx=2,changeCycle=0,myNode=4e86727a...,timecost=0.223
info|2019-11-12 23:01:10.610115|[g:1][CONSENSUS][PBFT]checkAndChangeView: Reach consensus,org_view=16869,org_changeCycle=0,cur_changeCycle=0,to_view=16870
info|2019-11-12 23:01:11.615854|[g:1][CONSENSUS]addRawPrepare,height=3,reqIdx=0,hash=486c57a6...
info|2019-11-12 23:01:11.616148|[g:1][CONSENSUS][PBFT]checkTimeout Succ,view=16870,toView=16871,nodeIdx=2,changeCycle=0,myNode=4e86727a...,timecost=0.268
info|2019-11-12 23:01:11.619823|[g:1][CONSENSUS][PBFT]checkAndChangeView: Reach consensus,org_view=16870,org_changeCycle=0,cur_changeCycle=0,to_view=16871
info|2019-11-12 23:01:12.622737|[g:1][CONSENSUS]addRawPrepare,height=3,reqIdx=1,hash=5858ba9e...
info|2019-11-12 23:01:12.623604|[g:1][CONSENSUS][PBFT]checkTimeout Succ,view=16871,toView=16872,nodeIdx=2,changeCycle=0,myNode=4e86727a...,timecost=0.324
info|2019-11-12 23:01:12.630046|[g:1][CONSENSUS][PBFT]checkAndChangeView: Reach consensus,org_view=16871,org_changeCycle=0,cur_changeCycle=0,to_view=16872
info|2019-11-12 23:01:13.180231|[P2P][Service] heartBeat,connected count=3
info|2019-11-12 23:01:13.630406|[g:1][CONSENSUS][SEALER]++++++++++++++++ Generating seal on,blkNum=3,tx=0,nodeIdx=2,hash=032a9374...
info|2019-11-12 23:01:13.641529|[g:1][CONSENSUS][PBFT]checkTimeout Succ,view=16872,toView=16873,nodeIdx=2,changeCycle=0,myNode=4e86727a...,timecost=0.667
info|2019-11-12 23:01:13.643049|[g:1][CONSENSUS][PBFT]checkAndChangeView: Reach consensus,org_view=16872,org_changeCycle=0,cur_changeCycle=0,to_view=16873
info|2019-11-12 23:01:14.646439|[g:1][CONSENSUS]addRawPrepare,height=3,reqIdx=3,hash=e5ab52f3...
info|2019-11-12 23:01:14.646786|[g:1][CONSENSUS][PBFT]checkTimeout Succ,view=16873,toView=16874,nodeIdx=2,changeCycle=0,myNode=4e86727a...,timecost=0.279
info|2019-11-12 23:01:14.651844|[g:1][CONSENSUS][PBFT]checkAndChangeView: Reach consensus,org_view=16873,org_changeCycle=0,cur_changeCycle=0,to_view=16874
info|2019-11-12 23:01:15.656707|[g:1][CONSENSUS]addRawPrepare,height=3,reqIdx=0,hash=0e100883...
info|2019-11-12 23:01:15.657200|[g:1][CONSENSUS][PBFT]checkTimeout Succ,view=16874,toView=16875,nodeIdx=2,changeCycle=0,myNode=4e86727a...,timecost=0.454
info|2019-11-12 23:01:15.663270|[g:1][CONSENSUS][PBFT]checkAndChangeView: Reach consensus,org_view=16874,org_changeCycle=0,cur_changeCycle=0,to_view=16875
info|2019-11-12 23:01:16.668401|[g:1][CONSENSUS]addRawPrepare,height=3,reqIdx=1,hash=f8e8484a...
info|2019-11-12 23:01:16.668725|[g:1][CONSENSUS][PBFT]checkTimeout Succ,view=16875,toView=16876,nodeIdx=2,changeCycle=0,myNode=4e86727a...,timecost=0.227
info|2019-11-12 23:01:16.684655|[g:1][CONSENSUS][PBFT]checkAndChangeView: Reach consensus,org_view=16875,org_changeCycle=0,cur_changeCycle=0,to_view=16876
info|2019-11-12 23:01:17.684480|[g:1][CONSENSUS][SEALER]++++++++++++++++ Generating seal on,blkNum=3,tx=0,nodeIdx=2,hash=19377961...
info|2019-11-12 23:01:17.697757|[g:1][CONSENSUS][PBFT]checkTimeout Succ,view=16876,toView=16877,nodeIdx=2,changeCycle=0,myNode=4e86727a...,timecost=0.225
info|2019-11-12 23:01:17.698767|[g:1][CONSENSUS][PBFT]checkAndChangeView: Reach consensus,org_view=16876,org_changeCycle=0,cur_changeCycle=0,to_view=16877
info|2019-11-12 23:01:18.701815|[g:1][CONSENSUS]addRawPrepare,height=3,reqIdx=3,hash=b3a4dbc9...
info|2019-11-12 23:01:18.702161|[g:1][CONSENSUS][PBFT]checkTimeout Succ,view=16877,toView=16878,nodeIdx=2,changeCycle=0,myNode=4e86727a...,timecost=0.309
info|2019-11-12 23:01:18.704464|[g:1][CONSENSUS][PBFT]checkAndChangeView: Reach consensus,org_view=16877,org_changeCycle=0,cur_changeCycle=0,to_view=16878
info|2019-11-12 23:01:19.711037|[g:1][CONSENSUS]addRawPrepare,height=3,reqIdx=0,hash=84bfb56f...
info|2019-11-12 23:01:19.712050|[g:1][CONSENSUS][PBFT]checkTimeout Succ,view=16878,toView=16879,nodeIdx=2,changeCycle=0,myNode=4e86727a...,timecost=0.929
info|2019-11-12 23:01:19.715739|[g:1][CONSENSUS][PBFT]checkAndChangeView: Reach consensus,org_view=16878,org_changeCycle=0,cur_changeCycle=0,to_view=16879
info|2019-11-12 23:01:20.720952|[g:1][CONSENSUS]addRawPrepare,height=3,reqIdx=1,hash=7c882fd5...
info|2019-11-12 23:01:20.727020|[g:1][CONSENSUS][PBFT]checkTimeout Succ,view=16879,toView=16880,nodeIdx=2,changeCycle=0,myNode=4e86727a...,timecost=5.575
info|2019-11-12 23:01:20.731610|[g:1][CONSENSUS][PBFT]checkAndChangeView: Reach consensus,org_view=16879,org_changeCycle=0,cur_changeCycle=0,to_view=16880
info|2019-11-12 23:01:21.733582|[g:1][CONSENSUS][SEALER]++++++++++++++++ Generating seal on,blkNum=3,tx=0,nodeIdx=2,hash=0c04d148...
info|2019-11-12 23:01:21.755425|[g:1][CONSENSUS][PBFT]checkTimeout Succ,view=16880,toView=16881,nodeIdx=2,changeCycle=0,myNode=4e86727a...,timecost=0.422
info|2019-11-12 23:01:21.795732|[g:1][CONSENSUS][PBFT]checkAndChangeView: Reach consensus,org_view=16880,org_changeCycle=0,cur_changeCycle=0,to_view=16881
info|2019-11-12 23:01:22.810325|[g:1][CONSENSUS]addRawPrepare,height=3,reqIdx=3,hash=512ddb0a...
info|2019-11-12 23:01:22.810657|[g:1][CONSENSUS][PBFT]checkTimeout Succ,view=16881,toView=16882,nodeIdx=2,changeCycle=0,myNode=4e86727a...,timecost=0.295
info|2019-11-12 23:01:22.813106|[g:1][CONSENSUS][PBFT]checkAndChangeView: Reach consensus,org_view=16881,org_changeCycle=0,cur_changeCycle=0,to_view=16882
info|2019-11-12 23:01:23.180481|[P2P][Service] heartBeat,connected count=3
info|2019-11-12 23:01:23.816260|[g:1][CONSENSUS]addRawPrepare,height=3,reqIdx=0,hash=a6619978...
info|2019-11-12 23:01:23.816580|[g:1][CONSENSUS][PBFT]checkTimeout Succ,view=16882,toView=16883,nodeIdx=2,changeCycle=0,myNode=4e86727a...,timecost=0.22
info|2019-11-12 23:01:23.821163|[g:1][CONSENSUS][PBFT]checkAndChangeView: Reach consensus,org_view=16882,org_changeCycle=0,cur_changeCycle=0,to_view=16883
info|2019-11-12 23:01:24.823398|[g:1][CONSENSUS]addRawPrepare,height=3,reqIdx=1,hash=78b9c937...
info|2019-11-12 23:01:24.824056|[g:1][CONSENSUS][PBFT]checkTimeout Succ,view=16883,toView=16884,nodeIdx=2,changeCycle=0,myNode=4e86727a...,timecost=0.478
info|2019-11-12 23:01:24.830765|[g:1][CONSENSUS][PBFT]checkAndChangeView: Reach consensus,org_view=16883,org_changeCycle=0,cur_changeCycle=0,to_view=16884
