[2019-11-13 16:03:21] Initializing...
FISCO-BCOS Version : 2.0.0
Build Time         : 20190705 13:17:29
Build Type         : Linux/clang/Release
Git Branch         : HEAD
Git Commit Hash    : d8605a73e30148cfb9b63807fb85fa211d365014
[2019-11-13 16:03:21] The FISCO-BCOS is running...
[2019-11-13 16:14:59] FISCO-BCOS program exit normally.
[2019-11-13 16:15:11] Initializing...
FISCO-BCOS Version : 2.0.0
Build Time         : 20190705 13:17:29
Build Type         : Linux/clang/Release
Git Branch         : HEAD
Git Commit Hash    : d8605a73e30148cfb9b63807fb85fa211d365014
[2019-11-13 16:15:11] The FISCO-BCOS is running...
[2019-11-13 16:15:59] FISCO-BCOS program exit normally.
[2019-11-13 16:16:05] Initializing...
FISCO-BCOS Version : 2.0.0
Build Time         : 20190705 13:17:29
Build Type         : Linux/clang/Release
Git Branch         : HEAD
Git Commit Hash    : d8605a73e30148cfb9b63807fb85fa211d365014
[2019-11-13 16:16:05] The FISCO-BCOS is running...
[2019-11-14 15:51:11] Initializing...
FISCO-BCOS Version : 2.0.0
Build Time         : 20190705 13:17:29
Build Type         : Linux/clang/Release
Git Branch         : HEAD
Git Commit Hash    : d8605a73e30148cfb9b63807fb85fa211d365014
[2019-11-14 15:51:11] The FISCO-BCOS is running...
[2019-11-14 21:33:50] FISCO-BCOS program exit normally.
[2019-11-14 21:34:06] Initializing...
FISCO-BCOS Version : 2.0.0
Build Time         : 20190705 13:17:29
Build Type         : Linux/clang/Release
Git Branch         : HEAD
Git Commit Hash    : d8605a73e30148cfb9b63807fb85fa211d365014
[2019-11-14 21:34:06] The FISCO-BCOS is running...
[2019-11-14 21:51:45] FISCO-BCOS program exit normally.
[2019-11-15 19:49:27] Initializing...
FISCO-BCOS Version : 2.0.0
Build Time         : 20190705 13:17:29
Build Type         : Linux/clang/Release
Git Branch         : HEAD
Git Commit Hash    : d8605a73e30148cfb9b63807fb85fa211d365014
[2019-11-15 19:49:27] The FISCO-BCOS is running...
[2019-12-07 15:44:18] Initializing...
FISCO-BCOS Version : 2.0.0
Build Time         : 20190705 13:17:29
Build Type         : Linux/clang/Release
Git Branch         : HEAD
Git Commit Hash    : d8605a73e30148cfb9b63807fb85fa211d365014
[2019-12-07 15:44:18] The FISCO-BCOS is running...
[2019-12-07 16:51:26] FISCO-BCOS program exit normally.
[2019-12-07 18:18:16] Initializing...
FISCO-BCOS Version : 2.0.0
Build Time         : 20190705 13:17:29
Build Type         : Linux/clang/Release
Git Branch         : HEAD
Git Commit Hash    : d8605a73e30148cfb9b63807fb85fa211d365014
[2019-12-07 18:18:16] The FISCO-BCOS is running...
[2019-12-09 10:23:06] Initializing...
FISCO-BCOS Version : 2.0.0
Build Time         : 20190705 13:17:29
Build Type         : Linux/clang/Release
Git Branch         : HEAD
Git Commit Hash    : d8605a73e30148cfb9b63807fb85fa211d365014
[2019-12-09 10:23:07] The FISCO-BCOS is running...
[2019-12-09 18:42:08] FISCO-BCOS program exit normally.
[2019-12-09 18:42:22] Initializing...
FISCO-BCOS Version : 2.0.0
Build Time         : 20190705 13:17:29
Build Type         : Linux/clang/Release
Git Branch         : HEAD
Git Commit Hash    : d8605a73e30148cfb9b63807fb85fa211d365014
[2019-12-09 18:42:22] The FISCO-BCOS is running...
[2019-12-11 10:05:56] Initializing...
FISCO-BCOS Version : 2.0.0
Build Time         : 20190705 13:17:29
Build Type         : Linux/clang/Release
Git Branch         : HEAD
Git Commit Hash    : d8605a73e30148cfb9b63807fb85fa211d365014
[2019-12-11 10:05:56] The FISCO-BCOS is running...
[2019-12-11 10:06:22] FISCO-BCOS program exit normally.
[2019-12-11 10:06:28] Initializing...
FISCO-BCOS Version : 2.0.0
Build Time         : 20190705 13:17:29
Build Type         : Linux/clang/Release
Git Branch         : HEAD
Git Commit Hash    : d8605a73e30148cfb9b63807fb85fa211d365014
[2019-12-11 10:06:28] The FISCO-BCOS is running...
[2019-12-11 10:12:30] FISCO-BCOS program exit normally.
[2019-12-11 10:12:38] Initializing...
FISCO-BCOS Version : 2.0.0
Build Time         : 20190705 13:17:29
Build Type         : Linux/clang/Release
Git Branch         : HEAD
Git Commit Hash    : d8605a73e30148cfb9b63807fb85fa211d365014
[2019-12-11 10:12:38] The FISCO-BCOS is running...
[2019-12-11 10:20:46] FISCO-BCOS program exit normally.
[2019-12-11 10:23:19] Initializing...
FISCO-BCOS Version : 2.0.0
Build Time         : 20190705 13:17:29
Build Type         : Linux/clang/Release
Git Branch         : HEAD
Git Commit Hash    : d8605a73e30148cfb9b63807fb85fa211d365014
[2019-12-11 10:23:19] The FISCO-BCOS is running...
